mar 05, 2018 2:58:50 PM org.apache.catalina.startup.VersionLoggerListener log
INFORMAÇÕES: Server version:        Apache Tomcat/7.0.82
mar 05, 2018 2:58:50 PM org.apache.catalina.startup.VersionLoggerListener log
INFORMAÇÕES: Server built:          Sep 29 2017 12:23:15 UTC
mar 05, 2018 2:58:50 PM org.apache.catalina.startup.VersionLoggerListener log
INFORMAÇÕES: Server number:         7.0.82.0
mar 05, 2018 2:58:50 PM org.apache.catalina.startup.VersionLoggerListener log
INFORMAÇÕES: OS Name:               Linux
mar 05, 2018 2:58:50 PM org.apache.catalina.startup.VersionLoggerListener log
INFORMAÇÕES: OS Version:            4.10.0-38-generic
mar 05, 2018 2:58:50 PM org.apache.catalina.startup.VersionLoggerListener log
INFORMAÇÕES: Architecture:          amd64
mar 05, 2018 2:58:50 PM org.apache.catalina.startup.VersionLoggerListener log
INFORMAÇÕES: Java Home:             /usr/lib/jvm/java-8-openjdk-amd64/jre
mar 05, 2018 2:58:50 PM org.apache.catalina.startup.VersionLoggerListener log
INFORMAÇÕES: JVM Version:           1.8.0_151-8u151-b12-0ubuntu0.16.04.2-b12
mar 05, 2018 2:58:50 PM org.apache.catalina.startup.VersionLoggerListener log
INFORMAÇÕES: JVM Vendor:            Oracle Corporation
mar 05, 2018 2:58:50 PM org.apache.catalina.startup.VersionLoggerListener log
INFORMAÇÕES: CATALINA_BASE:         /home/wellisonraul/Desenvolvimento/juddi-distro-3.3.5/juddi-tomcat-3.3.5
mar 05, 2018 2:58:50 PM org.apache.catalina.startup.VersionLoggerListener log
INFORMAÇÕES: CATALINA_HOME:         /home/wellisonraul/Desenvolvimento/juddi-distro-3.3.5/juddi-tomcat-3.3.5
mar 05, 2018 2:58:50 PM org.apache.catalina.startup.VersionLoggerListener log
INFORMAÇÕES: Command line argument: -Djava.util.logging.config.file=/home/wellisonraul/Desenvolvimento/juddi-distro-3.3.5/juddi-tomcat-3.3.5/conf/logging.properties
mar 05, 2018 2:58:50 PM org.apache.catalina.startup.VersionLoggerListener log
INFORMAÇÕES: Command line argument: -Djava.util.logging.manager=org.apache.juli.ClassLoaderLogManager
mar 05, 2018 2:58:50 PM org.apache.catalina.startup.VersionLoggerListener log
INFORMAÇÕES: Command line argument: -Xms1024m
mar 05, 2018 2:58:50 PM org.apache.catalina.startup.VersionLoggerListener log
INFORMAÇÕES: Command line argument: -Xmx1024m
mar 05, 2018 2:58:50 PM org.apache.catalina.startup.VersionLoggerListener log
INFORMAÇÕES: Command line argument: -XX:MaxPermSize=512m
mar 05, 2018 2:58:50 PM org.apache.catalina.startup.VersionLoggerListener log
INFORMAÇÕES: Command line argument: -XX:PermSize=256M
mar 05, 2018 2:58:50 PM org.apache.catalina.startup.VersionLoggerListener log
INFORMAÇÕES: Command line argument: -Djavax.net.ssl.trustStore=truststore.jks
mar 05, 2018 2:58:50 PM org.apache.catalina.startup.VersionLoggerListener log
INFORMAÇÕES: Command line argument: -Djavax.net.ssl.trustStorePassword=password
mar 05, 2018 2:58:50 PM org.apache.catalina.startup.VersionLoggerListener log
INFORMAÇÕES: Command line argument: -Djavax.net.ssl.keyStore=../conf/keystore.jks
mar 05, 2018 2:58:50 PM org.apache.catalina.startup.VersionLoggerListener log
INFORMAÇÕES: Command line argument: -Djavax.net.ssl.keyStorePassword=password
mar 05, 2018 2:58:50 PM org.apache.catalina.startup.VersionLoggerListener log
INFORMAÇÕES: Command line argument: -Djava.endorsed.dirs=/home/wellisonraul/Desenvolvimento/juddi-distro-3.3.5/juddi-tomcat-3.3.5/endorsed
mar 05, 2018 2:58:50 PM org.apache.catalina.startup.VersionLoggerListener log
INFORMAÇÕES: Command line argument: -Dcatalina.base=/home/wellisonraul/Desenvolvimento/juddi-distro-3.3.5/juddi-tomcat-3.3.5
mar 05, 2018 2:58:50 PM org.apache.catalina.startup.VersionLoggerListener log
INFORMAÇÕES: Command line argument: -Dcatalina.home=/home/wellisonraul/Desenvolvimento/juddi-distro-3.3.5/juddi-tomcat-3.3.5
mar 05, 2018 2:58:50 PM org.apache.catalina.startup.VersionLoggerListener log
INFORMAÇÕES: Command line argument: -Djava.io.tmpdir=/home/wellisonraul/Desenvolvimento/juddi-distro-3.3.5/juddi-tomcat-3.3.5/temp
mar 05, 2018 2:58:50 PM org.apache.catalina.core.AprLifecycleListener lifecycleEvent
INFORMAÇÕES: The APR based Apache Tomcat Native library which allows optimal performance in production environments was not found on the java.library.path: /usr/java/packages/lib/amd64:/usr/lib/x86_64-linux-gnu/jni:/lib/x86_64-linux-gnu:/usr/lib/x86_64-linux-gnu:/usr/lib/jni:/lib:/usr/lib
mar 05, 2018 2:58:50 PM org.apache.coyote.AbstractProtocol init
INFORMAÇÕES: Initializing ProtocolHandler ["http-bio-8080"]
mar 05, 2018 2:58:50 PM org.apache.coyote.AbstractProtocol init
INFORMAÇÕES: Initializing ProtocolHandler ["ajp-bio-8009"]
mar 05, 2018 2:58:50 PM org.apache.catalina.startup.Catalina load
INFORMAÇÕES: Initialization processed in 669 ms
mar 05, 2018 2:58:50 PM org.apache.catalina.core.StandardService startInternal
INFORMAÇÕES: Starting service Catalina
mar 05, 2018 2:58:50 PM org.apache.catalina.core.StandardEngine startInternal
INFORMAÇÕES: Starting Servlet Engine: Apache Tomcat/7.0.82
mar 05, 2018 2:58:50 PM org.apache.catalina.startup.HostConfig deployDirectory
INFORMAÇÕES: Deploying web application directory /home/wellisonraul/Desenvolvimento/juddi-distro-3.3.5/juddi-tomcat-3.3.5/webapps/host-manager
mar 05, 2018 2:58:51 PM org.apache.catalina.startup.TldConfig execute
INFORMAÇÕES: At least one JAR was scanned for TLDs yet contained no TLDs. Enable debug logging for this logger for a complete list of JARs that were scanned but no TLDs were found in them. Skipping unneeded JARs during scanning can improve startup time and JSP compilation time.
mar 05, 2018 2:58:51 PM org.apache.catalina.startup.HostConfig deployDirectory
INFORMAÇÕES: Deployment of web application directory /home/wellisonraul/Desenvolvimento/juddi-distro-3.3.5/juddi-tomcat-3.3.5/webapps/host-manager has finished in 923 ms
mar 05, 2018 2:58:51 PM org.apache.catalina.startup.HostConfig deployDirectory
INFORMAÇÕES: Deploying web application directory /home/wellisonraul/Desenvolvimento/juddi-distro-3.3.5/juddi-tomcat-3.3.5/webapps/juddiv3replication
mar 05, 2018 2:58:54 PM org.apache.catalina.startup.TldConfig execute
INFORMAÇÕES: At least one JAR was scanned for TLDs yet contained no TLDs. Enable debug logging for this logger for a complete list of JARs that were scanned but no TLDs were found in them. Skipping unneeded JARs during scanning can improve startup time and JSP compilation time.
mar 05, 2018 2:59:35 PM org.apache.cxf.bus.spring.OldSpringSupport logWarning
ADVERTÊNCIA: Import of META-INF/cxf/cxf-extension-soap.xml has been deprecated and is unnecessary.
mar 05, 2018 2:59:40 PM org.apache.cxf.service.factory.ReflectionServiceFactoryBean buildServiceFromClass
INFORMAÇÕES: Creating Service {urn:uddi-org:api_v3_portType}UDDI_Replication_PortType from class org.uddi.v3_service.UDDIReplicationPortType
mar 05, 2018 2:59:41 PM org.apache.cxf.endpoint.ServerImpl initDestination
INFORMAÇÕES: Setting the server's publish address to be /replication
mar 05, 2018 2:59:41 PM org.apache.juddi.adminconsole.StartupServlet contextInitialized
INFORMAÇÕES: juddi-admin gui startup
mar 05, 2018 2:59:41 PM org.apache.juddi.adminconsole.StartupServlet generateKey
INFORMAÇÕES: Attempting to generate 256 bit AES key
mar 05, 2018 2:59:41 PM org.apache.juddi.adminconsole.StartupServlet generateKey
INFORMAÇÕES: Generation of 256 bit AES key successful
mar 05, 2018 2:59:41 PM org.apache.juddi.adminconsole.StartupServlet contextInitialized
INFORMAÇÕES: Storing key to /home/wellisonraul/Desenvolvimento/juddi-distro-3.3.5/juddi-tomcat-3.3.5/webapps/juddiv3replication/WEB-INF/config.properties
mar 05, 2018 2:59:41 PM org.apache.catalina.startup.HostConfig deployDirectory
INFORMAÇÕES: Deployment of web application directory /home/wellisonraul/Desenvolvimento/juddi-distro-3.3.5/juddi-tomcat-3.3.5/webapps/juddiv3replication has finished in 50,142 ms
mar 05, 2018 2:59:41 PM org.apache.catalina.startup.HostConfig deployDirectory
INFORMAÇÕES: Deploying web application directory /home/wellisonraul/Desenvolvimento/juddi-distro-3.3.5/juddi-tomcat-3.3.5/webapps/juddiv3
mar 05, 2018 2:59:43 PM org.apache.catalina.startup.TldConfig execute
INFORMAÇÕES: At least one JAR was scanned for TLDs yet contained no TLDs. Enable debug logging for this logger for a complete list of JARs that were scanned but no TLDs were found in them. Skipping unneeded JARs during scanning can improve startup time and JSP compilation time.
mar 05, 2018 2:59:45 PM org.apache.cxf.service.factory.ReflectionServiceFactoryBean buildServiceFromClass
INFORMAÇÕES: Creating Service {urn:uddi-org:api_v3_portType}UDDIInquiryService from class org.uddi.v3_service.UDDIInquiryPortType
mar 05, 2018 2:59:47 PM org.apache.cxf.bus.spring.OldSpringSupport logWarning
ADVERTÊNCIA: Import of META-INF/cxf/cxf-extension-soap.xml has been deprecated and is unnecessary.
mar 05, 2018 2:59:47 PM org.apache.cxf.endpoint.ServerImpl initDestination
INFORMAÇÕES: Setting the server's publish address to be /inquiry
mar 05, 2018 2:59:47 PM org.apache.cxf.service.factory.ReflectionServiceFactoryBean buildServiceFromClass
INFORMAÇÕES: Creating Service {urn:uddi-org:api_v3_portType}UDDIPublicationService from class org.uddi.v3_service.UDDIPublicationPortType
mar 05, 2018 2:59:47 PM org.apache.cxf.endpoint.ServerImpl initDestination
INFORMAÇÕES: Setting the server's publish address to be /publish
mar 05, 2018 2:59:47 PM org.apache.cxf.service.factory.ReflectionServiceFactoryBean buildServiceFromClass
INFORMAÇÕES: Creating Service {urn:uddi-org:api_v3_portType}UDDISecurityService from class org.uddi.v3_service.UDDISecurityPortType
mar 05, 2018 2:59:47 PM org.apache.cxf.endpoint.ServerImpl initDestination
INFORMAÇÕES: Setting the server's publish address to be /security
mar 05, 2018 2:59:47 PM org.apache.cxf.service.factory.ReflectionServiceFactoryBean buildServiceFromClass
INFORMAÇÕES: Creating Service {urn:uddi-org:api_v3_portType}UDDISubscriptionService from class org.uddi.v3_service.UDDISubscriptionPortType
mar 05, 2018 2:59:48 PM org.apache.cxf.endpoint.ServerImpl initDestination
INFORMAÇÕES: Setting the server's publish address to be /subscription
mar 05, 2018 2:59:48 PM org.apache.cxf.service.factory.ReflectionServiceFactoryBean buildServiceFromClass
INFORMAÇÕES: Creating Service {urn:uddi-org:api_v3_portType}UDDISubscriptionListenerService from class org.uddi.v3_service.UDDISubscriptionListenerPortType
mar 05, 2018 2:59:48 PM org.apache.cxf.endpoint.ServerImpl initDestination
INFORMAÇÕES: Setting the server's publish address to be /subscription-listener
mar 05, 2018 2:59:48 PM org.apache.cxf.service.factory.ReflectionServiceFactoryBean buildServiceFromClass
INFORMAÇÕES: Creating Service {urn:uddi-org:v3_service}UDDICustodyTransferService from class org.uddi.v3_service.UDDICustodyTransferPortType
mar 05, 2018 2:59:48 PM org.apache.cxf.endpoint.ServerImpl initDestination
INFORMAÇÕES: Setting the server's publish address to be /custody-transfer
mar 05, 2018 2:59:48 PM org.apache.cxf.service.factory.ReflectionServiceFactoryBean buildServiceFromClass
INFORMAÇÕES: Creating Service {http://impl.api.juddi.apache.org/}UDDIValueSetValidationImplService from class org.uddi.v3_service.UDDIValueSetValidationPortType
mar 05, 2018 2:59:48 PM org.apache.cxf.endpoint.ServerImpl initDestination
INFORMAÇÕES: Setting the server's publish address to be /valueset-validation
mar 05, 2018 2:59:48 PM org.apache.cxf.service.factory.ReflectionServiceFactoryBean buildServiceFromClass
INFORMAÇÕES: Creating Service {http://impl.api.juddi.apache.org/}UDDIValueSetCachingImplService from class org.uddi.v3_service.UDDIValueSetCachingPortType
mar 05, 2018 2:59:48 PM org.apache.cxf.endpoint.ServerImpl initDestination
INFORMAÇÕES: Setting the server's publish address to be /valueset-caching
mar 05, 2018 2:59:48 PM org.apache.cxf.service.factory.ReflectionServiceFactoryBean buildServiceFromClass
INFORMAÇÕES: Creating Service {urn:uddi-org:inquiry_v2}Inquire from class org.uddi.v2_service.Inquire
mar 05, 2018 2:59:49 PM org.apache.cxf.endpoint.ServerImpl initDestination
INFORMAÇÕES: Setting the server's publish address to be /inquiryv2
mar 05, 2018 2:59:49 PM org.apache.cxf.service.factory.ReflectionServiceFactoryBean buildServiceFromClass
INFORMAÇÕES: Creating Service {urn:uddi-org:publication_v2}Publish from class org.uddi.v2_service.Publish
mar 05, 2018 2:59:49 PM org.apache.cxf.endpoint.ServerImpl initDestination
INFORMAÇÕES: Setting the server's publish address to be /publishv2
mar 05, 2018 2:59:49 PM org.apache.cxf.service.factory.ReflectionServiceFactoryBean buildServiceFromWSDL
INFORMAÇÕES: Creating Service {urn:juddi-apache-org:v3_service}JUDDIApiService from WSDL: classpath:/juddi_api_v1.wsdl
mar 05, 2018 2:59:49 PM org.apache.cxf.endpoint.ServerImpl initDestination
INFORMAÇÕES: Setting the server's publish address to be /juddi-api
mar 05, 2018 2:59:50 PM org.apache.cxf.endpoint.ServerImpl initDestination
INFORMAÇÕES: Setting the server's publish address to be /inquiryRest
mar 05, 2018 2:59:50 PM org.apache.juddi.adminconsole.StartupServlet contextInitialized
INFORMAÇÕES: juddi-admin gui startup
mar 05, 2018 2:59:50 PM org.apache.juddi.adminconsole.StartupServlet generateKey
INFORMAÇÕES: Attempting to generate 256 bit AES key
mar 05, 2018 2:59:50 PM org.apache.juddi.adminconsole.StartupServlet generateKey
INFORMAÇÕES: Generation of 256 bit AES key successful
mar 05, 2018 2:59:50 PM org.apache.juddi.adminconsole.StartupServlet contextInitialized
INFORMAÇÕES: Storing key to /home/wellisonraul/Desenvolvimento/juddi-distro-3.3.5/juddi-tomcat-3.3.5/webapps/juddiv3/WEB-INF/config.properties
mar 05, 2018 2:59:50 PM org.apache.catalina.startup.HostConfig deployDirectory
INFORMAÇÕES: Deployment of web application directory /home/wellisonraul/Desenvolvimento/juddi-distro-3.3.5/juddi-tomcat-3.3.5/webapps/juddiv3 has finished in 8,590 ms
mar 05, 2018 2:59:50 PM org.apache.catalina.startup.HostConfig deployDirectory
INFORMAÇÕES: Deploying web application directory /home/wellisonraul/Desenvolvimento/juddi-distro-3.3.5/juddi-tomcat-3.3.5/webapps/examples
mar 05, 2018 2:59:51 PM org.apache.catalina.startup.TldConfig execute
INFORMAÇÕES: At least one JAR was scanned for TLDs yet contained no TLDs. Enable debug logging for this logger for a complete list of JARs that were scanned but no TLDs were found in them. Skipping unneeded JARs during scanning can improve startup time and JSP compilation time.
mar 05, 2018 2:59:51 PM org.apache.catalina.startup.HostConfig deployDirectory
INFORMAÇÕES: Deployment of web application directory /home/wellisonraul/Desenvolvimento/juddi-distro-3.3.5/juddi-tomcat-3.3.5/webapps/examples has finished in 661 ms
mar 05, 2018 2:59:51 PM org.apache.catalina.startup.HostConfig deployDirectory
INFORMAÇÕES: Deploying web application directory /home/wellisonraul/Desenvolvimento/juddi-distro-3.3.5/juddi-tomcat-3.3.5/webapps/manager
mar 05, 2018 2:59:51 PM org.apache.catalina.startup.TldConfig execute
INFORMAÇÕES: At least one JAR was scanned for TLDs yet contained no TLDs. Enable debug logging for this logger for a complete list of JARs that were scanned but no TLDs were found in them. Skipping unneeded JARs during scanning can improve startup time and JSP compilation time.
mar 05, 2018 2:59:51 PM org.apache.catalina.startup.HostConfig deployDirectory
INFORMAÇÕES: Deployment of web application directory /home/wellisonraul/Desenvolvimento/juddi-distro-3.3.5/juddi-tomcat-3.3.5/webapps/manager has finished in 284 ms
mar 05, 2018 2:59:51 PM org.apache.catalina.startup.HostConfig deployDirectory
INFORMAÇÕES: Deploying web application directory /home/wellisonraul/Desenvolvimento/juddi-distro-3.3.5/juddi-tomcat-3.3.5/webapps/docs
mar 05, 2018 2:59:51 PM org.apache.catalina.startup.TldConfig execute
INFORMAÇÕES: At least one JAR was scanned for TLDs yet contained no TLDs. Enable debug logging for this logger for a complete list of JARs that were scanned but no TLDs were found in them. Skipping unneeded JARs during scanning can improve startup time and JSP compilation time.
mar 05, 2018 2:59:51 PM org.apache.catalina.startup.HostConfig deployDirectory
INFORMAÇÕES: Deployment of web application directory /home/wellisonraul/Desenvolvimento/juddi-distro-3.3.5/juddi-tomcat-3.3.5/webapps/docs has finished in 382 ms
mar 05, 2018 2:59:51 PM org.apache.catalina.startup.HostConfig deployDirectory
INFORMAÇÕES: Deploying web application directory /home/wellisonraul/Desenvolvimento/juddi-distro-3.3.5/juddi-tomcat-3.3.5/webapps/juddi-gui
mar 05, 2018 2:59:52 PM org.apache.catalina.startup.TldConfig execute
INFORMAÇÕES: At least one JAR was scanned for TLDs yet contained no TLDs. Enable debug logging for this logger for a complete list of JARs that were scanned but no TLDs were found in them. Skipping unneeded JARs during scanning can improve startup time and JSP compilation time.
mar 05, 2018 2:59:52 PM org.apache.juddi.webconsole.StartupServlet contextInitialized
INFORMAÇÕES: juddi-gui startup
mar 05, 2018 2:59:52 PM org.apache.juddi.webconsole.StartupServlet contextInitialized
INFORMAÇÕES: Attempting to generate 256 bit AES key
mar 05, 2018 2:59:52 PM org.apache.juddi.webconsole.StartupServlet contextInitialized
INFORMAÇÕES: Generation of 256 bit AES key successful
mar 05, 2018 2:59:52 PM org.apache.juddi.webconsole.StartupServlet contextInitialized
INFORMAÇÕES: Storing key to /home/wellisonraul/Desenvolvimento/juddi-distro-3.3.5/juddi-tomcat-3.3.5/webapps/juddi-gui/META-INF/config.properties
mar 05, 2018 2:59:52 PM org.apache.catalina.startup.HostConfig deployDirectory
INFORMAÇÕES: Deployment of web application directory /home/wellisonraul/Desenvolvimento/juddi-distro-3.3.5/juddi-tomcat-3.3.5/webapps/juddi-gui has finished in 1,116 ms
mar 05, 2018 2:59:52 PM org.apache.catalina.startup.HostConfig deployDirectory
INFORMAÇÕES: Deploying web application directory /home/wellisonraul/Desenvolvimento/juddi-distro-3.3.5/juddi-tomcat-3.3.5/webapps/ROOT
mar 05, 2018 2:59:53 PM org.apache.catalina.startup.TldConfig execute
INFORMAÇÕES: At least one JAR was scanned for TLDs yet contained no TLDs. Enable debug logging for this logger for a complete list of JARs that were scanned but no TLDs were found in them. Skipping unneeded JARs during scanning can improve startup time and JSP compilation time.
mar 05, 2018 2:59:53 PM org.apache.catalina.startup.HostConfig deployDirectory
INFORMAÇÕES: Deployment of web application directory /home/wellisonraul/Desenvolvimento/juddi-distro-3.3.5/juddi-tomcat-3.3.5/webapps/ROOT has finished in 379 ms
mar 05, 2018 2:59:53 PM org.apache.coyote.AbstractProtocol start
INFORMAÇÕES: Starting ProtocolHandler ["http-bio-8080"]
mar 05, 2018 2:59:53 PM org.apache.coyote.AbstractProtocol start
INFORMAÇÕES: Starting ProtocolHandler ["ajp-bio-8009"]
mar 05, 2018 2:59:53 PM org.apache.catalina.startup.Catalina start
INFORMAÇÕES: Server startup in 62558 ms
mar 05, 2018 3:04:08 PM org.apache.cxf.service.factory.ReflectionServiceFactoryBean buildServiceFromWSDL
INFORMAÇÕES: Creating Service {urn:uddi-org:v3_service}UDDI_Service from WSDL: file:/home/wellisonraul/Desenvolvimento/juddi-distro-3.3.5/juddi-tomcat-3.3.5/work/Catalina/localhost/juddi-gui/loader/uddi_v3_service.wsdl
mar 05, 2018 3:04:10 PM org.apache.cxf.service.factory.ReflectionServiceFactoryBean buildServiceFromWSDL
INFORMAÇÕES: Creating Service {urn:uddi-org:v3_service}UDDI_Service from WSDL: file:/home/wellisonraul/Desenvolvimento/juddi-distro-3.3.5/juddi-tomcat-3.3.5/work/Catalina/localhost/juddi-gui/loader/uddi_v3_service.wsdl
mar 05, 2018 3:04:10 PM org.apache.cxf.service.factory.ReflectionServiceFactoryBean buildServiceFromWSDL
INFORMAÇÕES: Creating Service {urn:uddi-org:v3_service}UDDI_Service from WSDL: file:/home/wellisonraul/Desenvolvimento/juddi-distro-3.3.5/juddi-tomcat-3.3.5/work/Catalina/localhost/juddi-gui/loader/uddi_v3_service.wsdl
mar 05, 2018 3:04:10 PM org.apache.cxf.service.factory.ReflectionServiceFactoryBean buildServiceFromWSDL
INFORMAÇÕES: Creating Service {urn:uddi-org:v3_service}UDDI_Service from WSDL: file:/home/wellisonraul/Desenvolvimento/juddi-distro-3.3.5/juddi-tomcat-3.3.5/work/Catalina/localhost/juddi-gui/loader/uddi_v3_service.wsdl
mar 05, 2018 3:04:10 PM org.apache.cxf.service.factory.ReflectionServiceFactoryBean buildServiceFromWSDL
INFORMAÇÕES: Creating Service {urn:uddi-org:v3_service}UDDI_Service from WSDL: file:/home/wellisonraul/Desenvolvimento/juddi-distro-3.3.5/juddi-tomcat-3.3.5/work/Catalina/localhost/juddi-gui/loader/uddi_v3_service.wsdl
mar 05, 2018 3:08:51 PM org.apache.cxf.phase.PhaseInterceptorChain doDefaultLogging
INFORMAÇÕES: Application {urn:uddi-org:api_v3_portType}UDDIPublicationService#{urn:uddi-org:api_v3_portType}save_tModel has thrown exception, unwinding now: org.apache.juddi.v3.error.KeyUnavailableException: The proposed key is not within the partition defined by owning publisher. If youre trying to create a new tModel in a new partition, try creating a tModel that ends in :keygenerator. Failing key :  uddi:www.mycompany.com:mybusiness
mar 05, 2018 3:09:47 PM org.apache.cxf.service.factory.ReflectionServiceFactoryBean buildServiceFromWSDL
INFORMAÇÕES: Creating Service {urn:uddi-org:v3_service}UDDI_Service from WSDL: jar:file:/home/wellisonraul/Desenvolvimento/juddi-distro-3.3.5/juddi-tomcat-3.3.5/webapps/juddiv3/WEB-INF/lib/uddi-ws-3.3.5.jar!/uddi_v3_service.wsdl
mar 05, 2018 3:21:53 PM org.apache.cxf.phase.PhaseInterceptorChain doDefaultLogging
INFORMAÇÕES: Application {urn:uddi-org:api_v3_portType}UDDIInquiryService#{urn:uddi-org:api_v3_portType}get_tModelDetail has thrown exception, unwinding now: org.apache.juddi.v3.error.InvalidKeyPassedException: The technical model was not found for the given key:  uddi:localhost:keygenerator
mar 05, 2018 3:21:54 PM org.apache.cxf.phase.PhaseInterceptorChain doDefaultLogging
INFORMAÇÕES: Application {urn:uddi-org:api_v3_portType}UDDIInquiryService#{urn:uddi-org:api_v3_portType}get_tModelDetail has thrown exception, unwinding now: org.apache.juddi.v3.error.InvalidKeyPassedException: The technical model was not found for the given key:  uddi:localhost:keygenerator
mar 05, 2018 3:21:54 PM org.apache.cxf.phase.PhaseInterceptorChain doDefaultLogging
INFORMAÇÕES: Application {urn:uddi-org:api_v3_portType}UDDIPublicationService#{urn:uddi-org:api_v3_portType}save_tModel has thrown exception, unwinding now: org.apache.juddi.v3.error.AuthTokenExpiredException: The authentication token is expired
mar 05, 2018 3:21:55 PM org.apache.cxf.service.factory.ReflectionServiceFactoryBean buildServiceFromWSDL
INFORMAÇÕES: Creating Service {urn:uddi-org:v3_service}UDDI_Service from WSDL: jar:file:/home/wellisonraul/Desenvolvimento/juddi-distro-3.3.5/juddi-tomcat-3.3.5/webapps/juddiv3/WEB-INF/lib/uddi-ws-3.3.5.jar!/uddi_v3_service.wsdl
mar 05, 2018 3:21:55 PM org.apache.cxf.phase.PhaseInterceptorChain doDefaultLogging
INFORMAÇÕES: Application {urn:uddi-org:api_v3_portType}UDDIInquiryService#{urn:uddi-org:api_v3_portType}get_businessDetail has thrown exception, unwinding now: org.apache.juddi.v3.error.InvalidKeyPassedException: The business entity was not found for the given key:  pizzaprocess
mar 05, 2018 3:21:55 PM org.apache.cxf.service.factory.ReflectionServiceFactoryBean buildServiceFromWSDL
INFORMAÇÕES: Creating Service {urn:uddi-org:v3_service}UDDI_Service from WSDL: jar:file:/home/wellisonraul/Desenvolvimento/juddi-distro-3.3.5/juddi-tomcat-3.3.5/webapps/juddiv3/WEB-INF/lib/uddi-ws-3.3.5.jar!/uddi_v3_service.wsdl
mar 05, 2018 3:23:12 PM org.apache.cxf.service.factory.ReflectionServiceFactoryBean buildServiceFromWSDL
INFORMAÇÕES: Creating Service {urn:uddi-org:v3_service}UDDI_Service from WSDL: jar:file:/home/wellisonraul/Desenvolvimento/juddi-distro-3.3.5/juddi-tomcat-3.3.5/webapps/juddiv3/WEB-INF/lib/uddi-ws-3.3.5.jar!/uddi_v3_service.wsdl
mar 05, 2018 3:26:38 PM org.apache.cxf.service.factory.ReflectionServiceFactoryBean buildServiceFromWSDL
INFORMAÇÕES: Creating Service {urn:uddi-org:v3_service}UDDI_Service from WSDL: jar:file:/home/wellisonraul/Desenvolvimento/juddi-distro-3.3.5/juddi-tomcat-3.3.5/webapps/juddiv3/WEB-INF/lib/uddi-ws-3.3.5.jar!/uddi_v3_service.wsdl
mar 05, 2018 3:27:07 PM org.apache.cxf.service.factory.ReflectionServiceFactoryBean buildServiceFromWSDL
INFORMAÇÕES: Creating Service {urn:uddi-org:v3_service}UDDI_Service from WSDL: jar:file:/home/wellisonraul/Desenvolvimento/juddi-distro-3.3.5/juddi-tomcat-3.3.5/webapps/juddiv3/WEB-INF/lib/uddi-ws-3.3.5.jar!/uddi_v3_service.wsdl
mar 05, 2018 3:27:07 PM org.apache.cxf.service.factory.ReflectionServiceFactoryBean buildServiceFromWSDL
INFORMAÇÕES: Creating Service {urn:uddi-org:v3_service}UDDI_Service from WSDL: jar:file:/home/wellisonraul/Desenvolvimento/juddi-distro-3.3.5/juddi-tomcat-3.3.5/webapps/juddiv3/WEB-INF/lib/uddi-ws-3.3.5.jar!/uddi_v3_service.wsdl
mar 05, 2018 3:29:25 PM org.apache.cxf.service.factory.ReflectionServiceFactoryBean buildServiceFromWSDL
INFORMAÇÕES: Creating Service {urn:uddi-org:v3_service}UDDI_Service from WSDL: jar:file:/home/wellisonraul/Desenvolvimento/juddi-distro-3.3.5/juddi-tomcat-3.3.5/webapps/juddiv3/WEB-INF/lib/uddi-ws-3.3.5.jar!/uddi_v3_service.wsdl
mar 05, 2018 3:30:07 PM org.apache.cxf.service.factory.ReflectionServiceFactoryBean buildServiceFromWSDL
INFORMAÇÕES: Creating Service {urn:uddi-org:v3_service}UDDI_Service from WSDL: jar:file:/home/wellisonraul/Desenvolvimento/juddi-distro-3.3.5/juddi-tomcat-3.3.5/webapps/juddiv3/WEB-INF/lib/uddi-ws-3.3.5.jar!/uddi_v3_service.wsdl
mar 05, 2018 3:30:42 PM org.apache.cxf.service.factory.ReflectionServiceFactoryBean buildServiceFromWSDL
INFORMAÇÕES: Creating Service {urn:uddi-org:v3_service}UDDI_Service from WSDL: jar:file:/home/wellisonraul/Desenvolvimento/juddi-distro-3.3.5/juddi-tomcat-3.3.5/webapps/juddiv3/WEB-INF/lib/uddi-ws-3.3.5.jar!/uddi_v3_service.wsdl
mar 05, 2018 3:30:42 PM org.apache.cxf.service.factory.ReflectionServiceFactoryBean buildServiceFromWSDL
INFORMAÇÕES: Creating Service {urn:uddi-org:v3_service}UDDI_Service from WSDL: jar:file:/home/wellisonraul/Desenvolvimento/juddi-distro-3.3.5/juddi-tomcat-3.3.5/webapps/juddiv3/WEB-INF/lib/uddi-ws-3.3.5.jar!/uddi_v3_service.wsdl
mar 05, 2018 3:31:45 PM org.apache.cxf.service.factory.ReflectionServiceFactoryBean buildServiceFromWSDL
INFORMAÇÕES: Creating Service {urn:uddi-org:v3_service}UDDI_Service from WSDL: jar:file:/home/wellisonraul/Desenvolvimento/juddi-distro-3.3.5/juddi-tomcat-3.3.5/webapps/juddiv3/WEB-INF/lib/uddi-ws-3.3.5.jar!/uddi_v3_service.wsdl
mar 05, 2018 3:32:21 PM org.apache.cxf.service.factory.ReflectionServiceFactoryBean buildServiceFromWSDL
INFORMAÇÕES: Creating Service {urn:uddi-org:v3_service}UDDI_Service from WSDL: jar:file:/home/wellisonraul/Desenvolvimento/juddi-distro-3.3.5/juddi-tomcat-3.3.5/webapps/juddiv3/WEB-INF/lib/uddi-ws-3.3.5.jar!/uddi_v3_service.wsdl
mar 05, 2018 3:32:21 PM org.apache.cxf.service.factory.ReflectionServiceFactoryBean buildServiceFromWSDL
INFORMAÇÕES: Creating Service {urn:uddi-org:v3_service}UDDI_Service from WSDL: jar:file:/home/wellisonraul/Desenvolvimento/juddi-distro-3.3.5/juddi-tomcat-3.3.5/webapps/juddiv3/WEB-INF/lib/uddi-ws-3.3.5.jar!/uddi_v3_service.wsdl
mar 05, 2018 3:33:19 PM org.apache.cxf.service.factory.ReflectionServiceFactoryBean buildServiceFromWSDL
INFORMAÇÕES: Creating Service {urn:uddi-org:v3_service}UDDI_Service from WSDL: jar:file:/home/wellisonraul/Desenvolvimento/juddi-distro-3.3.5/juddi-tomcat-3.3.5/webapps/juddiv3/WEB-INF/lib/uddi-ws-3.3.5.jar!/uddi_v3_service.wsdl
mar 05, 2018 3:33:53 PM org.apache.cxf.service.factory.ReflectionServiceFactoryBean buildServiceFromWSDL
INFORMAÇÕES: Creating Service {urn:uddi-org:v3_service}UDDI_Service from WSDL: jar:file:/home/wellisonraul/Desenvolvimento/juddi-distro-3.3.5/juddi-tomcat-3.3.5/webapps/juddiv3/WEB-INF/lib/uddi-ws-3.3.5.jar!/uddi_v3_service.wsdl
mar 05, 2018 3:34:21 PM org.apache.cxf.service.factory.ReflectionServiceFactoryBean buildServiceFromWSDL
INFORMAÇÕES: Creating Service {urn:uddi-org:v3_service}UDDI_Service from WSDL: jar:file:/home/wellisonraul/Desenvolvimento/juddi-distro-3.3.5/juddi-tomcat-3.3.5/webapps/juddiv3/WEB-INF/lib/uddi-ws-3.3.5.jar!/uddi_v3_service.wsdl
mar 05, 2018 3:34:22 PM org.apache.cxf.service.factory.ReflectionServiceFactoryBean buildServiceFromWSDL
INFORMAÇÕES: Creating Service {urn:uddi-org:v3_service}UDDI_Service from WSDL: jar:file:/home/wellisonraul/Desenvolvimento/juddi-distro-3.3.5/juddi-tomcat-3.3.5/webapps/juddiv3/WEB-INF/lib/uddi-ws-3.3.5.jar!/uddi_v3_service.wsdl
mar 05, 2018 3:35:06 PM org.apache.cxf.service.factory.ReflectionServiceFactoryBean buildServiceFromWSDL
INFORMAÇÕES: Creating Service {urn:uddi-org:v3_service}UDDI_Service from WSDL: jar:file:/home/wellisonraul/Desenvolvimento/juddi-distro-3.3.5/juddi-tomcat-3.3.5/webapps/juddiv3/WEB-INF/lib/uddi-ws-3.3.5.jar!/uddi_v3_service.wsdl
mar 05, 2018 3:35:37 PM org.apache.cxf.service.factory.ReflectionServiceFactoryBean buildServiceFromWSDL
INFORMAÇÕES: Creating Service {urn:uddi-org:v3_service}UDDI_Service from WSDL: jar:file:/home/wellisonraul/Desenvolvimento/juddi-distro-3.3.5/juddi-tomcat-3.3.5/webapps/juddiv3/WEB-INF/lib/uddi-ws-3.3.5.jar!/uddi_v3_service.wsdl
mar 05, 2018 3:35:37 PM org.apache.cxf.service.factory.ReflectionServiceFactoryBean buildServiceFromWSDL
INFORMAÇÕES: Creating Service {urn:uddi-org:v3_service}UDDI_Service from WSDL: jar:file:/home/wellisonraul/Desenvolvimento/juddi-distro-3.3.5/juddi-tomcat-3.3.5/webapps/juddiv3/WEB-INF/lib/uddi-ws-3.3.5.jar!/uddi_v3_service.wsdl
mar 05, 2018 3:36:36 PM org.apache.cxf.service.factory.ReflectionServiceFactoryBean buildServiceFromWSDL
INFORMAÇÕES: Creating Service {urn:uddi-org:v3_service}UDDI_Service from WSDL: jar:file:/home/wellisonraul/Desenvolvimento/juddi-distro-3.3.5/juddi-tomcat-3.3.5/webapps/juddiv3/WEB-INF/lib/uddi-ws-3.3.5.jar!/uddi_v3_service.wsdl
mar 05, 2018 3:37:24 PM org.apache.cxf.phase.PhaseInterceptorChain doDefaultLogging
INFORMAÇÕES: Application {urn:uddi-org:api_v3_portType}UDDIPublicationService#{urn:uddi-org:api_v3_portType}save_tModel has thrown exception, unwinding now: org.apache.juddi.v3.error.AuthTokenExpiredException: The authentication token is expired
mar 05, 2018 3:37:24 PM org.apache.cxf.service.factory.ReflectionServiceFactoryBean buildServiceFromWSDL
INFORMAÇÕES: Creating Service {urn:uddi-org:v3_service}UDDI_Service from WSDL: jar:file:/home/wellisonraul/Desenvolvimento/juddi-distro-3.3.5/juddi-tomcat-3.3.5/webapps/juddiv3/WEB-INF/lib/uddi-ws-3.3.5.jar!/uddi_v3_service.wsdl
mar 05, 2018 3:37:25 PM org.apache.cxf.service.factory.ReflectionServiceFactoryBean buildServiceFromWSDL
INFORMAÇÕES: Creating Service {urn:uddi-org:v3_service}UDDI_Service from WSDL: jar:file:/home/wellisonraul/Desenvolvimento/juddi-distro-3.3.5/juddi-tomcat-3.3.5/webapps/juddiv3/WEB-INF/lib/uddi-ws-3.3.5.jar!/uddi_v3_service.wsdl
mar 05, 2018 3:38:13 PM org.apache.cxf.service.factory.ReflectionServiceFactoryBean buildServiceFromWSDL
INFORMAÇÕES: Creating Service {urn:uddi-org:v3_service}UDDI_Service from WSDL: jar:file:/home/wellisonraul/Desenvolvimento/juddi-distro-3.3.5/juddi-tomcat-3.3.5/webapps/juddiv3/WEB-INF/lib/uddi-ws-3.3.5.jar!/uddi_v3_service.wsdl
mar 05, 2018 3:38:50 PM org.apache.cxf.service.factory.ReflectionServiceFactoryBean buildServiceFromWSDL
INFORMAÇÕES: Creating Service {urn:uddi-org:v3_service}UDDI_Service from WSDL: jar:file:/home/wellisonraul/Desenvolvimento/juddi-distro-3.3.5/juddi-tomcat-3.3.5/webapps/juddiv3/WEB-INF/lib/uddi-ws-3.3.5.jar!/uddi_v3_service.wsdl
mar 05, 2018 3:38:51 PM org.apache.cxf.service.factory.ReflectionServiceFactoryBean buildServiceFromWSDL
INFORMAÇÕES: Creating Service {urn:uddi-org:v3_service}UDDI_Service from WSDL: jar:file:/home/wellisonraul/Desenvolvimento/juddi-distro-3.3.5/juddi-tomcat-3.3.5/webapps/juddiv3/WEB-INF/lib/uddi-ws-3.3.5.jar!/uddi_v3_service.wsdl
mar 05, 2018 3:40:05 PM org.apache.cxf.service.factory.ReflectionServiceFactoryBean buildServiceFromWSDL
INFORMAÇÕES: Creating Service {urn:uddi-org:v3_service}UDDI_Service from WSDL: jar:file:/home/wellisonraul/Desenvolvimento/juddi-distro-3.3.5/juddi-tomcat-3.3.5/webapps/juddiv3/WEB-INF/lib/uddi-ws-3.3.5.jar!/uddi_v3_service.wsdl
mar 05, 2018 3:41:00 PM org.apache.cxf.service.factory.ReflectionServiceFactoryBean buildServiceFromWSDL
INFORMAÇÕES: Creating Service {urn:uddi-org:v3_service}UDDI_Service from WSDL: jar:file:/home/wellisonraul/Desenvolvimento/juddi-distro-3.3.5/juddi-tomcat-3.3.5/webapps/juddiv3/WEB-INF/lib/uddi-ws-3.3.5.jar!/uddi_v3_service.wsdl
mar 05, 2018 3:41:00 PM org.apache.cxf.service.factory.ReflectionServiceFactoryBean buildServiceFromWSDL
INFORMAÇÕES: Creating Service {urn:uddi-org:v3_service}UDDI_Service from WSDL: jar:file:/home/wellisonraul/Desenvolvimento/juddi-distro-3.3.5/juddi-tomcat-3.3.5/webapps/juddiv3/WEB-INF/lib/uddi-ws-3.3.5.jar!/uddi_v3_service.wsdl
mar 05, 2018 3:41:54 PM org.apache.cxf.service.factory.ReflectionServiceFactoryBean buildServiceFromWSDL
INFORMAÇÕES: Creating Service {urn:uddi-org:v3_service}UDDI_Service from WSDL: jar:file:/home/wellisonraul/Desenvolvimento/juddi-distro-3.3.5/juddi-tomcat-3.3.5/webapps/juddiv3/WEB-INF/lib/uddi-ws-3.3.5.jar!/uddi_v3_service.wsdl
mar 05, 2018 4:30:46 PM org.apache.coyote.AbstractProtocol pause
INFORMAÇÕES: Pausing ProtocolHandler ["http-bio-8080"]
mar 05, 2018 4:30:53 PM org.apache.coyote.AbstractProtocol pause
INFORMAÇÕES: Pausing ProtocolHandler ["ajp-bio-8009"]
mar 05, 2018 4:30:53 PM org.apache.catalina.core.StandardService stopInternal
INFORMAÇÕES: Stopping service Catalina
mar 05, 2018 4:30:54 PM org.apache.juddi.webconsole.StartupServlet contextDestroyed
INFORMAÇÕES: Cleaning up juddi-gui
mar 05, 2018 4:30:57 PM org.apache.catalina.loader.WebappClassLoaderBase checkThreadLocalMapForLeaks
GRAVE: The web application [/juddi-gui] created a ThreadLocal with key of type [java.lang.ThreadLocal] (value [java.lang.ThreadLocal@5877b287]) and a value of type [org.apache.cxf.BusFactory.BusHolder] (value [org.apache.cxf.BusFactory$BusHolder@ad16cbb]) but failed to remove it when the web application was stopped. Threads are going to be renewed over time to try and avoid a probable memory leak.
mar 05, 2018 4:30:58 PM org.apache.juddi.adminconsole.StartupServlet removeKeyFromConfigurationFile
INFORMAÇÕES: Cleaning up juddi-admin
mar 05, 2018 4:31:01 PM org.apache.catalina.loader.WebappClassLoaderBase clearReferencesThreads
GRAVE: The web application [/juddiv3replication] appears to have started a thread named [Timer-1] but has failed to stop it. This is very likely to create a memory leak.
mar 05, 2018 4:31:01 PM org.apache.juddi.adminconsole.StartupServlet removeKeyFromConfigurationFile
INFORMAÇÕES: Cleaning up juddi-admin
mar 05, 2018 4:31:01 PM org.apache.coyote.AbstractProtocol stop
INFORMAÇÕES: Stopping ProtocolHandler ["http-bio-8080"]
mar 05, 2018 4:31:01 PM org.apache.coyote.AbstractProtocol stop
INFORMAÇÕES: Stopping ProtocolHandler ["ajp-bio-8009"]
mar 05, 2018 4:31:01 PM org.apache.coyote.AbstractProtocol destroy
INFORMAÇÕES: Destroying ProtocolHandler ["http-bio-8080"]
mar 05, 2018 4:31:01 PM org.apache.coyote.AbstractProtocol destroy
INFORMAÇÕES: Destroying ProtocolHandler ["ajp-bio-8009"]
mar 05, 2018 6:21:39 PM org.apache.catalina.startup.VersionLoggerListener log
INFORMAÇÕES: Server version:        Apache Tomcat/7.0.82
mar 05, 2018 6:21:39 PM org.apache.catalina.startup.VersionLoggerListener log
INFORMAÇÕES: Server built:          Sep 29 2017 12:23:15 UTC
mar 05, 2018 6:21:39 PM org.apache.catalina.startup.VersionLoggerListener log
INFORMAÇÕES: Server number:         7.0.82.0
mar 05, 2018 6:21:39 PM org.apache.catalina.startup.VersionLoggerListener log
INFORMAÇÕES: OS Name:               Linux
mar 05, 2018 6:21:39 PM org.apache.catalina.startup.VersionLoggerListener log
INFORMAÇÕES: OS Version:            4.10.0-38-generic
mar 05, 2018 6:21:39 PM org.apache.catalina.startup.VersionLoggerListener log
INFORMAÇÕES: Architecture:          amd64
mar 05, 2018 6:21:39 PM org.apache.catalina.startup.VersionLoggerListener log
INFORMAÇÕES: Java Home:             /usr/lib/jvm/java-8-openjdk-amd64/jre
mar 05, 2018 6:21:39 PM org.apache.catalina.startup.VersionLoggerListener log
INFORMAÇÕES: JVM Version:           1.8.0_151-8u151-b12-0ubuntu0.16.04.2-b12
mar 05, 2018 6:21:39 PM org.apache.catalina.startup.VersionLoggerListener log
INFORMAÇÕES: JVM Vendor:            Oracle Corporation
mar 05, 2018 6:21:39 PM org.apache.catalina.startup.VersionLoggerListener log
INFORMAÇÕES: CATALINA_BASE:         /home/wellisonraul/Desenvolvimento/juddi-distro-3.3.5/juddi-tomcat-3.3.5
mar 05, 2018 6:21:39 PM org.apache.catalina.startup.VersionLoggerListener log
INFORMAÇÕES: CATALINA_HOME:         /home/wellisonraul/Desenvolvimento/juddi-distro-3.3.5/juddi-tomcat-3.3.5
mar 05, 2018 6:21:39 PM org.apache.catalina.startup.VersionLoggerListener log
INFORMAÇÕES: Command line argument: -Djava.util.logging.config.file=/home/wellisonraul/Desenvolvimento/juddi-distro-3.3.5/juddi-tomcat-3.3.5/conf/logging.properties
mar 05, 2018 6:21:39 PM org.apache.catalina.startup.VersionLoggerListener log
INFORMAÇÕES: Command line argument: -Djava.util.logging.manager=org.apache.juli.ClassLoaderLogManager
mar 05, 2018 6:21:39 PM org.apache.catalina.startup.VersionLoggerListener log
INFORMAÇÕES: Command line argument: -Xms1024m
mar 05, 2018 6:21:39 PM org.apache.catalina.startup.VersionLoggerListener log
INFORMAÇÕES: Command line argument: -Xmx1024m
mar 05, 2018 6:21:39 PM org.apache.catalina.startup.VersionLoggerListener log
INFORMAÇÕES: Command line argument: -XX:MaxPermSize=512m
mar 05, 2018 6:21:39 PM org.apache.catalina.startup.VersionLoggerListener log
INFORMAÇÕES: Command line argument: -XX:PermSize=256M
mar 05, 2018 6:21:39 PM org.apache.catalina.startup.VersionLoggerListener log
INFORMAÇÕES: Command line argument: -Djavax.net.ssl.trustStore=truststore.jks
mar 05, 2018 6:21:39 PM org.apache.catalina.startup.VersionLoggerListener log
INFORMAÇÕES: Command line argument: -Djavax.net.ssl.trustStorePassword=password
mar 05, 2018 6:21:39 PM org.apache.catalina.startup.VersionLoggerListener log
INFORMAÇÕES: Command line argument: -Djavax.net.ssl.keyStore=../conf/keystore.jks
mar 05, 2018 6:21:39 PM org.apache.catalina.startup.VersionLoggerListener log
INFORMAÇÕES: Command line argument: -Djavax.net.ssl.keyStorePassword=password
mar 05, 2018 6:21:39 PM org.apache.catalina.startup.VersionLoggerListener log
INFORMAÇÕES: Command line argument: -Djava.endorsed.dirs=/home/wellisonraul/Desenvolvimento/juddi-distro-3.3.5/juddi-tomcat-3.3.5/endorsed
mar 05, 2018 6:21:39 PM org.apache.catalina.startup.VersionLoggerListener log
INFORMAÇÕES: Command line argument: -Dcatalina.base=/home/wellisonraul/Desenvolvimento/juddi-distro-3.3.5/juddi-tomcat-3.3.5
mar 05, 2018 6:21:39 PM org.apache.catalina.startup.VersionLoggerListener log
INFORMAÇÕES: Command line argument: -Dcatalina.home=/home/wellisonraul/Desenvolvimento/juddi-distro-3.3.5/juddi-tomcat-3.3.5
mar 05, 2018 6:21:39 PM org.apache.catalina.startup.VersionLoggerListener log
INFORMAÇÕES: Command line argument: -Djava.io.tmpdir=/home/wellisonraul/Desenvolvimento/juddi-distro-3.3.5/juddi-tomcat-3.3.5/temp
mar 05, 2018 6:21:39 PM org.apache.catalina.core.AprLifecycleListener lifecycleEvent
INFORMAÇÕES: The APR based Apache Tomcat Native library which allows optimal performance in production environments was not found on the java.library.path: /usr/java/packages/lib/amd64:/usr/lib/x86_64-linux-gnu/jni:/lib/x86_64-linux-gnu:/usr/lib/x86_64-linux-gnu:/usr/lib/jni:/lib:/usr/lib
mar 05, 2018 6:21:40 PM org.apache.coyote.AbstractProtocol init
INFORMAÇÕES: Initializing ProtocolHandler ["http-bio-8080"]
mar 05, 2018 6:21:40 PM org.apache.coyote.AbstractProtocol init
INFORMAÇÕES: Initializing ProtocolHandler ["ajp-bio-8009"]
mar 05, 2018 6:21:40 PM org.apache.catalina.startup.Catalina load
INFORMAÇÕES: Initialization processed in 707 ms
mar 05, 2018 6:21:40 PM org.apache.catalina.core.StandardService startInternal
INFORMAÇÕES: Starting service Catalina
mar 05, 2018 6:21:40 PM org.apache.catalina.core.StandardEngine startInternal
INFORMAÇÕES: Starting Servlet Engine: Apache Tomcat/7.0.82
mar 05, 2018 6:21:40 PM org.apache.catalina.startup.HostConfig deployDirectory
INFORMAÇÕES: Deploying web application directory /home/wellisonraul/Desenvolvimento/juddi-distro-3.3.5/juddi-tomcat-3.3.5/webapps/host-manager
mar 05, 2018 6:21:41 PM org.apache.catalina.startup.TldConfig execute
INFORMAÇÕES: At least one JAR was scanned for TLDs yet contained no TLDs. Enable debug logging for this logger for a complete list of JARs that were scanned but no TLDs were found in them. Skipping unneeded JARs during scanning can improve startup time and JSP compilation time.
mar 05, 2018 6:21:41 PM org.apache.catalina.startup.HostConfig deployDirectory
INFORMAÇÕES: Deployment of web application directory /home/wellisonraul/Desenvolvimento/juddi-distro-3.3.5/juddi-tomcat-3.3.5/webapps/host-manager has finished in 1,080 ms
mar 05, 2018 6:21:41 PM org.apache.catalina.startup.HostConfig deployDirectory
INFORMAÇÕES: Deploying web application directory /home/wellisonraul/Desenvolvimento/juddi-distro-3.3.5/juddi-tomcat-3.3.5/webapps/juddiv3replication
mar 05, 2018 6:21:45 PM org.apache.catalina.startup.TldConfig execute
INFORMAÇÕES: At least one JAR was scanned for TLDs yet contained no TLDs. Enable debug logging for this logger for a complete list of JARs that were scanned but no TLDs were found in them. Skipping unneeded JARs during scanning can improve startup time and JSP compilation time.
mar 05, 2018 6:22:11 PM org.apache.cxf.service.factory.ReflectionServiceFactoryBean buildServiceFromClass
INFORMAÇÕES: Creating Service {urn:uddi-org:api_v3_portType}UDDI_Replication_PortType from class org.uddi.v3_service.UDDIReplicationPortType
mar 05, 2018 6:22:12 PM org.apache.cxf.bus.spring.OldSpringSupport logWarning
ADVERTÊNCIA: Import of META-INF/cxf/cxf-extension-soap.xml has been deprecated and is unnecessary.
mar 05, 2018 6:22:12 PM org.apache.cxf.endpoint.ServerImpl initDestination
INFORMAÇÕES: Setting the server's publish address to be /replication
mar 05, 2018 6:22:12 PM org.apache.juddi.adminconsole.StartupServlet contextInitialized
INFORMAÇÕES: juddi-admin gui startup
mar 05, 2018 6:22:12 PM org.apache.juddi.adminconsole.StartupServlet generateKey
INFORMAÇÕES: Attempting to generate 256 bit AES key
mar 05, 2018 6:22:12 PM org.apache.juddi.adminconsole.StartupServlet generateKey
INFORMAÇÕES: Generation of 256 bit AES key successful
mar 05, 2018 6:22:12 PM org.apache.juddi.adminconsole.StartupServlet contextInitialized
INFORMAÇÕES: Storing key to /home/wellisonraul/Desenvolvimento/juddi-distro-3.3.5/juddi-tomcat-3.3.5/webapps/juddiv3replication/WEB-INF/config.properties
mar 05, 2018 6:22:12 PM org.apache.catalina.startup.HostConfig deployDirectory
INFORMAÇÕES: Deployment of web application directory /home/wellisonraul/Desenvolvimento/juddi-distro-3.3.5/juddi-tomcat-3.3.5/webapps/juddiv3replication has finished in 31,466 ms
mar 05, 2018 6:22:12 PM org.apache.catalina.startup.HostConfig deployDirectory
INFORMAÇÕES: Deploying web application directory /home/wellisonraul/Desenvolvimento/juddi-distro-3.3.5/juddi-tomcat-3.3.5/webapps/juddiv3
mar 05, 2018 6:22:16 PM org.apache.catalina.startup.TldConfig execute
INFORMAÇÕES: At least one JAR was scanned for TLDs yet contained no TLDs. Enable debug logging for this logger for a complete list of JARs that were scanned but no TLDs were found in them. Skipping unneeded JARs during scanning can improve startup time and JSP compilation time.
mar 05, 2018 6:22:20 PM org.apache.cxf.service.factory.ReflectionServiceFactoryBean buildServiceFromClass
INFORMAÇÕES: Creating Service {urn:uddi-org:api_v3_portType}UDDIInquiryService from class org.uddi.v3_service.UDDIInquiryPortType
mar 05, 2018 6:22:22 PM org.apache.cxf.bus.spring.OldSpringSupport logWarning
ADVERTÊNCIA: Import of META-INF/cxf/cxf-extension-soap.xml has been deprecated and is unnecessary.
mar 05, 2018 6:22:22 PM org.apache.cxf.endpoint.ServerImpl initDestination
INFORMAÇÕES: Setting the server's publish address to be /inquiry
mar 05, 2018 6:22:22 PM org.apache.cxf.service.factory.ReflectionServiceFactoryBean buildServiceFromClass
INFORMAÇÕES: Creating Service {urn:uddi-org:api_v3_portType}UDDIPublicationService from class org.uddi.v3_service.UDDIPublicationPortType
mar 05, 2018 6:22:22 PM org.apache.cxf.endpoint.ServerImpl initDestination
INFORMAÇÕES: Setting the server's publish address to be /publish
mar 05, 2018 6:22:22 PM org.apache.cxf.service.factory.ReflectionServiceFactoryBean buildServiceFromClass
INFORMAÇÕES: Creating Service {urn:uddi-org:api_v3_portType}UDDISecurityService from class org.uddi.v3_service.UDDISecurityPortType
mar 05, 2018 6:22:23 PM org.apache.cxf.endpoint.ServerImpl initDestination
INFORMAÇÕES: Setting the server's publish address to be /security
mar 05, 2018 6:22:23 PM org.apache.cxf.service.factory.ReflectionServiceFactoryBean buildServiceFromClass
INFORMAÇÕES: Creating Service {urn:uddi-org:api_v3_portType}UDDISubscriptionService from class org.uddi.v3_service.UDDISubscriptionPortType
mar 05, 2018 6:22:23 PM org.apache.cxf.endpoint.ServerImpl initDestination
INFORMAÇÕES: Setting the server's publish address to be /subscription
mar 05, 2018 6:22:23 PM org.apache.cxf.service.factory.ReflectionServiceFactoryBean buildServiceFromClass
INFORMAÇÕES: Creating Service {urn:uddi-org:api_v3_portType}UDDISubscriptionListenerService from class org.uddi.v3_service.UDDISubscriptionListenerPortType
mar 05, 2018 6:22:23 PM org.apache.cxf.endpoint.ServerImpl initDestination
INFORMAÇÕES: Setting the server's publish address to be /subscription-listener
mar 05, 2018 6:22:23 PM org.apache.cxf.service.factory.ReflectionServiceFactoryBean buildServiceFromClass
INFORMAÇÕES: Creating Service {urn:uddi-org:v3_service}UDDICustodyTransferService from class org.uddi.v3_service.UDDICustodyTransferPortType
mar 05, 2018 6:22:23 PM org.apache.cxf.endpoint.ServerImpl initDestination
INFORMAÇÕES: Setting the server's publish address to be /custody-transfer
mar 05, 2018 6:22:23 PM org.apache.cxf.service.factory.ReflectionServiceFactoryBean buildServiceFromClass
INFORMAÇÕES: Creating Service {http://impl.api.juddi.apache.org/}UDDIValueSetValidationImplService from class org.uddi.v3_service.UDDIValueSetValidationPortType
mar 05, 2018 6:22:23 PM org.apache.cxf.endpoint.ServerImpl initDestination
INFORMAÇÕES: Setting the server's publish address to be /valueset-validation
mar 05, 2018 6:22:23 PM org.apache.cxf.service.factory.ReflectionServiceFactoryBean buildServiceFromClass
INFORMAÇÕES: Creating Service {http://impl.api.juddi.apache.org/}UDDIValueSetCachingImplService from class org.uddi.v3_service.UDDIValueSetCachingPortType
mar 05, 2018 6:22:24 PM org.apache.cxf.endpoint.ServerImpl initDestination
INFORMAÇÕES: Setting the server's publish address to be /valueset-caching
mar 05, 2018 6:22:24 PM org.apache.cxf.service.factory.ReflectionServiceFactoryBean buildServiceFromClass
INFORMAÇÕES: Creating Service {urn:uddi-org:inquiry_v2}Inquire from class org.uddi.v2_service.Inquire
mar 05, 2018 6:22:24 PM org.apache.cxf.endpoint.ServerImpl initDestination
INFORMAÇÕES: Setting the server's publish address to be /inquiryv2
mar 05, 2018 6:22:24 PM org.apache.cxf.service.factory.ReflectionServiceFactoryBean buildServiceFromClass
INFORMAÇÕES: Creating Service {urn:uddi-org:publication_v2}Publish from class org.uddi.v2_service.Publish
mar 05, 2018 6:22:24 PM org.apache.cxf.endpoint.ServerImpl initDestination
INFORMAÇÕES: Setting the server's publish address to be /publishv2
mar 05, 2018 6:22:24 PM org.apache.cxf.service.factory.ReflectionServiceFactoryBean buildServiceFromWSDL
INFORMAÇÕES: Creating Service {urn:juddi-apache-org:v3_service}JUDDIApiService from WSDL: classpath:/juddi_api_v1.wsdl
mar 05, 2018 6:22:25 PM org.apache.cxf.endpoint.ServerImpl initDestination
INFORMAÇÕES: Setting the server's publish address to be /juddi-api
mar 05, 2018 6:22:25 PM org.apache.cxf.endpoint.ServerImpl initDestination
INFORMAÇÕES: Setting the server's publish address to be /inquiryRest
mar 05, 2018 6:22:25 PM org.apache.juddi.adminconsole.StartupServlet contextInitialized
INFORMAÇÕES: juddi-admin gui startup
mar 05, 2018 6:22:25 PM org.apache.juddi.adminconsole.StartupServlet generateKey
INFORMAÇÕES: Attempting to generate 256 bit AES key
mar 05, 2018 6:22:25 PM org.apache.juddi.adminconsole.StartupServlet generateKey
INFORMAÇÕES: Generation of 256 bit AES key successful
mar 05, 2018 6:22:25 PM org.apache.juddi.adminconsole.StartupServlet contextInitialized
INFORMAÇÕES: Storing key to /home/wellisonraul/Desenvolvimento/juddi-distro-3.3.5/juddi-tomcat-3.3.5/webapps/juddiv3/WEB-INF/config.properties
mar 05, 2018 6:22:25 PM org.apache.catalina.startup.HostConfig deployDirectory
INFORMAÇÕES: Deployment of web application directory /home/wellisonraul/Desenvolvimento/juddi-distro-3.3.5/juddi-tomcat-3.3.5/webapps/juddiv3 has finished in 12,935 ms
mar 05, 2018 6:22:25 PM org.apache.catalina.startup.HostConfig deployDirectory
INFORMAÇÕES: Deploying web application directory /home/wellisonraul/Desenvolvimento/juddi-distro-3.3.5/juddi-tomcat-3.3.5/webapps/examples
mar 05, 2018 6:22:27 PM org.apache.catalina.startup.TldConfig execute
INFORMAÇÕES: At least one JAR was scanned for TLDs yet contained no TLDs. Enable debug logging for this logger for a complete list of JARs that were scanned but no TLDs were found in them. Skipping unneeded JARs during scanning can improve startup time and JSP compilation time.
mar 05, 2018 6:22:27 PM org.apache.catalina.startup.HostConfig deployDirectory
INFORMAÇÕES: Deployment of web application directory /home/wellisonraul/Desenvolvimento/juddi-distro-3.3.5/juddi-tomcat-3.3.5/webapps/examples has finished in 2,200 ms
mar 05, 2018 6:22:27 PM org.apache.catalina.startup.HostConfig deployDirectory
INFORMAÇÕES: Deploying web application directory /home/wellisonraul/Desenvolvimento/juddi-distro-3.3.5/juddi-tomcat-3.3.5/webapps/manager
mar 05, 2018 6:22:28 PM org.apache.catalina.startup.TldConfig execute
INFORMAÇÕES: At least one JAR was scanned for TLDs yet contained no TLDs. Enable debug logging for this logger for a complete list of JARs that were scanned but no TLDs were found in them. Skipping unneeded JARs during scanning can improve startup time and JSP compilation time.
mar 05, 2018 6:22:28 PM org.apache.catalina.startup.HostConfig deployDirectory
INFORMAÇÕES: Deployment of web application directory /home/wellisonraul/Desenvolvimento/juddi-distro-3.3.5/juddi-tomcat-3.3.5/webapps/manager has finished in 407 ms
mar 05, 2018 6:22:28 PM org.apache.catalina.startup.HostConfig deployDirectory
INFORMAÇÕES: Deploying web application directory /home/wellisonraul/Desenvolvimento/juddi-distro-3.3.5/juddi-tomcat-3.3.5/webapps/docs
mar 05, 2018 6:22:28 PM org.apache.catalina.startup.TldConfig execute
INFORMAÇÕES: At least one JAR was scanned for TLDs yet contained no TLDs. Enable debug logging for this logger for a complete list of JARs that were scanned but no TLDs were found in them. Skipping unneeded JARs during scanning can improve startup time and JSP compilation time.
mar 05, 2018 6:22:28 PM org.apache.catalina.startup.HostConfig deployDirectory
INFORMAÇÕES: Deployment of web application directory /home/wellisonraul/Desenvolvimento/juddi-distro-3.3.5/juddi-tomcat-3.3.5/webapps/docs has finished in 317 ms
mar 05, 2018 6:22:28 PM org.apache.catalina.startup.HostConfig deployDirectory
INFORMAÇÕES: Deploying web application directory /home/wellisonraul/Desenvolvimento/juddi-distro-3.3.5/juddi-tomcat-3.3.5/webapps/juddi-gui
mar 05, 2018 6:22:35 PM org.apache.catalina.startup.TldConfig execute
INFORMAÇÕES: At least one JAR was scanned for TLDs yet contained no TLDs. Enable debug logging for this logger for a complete list of JARs that were scanned but no TLDs were found in them. Skipping unneeded JARs during scanning can improve startup time and JSP compilation time.
mar 05, 2018 6:22:37 PM org.apache.juddi.webconsole.StartupServlet contextInitialized
INFORMAÇÕES: juddi-gui startup
mar 05, 2018 6:22:37 PM org.apache.juddi.webconsole.StartupServlet contextInitialized
INFORMAÇÕES: Attempting to generate 256 bit AES key
mar 05, 2018 6:22:38 PM org.apache.juddi.webconsole.StartupServlet contextInitialized
INFORMAÇÕES: Generation of 256 bit AES key successful
mar 05, 2018 6:22:38 PM org.apache.juddi.webconsole.StartupServlet contextInitialized
INFORMAÇÕES: Storing key to /home/wellisonraul/Desenvolvimento/juddi-distro-3.3.5/juddi-tomcat-3.3.5/webapps/juddi-gui/META-INF/config.properties
mar 05, 2018 6:22:38 PM org.apache.catalina.startup.HostConfig deployDirectory
INFORMAÇÕES: Deployment of web application directory /home/wellisonraul/Desenvolvimento/juddi-distro-3.3.5/juddi-tomcat-3.3.5/webapps/juddi-gui has finished in 9,643 ms
mar 05, 2018 6:22:38 PM org.apache.catalina.startup.HostConfig deployDirectory
INFORMAÇÕES: Deploying web application directory /home/wellisonraul/Desenvolvimento/juddi-distro-3.3.5/juddi-tomcat-3.3.5/webapps/ROOT
mar 05, 2018 6:22:38 PM org.apache.catalina.startup.TldConfig execute
INFORMAÇÕES: At least one JAR was scanned for TLDs yet contained no TLDs. Enable debug logging for this logger for a complete list of JARs that were scanned but no TLDs were found in them. Skipping unneeded JARs during scanning can improve startup time and JSP compilation time.
mar 05, 2018 6:22:38 PM org.apache.catalina.startup.HostConfig deployDirectory
INFORMAÇÕES: Deployment of web application directory /home/wellisonraul/Desenvolvimento/juddi-distro-3.3.5/juddi-tomcat-3.3.5/webapps/ROOT has finished in 366 ms
mar 05, 2018 6:22:38 PM org.apache.coyote.AbstractProtocol start
INFORMAÇÕES: Starting ProtocolHandler ["http-bio-8080"]
mar 05, 2018 6:22:38 PM org.apache.coyote.AbstractProtocol start
INFORMAÇÕES: Starting ProtocolHandler ["ajp-bio-8009"]
mar 05, 2018 6:22:38 PM org.apache.catalina.startup.Catalina start
INFORMAÇÕES: Server startup in 58509 ms
mar 05, 2018 6:27:34 PM org.apache.cxf.service.factory.ReflectionServiceFactoryBean buildServiceFromWSDL
INFORMAÇÕES: Creating Service {urn:uddi-org:v3_service}UDDI_Service from WSDL: file:/home/wellisonraul/Desenvolvimento/juddi-distro-3.3.5/juddi-tomcat-3.3.5/work/Catalina/localhost/juddi-gui/loader/uddi_v3_service.wsdl
mar 05, 2018 6:27:35 PM org.apache.cxf.service.factory.ReflectionServiceFactoryBean buildServiceFromWSDL
INFORMAÇÕES: Creating Service {urn:uddi-org:v3_service}UDDI_Service from WSDL: file:/home/wellisonraul/Desenvolvimento/juddi-distro-3.3.5/juddi-tomcat-3.3.5/work/Catalina/localhost/juddi-gui/loader/uddi_v3_service.wsdl
mar 05, 2018 6:27:35 PM org.apache.cxf.service.factory.ReflectionServiceFactoryBean buildServiceFromWSDL
INFORMAÇÕES: Creating Service {urn:uddi-org:v3_service}UDDI_Service from WSDL: file:/home/wellisonraul/Desenvolvimento/juddi-distro-3.3.5/juddi-tomcat-3.3.5/work/Catalina/localhost/juddi-gui/loader/uddi_v3_service.wsdl
mar 05, 2018 6:27:35 PM org.apache.cxf.service.factory.ReflectionServiceFactoryBean buildServiceFromWSDL
INFORMAÇÕES: Creating Service {urn:uddi-org:v3_service}UDDI_Service from WSDL: file:/home/wellisonraul/Desenvolvimento/juddi-distro-3.3.5/juddi-tomcat-3.3.5/work/Catalina/localhost/juddi-gui/loader/uddi_v3_service.wsdl
mar 05, 2018 6:27:35 PM org.apache.cxf.service.factory.ReflectionServiceFactoryBean buildServiceFromWSDL
INFORMAÇÕES: Creating Service {urn:uddi-org:v3_service}UDDI_Service from WSDL: file:/home/wellisonraul/Desenvolvimento/juddi-distro-3.3.5/juddi-tomcat-3.3.5/work/Catalina/localhost/juddi-gui/loader/uddi_v3_service.wsdl
mar 05, 2018 6:28:43 PM org.apache.cxf.service.factory.ReflectionServiceFactoryBean buildServiceFromWSDL
INFORMAÇÕES: Creating Service {urn:uddi-org:v3_service}UDDI_Service from WSDL: jar:file:/home/wellisonraul/Desenvolvimento/juddi-distro-3.3.5/juddi-tomcat-3.3.5/webapps/juddiv3/WEB-INF/lib/uddi-ws-3.3.5.jar!/uddi_v3_service.wsdl
mar 05, 2018 6:32:39 PM org.apache.cxf.service.factory.ReflectionServiceFactoryBean buildServiceFromWSDL
INFORMAÇÕES: Creating Service {urn:uddi-org:v3_service}UDDI_Service from WSDL: jar:file:/home/wellisonraul/Desenvolvimento/juddi-distro-3.3.5/juddi-tomcat-3.3.5/webapps/juddiv3/WEB-INF/lib/uddi-ws-3.3.5.jar!/uddi_v3_service.wsdl
mar 05, 2018 6:36:30 PM org.apache.cxf.service.factory.ReflectionServiceFactoryBean buildServiceFromWSDL
INFORMAÇÕES: Creating Service {urn:uddi-org:v3_service}UDDI_Service from WSDL: jar:file:/home/wellisonraul/Desenvolvimento/juddi-distro-3.3.5/juddi-tomcat-3.3.5/webapps/juddiv3/WEB-INF/lib/uddi-ws-3.3.5.jar!/uddi_v3_service.wsdl
mar 05, 2018 6:39:07 PM org.apache.cxf.service.factory.ReflectionServiceFactoryBean buildServiceFromWSDL
INFORMAÇÕES: Creating Service {urn:uddi-org:v3_service}UDDI_Service from WSDL: jar:file:/home/wellisonraul/Desenvolvimento/juddi-distro-3.3.5/juddi-tomcat-3.3.5/webapps/juddiv3/WEB-INF/lib/uddi-ws-3.3.5.jar!/uddi_v3_service.wsdl
mar 05, 2018 6:41:13 PM org.apache.cxf.service.factory.ReflectionServiceFactoryBean buildServiceFromWSDL
INFORMAÇÕES: Creating Service {urn:uddi-org:v3_service}UDDI_Service from WSDL: jar:file:/home/wellisonraul/Desenvolvimento/juddi-distro-3.3.5/juddi-tomcat-3.3.5/webapps/juddiv3/WEB-INF/lib/uddi-ws-3.3.5.jar!/uddi_v3_service.wsdl
mar 05, 2018 6:41:58 PM org.apache.cxf.service.factory.ReflectionServiceFactoryBean buildServiceFromWSDL
INFORMAÇÕES: Creating Service {urn:uddi-org:v3_service}UDDI_Service from WSDL: jar:file:/home/wellisonraul/Desenvolvimento/juddi-distro-3.3.5/juddi-tomcat-3.3.5/webapps/juddiv3/WEB-INF/lib/uddi-ws-3.3.5.jar!/uddi_v3_service.wsdl
mar 05, 2018 6:43:02 PM org.apache.cxf.service.factory.ReflectionServiceFactoryBean buildServiceFromWSDL
INFORMAÇÕES: Creating Service {urn:uddi-org:v3_service}UDDI_Service from WSDL: jar:file:/home/wellisonraul/Desenvolvimento/juddi-distro-3.3.5/juddi-tomcat-3.3.5/webapps/juddiv3/WEB-INF/lib/uddi-ws-3.3.5.jar!/uddi_v3_service.wsdl
mar 05, 2018 6:48:13 PM org.apache.cxf.phase.PhaseInterceptorChain doDefaultLogging
INFORMAÇÕES: Application {urn:uddi-org:api_v3_portType}UDDIPublicationService#{urn:uddi-org:api_v3_portType}save_service has thrown exception, unwinding now: org.apache.juddi.v3.error.AuthTokenExpiredException: The authentication token is expired
mar 05, 2018 6:48:13 PM org.apache.cxf.service.factory.ReflectionServiceFactoryBean buildServiceFromWSDL
INFORMAÇÕES: Creating Service {urn:uddi-org:v3_service}UDDI_Service from WSDL: jar:file:/home/wellisonraul/Desenvolvimento/juddi-distro-3.3.5/juddi-tomcat-3.3.5/webapps/juddiv3/WEB-INF/lib/uddi-ws-3.3.5.jar!/uddi_v3_service.wsdl
mar 05, 2018 6:48:15 PM org.apache.cxf.service.factory.ReflectionServiceFactoryBean buildServiceFromWSDL
INFORMAÇÕES: Creating Service {urn:uddi-org:v3_service}UDDI_Service from WSDL: jar:file:/home/wellisonraul/Desenvolvimento/juddi-distro-3.3.5/juddi-tomcat-3.3.5/webapps/juddiv3/WEB-INF/lib/uddi-ws-3.3.5.jar!/uddi_v3_service.wsdl
mar 05, 2018 9:29:39 PM org.apache.coyote.AbstractProtocol pause
INFORMAÇÕES: Pausing ProtocolHandler ["http-bio-8080"]
mar 05, 2018 9:29:41 PM org.apache.coyote.AbstractProtocol pause
INFORMAÇÕES: Pausing ProtocolHandler ["ajp-bio-8009"]
mar 05, 2018 9:29:41 PM org.apache.catalina.core.StandardService stopInternal
INFORMAÇÕES: Stopping service Catalina
mar 05, 2018 9:29:41 PM org.apache.juddi.webconsole.StartupServlet contextDestroyed
INFORMAÇÕES: Cleaning up juddi-gui
mar 05, 2018 9:29:46 PM org.apache.catalina.loader.WebappClassLoaderBase checkThreadLocalMapForLeaks
GRAVE: The web application [/juddi-gui] created a ThreadLocal with key of type [java.lang.ThreadLocal] (value [java.lang.ThreadLocal@6d1f8a71]) and a value of type [org.apache.cxf.BusFactory.BusHolder] (value [org.apache.cxf.BusFactory$BusHolder@2e3a8f36]) but failed to remove it when the web application was stopped. Threads are going to be renewed over time to try and avoid a probable memory leak.
mar 05, 2018 9:29:47 PM org.apache.juddi.adminconsole.StartupServlet removeKeyFromConfigurationFile
INFORMAÇÕES: Cleaning up juddi-admin
mar 05, 2018 9:29:48 PM org.apache.catalina.loader.WebappClassLoaderBase clearReferencesThreads
GRAVE: The web application [/juddiv3replication] appears to have started a thread named [Timer-1] but has failed to stop it. This is very likely to create a memory leak.
mar 05, 2018 9:29:48 PM org.apache.juddi.adminconsole.StartupServlet removeKeyFromConfigurationFile
INFORMAÇÕES: Cleaning up juddi-admin
mar 05, 2018 9:29:48 PM org.apache.coyote.AbstractProtocol stop
INFORMAÇÕES: Stopping ProtocolHandler ["http-bio-8080"]
mar 05, 2018 9:29:48 PM org.apache.coyote.AbstractProtocol stop
INFORMAÇÕES: Stopping ProtocolHandler ["ajp-bio-8009"]
mar 05, 2018 9:29:48 PM org.apache.coyote.AbstractProtocol destroy
INFORMAÇÕES: Destroying ProtocolHandler ["http-bio-8080"]
mar 05, 2018 9:29:48 PM org.apache.coyote.AbstractProtocol destroy
INFORMAÇÕES: Destroying ProtocolHandler ["ajp-bio-8009"]
