----------------------------------------------------------------
Tue Mar 13 15:44:00 BRT 2018:
Booting Derby version The Apache Software Foundation - Apache Derby - 10.11.1.1 - (1616546): instance a816c00e-0162-20ad-22a9-000008d689a0 
on database directory /home/wellisonraul/Desenvolvimento/Eclipse/activiti-behaviour/cacheDB with class loader sun.misc.Launcher$AppClassLoader@14ae5a5 
Loaded from file:/home/wellisonraul/.m2/repository/org/apache/derby/derby/10.11.1.1/derby-10.11.1.1.jar
java.vendor=Oracle Corporation
java.runtime.version=1.8.0_151-8u151-b12-0ubuntu0.16.04.2-b12
user.dir=/home/wellisonraul/Desenvolvimento/Eclipse/activiti-behaviour
os.name=Linux
os.arch=amd64
os.version=4.10.0-38-generic
derby.system.home=null
Database Class Loader started - derby.database.classpath=''
----------------------------------------------------------------
Tue Mar 13 15:44:25 BRT 2018:
Shutting down instance a816c00e-0162-20ad-22a9-000008d689a0 on database directory /home/wellisonraul/Desenvolvimento/Eclipse/activiti-behaviour/cacheDB with class loader sun.misc.Launcher$AppClassLoader@14ae5a5 
----------------------------------------------------------------
Tue Mar 13 15:44:39 BRT 2018:
Booting Derby version The Apache Software Foundation - Apache Derby - 10.11.1.1 - (1616546): instance 2fdbc446-0162-20ad-22a9-000008d689a0 
on database directory /home/wellisonraul/Desenvolvimento/Eclipse/activiti-behaviour/cacheDB with class loader sun.misc.Launcher$AppClassLoader@14ae5a5 
Loaded from file:/home/wellisonraul/.m2/repository/org/apache/derby/derby/10.11.1.1/derby-10.11.1.1.jar
java.vendor=Oracle Corporation
java.runtime.version=1.8.0_151-8u151-b12-0ubuntu0.16.04.2-b12
user.dir=/home/wellisonraul/Desenvolvimento/Eclipse/activiti-behaviour
os.name=Linux
os.arch=amd64
os.version=4.10.0-38-generic
derby.system.home=null
Database Class Loader started - derby.database.classpath=''
----------------------------------------------------------------
Tue Mar 13 15:44:59 BRT 2018:
Shutting down instance 2fdbc446-0162-20ad-22a9-000008d689a0 on database directory /home/wellisonraul/Desenvolvimento/Eclipse/activiti-behaviour/cacheDB with class loader sun.misc.Launcher$AppClassLoader@14ae5a5 
----------------------------------------------------------------
Tue Mar 13 15:45:09 BRT 2018:
Booting Derby version The Apache Software Foundation - Apache Derby - 10.11.1.1 - (1616546): instance 2ab0c87e-0162-20ad-22a9-000008d689a0 
on database directory /home/wellisonraul/Desenvolvimento/Eclipse/activiti-behaviour/cacheDB with class loader sun.misc.Launcher$AppClassLoader@14ae5a5 
Loaded from file:/home/wellisonraul/.m2/repository/org/apache/derby/derby/10.11.1.1/derby-10.11.1.1.jar
java.vendor=Oracle Corporation
java.runtime.version=1.8.0_151-8u151-b12-0ubuntu0.16.04.2-b12
user.dir=/home/wellisonraul/Desenvolvimento/Eclipse/activiti-behaviour
os.name=Linux
os.arch=amd64
os.version=4.10.0-38-generic
derby.system.home=null
Database Class Loader started - derby.database.classpath=''
----------------------------------------------------------------
Tue Mar 13 15:45:30 BRT 2018:
Shutting down instance 2ab0c87e-0162-20ad-22a9-000008d689a0 on database directory /home/wellisonraul/Desenvolvimento/Eclipse/activiti-behaviour/cacheDB with class loader sun.misc.Launcher$AppClassLoader@14ae5a5 
----------------------------------------------------------------
Tue Mar 13 15:45:40 BRT 2018:
Booting Derby version The Apache Software Foundation - Apache Derby - 10.11.1.1 - (1616546): instance 9895ccb6-0162-20ad-22a9-000008d689a0 
on database directory /home/wellisonraul/Desenvolvimento/Eclipse/activiti-behaviour/cacheDB with class loader sun.misc.Launcher$AppClassLoader@14ae5a5 
Loaded from file:/home/wellisonraul/.m2/repository/org/apache/derby/derby/10.11.1.1/derby-10.11.1.1.jar
java.vendor=Oracle Corporation
java.runtime.version=1.8.0_151-8u151-b12-0ubuntu0.16.04.2-b12
user.dir=/home/wellisonraul/Desenvolvimento/Eclipse/activiti-behaviour
os.name=Linux
os.arch=amd64
os.version=4.10.0-38-generic
derby.system.home=null
Database Class Loader started - derby.database.classpath=''
