mai 16, 2016 7:40:36 AM org.apache.catalina.startup.VersionLoggerListener log
INFORMAÇÕES: Server version:        Apache Tomcat/7.0.64
mai 16, 2016 7:40:36 AM org.apache.catalina.startup.VersionLoggerListener log
INFORMAÇÕES: Server built:          Aug 19 2015 17:18:06 UTC
mai 16, 2016 7:40:36 AM org.apache.catalina.startup.VersionLoggerListener log
INFORMAÇÕES: Server number:         7.0.64.0
mai 16, 2016 7:40:36 AM org.apache.catalina.startup.VersionLoggerListener log
INFORMAÇÕES: OS Name:               Mac OS X
mai 16, 2016 7:40:36 AM org.apache.catalina.startup.VersionLoggerListener log
INFORMAÇÕES: OS Version:            10.11.4
mai 16, 2016 7:40:36 AM org.apache.catalina.startup.VersionLoggerListener log
INFORMAÇÕES: Architecture:          x86_64
mai 16, 2016 7:40:36 AM org.apache.catalina.startup.VersionLoggerListener log
INFORMAÇÕES: Java Home:             /Library/Java/JavaVirtualMachines/jdk1.8.0_65.jdk/Contents/Home/jre
mai 16, 2016 7:40:36 AM org.apache.catalina.startup.VersionLoggerListener log
INFORMAÇÕES: JVM Version:           1.8.0_65-b17
mai 16, 2016 7:40:36 AM org.apache.catalina.startup.VersionLoggerListener log
INFORMAÇÕES: JVM Vendor:            Oracle Corporation
mai 16, 2016 7:40:36 AM org.apache.catalina.startup.VersionLoggerListener log
INFORMAÇÕES: CATALINA_BASE:         /Applications/juddi-distro-3.3.1/juddi-tomcat-3.3.1
mai 16, 2016 7:40:36 AM org.apache.catalina.startup.VersionLoggerListener log
INFORMAÇÕES: CATALINA_HOME:         /Applications/juddi-distro-3.3.1/juddi-tomcat-3.3.1
mai 16, 2016 7:40:36 AM org.apache.catalina.startup.VersionLoggerListener log
INFORMAÇÕES: Command line argument: -Djava.util.logging.config.file=/Applications/juddi-distro-3.3.1/juddi-tomcat-3.3.1/conf/logging.properties
mai 16, 2016 7:40:36 AM org.apache.catalina.startup.VersionLoggerListener log
INFORMAÇÕES: Command line argument: -Djava.util.logging.manager=org.apache.juli.ClassLoaderLogManager
mai 16, 2016 7:40:36 AM org.apache.catalina.startup.VersionLoggerListener log
INFORMAÇÕES: Command line argument: -Xms4096M
mai 16, 2016 7:40:36 AM org.apache.catalina.startup.VersionLoggerListener log
INFORMAÇÕES: Command line argument: -Xmx4096M
mai 16, 2016 7:40:36 AM org.apache.catalina.startup.VersionLoggerListener log
INFORMAÇÕES: Command line argument: -XX:PermSize=512M
mai 16, 2016 7:40:36 AM org.apache.catalina.startup.VersionLoggerListener log
INFORMAÇÕES: Command line argument: -XX:MaxPermSize=512M
mai 16, 2016 7:40:36 AM org.apache.catalina.startup.VersionLoggerListener log
INFORMAÇÕES: Command line argument: -Djava.endorsed.dirs=/Applications/juddi-distro-3.3.1/juddi-tomcat-3.3.1/endorsed
mai 16, 2016 7:40:36 AM org.apache.catalina.startup.VersionLoggerListener log
INFORMAÇÕES: Command line argument: -Dcatalina.base=/Applications/juddi-distro-3.3.1/juddi-tomcat-3.3.1
mai 16, 2016 7:40:36 AM org.apache.catalina.startup.VersionLoggerListener log
INFORMAÇÕES: Command line argument: -Dcatalina.home=/Applications/juddi-distro-3.3.1/juddi-tomcat-3.3.1
mai 16, 2016 7:40:36 AM org.apache.catalina.startup.VersionLoggerListener log
INFORMAÇÕES: Command line argument: -Djava.io.tmpdir=/Applications/juddi-distro-3.3.1/juddi-tomcat-3.3.1/temp
mai 16, 2016 7:40:36 AM org.apache.catalina.core.AprLifecycleListener lifecycleEvent
INFORMAÇÕES: The APR based Apache Tomcat Native library which allows optimal performance in production environments was not found on the java.library.path: /Users/macbook/Library/Java/Extensions:/Library/Java/Extensions:/Network/Library/Java/Extensions:/System/Library/Java/Extensions:/usr/lib/java:.
mai 16, 2016 7:40:36 AM org.apache.coyote.AbstractProtocol init
INFORMAÇÕES: Initializing ProtocolHandler ["http-bio-8080"]
mai 16, 2016 7:40:36 AM org.apache.coyote.AbstractProtocol init
INFORMAÇÕES: Initializing ProtocolHandler ["ajp-bio-8009"]
mai 16, 2016 7:40:36 AM org.apache.catalina.startup.Catalina load
INFORMAÇÕES: Initialization processed in 675 ms
mai 16, 2016 7:40:36 AM org.apache.catalina.core.StandardService startInternal
INFORMAÇÕES: Starting service Catalina
mai 16, 2016 7:40:36 AM org.apache.catalina.core.StandardEngine startInternal
INFORMAÇÕES: Starting Servlet Engine: Apache Tomcat/7.0.64
mai 16, 2016 7:40:36 AM org.apache.catalina.startup.HostConfig deployDirectory
INFORMAÇÕES: Deploying web application directory /Applications/juddi-distro-3.3.1/juddi-tomcat-3.3.1/webapps/docs
mai 16, 2016 7:40:37 AM org.apache.catalina.startup.TldConfig execute
INFORMAÇÕES: At least one JAR was scanned for TLDs yet contained no TLDs. Enable debug logging for this logger for a complete list of JARs that were scanned but no TLDs were found in them. Skipping unneeded JARs during scanning can improve startup time and JSP compilation time.
mai 16, 2016 7:40:37 AM org.apache.catalina.startup.HostConfig deployDirectory
INFORMAÇÕES: Deployment of web application directory /Applications/juddi-distro-3.3.1/juddi-tomcat-3.3.1/webapps/docs has finished in 808 ms
mai 16, 2016 7:40:37 AM org.apache.catalina.startup.HostConfig deployDirectory
INFORMAÇÕES: Deploying web application directory /Applications/juddi-distro-3.3.1/juddi-tomcat-3.3.1/webapps/examples
mai 16, 2016 7:40:38 AM org.apache.catalina.startup.TldConfig execute
INFORMAÇÕES: At least one JAR was scanned for TLDs yet contained no TLDs. Enable debug logging for this logger for a complete list of JARs that were scanned but no TLDs were found in them. Skipping unneeded JARs during scanning can improve startup time and JSP compilation time.
mai 16, 2016 7:40:38 AM org.apache.catalina.startup.HostConfig deployDirectory
INFORMAÇÕES: Deployment of web application directory /Applications/juddi-distro-3.3.1/juddi-tomcat-3.3.1/webapps/examples has finished in 708 ms
mai 16, 2016 7:40:38 AM org.apache.catalina.startup.HostConfig deployDirectory
INFORMAÇÕES: Deploying web application directory /Applications/juddi-distro-3.3.1/juddi-tomcat-3.3.1/webapps/host-manager
mai 16, 2016 7:40:38 AM org.apache.catalina.startup.TldConfig execute
INFORMAÇÕES: At least one JAR was scanned for TLDs yet contained no TLDs. Enable debug logging for this logger for a complete list of JARs that were scanned but no TLDs were found in them. Skipping unneeded JARs during scanning can improve startup time and JSP compilation time.
mai 16, 2016 7:40:38 AM org.apache.catalina.startup.HostConfig deployDirectory
INFORMAÇÕES: Deployment of web application directory /Applications/juddi-distro-3.3.1/juddi-tomcat-3.3.1/webapps/host-manager has finished in 380 ms
mai 16, 2016 7:40:38 AM org.apache.catalina.startup.HostConfig deployDirectory
INFORMAÇÕES: Deploying web application directory /Applications/juddi-distro-3.3.1/juddi-tomcat-3.3.1/webapps/juddi-gui
mai 16, 2016 7:40:40 AM org.apache.catalina.startup.TldConfig execute
INFORMAÇÕES: At least one JAR was scanned for TLDs yet contained no TLDs. Enable debug logging for this logger for a complete list of JARs that were scanned but no TLDs were found in them. Skipping unneeded JARs during scanning can improve startup time and JSP compilation time.
mai 16, 2016 7:40:40 AM org.apache.juddi.webconsole.StartupServlet contextInitialized
INFORMAÇÕES: juddi-gui startup
mai 16, 2016 7:40:40 AM org.apache.juddi.webconsole.StartupServlet contextInitialized
INFORMAÇÕES: Attempting to generate 256 bit AES key
mai 16, 2016 7:40:40 AM org.apache.juddi.webconsole.StartupServlet contextInitialized
ADVERTÊNCIA: 256 bit key validation failed. To use higher key sizes, try installing the Java Cryptographic Extensions (JCE) Unlimited Strength
mai 16, 2016 7:40:40 AM org.apache.juddi.webconsole.StartupServlet contextInitialized
INFORMAÇÕES: Attempting to generate 128 bit AES key
mai 16, 2016 7:40:40 AM org.apache.juddi.webconsole.StartupServlet contextInitialized
INFORMAÇÕES: Generation of 128 bit AES key successful
mai 16, 2016 7:40:40 AM org.apache.juddi.webconsole.StartupServlet contextInitialized
INFORMAÇÕES: Storing key to /Applications/juddi-distro-3.3.1/juddi-tomcat-3.3.1/webapps/juddi-gui/META-INF/config.properties
mai 16, 2016 7:40:40 AM org.apache.catalina.startup.HostConfig deployDirectory
INFORMAÇÕES: Deployment of web application directory /Applications/juddi-distro-3.3.1/juddi-tomcat-3.3.1/webapps/juddi-gui has finished in 1,806 ms
mai 16, 2016 7:40:40 AM org.apache.catalina.startup.HostConfig deployDirectory
INFORMAÇÕES: Deploying web application directory /Applications/juddi-distro-3.3.1/juddi-tomcat-3.3.1/webapps/juddiv3
mai 16, 2016 7:40:43 AM org.apache.catalina.startup.TldConfig execute
INFORMAÇÕES: At least one JAR was scanned for TLDs yet contained no TLDs. Enable debug logging for this logger for a complete list of JARs that were scanned but no TLDs were found in them. Skipping unneeded JARs during scanning can improve startup time and JSP compilation time.
mai 16, 2016 7:40:47 AM org.apache.cxf.service.factory.ReflectionServiceFactoryBean buildServiceFromClass
INFORMAÇÕES: Creating Service {urn:uddi-org:v3_service}UDDIInquiryService from class org.uddi.v3_service.UDDIInquiryPortType
mai 16, 2016 7:40:49 AM org.apache.cxf.bus.spring.OldSpringSupport logWarning
ADVERTÊNCIA: Import of META-INF/cxf/cxf-extension-soap.xml has been deprecated and is unnecessary.
mai 16, 2016 7:40:49 AM org.apache.cxf.endpoint.ServerImpl initDestination
INFORMAÇÕES: Setting the server's publish address to be /inquiry
mai 16, 2016 7:40:49 AM org.apache.cxf.service.factory.ReflectionServiceFactoryBean buildServiceFromClass
INFORMAÇÕES: Creating Service {urn:uddi-org:v3_service}UDDIPublicationService from class org.uddi.v3_service.UDDIPublicationPortType
mai 16, 2016 7:40:49 AM org.apache.cxf.endpoint.ServerImpl initDestination
INFORMAÇÕES: Setting the server's publish address to be /publish
mai 16, 2016 7:40:49 AM org.apache.cxf.service.factory.ReflectionServiceFactoryBean buildServiceFromClass
INFORMAÇÕES: Creating Service {urn:uddi-org:v3_service}UDDISecurityService from class org.uddi.v3_service.UDDISecurityPortType
mai 16, 2016 7:40:49 AM org.apache.cxf.endpoint.ServerImpl initDestination
INFORMAÇÕES: Setting the server's publish address to be /security
mai 16, 2016 7:40:49 AM org.apache.cxf.service.factory.ReflectionServiceFactoryBean buildServiceFromClass
INFORMAÇÕES: Creating Service {urn:uddi-org:v3_service}UDDISubscriptionService from class org.uddi.v3_service.UDDISubscriptionPortType
mai 16, 2016 7:40:49 AM org.apache.cxf.endpoint.ServerImpl initDestination
INFORMAÇÕES: Setting the server's publish address to be /subscription
mai 16, 2016 7:40:49 AM org.apache.cxf.service.factory.ReflectionServiceFactoryBean buildServiceFromClass
INFORMAÇÕES: Creating Service {urn:uddi-org:v3_service}UDDISubscriptionListenerService from class org.uddi.v3_service.UDDISubscriptionListenerPortType
mai 16, 2016 7:40:50 AM org.apache.cxf.endpoint.ServerImpl initDestination
INFORMAÇÕES: Setting the server's publish address to be /subscription-listener
mai 16, 2016 7:40:50 AM org.apache.cxf.service.factory.ReflectionServiceFactoryBean buildServiceFromClass
INFORMAÇÕES: Creating Service {urn:uddi-org:v3_service}UDDICustodyTransferService from class org.uddi.v3_service.UDDICustodyTransferPortType
mai 16, 2016 7:40:50 AM org.apache.cxf.endpoint.ServerImpl initDestination
INFORMAÇÕES: Setting the server's publish address to be /custody-transfer
mai 16, 2016 7:40:50 AM org.apache.cxf.service.factory.ReflectionServiceFactoryBean buildServiceFromClass
INFORMAÇÕES: Creating Service {http://impl.api.juddi.apache.org/}UDDIValueSetValidationImplService from class org.uddi.v3_service.UDDIValueSetValidationPortType
mai 16, 2016 7:40:50 AM org.apache.cxf.endpoint.ServerImpl initDestination
INFORMAÇÕES: Setting the server's publish address to be /valueset-validation
mai 16, 2016 7:40:50 AM org.apache.cxf.service.factory.ReflectionServiceFactoryBean buildServiceFromClass
INFORMAÇÕES: Creating Service {http://impl.api.juddi.apache.org/}UDDIValueSetCachingImplService from class org.uddi.v3_service.UDDIValueSetCachingPortType
mai 16, 2016 7:40:50 AM org.apache.cxf.endpoint.ServerImpl initDestination
INFORMAÇÕES: Setting the server's publish address to be /valueset-caching
mai 16, 2016 7:40:50 AM org.apache.cxf.service.factory.ReflectionServiceFactoryBean buildServiceFromClass
INFORMAÇÕES: Creating Service {urn:uddi-org:inquiry_v2}Inquire from class org.uddi.v2_service.Inquire
mai 16, 2016 7:40:51 AM org.apache.cxf.endpoint.ServerImpl initDestination
INFORMAÇÕES: Setting the server's publish address to be /inquiryv2
mai 16, 2016 7:40:51 AM org.apache.cxf.service.factory.ReflectionServiceFactoryBean buildServiceFromClass
INFORMAÇÕES: Creating Service {urn:uddi-org:publication_v2}Publish from class org.uddi.v2_service.Publish
mai 16, 2016 7:40:51 AM org.apache.cxf.endpoint.ServerImpl initDestination
INFORMAÇÕES: Setting the server's publish address to be /publishv2
mai 16, 2016 7:40:51 AM org.apache.cxf.service.factory.ReflectionServiceFactoryBean buildServiceFromWSDL
INFORMAÇÕES: Creating Service {urn:juddi-apache-org:v3_service}JUDDIApiService from WSDL: classpath:/juddi_api_v1.wsdl
mai 16, 2016 7:40:51 AM org.apache.cxf.endpoint.ServerImpl initDestination
INFORMAÇÕES: Setting the server's publish address to be /juddi-api
mai 16, 2016 7:40:51 AM org.apache.cxf.endpoint.ServerImpl initDestination
INFORMAÇÕES: Setting the server's publish address to be /inquiryRest
mai 16, 2016 7:40:51 AM org.apache.juddi.adminconsole.StartupServlet contextInitialized
INFORMAÇÕES: juddi-admin gui startup
mai 16, 2016 7:40:51 AM org.apache.juddi.adminconsole.StartupServlet contextInitialized
INFORMAÇÕES: Attempting to generate 256 bit AES key
mai 16, 2016 7:40:51 AM org.apache.juddi.adminconsole.StartupServlet contextInitialized
ADVERTÊNCIA: 256 bit key validation failed. To use higher key sizes, try installing the Java Cryptographic Extensions (JCE) Unlimited Strength
mai 16, 2016 7:40:51 AM org.apache.juddi.adminconsole.StartupServlet contextInitialized
INFORMAÇÕES: Attempting to generate 128 bit AES key
mai 16, 2016 7:40:51 AM org.apache.juddi.adminconsole.StartupServlet contextInitialized
INFORMAÇÕES: Generation of 128 bit AES key successful
mai 16, 2016 7:40:51 AM org.apache.juddi.adminconsole.StartupServlet contextInitialized
INFORMAÇÕES: Storing key to /Applications/juddi-distro-3.3.1/juddi-tomcat-3.3.1/webapps/juddiv3/WEB-INF/config.properties
mai 16, 2016 7:40:52 AM org.apache.catalina.startup.HostConfig deployDirectory
INFORMAÇÕES: Deployment of web application directory /Applications/juddi-distro-3.3.1/juddi-tomcat-3.3.1/webapps/juddiv3 has finished in 11,354 ms
mai 16, 2016 7:40:52 AM org.apache.catalina.startup.HostConfig deployDirectory
INFORMAÇÕES: Deploying web application directory /Applications/juddi-distro-3.3.1/juddi-tomcat-3.3.1/webapps/juddiv3replication
mai 16, 2016 7:40:53 AM org.apache.catalina.startup.TldConfig execute
INFORMAÇÕES: At least one JAR was scanned for TLDs yet contained no TLDs. Enable debug logging for this logger for a complete list of JARs that were scanned but no TLDs were found in them. Skipping unneeded JARs during scanning can improve startup time and JSP compilation time.
mai 16, 2016 7:40:55 AM org.apache.cxf.service.factory.ReflectionServiceFactoryBean buildServiceFromClass
INFORMAÇÕES: Creating Service {urn:uddi-org:repl_v3_portType}UDDI_Replication_PortType from class org.uddi.v3_service.UDDIReplicationPortType
mai 16, 2016 7:40:57 AM org.apache.cxf.bus.spring.OldSpringSupport logWarning
ADVERTÊNCIA: Import of META-INF/cxf/cxf-extension-soap.xml has been deprecated and is unnecessary.
mai 16, 2016 7:40:57 AM org.apache.cxf.endpoint.ServerImpl initDestination
INFORMAÇÕES: Setting the server's publish address to be /replication
mai 16, 2016 7:40:57 AM org.apache.juddi.adminconsole.StartupServlet contextInitialized
INFORMAÇÕES: juddi-admin gui startup
mai 16, 2016 7:40:57 AM org.apache.juddi.adminconsole.StartupServlet contextInitialized
INFORMAÇÕES: Attempting to generate 256 bit AES key
mai 16, 2016 7:40:57 AM org.apache.juddi.adminconsole.StartupServlet contextInitialized
ADVERTÊNCIA: 256 bit key validation failed. To use higher key sizes, try installing the Java Cryptographic Extensions (JCE) Unlimited Strength
mai 16, 2016 7:40:57 AM org.apache.juddi.adminconsole.StartupServlet contextInitialized
INFORMAÇÕES: Attempting to generate 128 bit AES key
mai 16, 2016 7:40:57 AM org.apache.juddi.adminconsole.StartupServlet contextInitialized
INFORMAÇÕES: Generation of 128 bit AES key successful
mai 16, 2016 7:40:57 AM org.apache.juddi.adminconsole.StartupServlet contextInitialized
INFORMAÇÕES: Storing key to /Applications/juddi-distro-3.3.1/juddi-tomcat-3.3.1/webapps/juddiv3replication/WEB-INF/config.properties
mai 16, 2016 7:40:57 AM org.apache.catalina.startup.HostConfig deployDirectory
INFORMAÇÕES: Deployment of web application directory /Applications/juddi-distro-3.3.1/juddi-tomcat-3.3.1/webapps/juddiv3replication has finished in 5,344 ms
mai 16, 2016 7:40:57 AM org.apache.catalina.startup.HostConfig deployDirectory
INFORMAÇÕES: Deploying web application directory /Applications/juddi-distro-3.3.1/juddi-tomcat-3.3.1/webapps/manager
mai 16, 2016 7:40:57 AM org.apache.catalina.startup.TldConfig execute
INFORMAÇÕES: At least one JAR was scanned for TLDs yet contained no TLDs. Enable debug logging for this logger for a complete list of JARs that were scanned but no TLDs were found in them. Skipping unneeded JARs during scanning can improve startup time and JSP compilation time.
mai 16, 2016 7:40:57 AM org.apache.catalina.startup.HostConfig deployDirectory
INFORMAÇÕES: Deployment of web application directory /Applications/juddi-distro-3.3.1/juddi-tomcat-3.3.1/webapps/manager has finished in 206 ms
mai 16, 2016 7:40:57 AM org.apache.catalina.startup.HostConfig deployDirectory
INFORMAÇÕES: Deploying web application directory /Applications/juddi-distro-3.3.1/juddi-tomcat-3.3.1/webapps/ROOT
mai 16, 2016 7:40:57 AM org.apache.catalina.startup.TldConfig execute
INFORMAÇÕES: At least one JAR was scanned for TLDs yet contained no TLDs. Enable debug logging for this logger for a complete list of JARs that were scanned but no TLDs were found in them. Skipping unneeded JARs during scanning can improve startup time and JSP compilation time.
mai 16, 2016 7:40:57 AM org.apache.catalina.startup.HostConfig deployDirectory
INFORMAÇÕES: Deployment of web application directory /Applications/juddi-distro-3.3.1/juddi-tomcat-3.3.1/webapps/ROOT has finished in 184 ms
mai 16, 2016 7:40:57 AM org.apache.coyote.AbstractProtocol start
INFORMAÇÕES: Starting ProtocolHandler ["http-bio-8080"]
mai 16, 2016 7:40:57 AM org.apache.coyote.AbstractProtocol start
INFORMAÇÕES: Starting ProtocolHandler ["ajp-bio-8009"]
mai 16, 2016 7:40:57 AM org.apache.catalina.startup.Catalina start
INFORMAÇÕES: Server startup in 21015 ms
mai 16, 2016 7:41:18 AM org.apache.cxf.service.factory.ReflectionServiceFactoryBean buildServiceFromWSDL
INFORMAÇÕES: Creating Service {urn:uddi-org:v3_service}UDDI_Service from WSDL: file:/Applications/juddi-distro-3.3.1/juddi-tomcat-3.3.1/work/Catalina/localhost/juddi-gui/loader/uddi_v3_service.wsdl
mai 16, 2016 7:41:19 AM org.apache.cxf.service.factory.ReflectionServiceFactoryBean buildServiceFromWSDL
INFORMAÇÕES: Creating Service {urn:uddi-org:v3_service}UDDI_Service from WSDL: file:/Applications/juddi-distro-3.3.1/juddi-tomcat-3.3.1/work/Catalina/localhost/juddi-gui/loader/uddi_v3_service.wsdl
mai 16, 2016 7:41:19 AM org.apache.cxf.service.factory.ReflectionServiceFactoryBean buildServiceFromWSDL
INFORMAÇÕES: Creating Service {urn:uddi-org:v3_service}UDDI_Service from WSDL: file:/Applications/juddi-distro-3.3.1/juddi-tomcat-3.3.1/work/Catalina/localhost/juddi-gui/loader/uddi_v3_service.wsdl
mai 16, 2016 7:41:19 AM org.apache.cxf.service.factory.ReflectionServiceFactoryBean buildServiceFromWSDL
INFORMAÇÕES: Creating Service {urn:uddi-org:v3_service}UDDI_Service from WSDL: file:/Applications/juddi-distro-3.3.1/juddi-tomcat-3.3.1/work/Catalina/localhost/juddi-gui/loader/uddi_v3_service.wsdl
mai 16, 2016 7:41:19 AM org.apache.cxf.service.factory.ReflectionServiceFactoryBean buildServiceFromWSDL
INFORMAÇÕES: Creating Service {urn:uddi-org:v3_service}UDDI_Service from WSDL: file:/Applications/juddi-distro-3.3.1/juddi-tomcat-3.3.1/work/Catalina/localhost/juddi-gui/loader/uddi_v3_service.wsdl
mai 16, 2016 10:29:23 AM org.apache.catalina.core.StandardServer await
INFORMAÇÕES: A valid shutdown command was received via the shutdown port. Stopping the Server instance.
mai 16, 2016 10:29:23 AM org.apache.coyote.AbstractProtocol pause
INFORMAÇÕES: Pausing ProtocolHandler ["http-bio-8080"]
mai 16, 2016 10:29:23 AM org.apache.coyote.AbstractProtocol pause
INFORMAÇÕES: Pausing ProtocolHandler ["ajp-bio-8009"]
mai 16, 2016 10:29:23 AM org.apache.catalina.core.StandardService stopInternal
INFORMAÇÕES: Stopping service Catalina
mai 16, 2016 10:29:23 AM org.apache.juddi.webconsole.StartupServlet contextDestroyed
INFORMAÇÕES: Cleaning up juddi-gui
mai 16, 2016 10:29:23 AM org.apache.catalina.loader.WebappClassLoader checkThreadLocalMapForLeaks
GRAVE: The web application [/juddi-gui] created a ThreadLocal with key of type [com.sun.xml.bind.v2.ClassFactory$1] (value [com.sun.xml.bind.v2.ClassFactory$1@3a92d767]) and a value of type [java.util.WeakHashMap] (value [{class org.uddi.api_v3.AuthToken=java.lang.ref.WeakReference@2dbe6f7a}]) but failed to remove it when the web application was stopped. Threads are going to be renewed over time to try and avoid a probable memory leak.
mai 16, 2016 10:29:23 AM org.apache.catalina.loader.WebappClassLoader checkThreadLocalMapForLeaks
GRAVE: The web application [/juddi-gui] created a ThreadLocal with key of type [com.sun.xml.bind.v2.ClassFactory$1] (value [com.sun.xml.bind.v2.ClassFactory$1@3a92d767]) and a value of type [java.util.WeakHashMap] (value [{class org.uddi.api_v3.ListDescription=java.lang.ref.WeakReference@6fbfacd, class org.uddi.api_v3.Name=java.lang.ref.WeakReference@66e5c40f, class org.uddi.api_v3.ServiceInfo=java.lang.ref.WeakReference@4a601e5b, class java.util.ArrayList=java.lang.ref.WeakReference@147b6dd2, class org.uddi.api_v3.ServiceList=java.lang.ref.WeakReference@4d8fc002, class org.uddi.api_v3.ServiceInfos=java.lang.ref.WeakReference@582b000}]) but failed to remove it when the web application was stopped. Threads are going to be renewed over time to try and avoid a probable memory leak.
mai 16, 2016 10:29:23 AM org.apache.catalina.loader.WebappClassLoader checkThreadLocalMapForLeaks
GRAVE: The web application [/juddi-gui] created a ThreadLocal with key of type [com.sun.xml.bind.v2.ClassFactory$1] (value [com.sun.xml.bind.v2.ClassFactory$1@3a92d767]) and a value of type [java.util.WeakHashMap] (value [{class javax.xml.bind.annotation.W3CDomHandler=java.lang.ref.WeakReference@4f5af42d}]) but failed to remove it when the web application was stopped. Threads are going to be renewed over time to try and avoid a probable memory leak.
mai 16, 2016 10:29:23 AM org.apache.juddi.adminconsole.StartupServlet contextDestroyed
INFORMAÇÕES: Cleaning up juddi-admin
mai 16, 2016 10:29:23 AM org.apache.catalina.loader.WebappClassLoader clearReferencesThreads
GRAVE: The web application [/juddiv3replication] appears to have started a thread named [Timer-3] but has failed to stop it. This is very likely to create a memory leak.
mai 16, 2016 10:29:23 AM org.apache.juddi.adminconsole.StartupServlet contextDestroyed
INFORMAÇÕES: Cleaning up juddi-admin
mai 16, 2016 10:29:24 AM org.apache.catalina.loader.WebappClassLoader checkThreadLocalMapForLeaks
GRAVE: The web application [/juddiv3] created a ThreadLocal with key of type [com.sun.xml.bind.v2.ClassFactory$1] (value [com.sun.xml.bind.v2.ClassFactory$1@348ebde]) and a value of type [java.util.WeakHashMap] (value [{class org.uddi.api_v3.FindService=java.lang.ref.WeakReference@27f507bc, class java.util.ArrayList=java.lang.ref.WeakReference@3f104db8, class org.uddi.api_v3.GetServiceDetail=java.lang.ref.WeakReference@11079c69, class org.uddi.api_v3.Name=java.lang.ref.WeakReference@55d5938c}]) but failed to remove it when the web application was stopped. Threads are going to be renewed over time to try and avoid a probable memory leak.
mai 16, 2016 10:29:24 AM org.apache.catalina.loader.WebappClassLoader checkThreadLocalMapForLeaks
GRAVE: The web application [/juddiv3] created a ThreadLocal with key of type [com.sun.xml.bind.v2.ClassFactory$1] (value [com.sun.xml.bind.v2.ClassFactory$1@348ebde]) and a value of type [java.util.WeakHashMap] (value [{class org.uddi.api_v3.FindService=java.lang.ref.WeakReference@5a92a66d, class java.util.ArrayList=java.lang.ref.WeakReference@67525d0a, class org.uddi.api_v3.Name=java.lang.ref.WeakReference@4a9b715d}]) but failed to remove it when the web application was stopped. Threads are going to be renewed over time to try and avoid a probable memory leak.
mai 16, 2016 10:29:24 AM org.apache.catalina.loader.WebappClassLoader checkThreadLocalMapForLeaks
GRAVE: The web application [/juddiv3] created a ThreadLocal with key of type [com.sun.xml.bind.v2.ClassFactory$1] (value [com.sun.xml.bind.v2.ClassFactory$1@348ebde]) and a value of type [java.util.WeakHashMap] (value [{class org.uddi.api_v3.FindService=java.lang.ref.WeakReference@33abd271, class java.util.ArrayList=java.lang.ref.WeakReference@7cc5aba7, class org.uddi.api_v3.GetServiceDetail=java.lang.ref.WeakReference@90a1338, class org.uddi.api_v3.Name=java.lang.ref.WeakReference@180a9add}]) but failed to remove it when the web application was stopped. Threads are going to be renewed over time to try and avoid a probable memory leak.
mai 16, 2016 10:29:24 AM org.apache.catalina.loader.WebappClassLoader checkThreadLocalMapForLeaks
GRAVE: The web application [/juddiv3] created a ThreadLocal with key of type [com.sun.xml.bind.v2.ClassFactory$1] (value [com.sun.xml.bind.v2.ClassFactory$1@348ebde]) and a value of type [java.util.WeakHashMap] (value [{class org.uddi.api_v3.FindService=java.lang.ref.WeakReference@75dffbf7, class java.util.ArrayList=java.lang.ref.WeakReference@2416ee78, class org.uddi.api_v3.Name=java.lang.ref.WeakReference@7ddcba11, class org.uddi.api_v3.GetServiceDetail=java.lang.ref.WeakReference@314c0b05}]) but failed to remove it when the web application was stopped. Threads are going to be renewed over time to try and avoid a probable memory leak.
mai 16, 2016 10:29:24 AM org.apache.catalina.loader.WebappClassLoader checkThreadLocalMapForLeaks
GRAVE: The web application [/juddiv3] created a ThreadLocal with key of type [com.sun.xml.bind.v2.ClassFactory$1] (value [com.sun.xml.bind.v2.ClassFactory$1@348ebde]) and a value of type [java.util.WeakHashMap] (value [{class org.uddi.api_v3.FindService=java.lang.ref.WeakReference@3b465e98, class org.uddi.api_v3.GetAuthToken=java.lang.ref.WeakReference@283002a6, class org.uddi.api_v3.FindQualifiers=java.lang.ref.WeakReference@30242983, class java.util.ArrayList=java.lang.ref.WeakReference@61e108a1, class org.uddi.api_v3.Name=java.lang.ref.WeakReference@68da289b}]) but failed to remove it when the web application was stopped. Threads are going to be renewed over time to try and avoid a probable memory leak.
mai 16, 2016 10:29:24 AM org.apache.catalina.loader.WebappClassLoader checkThreadLocalMapForLeaks
GRAVE: The web application [/juddiv3] created a ThreadLocal with key of type [com.sun.xml.bind.v2.ClassFactory$1] (value [com.sun.xml.bind.v2.ClassFactory$1@348ebde]) and a value of type [java.util.WeakHashMap] (value [{class org.uddi.api_v3.FindService=java.lang.ref.WeakReference@40d72214, class java.util.ArrayList=java.lang.ref.WeakReference@512e63bc, class org.uddi.api_v3.GetServiceDetail=java.lang.ref.WeakReference@38e3cd38, class org.uddi.api_v3.Name=java.lang.ref.WeakReference@144a44f}]) but failed to remove it when the web application was stopped. Threads are going to be renewed over time to try and avoid a probable memory leak.
mai 16, 2016 10:29:24 AM org.apache.catalina.loader.WebappClassLoader checkThreadLocalMapForLeaks
GRAVE: The web application [/juddiv3] created a ThreadLocal with key of type [com.sun.xml.bind.v2.ClassFactory$1] (value [com.sun.xml.bind.v2.ClassFactory$1@348ebde]) and a value of type [java.util.WeakHashMap] (value [{class org.uddi.api_v3.FindService=java.lang.ref.WeakReference@78fae1f1, class java.util.ArrayList=java.lang.ref.WeakReference@5aeb5ed1, class org.uddi.api_v3.Name=java.lang.ref.WeakReference@7c47d2b9, class org.uddi.api_v3.GetServiceDetail=java.lang.ref.WeakReference@580567a2}]) but failed to remove it when the web application was stopped. Threads are going to be renewed over time to try and avoid a probable memory leak.
mai 16, 2016 10:29:24 AM org.apache.coyote.AbstractProtocol stop
INFORMAÇÕES: Stopping ProtocolHandler ["http-bio-8080"]
mai 16, 2016 10:29:24 AM org.apache.coyote.AbstractProtocol stop
INFORMAÇÕES: Stopping ProtocolHandler ["ajp-bio-8009"]
mai 16, 2016 10:29:24 AM org.apache.coyote.AbstractProtocol destroy
INFORMAÇÕES: Destroying ProtocolHandler ["http-bio-8080"]
mai 16, 2016 10:29:24 AM org.apache.coyote.AbstractProtocol destroy
INFORMAÇÕES: Destroying ProtocolHandler ["ajp-bio-8009"]
mai 16, 2016 11:34:21 AM org.apache.catalina.startup.VersionLoggerListener log
INFORMAÇÕES: Server version:        Apache Tomcat/7.0.64
mai 16, 2016 11:34:21 AM org.apache.catalina.startup.VersionLoggerListener log
INFORMAÇÕES: Server built:          Aug 19 2015 17:18:06 UTC
mai 16, 2016 11:34:21 AM org.apache.catalina.startup.VersionLoggerListener log
INFORMAÇÕES: Server number:         7.0.64.0
mai 16, 2016 11:34:21 AM org.apache.catalina.startup.VersionLoggerListener log
INFORMAÇÕES: OS Name:               Mac OS X
mai 16, 2016 11:34:21 AM org.apache.catalina.startup.VersionLoggerListener log
INFORMAÇÕES: OS Version:            10.11.4
mai 16, 2016 11:34:21 AM org.apache.catalina.startup.VersionLoggerListener log
INFORMAÇÕES: Architecture:          x86_64
mai 16, 2016 11:34:21 AM org.apache.catalina.startup.VersionLoggerListener log
INFORMAÇÕES: Java Home:             /Library/Java/JavaVirtualMachines/jdk1.8.0_65.jdk/Contents/Home/jre
mai 16, 2016 11:34:21 AM org.apache.catalina.startup.VersionLoggerListener log
INFORMAÇÕES: JVM Version:           1.8.0_65-b17
mai 16, 2016 11:34:21 AM org.apache.catalina.startup.VersionLoggerListener log
INFORMAÇÕES: JVM Vendor:            Oracle Corporation
mai 16, 2016 11:34:21 AM org.apache.catalina.startup.VersionLoggerListener log
INFORMAÇÕES: CATALINA_BASE:         /Applications/juddi-distro-3.3.1/juddi-tomcat-3.3.1
mai 16, 2016 11:34:21 AM org.apache.catalina.startup.VersionLoggerListener log
INFORMAÇÕES: CATALINA_HOME:         /Applications/juddi-distro-3.3.1/juddi-tomcat-3.3.1
mai 16, 2016 11:34:21 AM org.apache.catalina.startup.VersionLoggerListener log
INFORMAÇÕES: Command line argument: -Djava.util.logging.config.file=/Applications/juddi-distro-3.3.1/juddi-tomcat-3.3.1/conf/logging.properties
mai 16, 2016 11:34:21 AM org.apache.catalina.startup.VersionLoggerListener log
INFORMAÇÕES: Command line argument: -Djava.util.logging.manager=org.apache.juli.ClassLoaderLogManager
mai 16, 2016 11:34:21 AM org.apache.catalina.startup.VersionLoggerListener log
INFORMAÇÕES: Command line argument: -Xms4096M
mai 16, 2016 11:34:21 AM org.apache.catalina.startup.VersionLoggerListener log
INFORMAÇÕES: Command line argument: -Xmx4096M
mai 16, 2016 11:34:21 AM org.apache.catalina.startup.VersionLoggerListener log
INFORMAÇÕES: Command line argument: -XX:PermSize=512M
mai 16, 2016 11:34:21 AM org.apache.catalina.startup.VersionLoggerListener log
INFORMAÇÕES: Command line argument: -XX:MaxPermSize=512M
mai 16, 2016 11:34:21 AM org.apache.catalina.startup.VersionLoggerListener log
INFORMAÇÕES: Command line argument: -Djava.endorsed.dirs=/Applications/juddi-distro-3.3.1/juddi-tomcat-3.3.1/endorsed
mai 16, 2016 11:34:21 AM org.apache.catalina.startup.VersionLoggerListener log
INFORMAÇÕES: Command line argument: -Dcatalina.base=/Applications/juddi-distro-3.3.1/juddi-tomcat-3.3.1
mai 16, 2016 11:34:21 AM org.apache.catalina.startup.VersionLoggerListener log
INFORMAÇÕES: Command line argument: -Dcatalina.home=/Applications/juddi-distro-3.3.1/juddi-tomcat-3.3.1
mai 16, 2016 11:34:21 AM org.apache.catalina.startup.VersionLoggerListener log
INFORMAÇÕES: Command line argument: -Djava.io.tmpdir=/Applications/juddi-distro-3.3.1/juddi-tomcat-3.3.1/temp
mai 16, 2016 11:34:21 AM org.apache.catalina.core.AprLifecycleListener lifecycleEvent
INFORMAÇÕES: The APR based Apache Tomcat Native library which allows optimal performance in production environments was not found on the java.library.path: /Users/macbook/Library/Java/Extensions:/Library/Java/Extensions:/Network/Library/Java/Extensions:/System/Library/Java/Extensions:/usr/lib/java:.
mai 16, 2016 11:34:21 AM org.apache.coyote.AbstractProtocol init
INFORMAÇÕES: Initializing ProtocolHandler ["http-bio-8080"]
mai 16, 2016 11:34:21 AM org.apache.coyote.AbstractProtocol init
INFORMAÇÕES: Initializing ProtocolHandler ["ajp-bio-8009"]
mai 16, 2016 11:34:21 AM org.apache.catalina.startup.Catalina load
INFORMAÇÕES: Initialization processed in 691 ms
mai 16, 2016 11:34:21 AM org.apache.catalina.core.StandardService startInternal
INFORMAÇÕES: Starting service Catalina
mai 16, 2016 11:34:21 AM org.apache.catalina.core.StandardEngine startInternal
INFORMAÇÕES: Starting Servlet Engine: Apache Tomcat/7.0.64
mai 16, 2016 11:34:21 AM org.apache.catalina.startup.HostConfig deployDirectory
INFORMAÇÕES: Deploying web application directory /Applications/juddi-distro-3.3.1/juddi-tomcat-3.3.1/webapps/docs
mai 16, 2016 11:34:22 AM org.apache.catalina.startup.TldConfig execute
INFORMAÇÕES: At least one JAR was scanned for TLDs yet contained no TLDs. Enable debug logging for this logger for a complete list of JARs that were scanned but no TLDs were found in them. Skipping unneeded JARs during scanning can improve startup time and JSP compilation time.
mai 16, 2016 11:34:22 AM org.apache.catalina.startup.HostConfig deployDirectory
INFORMAÇÕES: Deployment of web application directory /Applications/juddi-distro-3.3.1/juddi-tomcat-3.3.1/webapps/docs has finished in 797 ms
mai 16, 2016 11:34:22 AM org.apache.catalina.startup.HostConfig deployDirectory
INFORMAÇÕES: Deploying web application directory /Applications/juddi-distro-3.3.1/juddi-tomcat-3.3.1/webapps/examples
mai 16, 2016 11:34:22 AM org.apache.catalina.startup.TldConfig execute
INFORMAÇÕES: At least one JAR was scanned for TLDs yet contained no TLDs. Enable debug logging for this logger for a complete list of JARs that were scanned but no TLDs were found in them. Skipping unneeded JARs during scanning can improve startup time and JSP compilation time.
mai 16, 2016 11:34:23 AM org.apache.catalina.startup.HostConfig deployDirectory
INFORMAÇÕES: Deployment of web application directory /Applications/juddi-distro-3.3.1/juddi-tomcat-3.3.1/webapps/examples has finished in 685 ms
mai 16, 2016 11:34:23 AM org.apache.catalina.startup.HostConfig deployDirectory
INFORMAÇÕES: Deploying web application directory /Applications/juddi-distro-3.3.1/juddi-tomcat-3.3.1/webapps/host-manager
mai 16, 2016 11:34:23 AM org.apache.catalina.startup.TldConfig execute
INFORMAÇÕES: At least one JAR was scanned for TLDs yet contained no TLDs. Enable debug logging for this logger for a complete list of JARs that were scanned but no TLDs were found in them. Skipping unneeded JARs during scanning can improve startup time and JSP compilation time.
mai 16, 2016 11:34:23 AM org.apache.catalina.startup.HostConfig deployDirectory
INFORMAÇÕES: Deployment of web application directory /Applications/juddi-distro-3.3.1/juddi-tomcat-3.3.1/webapps/host-manager has finished in 420 ms
mai 16, 2016 11:34:23 AM org.apache.catalina.startup.HostConfig deployDirectory
INFORMAÇÕES: Deploying web application directory /Applications/juddi-distro-3.3.1/juddi-tomcat-3.3.1/webapps/juddi-gui
mai 16, 2016 11:34:25 AM org.apache.catalina.startup.TldConfig execute
INFORMAÇÕES: At least one JAR was scanned for TLDs yet contained no TLDs. Enable debug logging for this logger for a complete list of JARs that were scanned but no TLDs were found in them. Skipping unneeded JARs during scanning can improve startup time and JSP compilation time.
mai 16, 2016 11:34:25 AM org.apache.juddi.webconsole.StartupServlet contextInitialized
INFORMAÇÕES: juddi-gui startup
mai 16, 2016 11:34:25 AM org.apache.juddi.webconsole.StartupServlet contextInitialized
INFORMAÇÕES: Attempting to generate 256 bit AES key
mai 16, 2016 11:34:25 AM org.apache.juddi.webconsole.StartupServlet contextInitialized
ADVERTÊNCIA: 256 bit key validation failed. To use higher key sizes, try installing the Java Cryptographic Extensions (JCE) Unlimited Strength
mai 16, 2016 11:34:25 AM org.apache.juddi.webconsole.StartupServlet contextInitialized
INFORMAÇÕES: Attempting to generate 128 bit AES key
mai 16, 2016 11:34:25 AM org.apache.juddi.webconsole.StartupServlet contextInitialized
INFORMAÇÕES: Generation of 128 bit AES key successful
mai 16, 2016 11:34:25 AM org.apache.juddi.webconsole.StartupServlet contextInitialized
INFORMAÇÕES: Storing key to /Applications/juddi-distro-3.3.1/juddi-tomcat-3.3.1/webapps/juddi-gui/META-INF/config.properties
mai 16, 2016 11:34:25 AM org.apache.catalina.startup.HostConfig deployDirectory
INFORMAÇÕES: Deployment of web application directory /Applications/juddi-distro-3.3.1/juddi-tomcat-3.3.1/webapps/juddi-gui has finished in 1,972 ms
mai 16, 2016 11:34:25 AM org.apache.catalina.startup.HostConfig deployDirectory
INFORMAÇÕES: Deploying web application directory /Applications/juddi-distro-3.3.1/juddi-tomcat-3.3.1/webapps/juddiv3
mai 16, 2016 11:34:29 AM org.apache.catalina.startup.TldConfig execute
INFORMAÇÕES: At least one JAR was scanned for TLDs yet contained no TLDs. Enable debug logging for this logger for a complete list of JARs that were scanned but no TLDs were found in them. Skipping unneeded JARs during scanning can improve startup time and JSP compilation time.
mai 16, 2016 11:34:33 AM org.apache.cxf.service.factory.ReflectionServiceFactoryBean buildServiceFromClass
INFORMAÇÕES: Creating Service {urn:uddi-org:v3_service}UDDIInquiryService from class org.uddi.v3_service.UDDIInquiryPortType
mai 16, 2016 11:34:35 AM org.apache.cxf.bus.spring.OldSpringSupport logWarning
ADVERTÊNCIA: Import of META-INF/cxf/cxf-extension-soap.xml has been deprecated and is unnecessary.
mai 16, 2016 11:34:35 AM org.apache.cxf.endpoint.ServerImpl initDestination
INFORMAÇÕES: Setting the server's publish address to be /inquiry
mai 16, 2016 11:34:35 AM org.apache.cxf.service.factory.ReflectionServiceFactoryBean buildServiceFromClass
INFORMAÇÕES: Creating Service {urn:uddi-org:v3_service}UDDIPublicationService from class org.uddi.v3_service.UDDIPublicationPortType
mai 16, 2016 11:34:36 AM org.apache.cxf.endpoint.ServerImpl initDestination
INFORMAÇÕES: Setting the server's publish address to be /publish
mai 16, 2016 11:34:36 AM org.apache.cxf.service.factory.ReflectionServiceFactoryBean buildServiceFromClass
INFORMAÇÕES: Creating Service {urn:uddi-org:v3_service}UDDISecurityService from class org.uddi.v3_service.UDDISecurityPortType
mai 16, 2016 11:34:36 AM org.apache.cxf.endpoint.ServerImpl initDestination
INFORMAÇÕES: Setting the server's publish address to be /security
mai 16, 2016 11:34:36 AM org.apache.cxf.service.factory.ReflectionServiceFactoryBean buildServiceFromClass
INFORMAÇÕES: Creating Service {urn:uddi-org:v3_service}UDDISubscriptionService from class org.uddi.v3_service.UDDISubscriptionPortType
mai 16, 2016 11:34:37 AM org.apache.cxf.endpoint.ServerImpl initDestination
INFORMAÇÕES: Setting the server's publish address to be /subscription
mai 16, 2016 11:34:37 AM org.apache.cxf.service.factory.ReflectionServiceFactoryBean buildServiceFromClass
INFORMAÇÕES: Creating Service {urn:uddi-org:v3_service}UDDISubscriptionListenerService from class org.uddi.v3_service.UDDISubscriptionListenerPortType
mai 16, 2016 11:34:37 AM org.apache.cxf.endpoint.ServerImpl initDestination
INFORMAÇÕES: Setting the server's publish address to be /subscription-listener
mai 16, 2016 11:34:37 AM org.apache.cxf.service.factory.ReflectionServiceFactoryBean buildServiceFromClass
INFORMAÇÕES: Creating Service {urn:uddi-org:v3_service}UDDICustodyTransferService from class org.uddi.v3_service.UDDICustodyTransferPortType
mai 16, 2016 11:34:37 AM org.apache.cxf.endpoint.ServerImpl initDestination
INFORMAÇÕES: Setting the server's publish address to be /custody-transfer
mai 16, 2016 11:34:37 AM org.apache.cxf.service.factory.ReflectionServiceFactoryBean buildServiceFromClass
INFORMAÇÕES: Creating Service {http://impl.api.juddi.apache.org/}UDDIValueSetValidationImplService from class org.uddi.v3_service.UDDIValueSetValidationPortType
mai 16, 2016 11:34:38 AM org.apache.cxf.endpoint.ServerImpl initDestination
INFORMAÇÕES: Setting the server's publish address to be /valueset-validation
mai 16, 2016 11:34:38 AM org.apache.cxf.service.factory.ReflectionServiceFactoryBean buildServiceFromClass
INFORMAÇÕES: Creating Service {http://impl.api.juddi.apache.org/}UDDIValueSetCachingImplService from class org.uddi.v3_service.UDDIValueSetCachingPortType
mai 16, 2016 11:34:38 AM org.apache.cxf.endpoint.ServerImpl initDestination
INFORMAÇÕES: Setting the server's publish address to be /valueset-caching
mai 16, 2016 11:34:38 AM org.apache.cxf.service.factory.ReflectionServiceFactoryBean buildServiceFromClass
INFORMAÇÕES: Creating Service {urn:uddi-org:inquiry_v2}Inquire from class org.uddi.v2_service.Inquire
mai 16, 2016 11:34:39 AM org.apache.cxf.endpoint.ServerImpl initDestination
INFORMAÇÕES: Setting the server's publish address to be /inquiryv2
mai 16, 2016 11:34:39 AM org.apache.cxf.service.factory.ReflectionServiceFactoryBean buildServiceFromClass
INFORMAÇÕES: Creating Service {urn:uddi-org:publication_v2}Publish from class org.uddi.v2_service.Publish
mai 16, 2016 11:34:39 AM org.apache.cxf.endpoint.ServerImpl initDestination
INFORMAÇÕES: Setting the server's publish address to be /publishv2
mai 16, 2016 11:34:39 AM org.apache.cxf.service.factory.ReflectionServiceFactoryBean buildServiceFromWSDL
INFORMAÇÕES: Creating Service {urn:juddi-apache-org:v3_service}JUDDIApiService from WSDL: classpath:/juddi_api_v1.wsdl
mai 16, 2016 11:34:40 AM org.apache.cxf.endpoint.ServerImpl initDestination
INFORMAÇÕES: Setting the server's publish address to be /juddi-api
mai 16, 2016 11:34:40 AM org.apache.cxf.endpoint.ServerImpl initDestination
INFORMAÇÕES: Setting the server's publish address to be /inquiryRest
mai 16, 2016 11:34:40 AM org.apache.juddi.adminconsole.StartupServlet contextInitialized
INFORMAÇÕES: juddi-admin gui startup
mai 16, 2016 11:34:40 AM org.apache.juddi.adminconsole.StartupServlet contextInitialized
INFORMAÇÕES: Attempting to generate 256 bit AES key
mai 16, 2016 11:34:40 AM org.apache.juddi.adminconsole.StartupServlet contextInitialized
ADVERTÊNCIA: 256 bit key validation failed. To use higher key sizes, try installing the Java Cryptographic Extensions (JCE) Unlimited Strength
mai 16, 2016 11:34:40 AM org.apache.juddi.adminconsole.StartupServlet contextInitialized
INFORMAÇÕES: Attempting to generate 128 bit AES key
mai 16, 2016 11:34:40 AM org.apache.juddi.adminconsole.StartupServlet contextInitialized
INFORMAÇÕES: Generation of 128 bit AES key successful
mai 16, 2016 11:34:40 AM org.apache.juddi.adminconsole.StartupServlet contextInitialized
INFORMAÇÕES: Storing key to /Applications/juddi-distro-3.3.1/juddi-tomcat-3.3.1/webapps/juddiv3/WEB-INF/config.properties
mai 16, 2016 11:34:40 AM org.apache.catalina.startup.HostConfig deployDirectory
INFORMAÇÕES: Deployment of web application directory /Applications/juddi-distro-3.3.1/juddi-tomcat-3.3.1/webapps/juddiv3 has finished in 15,429 ms
mai 16, 2016 11:34:40 AM org.apache.catalina.startup.HostConfig deployDirectory
INFORMAÇÕES: Deploying web application directory /Applications/juddi-distro-3.3.1/juddi-tomcat-3.3.1/webapps/juddiv3replication
mai 16, 2016 11:34:44 AM org.apache.catalina.startup.TldConfig execute
INFORMAÇÕES: At least one JAR was scanned for TLDs yet contained no TLDs. Enable debug logging for this logger for a complete list of JARs that were scanned but no TLDs were found in them. Skipping unneeded JARs during scanning can improve startup time and JSP compilation time.
mai 16, 2016 11:34:51 AM org.apache.cxf.service.factory.ReflectionServiceFactoryBean buildServiceFromClass
INFORMAÇÕES: Creating Service {urn:uddi-org:repl_v3_portType}UDDI_Replication_PortType from class org.uddi.v3_service.UDDIReplicationPortType
mai 16, 2016 11:34:52 AM org.apache.cxf.bus.spring.OldSpringSupport logWarning
ADVERTÊNCIA: Import of META-INF/cxf/cxf-extension-soap.xml has been deprecated and is unnecessary.
mai 16, 2016 11:34:53 AM org.apache.cxf.endpoint.ServerImpl initDestination
INFORMAÇÕES: Setting the server's publish address to be /replication
mai 16, 2016 11:34:53 AM org.apache.juddi.adminconsole.StartupServlet contextInitialized
INFORMAÇÕES: juddi-admin gui startup
mai 16, 2016 11:34:53 AM org.apache.juddi.adminconsole.StartupServlet contextInitialized
INFORMAÇÕES: Attempting to generate 256 bit AES key
mai 16, 2016 11:34:53 AM org.apache.juddi.adminconsole.StartupServlet contextInitialized
ADVERTÊNCIA: 256 bit key validation failed. To use higher key sizes, try installing the Java Cryptographic Extensions (JCE) Unlimited Strength
mai 16, 2016 11:34:53 AM org.apache.juddi.adminconsole.StartupServlet contextInitialized
INFORMAÇÕES: Attempting to generate 128 bit AES key
mai 16, 2016 11:34:53 AM org.apache.juddi.adminconsole.StartupServlet contextInitialized
INFORMAÇÕES: Generation of 128 bit AES key successful
mai 16, 2016 11:34:53 AM org.apache.juddi.adminconsole.StartupServlet contextInitialized
INFORMAÇÕES: Storing key to /Applications/juddi-distro-3.3.1/juddi-tomcat-3.3.1/webapps/juddiv3replication/WEB-INF/config.properties
mai 16, 2016 11:34:53 AM org.apache.catalina.startup.HostConfig deployDirectory
INFORMAÇÕES: Deployment of web application directory /Applications/juddi-distro-3.3.1/juddi-tomcat-3.3.1/webapps/juddiv3replication has finished in 12,602 ms
mai 16, 2016 11:34:53 AM org.apache.catalina.startup.HostConfig deployDirectory
INFORMAÇÕES: Deploying web application directory /Applications/juddi-distro-3.3.1/juddi-tomcat-3.3.1/webapps/manager
mai 16, 2016 11:34:53 AM org.apache.catalina.startup.TldConfig execute
INFORMAÇÕES: At least one JAR was scanned for TLDs yet contained no TLDs. Enable debug logging for this logger for a complete list of JARs that were scanned but no TLDs were found in them. Skipping unneeded JARs during scanning can improve startup time and JSP compilation time.
mai 16, 2016 11:34:53 AM org.apache.catalina.startup.HostConfig deployDirectory
INFORMAÇÕES: Deployment of web application directory /Applications/juddi-distro-3.3.1/juddi-tomcat-3.3.1/webapps/manager has finished in 336 ms
mai 16, 2016 11:34:53 AM org.apache.catalina.startup.HostConfig deployDirectory
INFORMAÇÕES: Deploying web application directory /Applications/juddi-distro-3.3.1/juddi-tomcat-3.3.1/webapps/ROOT
mai 16, 2016 11:34:54 AM org.apache.catalina.startup.TldConfig execute
INFORMAÇÕES: At least one JAR was scanned for TLDs yet contained no TLDs. Enable debug logging for this logger for a complete list of JARs that were scanned but no TLDs were found in them. Skipping unneeded JARs during scanning can improve startup time and JSP compilation time.
mai 16, 2016 11:34:54 AM org.apache.catalina.startup.HostConfig deployDirectory
INFORMAÇÕES: Deployment of web application directory /Applications/juddi-distro-3.3.1/juddi-tomcat-3.3.1/webapps/ROOT has finished in 398 ms
mai 16, 2016 11:34:54 AM org.apache.coyote.AbstractProtocol start
INFORMAÇÕES: Starting ProtocolHandler ["http-bio-8080"]
mai 16, 2016 11:34:54 AM org.apache.coyote.AbstractProtocol start
INFORMAÇÕES: Starting ProtocolHandler ["ajp-bio-8009"]
mai 16, 2016 11:34:54 AM org.apache.catalina.startup.Catalina start
INFORMAÇÕES: Server startup in 33015 ms
mai 16, 2016 2:41:17 PM org.apache.coyote.AbstractProtocol pause
INFORMAÇÕES: Pausing ProtocolHandler ["http-bio-8080"]
mai 16, 2016 2:41:21 PM org.apache.coyote.AbstractProtocol pause
INFORMAÇÕES: Pausing ProtocolHandler ["ajp-bio-8009"]
mai 16, 2016 2:41:21 PM org.apache.catalina.core.StandardService stopInternal
INFORMAÇÕES: Stopping service Catalina
mai 16, 2016 2:41:21 PM org.apache.juddi.webconsole.StartupServlet contextDestroyed
INFORMAÇÕES: Cleaning up juddi-gui
mai 16, 2016 2:41:21 PM org.apache.juddi.adminconsole.StartupServlet contextDestroyed
INFORMAÇÕES: Cleaning up juddi-admin
mai 16, 2016 2:41:21 PM org.apache.catalina.loader.WebappClassLoader clearReferencesThreads
GRAVE: The web application [/juddiv3replication] appears to have started a thread named [Timer-3] but has failed to stop it. This is very likely to create a memory leak.
mai 16, 2016 2:41:21 PM org.apache.juddi.adminconsole.StartupServlet contextDestroyed
INFORMAÇÕES: Cleaning up juddi-admin
mai 16, 2016 2:41:21 PM org.apache.catalina.loader.WebappClassLoader checkThreadLocalMapForLeaks
GRAVE: The web application [/juddiv3] created a ThreadLocal with key of type [com.sun.xml.bind.v2.ClassFactory$1] (value [com.sun.xml.bind.v2.ClassFactory$1@4ed28bfe]) and a value of type [java.util.WeakHashMap] (value [{class org.uddi.api_v3.Name=java.lang.ref.WeakReference@7b45a9d9, class org.uddi.api_v3.FindService=java.lang.ref.WeakReference@348fb2f8, class java.util.ArrayList=java.lang.ref.WeakReference@6dc2d146}]) but failed to remove it when the web application was stopped. Threads are going to be renewed over time to try and avoid a probable memory leak.
mai 16, 2016 2:41:21 PM org.apache.catalina.loader.WebappClassLoader checkThreadLocalMapForLeaks
GRAVE: The web application [/juddiv3] created a ThreadLocal with key of type [com.sun.xml.bind.v2.ClassFactory$1] (value [com.sun.xml.bind.v2.ClassFactory$1@4ed28bfe]) and a value of type [java.util.WeakHashMap] (value [{class java.util.ArrayList=java.lang.ref.WeakReference@37953a7b, class org.uddi.api_v3.GetServiceDetail=java.lang.ref.WeakReference@61485631}]) but failed to remove it when the web application was stopped. Threads are going to be renewed over time to try and avoid a probable memory leak.
mai 16, 2016 2:41:21 PM org.apache.catalina.loader.WebappClassLoader checkThreadLocalMapForLeaks
GRAVE: The web application [/juddiv3] created a ThreadLocal with key of type [com.sun.xml.bind.v2.ClassFactory$1] (value [com.sun.xml.bind.v2.ClassFactory$1@4ed28bfe]) and a value of type [java.util.WeakHashMap] (value [{class org.uddi.api_v3.Name=java.lang.ref.WeakReference@28992092, class org.uddi.api_v3.FindService=java.lang.ref.WeakReference@532a8c26, class java.util.ArrayList=java.lang.ref.WeakReference@4df232da}]) but failed to remove it when the web application was stopped. Threads are going to be renewed over time to try and avoid a probable memory leak.
mai 16, 2016 2:41:21 PM org.apache.catalina.loader.WebappClassLoader checkThreadLocalMapForLeaks
GRAVE: The web application [/juddiv3] created a ThreadLocal with key of type [com.sun.xml.bind.v2.ClassFactory$1] (value [com.sun.xml.bind.v2.ClassFactory$1@4ed28bfe]) and a value of type [java.util.WeakHashMap] (value [{class java.util.ArrayList=java.lang.ref.WeakReference@6ea81c8b, class org.uddi.api_v3.GetServiceDetail=java.lang.ref.WeakReference@fd42c7c}]) but failed to remove it when the web application was stopped. Threads are going to be renewed over time to try and avoid a probable memory leak.
mai 16, 2016 2:41:21 PM org.apache.catalina.loader.WebappClassLoader checkThreadLocalMapForLeaks
GRAVE: The web application [/juddiv3] created a ThreadLocal with key of type [com.sun.xml.bind.v2.ClassFactory$1] (value [com.sun.xml.bind.v2.ClassFactory$1@4ed28bfe]) and a value of type [java.util.WeakHashMap] (value [{class org.uddi.api_v3.Name=java.lang.ref.WeakReference@818da1c, class org.uddi.api_v3.FindService=java.lang.ref.WeakReference@54a04d27, class java.util.ArrayList=java.lang.ref.WeakReference@7a424f7c}]) but failed to remove it when the web application was stopped. Threads are going to be renewed over time to try and avoid a probable memory leak.
mai 16, 2016 2:41:21 PM org.apache.catalina.loader.WebappClassLoader checkThreadLocalMapForLeaks
GRAVE: The web application [/juddiv3] created a ThreadLocal with key of type [com.sun.xml.bind.v2.ClassFactory$1] (value [com.sun.xml.bind.v2.ClassFactory$1@4ed28bfe]) and a value of type [java.util.WeakHashMap] (value [{class java.util.ArrayList=java.lang.ref.WeakReference@545b2b84, class org.uddi.api_v3.GetServiceDetail=java.lang.ref.WeakReference@1addd329}]) but failed to remove it when the web application was stopped. Threads are going to be renewed over time to try and avoid a probable memory leak.
mai 16, 2016 2:41:21 PM org.apache.catalina.loader.WebappClassLoader checkThreadLocalMapForLeaks
GRAVE: The web application [/juddiv3] created a ThreadLocal with key of type [com.sun.xml.bind.v2.ClassFactory$1] (value [com.sun.xml.bind.v2.ClassFactory$1@4ed28bfe]) and a value of type [java.util.WeakHashMap] (value [{class org.uddi.api_v3.Name=java.lang.ref.WeakReference@4c426c20, class org.uddi.api_v3.FindService=java.lang.ref.WeakReference@2493f37b, class java.util.ArrayList=java.lang.ref.WeakReference@2919eb66}]) but failed to remove it when the web application was stopped. Threads are going to be renewed over time to try and avoid a probable memory leak.
mai 16, 2016 2:41:21 PM org.apache.catalina.loader.WebappClassLoader checkThreadLocalMapForLeaks
GRAVE: The web application [/juddiv3] created a ThreadLocal with key of type [com.sun.xml.bind.v2.ClassFactory$1] (value [com.sun.xml.bind.v2.ClassFactory$1@4ed28bfe]) and a value of type [java.util.WeakHashMap] (value [{class java.util.ArrayList=java.lang.ref.WeakReference@5da931f7, class org.uddi.api_v3.GetServiceDetail=java.lang.ref.WeakReference@2d5650e}]) but failed to remove it when the web application was stopped. Threads are going to be renewed over time to try and avoid a probable memory leak.
mai 16, 2016 2:41:21 PM org.apache.catalina.loader.WebappClassLoader checkThreadLocalMapForLeaks
GRAVE: The web application [/juddiv3] created a ThreadLocal with key of type [com.sun.xml.bind.v2.ClassFactory$1] (value [com.sun.xml.bind.v2.ClassFactory$1@4ed28bfe]) and a value of type [java.util.WeakHashMap] (value [{class org.uddi.api_v3.Name=java.lang.ref.WeakReference@39e65604, class org.uddi.api_v3.FindService=java.lang.ref.WeakReference@5f42d885, class java.util.ArrayList=java.lang.ref.WeakReference@4bf07c13}]) but failed to remove it when the web application was stopped. Threads are going to be renewed over time to try and avoid a probable memory leak.
mai 16, 2016 2:41:21 PM org.apache.catalina.loader.WebappClassLoader checkThreadLocalMapForLeaks
GRAVE: The web application [/juddiv3] created a ThreadLocal with key of type [com.sun.xml.bind.v2.ClassFactory$1] (value [com.sun.xml.bind.v2.ClassFactory$1@4ed28bfe]) and a value of type [java.util.WeakHashMap] (value [{class org.uddi.api_v3.Name=java.lang.ref.WeakReference@62248d76, class org.uddi.api_v3.FindService=java.lang.ref.WeakReference@69f9b140, class java.util.ArrayList=java.lang.ref.WeakReference@2036ca0a, class org.uddi.api_v3.GetServiceDetail=java.lang.ref.WeakReference@686e3afb}]) but failed to remove it when the web application was stopped. Threads are going to be renewed over time to try and avoid a probable memory leak.
mai 16, 2016 2:41:21 PM org.apache.coyote.AbstractProtocol stop
INFORMAÇÕES: Stopping ProtocolHandler ["http-bio-8080"]
mai 16, 2016 2:41:21 PM org.apache.coyote.AbstractProtocol stop
INFORMAÇÕES: Stopping ProtocolHandler ["ajp-bio-8009"]
mai 16, 2016 2:41:21 PM org.apache.coyote.AbstractProtocol destroy
INFORMAÇÕES: Destroying ProtocolHandler ["http-bio-8080"]
mai 16, 2016 2:41:21 PM org.apache.coyote.AbstractProtocol destroy
INFORMAÇÕES: Destroying ProtocolHandler ["ajp-bio-8009"]
