nov 17, 2016 10:04:57 PM org.apache.catalina.startup.VersionLoggerListener log
INFORMAÇÕES: Server version:        Apache Tomcat/7.0.64
nov 17, 2016 10:04:57 PM org.apache.catalina.startup.VersionLoggerListener log
INFORMAÇÕES: Server built:          Aug 19 2015 17:18:06 UTC
nov 17, 2016 10:04:57 PM org.apache.catalina.startup.VersionLoggerListener log
INFORMAÇÕES: Server number:         7.0.64.0
nov 17, 2016 10:04:57 PM org.apache.catalina.startup.VersionLoggerListener log
INFORMAÇÕES: OS Name:               Mac OS X
nov 17, 2016 10:04:57 PM org.apache.catalina.startup.VersionLoggerListener log
INFORMAÇÕES: OS Version:            10.11.4
nov 17, 2016 10:04:57 PM org.apache.catalina.startup.VersionLoggerListener log
INFORMAÇÕES: Architecture:          x86_64
nov 17, 2016 10:04:57 PM org.apache.catalina.startup.VersionLoggerListener log
INFORMAÇÕES: Java Home:             /Library/Java/JavaVirtualMachines/jdk1.8.0_65.jdk/Contents/Home/jre
nov 17, 2016 10:04:57 PM org.apache.catalina.startup.VersionLoggerListener log
INFORMAÇÕES: JVM Version:           1.8.0_65-b17
nov 17, 2016 10:04:57 PM org.apache.catalina.startup.VersionLoggerListener log
INFORMAÇÕES: JVM Vendor:            Oracle Corporation
nov 17, 2016 10:04:57 PM org.apache.catalina.startup.VersionLoggerListener log
INFORMAÇÕES: CATALINA_BASE:         /Applications/juddi-distro-3.3.1/juddi-tomcat-3.3.1
nov 17, 2016 10:04:57 PM org.apache.catalina.startup.VersionLoggerListener log
INFORMAÇÕES: CATALINA_HOME:         /Applications/juddi-distro-3.3.1/juddi-tomcat-3.3.1
nov 17, 2016 10:04:57 PM org.apache.catalina.startup.VersionLoggerListener log
INFORMAÇÕES: Command line argument: -Djava.util.logging.config.file=/Applications/juddi-distro-3.3.1/juddi-tomcat-3.3.1/conf/logging.properties
nov 17, 2016 10:04:57 PM org.apache.catalina.startup.VersionLoggerListener log
INFORMAÇÕES: Command line argument: -Djava.util.logging.manager=org.apache.juli.ClassLoaderLogManager
nov 17, 2016 10:04:57 PM org.apache.catalina.startup.VersionLoggerListener log
INFORMAÇÕES: Command line argument: -Xms4096M
nov 17, 2016 10:04:57 PM org.apache.catalina.startup.VersionLoggerListener log
INFORMAÇÕES: Command line argument: -Xmx4096M
nov 17, 2016 10:04:57 PM org.apache.catalina.startup.VersionLoggerListener log
INFORMAÇÕES: Command line argument: -XX:PermSize=512M
nov 17, 2016 10:04:57 PM org.apache.catalina.startup.VersionLoggerListener log
INFORMAÇÕES: Command line argument: -XX:MaxPermSize=512M
nov 17, 2016 10:04:57 PM org.apache.catalina.startup.VersionLoggerListener log
INFORMAÇÕES: Command line argument: -Djava.endorsed.dirs=/Applications/juddi-distro-3.3.1/juddi-tomcat-3.3.1/endorsed
nov 17, 2016 10:04:57 PM org.apache.catalina.startup.VersionLoggerListener log
INFORMAÇÕES: Command line argument: -Dcatalina.base=/Applications/juddi-distro-3.3.1/juddi-tomcat-3.3.1
nov 17, 2016 10:04:57 PM org.apache.catalina.startup.VersionLoggerListener log
INFORMAÇÕES: Command line argument: -Dcatalina.home=/Applications/juddi-distro-3.3.1/juddi-tomcat-3.3.1
nov 17, 2016 10:04:57 PM org.apache.catalina.startup.VersionLoggerListener log
INFORMAÇÕES: Command line argument: -Djava.io.tmpdir=/Applications/juddi-distro-3.3.1/juddi-tomcat-3.3.1/temp
nov 17, 2016 10:04:57 PM org.apache.catalina.core.AprLifecycleListener lifecycleEvent
INFORMAÇÕES: The APR based Apache Tomcat Native library which allows optimal performance in production environments was not found on the java.library.path: /Users/macbook/Library/Java/Extensions:/Library/Java/Extensions:/Network/Library/Java/Extensions:/System/Library/Java/Extensions:/usr/lib/java:.
nov 17, 2016 10:04:57 PM org.apache.coyote.AbstractProtocol init
INFORMAÇÕES: Initializing ProtocolHandler ["http-bio-8080"]
nov 17, 2016 10:04:57 PM org.apache.coyote.AbstractProtocol init
GRAVE: Failed to initialize end point associated with ProtocolHandler ["http-bio-8080"]
java.net.BindException: Address already in use <null>:8080
	at org.apache.tomcat.util.net.JIoEndpoint.bind(JIoEndpoint.java:413)
	at org.apache.tomcat.util.net.AbstractEndpoint.init(AbstractEndpoint.java:651)
	at org.apache.coyote.AbstractProtocol.init(AbstractProtocol.java:434)
	at org.apache.coyote.http11.AbstractHttp11JsseProtocol.init(AbstractHttp11JsseProtocol.java:119)
	at org.apache.catalina.connector.Connector.initInternal(Connector.java:978)
	at org.apache.catalina.util.LifecycleBase.init(LifecycleBase.java:102)
	at org.apache.catalina.core.StandardService.initInternal(StandardService.java:559)
	at org.apache.catalina.util.LifecycleBase.init(LifecycleBase.java:102)
	at org.apache.catalina.core.StandardServer.initInternal(StandardServer.java:821)
	at org.apache.catalina.util.LifecycleBase.init(LifecycleBase.java:102)
	at org.apache.catalina.startup.Catalina.load(Catalina.java:638)
	at org.apache.catalina.startup.Catalina.load(Catalina.java:663)
	at sun.reflect.NativeMethodAccessorImpl.invoke0(Native Method)
	at sun.reflect.NativeMethodAccessorImpl.invoke(NativeMethodAccessorImpl.java:62)
	at sun.reflect.DelegatingMethodAccessorImpl.invoke(DelegatingMethodAccessorImpl.java:43)
	at java.lang.reflect.Method.invoke(Method.java:497)
	at org.apache.catalina.startup.Bootstrap.load(Bootstrap.java:280)
	at org.apache.catalina.startup.Bootstrap.main(Bootstrap.java:454)
Caused by: java.net.BindException: Address already in use
	at java.net.PlainSocketImpl.socketBind(Native Method)
	at java.net.AbstractPlainSocketImpl.bind(AbstractPlainSocketImpl.java:387)
	at java.net.ServerSocket.bind(ServerSocket.java:375)
	at java.net.ServerSocket.<init>(ServerSocket.java:237)
	at java.net.ServerSocket.<init>(ServerSocket.java:181)
	at org.apache.tomcat.util.net.DefaultServerSocketFactory.createSocket(DefaultServerSocketFactory.java:49)
	at org.apache.tomcat.util.net.JIoEndpoint.bind(JIoEndpoint.java:400)
	... 17 more

nov 17, 2016 10:04:57 PM org.apache.catalina.core.StandardService initInternal
GRAVE: Failed to initialize connector [Connector[HTTP/1.1-8080]]
org.apache.catalina.LifecycleException: Failed to initialize component [Connector[HTTP/1.1-8080]]
	at org.apache.catalina.util.LifecycleBase.init(LifecycleBase.java:106)
	at org.apache.catalina.core.StandardService.initInternal(StandardService.java:559)
	at org.apache.catalina.util.LifecycleBase.init(LifecycleBase.java:102)
	at org.apache.catalina.core.StandardServer.initInternal(StandardServer.java:821)
	at org.apache.catalina.util.LifecycleBase.init(LifecycleBase.java:102)
	at org.apache.catalina.startup.Catalina.load(Catalina.java:638)
	at org.apache.catalina.startup.Catalina.load(Catalina.java:663)
	at sun.reflect.NativeMethodAccessorImpl.invoke0(Native Method)
	at sun.reflect.NativeMethodAccessorImpl.invoke(NativeMethodAccessorImpl.java:62)
	at sun.reflect.DelegatingMethodAccessorImpl.invoke(DelegatingMethodAccessorImpl.java:43)
	at java.lang.reflect.Method.invoke(Method.java:497)
	at org.apache.catalina.startup.Bootstrap.load(Bootstrap.java:280)
	at org.apache.catalina.startup.Bootstrap.main(Bootstrap.java:454)
Caused by: org.apache.catalina.LifecycleException: Protocol handler initialization failed
	at org.apache.catalina.connector.Connector.initInternal(Connector.java:980)
	at org.apache.catalina.util.LifecycleBase.init(LifecycleBase.java:102)
	... 12 more
Caused by: java.net.BindException: Address already in use <null>:8080
	at org.apache.tomcat.util.net.JIoEndpoint.bind(JIoEndpoint.java:413)
	at org.apache.tomcat.util.net.AbstractEndpoint.init(AbstractEndpoint.java:651)
	at org.apache.coyote.AbstractProtocol.init(AbstractProtocol.java:434)
	at org.apache.coyote.http11.AbstractHttp11JsseProtocol.init(AbstractHttp11JsseProtocol.java:119)
	at org.apache.catalina.connector.Connector.initInternal(Connector.java:978)
	... 13 more
Caused by: java.net.BindException: Address already in use
	at java.net.PlainSocketImpl.socketBind(Native Method)
	at java.net.AbstractPlainSocketImpl.bind(AbstractPlainSocketImpl.java:387)
	at java.net.ServerSocket.bind(ServerSocket.java:375)
	at java.net.ServerSocket.<init>(ServerSocket.java:237)
	at java.net.ServerSocket.<init>(ServerSocket.java:181)
	at org.apache.tomcat.util.net.DefaultServerSocketFactory.createSocket(DefaultServerSocketFactory.java:49)
	at org.apache.tomcat.util.net.JIoEndpoint.bind(JIoEndpoint.java:400)
	... 17 more

nov 17, 2016 10:04:57 PM org.apache.coyote.AbstractProtocol init
INFORMAÇÕES: Initializing ProtocolHandler ["ajp-bio-8009"]
nov 17, 2016 10:04:57 PM org.apache.coyote.AbstractProtocol init
GRAVE: Failed to initialize end point associated with ProtocolHandler ["ajp-bio-8009"]
java.net.BindException: Address already in use <null>:8009
	at org.apache.tomcat.util.net.JIoEndpoint.bind(JIoEndpoint.java:413)
	at org.apache.tomcat.util.net.AbstractEndpoint.init(AbstractEndpoint.java:651)
	at org.apache.coyote.AbstractProtocol.init(AbstractProtocol.java:434)
	at org.apache.catalina.connector.Connector.initInternal(Connector.java:978)
	at org.apache.catalina.util.LifecycleBase.init(LifecycleBase.java:102)
	at org.apache.catalina.core.StandardService.initInternal(StandardService.java:559)
	at org.apache.catalina.util.LifecycleBase.init(LifecycleBase.java:102)
	at org.apache.catalina.core.StandardServer.initInternal(StandardServer.java:821)
	at org.apache.catalina.util.LifecycleBase.init(LifecycleBase.java:102)
	at org.apache.catalina.startup.Catalina.load(Catalina.java:638)
	at org.apache.catalina.startup.Catalina.load(Catalina.java:663)
	at sun.reflect.NativeMethodAccessorImpl.invoke0(Native Method)
	at sun.reflect.NativeMethodAccessorImpl.invoke(NativeMethodAccessorImpl.java:62)
	at sun.reflect.DelegatingMethodAccessorImpl.invoke(DelegatingMethodAccessorImpl.java:43)
	at java.lang.reflect.Method.invoke(Method.java:497)
	at org.apache.catalina.startup.Bootstrap.load(Bootstrap.java:280)
	at org.apache.catalina.startup.Bootstrap.main(Bootstrap.java:454)
Caused by: java.net.BindException: Address already in use
	at java.net.PlainSocketImpl.socketBind(Native Method)
	at java.net.AbstractPlainSocketImpl.bind(AbstractPlainSocketImpl.java:387)
	at java.net.ServerSocket.bind(ServerSocket.java:375)
	at java.net.ServerSocket.<init>(ServerSocket.java:237)
	at java.net.ServerSocket.<init>(ServerSocket.java:181)
	at org.apache.tomcat.util.net.DefaultServerSocketFactory.createSocket(DefaultServerSocketFactory.java:49)
	at org.apache.tomcat.util.net.JIoEndpoint.bind(JIoEndpoint.java:400)
	... 16 more

nov 17, 2016 10:04:57 PM org.apache.catalina.core.StandardService initInternal
GRAVE: Failed to initialize connector [Connector[AJP/1.3-8009]]
org.apache.catalina.LifecycleException: Failed to initialize component [Connector[AJP/1.3-8009]]
	at org.apache.catalina.util.LifecycleBase.init(LifecycleBase.java:106)
	at org.apache.catalina.core.StandardService.initInternal(StandardService.java:559)
	at org.apache.catalina.util.LifecycleBase.init(LifecycleBase.java:102)
	at org.apache.catalina.core.StandardServer.initInternal(StandardServer.java:821)
	at org.apache.catalina.util.LifecycleBase.init(LifecycleBase.java:102)
	at org.apache.catalina.startup.Catalina.load(Catalina.java:638)
	at org.apache.catalina.startup.Catalina.load(Catalina.java:663)
	at sun.reflect.NativeMethodAccessorImpl.invoke0(Native Method)
	at sun.reflect.NativeMethodAccessorImpl.invoke(NativeMethodAccessorImpl.java:62)
	at sun.reflect.DelegatingMethodAccessorImpl.invoke(DelegatingMethodAccessorImpl.java:43)
	at java.lang.reflect.Method.invoke(Method.java:497)
	at org.apache.catalina.startup.Bootstrap.load(Bootstrap.java:280)
	at org.apache.catalina.startup.Bootstrap.main(Bootstrap.java:454)
Caused by: org.apache.catalina.LifecycleException: Protocol handler initialization failed
	at org.apache.catalina.connector.Connector.initInternal(Connector.java:980)
	at org.apache.catalina.util.LifecycleBase.init(LifecycleBase.java:102)
	... 12 more
Caused by: java.net.BindException: Address already in use <null>:8009
	at org.apache.tomcat.util.net.JIoEndpoint.bind(JIoEndpoint.java:413)
	at org.apache.tomcat.util.net.AbstractEndpoint.init(AbstractEndpoint.java:651)
	at org.apache.coyote.AbstractProtocol.init(AbstractProtocol.java:434)
	at org.apache.catalina.connector.Connector.initInternal(Connector.java:978)
	... 13 more
Caused by: java.net.BindException: Address already in use
	at java.net.PlainSocketImpl.socketBind(Native Method)
	at java.net.AbstractPlainSocketImpl.bind(AbstractPlainSocketImpl.java:387)
	at java.net.ServerSocket.bind(ServerSocket.java:375)
	at java.net.ServerSocket.<init>(ServerSocket.java:237)
	at java.net.ServerSocket.<init>(ServerSocket.java:181)
	at org.apache.tomcat.util.net.DefaultServerSocketFactory.createSocket(DefaultServerSocketFactory.java:49)
	at org.apache.tomcat.util.net.JIoEndpoint.bind(JIoEndpoint.java:400)
	... 16 more

nov 17, 2016 10:04:57 PM org.apache.catalina.startup.Catalina load
INFORMAÇÕES: Initialization processed in 832 ms
nov 17, 2016 10:04:57 PM org.apache.catalina.core.StandardService startInternal
INFORMAÇÕES: Starting service Catalina
nov 17, 2016 10:04:57 PM org.apache.catalina.core.StandardEngine startInternal
INFORMAÇÕES: Starting Servlet Engine: Apache Tomcat/7.0.64
nov 17, 2016 10:04:57 PM org.apache.catalina.startup.HostConfig deployDirectory
INFORMAÇÕES: Deploying web application directory /Applications/juddi-distro-3.3.1/juddi-tomcat-3.3.1/webapps/docs
nov 17, 2016 10:04:58 PM org.apache.catalina.startup.TldConfig execute
INFORMAÇÕES: At least one JAR was scanned for TLDs yet contained no TLDs. Enable debug logging for this logger for a complete list of JARs that were scanned but no TLDs were found in them. Skipping unneeded JARs during scanning can improve startup time and JSP compilation time.
nov 17, 2016 10:04:58 PM org.apache.catalina.startup.HostConfig deployDirectory
INFORMAÇÕES: Deployment of web application directory /Applications/juddi-distro-3.3.1/juddi-tomcat-3.3.1/webapps/docs has finished in 847 ms
nov 17, 2016 10:04:58 PM org.apache.catalina.startup.HostConfig deployDirectory
INFORMAÇÕES: Deploying web application directory /Applications/juddi-distro-3.3.1/juddi-tomcat-3.3.1/webapps/examples
nov 17, 2016 10:04:58 PM org.apache.catalina.startup.TldConfig execute
INFORMAÇÕES: At least one JAR was scanned for TLDs yet contained no TLDs. Enable debug logging for this logger for a complete list of JARs that were scanned but no TLDs were found in them. Skipping unneeded JARs during scanning can improve startup time and JSP compilation time.
nov 17, 2016 10:04:58 PM org.apache.catalina.startup.HostConfig deployDirectory
INFORMAÇÕES: Deployment of web application directory /Applications/juddi-distro-3.3.1/juddi-tomcat-3.3.1/webapps/examples has finished in 736 ms
nov 17, 2016 10:04:58 PM org.apache.catalina.startup.HostConfig deployDirectory
INFORMAÇÕES: Deploying web application directory /Applications/juddi-distro-3.3.1/juddi-tomcat-3.3.1/webapps/host-manager
nov 17, 2016 10:04:59 PM org.apache.catalina.startup.TldConfig execute
INFORMAÇÕES: At least one JAR was scanned for TLDs yet contained no TLDs. Enable debug logging for this logger for a complete list of JARs that were scanned but no TLDs were found in them. Skipping unneeded JARs during scanning can improve startup time and JSP compilation time.
nov 17, 2016 10:04:59 PM org.apache.catalina.startup.HostConfig deployDirectory
INFORMAÇÕES: Deployment of web application directory /Applications/juddi-distro-3.3.1/juddi-tomcat-3.3.1/webapps/host-manager has finished in 450 ms
nov 17, 2016 10:04:59 PM org.apache.catalina.startup.HostConfig deployDirectory
INFORMAÇÕES: Deploying web application directory /Applications/juddi-distro-3.3.1/juddi-tomcat-3.3.1/webapps/juddi-gui
nov 17, 2016 10:05:01 PM org.apache.catalina.startup.TldConfig execute
INFORMAÇÕES: At least one JAR was scanned for TLDs yet contained no TLDs. Enable debug logging for this logger for a complete list of JARs that were scanned but no TLDs were found in them. Skipping unneeded JARs during scanning can improve startup time and JSP compilation time.
nov 17, 2016 10:05:01 PM org.apache.juddi.webconsole.StartupServlet contextInitialized
INFORMAÇÕES: juddi-gui startup
nov 17, 2016 10:05:01 PM org.apache.juddi.webconsole.StartupServlet contextInitialized
INFORMAÇÕES: Attempting to generate 256 bit AES key
nov 17, 2016 10:05:01 PM org.apache.juddi.webconsole.StartupServlet contextInitialized
ADVERTÊNCIA: 256 bit key validation failed. To use higher key sizes, try installing the Java Cryptographic Extensions (JCE) Unlimited Strength
nov 17, 2016 10:05:01 PM org.apache.juddi.webconsole.StartupServlet contextInitialized
INFORMAÇÕES: Attempting to generate 128 bit AES key
nov 17, 2016 10:05:01 PM org.apache.juddi.webconsole.StartupServlet contextInitialized
INFORMAÇÕES: Generation of 128 bit AES key successful
nov 17, 2016 10:05:01 PM org.apache.juddi.webconsole.StartupServlet contextInitialized
INFORMAÇÕES: Storing key to /Applications/juddi-distro-3.3.1/juddi-tomcat-3.3.1/webapps/juddi-gui/META-INF/config.properties
nov 17, 2016 10:05:01 PM org.apache.catalina.startup.HostConfig deployDirectory
INFORMAÇÕES: Deployment of web application directory /Applications/juddi-distro-3.3.1/juddi-tomcat-3.3.1/webapps/juddi-gui has finished in 2,053 ms
nov 17, 2016 10:05:01 PM org.apache.catalina.startup.HostConfig deployDirectory
INFORMAÇÕES: Deploying web application directory /Applications/juddi-distro-3.3.1/juddi-tomcat-3.3.1/webapps/juddiv3
nov 17, 2016 10:05:05 PM org.apache.catalina.startup.TldConfig execute
INFORMAÇÕES: At least one JAR was scanned for TLDs yet contained no TLDs. Enable debug logging for this logger for a complete list of JARs that were scanned but no TLDs were found in them. Skipping unneeded JARs during scanning can improve startup time and JSP compilation time.
nov 17, 2016 10:05:08 PM org.apache.juddi.adminconsole.StartupServlet contextInitialized
INFORMAÇÕES: juddi-admin gui startup
nov 17, 2016 10:05:08 PM org.apache.juddi.adminconsole.StartupServlet contextInitialized
INFORMAÇÕES: Attempting to generate 256 bit AES key
nov 17, 2016 10:05:08 PM org.apache.juddi.adminconsole.StartupServlet contextInitialized
ADVERTÊNCIA: 256 bit key validation failed. To use higher key sizes, try installing the Java Cryptographic Extensions (JCE) Unlimited Strength
nov 17, 2016 10:05:08 PM org.apache.juddi.adminconsole.StartupServlet contextInitialized
INFORMAÇÕES: Attempting to generate 128 bit AES key
nov 17, 2016 10:05:08 PM org.apache.juddi.adminconsole.StartupServlet contextInitialized
INFORMAÇÕES: Generation of 128 bit AES key successful
nov 17, 2016 10:05:08 PM org.apache.juddi.adminconsole.StartupServlet contextInitialized
INFORMAÇÕES: Storing key to /Applications/juddi-distro-3.3.1/juddi-tomcat-3.3.1/webapps/juddiv3/WEB-INF/config.properties
nov 17, 2016 10:05:08 PM org.apache.catalina.core.StandardContext startInternal
GRAVE: One or more listeners failed to start. Full details will be found in the appropriate container log file
nov 17, 2016 10:05:08 PM org.apache.catalina.core.StandardContext startInternal
GRAVE: Context [/juddiv3] startup failed due to previous errors
nov 17, 2016 10:05:08 PM org.apache.juddi.adminconsole.StartupServlet contextDestroyed
INFORMAÇÕES: Cleaning up juddi-admin
nov 17, 2016 10:05:08 PM org.apache.catalina.startup.HostConfig deployDirectory
INFORMAÇÕES: Deployment of web application directory /Applications/juddi-distro-3.3.1/juddi-tomcat-3.3.1/webapps/juddiv3 has finished in 6,634 ms
nov 17, 2016 10:05:08 PM org.apache.catalina.startup.HostConfig deployDirectory
INFORMAÇÕES: Deploying web application directory /Applications/juddi-distro-3.3.1/juddi-tomcat-3.3.1/webapps/juddiv3replication
nov 17, 2016 10:05:10 PM org.apache.catalina.startup.TldConfig execute
INFORMAÇÕES: At least one JAR was scanned for TLDs yet contained no TLDs. Enable debug logging for this logger for a complete list of JARs that were scanned but no TLDs were found in them. Skipping unneeded JARs during scanning can improve startup time and JSP compilation time.
nov 17, 2016 10:05:13 PM org.apache.juddi.adminconsole.StartupServlet contextInitialized
INFORMAÇÕES: juddi-admin gui startup
nov 17, 2016 10:05:13 PM org.apache.juddi.adminconsole.StartupServlet contextInitialized
INFORMAÇÕES: Attempting to generate 256 bit AES key
nov 17, 2016 10:05:13 PM org.apache.juddi.adminconsole.StartupServlet contextInitialized
ADVERTÊNCIA: 256 bit key validation failed. To use higher key sizes, try installing the Java Cryptographic Extensions (JCE) Unlimited Strength
nov 17, 2016 10:05:13 PM org.apache.juddi.adminconsole.StartupServlet contextInitialized
INFORMAÇÕES: Attempting to generate 128 bit AES key
nov 17, 2016 10:05:13 PM org.apache.juddi.adminconsole.StartupServlet contextInitialized
INFORMAÇÕES: Generation of 128 bit AES key successful
nov 17, 2016 10:05:13 PM org.apache.juddi.adminconsole.StartupServlet contextInitialized
INFORMAÇÕES: Storing key to /Applications/juddi-distro-3.3.1/juddi-tomcat-3.3.1/webapps/juddiv3replication/WEB-INF/config.properties
nov 17, 2016 10:05:13 PM org.apache.catalina.core.StandardContext startInternal
GRAVE: One or more listeners failed to start. Full details will be found in the appropriate container log file
nov 17, 2016 10:05:13 PM org.apache.catalina.core.StandardContext startInternal
GRAVE: Context [/juddiv3replication] startup failed due to previous errors
nov 17, 2016 10:05:13 PM org.apache.juddi.adminconsole.StartupServlet contextDestroyed
INFORMAÇÕES: Cleaning up juddi-admin
nov 17, 2016 10:05:13 PM org.apache.catalina.startup.HostConfig deployDirectory
INFORMAÇÕES: Deployment of web application directory /Applications/juddi-distro-3.3.1/juddi-tomcat-3.3.1/webapps/juddiv3replication has finished in 5,061 ms
nov 17, 2016 10:05:13 PM org.apache.catalina.startup.HostConfig deployDirectory
INFORMAÇÕES: Deploying web application directory /Applications/juddi-distro-3.3.1/juddi-tomcat-3.3.1/webapps/manager
nov 17, 2016 10:05:13 PM org.apache.catalina.startup.TldConfig execute
INFORMAÇÕES: At least one JAR was scanned for TLDs yet contained no TLDs. Enable debug logging for this logger for a complete list of JARs that were scanned but no TLDs were found in them. Skipping unneeded JARs during scanning can improve startup time and JSP compilation time.
nov 17, 2016 10:05:13 PM org.apache.catalina.startup.HostConfig deployDirectory
INFORMAÇÕES: Deployment of web application directory /Applications/juddi-distro-3.3.1/juddi-tomcat-3.3.1/webapps/manager has finished in 524 ms
nov 17, 2016 10:05:13 PM org.apache.catalina.startup.HostConfig deployDirectory
INFORMAÇÕES: Deploying web application directory /Applications/juddi-distro-3.3.1/juddi-tomcat-3.3.1/webapps/ROOT
nov 17, 2016 10:05:14 PM org.apache.catalina.startup.TldConfig execute
INFORMAÇÕES: At least one JAR was scanned for TLDs yet contained no TLDs. Enable debug logging for this logger for a complete list of JARs that were scanned but no TLDs were found in them. Skipping unneeded JARs during scanning can improve startup time and JSP compilation time.
nov 17, 2016 10:05:14 PM org.apache.catalina.startup.HostConfig deployDirectory
INFORMAÇÕES: Deployment of web application directory /Applications/juddi-distro-3.3.1/juddi-tomcat-3.3.1/webapps/ROOT has finished in 317 ms
nov 17, 2016 10:05:14 PM org.apache.catalina.startup.Catalina start
INFORMAÇÕES: Server startup in 16684 ms
nov 17, 2016 10:05:14 PM org.apache.catalina.core.StandardServer await
GRAVE: StandardServer.await: create[localhost:8005]: 
java.net.BindException: Address already in use
	at java.net.PlainSocketImpl.socketBind(Native Method)
	at java.net.AbstractPlainSocketImpl.bind(AbstractPlainSocketImpl.java:387)
	at java.net.ServerSocket.bind(ServerSocket.java:375)
	at java.net.ServerSocket.<init>(ServerSocket.java:237)
	at org.apache.catalina.core.StandardServer.await(StandardServer.java:427)
	at org.apache.catalina.startup.Catalina.await(Catalina.java:777)
	at org.apache.catalina.startup.Catalina.start(Catalina.java:723)
	at sun.reflect.NativeMethodAccessorImpl.invoke0(Native Method)
	at sun.reflect.NativeMethodAccessorImpl.invoke(NativeMethodAccessorImpl.java:62)
	at sun.reflect.DelegatingMethodAccessorImpl.invoke(DelegatingMethodAccessorImpl.java:43)
	at java.lang.reflect.Method.invoke(Method.java:497)
	at org.apache.catalina.startup.Bootstrap.start(Bootstrap.java:321)
	at org.apache.catalina.startup.Bootstrap.main(Bootstrap.java:455)

nov 17, 2016 10:05:14 PM org.apache.coyote.AbstractProtocol pause
INFORMAÇÕES: Pausing ProtocolHandler ["http-bio-8080"]
nov 17, 2016 10:05:14 PM org.apache.coyote.AbstractProtocol pause
INFORMAÇÕES: Pausing ProtocolHandler ["ajp-bio-8009"]
nov 17, 2016 10:05:14 PM org.apache.catalina.core.StandardService stopInternal
INFORMAÇÕES: Stopping service Catalina
nov 17, 2016 10:05:14 PM org.apache.juddi.webconsole.StartupServlet contextDestroyed
INFORMAÇÕES: Cleaning up juddi-gui
nov 17, 2016 10:05:14 PM org.apache.coyote.AbstractProtocol stop
INFORMAÇÕES: Stopping ProtocolHandler ["http-bio-8080"]
nov 17, 2016 10:05:14 PM org.apache.coyote.AbstractProtocol destroy
INFORMAÇÕES: Destroying ProtocolHandler ["http-bio-8080"]
nov 17, 2016 10:05:14 PM org.apache.coyote.AbstractProtocol stop
INFORMAÇÕES: Stopping ProtocolHandler ["ajp-bio-8009"]
nov 17, 2016 10:05:14 PM org.apache.coyote.AbstractProtocol destroy
INFORMAÇÕES: Destroying ProtocolHandler ["ajp-bio-8009"]
nov 17, 2016 10:05:19 PM org.apache.cxf.service.factory.ReflectionServiceFactoryBean buildServiceFromWSDL
INFORMAÇÕES: Creating Service {urn:uddi-org:v3_service}UDDI_Service from WSDL: file:/Applications/juddi-distro-3.3.1/juddi-tomcat-3.3.1/work/Catalina/localhost/juddi-gui/loader/uddi_v3_service.wsdl
nov 17, 2016 10:05:19 PM org.apache.cxf.service.factory.ReflectionServiceFactoryBean buildServiceFromWSDL
INFORMAÇÕES: Creating Service {urn:uddi-org:v3_service}UDDI_Service from WSDL: file:/Applications/juddi-distro-3.3.1/juddi-tomcat-3.3.1/work/Catalina/localhost/juddi-gui/loader/uddi_v3_service.wsdl
nov 17, 2016 10:05:20 PM org.apache.cxf.service.factory.ReflectionServiceFactoryBean buildServiceFromWSDL
INFORMAÇÕES: Creating Service {urn:uddi-org:v3_service}UDDI_Service from WSDL: file:/Applications/juddi-distro-3.3.1/juddi-tomcat-3.3.1/work/Catalina/localhost/juddi-gui/loader/uddi_v3_service.wsdl
nov 17, 2016 10:05:20 PM org.apache.cxf.service.factory.ReflectionServiceFactoryBean buildServiceFromWSDL
INFORMAÇÕES: Creating Service {urn:uddi-org:v3_service}UDDI_Service from WSDL: file:/Applications/juddi-distro-3.3.1/juddi-tomcat-3.3.1/work/Catalina/localhost/juddi-gui/loader/uddi_v3_service.wsdl
nov 17, 2016 10:05:20 PM org.apache.cxf.service.factory.ReflectionServiceFactoryBean buildServiceFromWSDL
INFORMAÇÕES: Creating Service {urn:uddi-org:v3_service}UDDI_Service from WSDL: file:/Applications/juddi-distro-3.3.1/juddi-tomcat-3.3.1/work/Catalina/localhost/juddi-gui/loader/uddi_v3_service.wsdl
nov 17, 2016 10:47:29 PM org.apache.catalina.core.StandardServer await
INFORMAÇÕES: A valid shutdown command was received via the shutdown port. Stopping the Server instance.
nov 17, 2016 10:47:29 PM org.apache.coyote.AbstractProtocol pause
INFORMAÇÕES: Pausing ProtocolHandler ["http-bio-8080"]
nov 17, 2016 10:47:29 PM org.apache.coyote.AbstractProtocol pause
INFORMAÇÕES: Pausing ProtocolHandler ["ajp-bio-8009"]
nov 17, 2016 10:47:29 PM org.apache.catalina.core.StandardService stopInternal
INFORMAÇÕES: Stopping service Catalina
nov 17, 2016 10:47:29 PM org.apache.juddi.webconsole.StartupServlet contextDestroyed
INFORMAÇÕES: Cleaning up juddi-gui
nov 17, 2016 10:47:29 PM org.apache.catalina.loader.WebappClassLoader checkThreadLocalMapForLeaks
GRAVE: The web application [/juddi-gui] created a ThreadLocal with key of type [com.sun.xml.bind.v2.ClassFactory$1] (value [com.sun.xml.bind.v2.ClassFactory$1@367d7a91]) and a value of type [java.util.WeakHashMap] (value [{class org.uddi.api_v3.AuthToken=java.lang.ref.WeakReference@1aaa4596}]) but failed to remove it when the web application was stopped. Threads are going to be renewed over time to try and avoid a probable memory leak.
nov 17, 2016 10:47:29 PM org.apache.catalina.loader.WebappClassLoader checkThreadLocalMapForLeaks
GRAVE: The web application [/juddi-gui] created a ThreadLocal with key of type [com.sun.xml.bind.v2.ClassFactory$1] (value [com.sun.xml.bind.v2.ClassFactory$1@367d7a91]) and a value of type [java.util.WeakHashMap] (value [{class javax.xml.bind.annotation.W3CDomHandler=java.lang.ref.WeakReference@6cac253a}]) but failed to remove it when the web application was stopped. Threads are going to be renewed over time to try and avoid a probable memory leak.
nov 17, 2016 10:47:29 PM org.apache.juddi.adminconsole.StartupServlet contextDestroyed
INFORMAÇÕES: Cleaning up juddi-admin
nov 17, 2016 10:47:30 PM org.apache.catalina.loader.WebappClassLoader clearReferencesThreads
GRAVE: The web application [/juddiv3replication] appears to have started a thread named [Timer-3] but has failed to stop it. This is very likely to create a memory leak.
nov 17, 2016 10:47:30 PM org.apache.juddi.adminconsole.StartupServlet contextDestroyed
INFORMAÇÕES: Cleaning up juddi-admin
nov 17, 2016 10:47:30 PM org.apache.catalina.loader.WebappClassLoader checkThreadLocalMapForLeaks
GRAVE: The web application [/juddiv3] created a ThreadLocal with key of type [com.sun.xml.bind.v2.ClassFactory$1] (value [com.sun.xml.bind.v2.ClassFactory$1@316f16f9]) and a value of type [java.util.WeakHashMap] (value [{class org.uddi.api_v3.GetAuthToken=java.lang.ref.WeakReference@191dc051}]) but failed to remove it when the web application was stopped. Threads are going to be renewed over time to try and avoid a probable memory leak.
nov 17, 2016 10:47:30 PM org.apache.coyote.AbstractProtocol stop
INFORMAÇÕES: Stopping ProtocolHandler ["http-bio-8080"]
nov 17, 2016 10:47:30 PM org.apache.coyote.AbstractProtocol stop
INFORMAÇÕES: Stopping ProtocolHandler ["ajp-bio-8009"]
nov 17, 2016 10:47:30 PM org.apache.coyote.AbstractProtocol destroy
INFORMAÇÕES: Destroying ProtocolHandler ["http-bio-8080"]
nov 17, 2016 10:47:30 PM org.apache.coyote.AbstractProtocol destroy
INFORMAÇÕES: Destroying ProtocolHandler ["ajp-bio-8009"]
