jun 01, 2016 11:40:02 AM org.apache.catalina.core.StandardServer await
INFORMAÇÕES: A valid shutdown command was received via the shutdown port. Stopping the Server instance.
jun 01, 2016 11:40:02 AM org.apache.coyote.AbstractProtocol pause
INFORMAÇÕES: Pausing ProtocolHandler ["http-bio-8080"]
jun 01, 2016 11:40:02 AM org.apache.coyote.AbstractProtocol pause
INFORMAÇÕES: Pausing ProtocolHandler ["ajp-bio-8009"]
jun 01, 2016 11:40:02 AM org.apache.catalina.core.StandardService stopInternal
INFORMAÇÕES: Stopping service Catalina
jun 01, 2016 11:40:02 AM org.apache.juddi.webconsole.StartupServlet contextDestroyed
INFORMAÇÕES: Cleaning up juddi-gui
jun 01, 2016 11:40:02 AM org.apache.catalina.loader.WebappClassLoader checkThreadLocalMapForLeaks
GRAVE: The web application [/juddi-gui] created a ThreadLocal with key of type [com.sun.xml.bind.v2.ClassFactory$1] (value [com.sun.xml.bind.v2.ClassFactory$1@7b3d1a94]) and a value of type [java.util.WeakHashMap] (value [{class org.uddi.api_v3.ServiceList=java.lang.ref.WeakReference@4b4577b0, class org.uddi.api_v3.Name=java.lang.ref.WeakReference@1a26ed77, class java.util.ArrayList=java.lang.ref.WeakReference@5004a232, class org.uddi.api_v3.ServiceInfos=java.lang.ref.WeakReference@437efb1c, class org.uddi.api_v3.ServiceInfo=java.lang.ref.WeakReference@2366ec34, class org.uddi.api_v3.ListDescription=java.lang.ref.WeakReference@e06f07a}]) but failed to remove it when the web application was stopped. Threads are going to be renewed over time to try and avoid a probable memory leak.
jun 01, 2016 11:40:02 AM org.apache.catalina.loader.WebappClassLoader checkThreadLocalMapForLeaks
GRAVE: The web application [/juddi-gui] created a ThreadLocal with key of type [com.sun.xml.bind.v2.ClassFactory$1] (value [com.sun.xml.bind.v2.ClassFactory$1@7b3d1a94]) and a value of type [java.util.WeakHashMap] (value [{class javax.xml.bind.annotation.W3CDomHandler=java.lang.ref.WeakReference@7b66d6ba}]) but failed to remove it when the web application was stopped. Threads are going to be renewed over time to try and avoid a probable memory leak.
jun 01, 2016 11:40:02 AM org.apache.juddi.adminconsole.StartupServlet contextDestroyed
INFORMAÇÕES: Cleaning up juddi-admin
jun 01, 2016 11:40:02 AM org.apache.catalina.loader.WebappClassLoader clearReferencesThreads
GRAVE: The web application [/juddiv3replication] appears to have started a thread named [Timer-3] but has failed to stop it. This is very likely to create a memory leak.
jun 01, 2016 11:40:03 AM org.apache.juddi.adminconsole.StartupServlet contextDestroyed
INFORMAÇÕES: Cleaning up juddi-admin
jun 01, 2016 11:40:03 AM org.apache.catalina.loader.WebappClassLoader checkThreadLocalMapForLeaks
GRAVE: The web application [/juddiv3] created a ThreadLocal with key of type [com.sun.xml.bind.v2.ClassFactory$1] (value [com.sun.xml.bind.v2.ClassFactory$1@cd56e87]) and a value of type [java.util.WeakHashMap] (value [{class org.uddi.api_v3.Name=java.lang.ref.WeakReference@4878f878, class java.util.ArrayList=java.lang.ref.WeakReference@faa6a9f, class org.uddi.api_v3.GetServiceDetail=java.lang.ref.WeakReference@693e142f, class org.uddi.api_v3.FindService=java.lang.ref.WeakReference@4e38eed9}]) but failed to remove it when the web application was stopped. Threads are going to be renewed over time to try and avoid a probable memory leak.
jun 01, 2016 11:40:03 AM org.apache.catalina.loader.WebappClassLoader checkThreadLocalMapForLeaks
GRAVE: The web application [/juddiv3] created a ThreadLocal with key of type [com.sun.xml.bind.v2.ClassFactory$1] (value [com.sun.xml.bind.v2.ClassFactory$1@cd56e87]) and a value of type [java.util.WeakHashMap] (value [{class org.uddi.api_v3.Name=java.lang.ref.WeakReference@410c745e, class java.util.ArrayList=java.lang.ref.WeakReference@1d2e1072, class org.uddi.api_v3.GetServiceDetail=java.lang.ref.WeakReference@428f094, class org.uddi.api_v3.FindService=java.lang.ref.WeakReference@d6f98ee}]) but failed to remove it when the web application was stopped. Threads are going to be renewed over time to try and avoid a probable memory leak.
jun 01, 2016 11:40:03 AM org.apache.catalina.loader.WebappClassLoader checkThreadLocalMapForLeaks
GRAVE: The web application [/juddiv3] created a ThreadLocal with key of type [com.sun.xml.bind.v2.ClassFactory$1] (value [com.sun.xml.bind.v2.ClassFactory$1@cd56e87]) and a value of type [java.util.WeakHashMap] (value [{class org.uddi.api_v3.Name=java.lang.ref.WeakReference@2fe3b399, class java.util.ArrayList=java.lang.ref.WeakReference@42a39b97, class org.uddi.api_v3.GetServiceDetail=java.lang.ref.WeakReference@14c7f07, class org.uddi.api_v3.FindService=java.lang.ref.WeakReference@70952f28}]) but failed to remove it when the web application was stopped. Threads are going to be renewed over time to try and avoid a probable memory leak.
jun 01, 2016 11:40:03 AM org.apache.catalina.loader.WebappClassLoader checkThreadLocalMapForLeaks
GRAVE: The web application [/juddiv3] created a ThreadLocal with key of type [com.sun.xml.bind.v2.ClassFactory$1] (value [com.sun.xml.bind.v2.ClassFactory$1@cd56e87]) and a value of type [java.util.WeakHashMap] (value [{class org.uddi.api_v3.Name=java.lang.ref.WeakReference@42d835d8, class java.util.ArrayList=java.lang.ref.WeakReference@1c797137, class org.uddi.api_v3.GetServiceDetail=java.lang.ref.WeakReference@7e2f81f8, class org.uddi.api_v3.FindService=java.lang.ref.WeakReference@279a1d7a}]) but failed to remove it when the web application was stopped. Threads are going to be renewed over time to try and avoid a probable memory leak.
jun 01, 2016 11:40:03 AM org.apache.catalina.loader.WebappClassLoader checkThreadLocalMapForLeaks
GRAVE: The web application [/juddiv3] created a ThreadLocal with key of type [com.sun.xml.bind.v2.ClassFactory$1] (value [com.sun.xml.bind.v2.ClassFactory$1@cd56e87]) and a value of type [java.util.WeakHashMap] (value [{class org.uddi.api_v3.Name=java.lang.ref.WeakReference@24ef8aa4, class java.util.ArrayList=java.lang.ref.WeakReference@73c8a7c7, class org.uddi.api_v3.GetServiceDetail=java.lang.ref.WeakReference@716ac807, class org.uddi.api_v3.FindService=java.lang.ref.WeakReference@66c6a9d}]) but failed to remove it when the web application was stopped. Threads are going to be renewed over time to try and avoid a probable memory leak.
jun 01, 2016 11:40:03 AM org.apache.catalina.loader.WebappClassLoader checkThreadLocalMapForLeaks
GRAVE: The web application [/juddiv3] created a ThreadLocal with key of type [com.sun.xml.bind.v2.ClassFactory$1] (value [com.sun.xml.bind.v2.ClassFactory$1@cd56e87]) and a value of type [java.util.WeakHashMap] (value [{class org.uddi.api_v3.Name=java.lang.ref.WeakReference@5e0e6a5e, class java.util.ArrayList=java.lang.ref.WeakReference@68ce08c7, class org.uddi.api_v3.GetServiceDetail=java.lang.ref.WeakReference@4f43df29, class org.uddi.api_v3.FindService=java.lang.ref.WeakReference@2a9e7cde}]) but failed to remove it when the web application was stopped. Threads are going to be renewed over time to try and avoid a probable memory leak.
jun 01, 2016 11:40:03 AM org.apache.catalina.loader.WebappClassLoader checkThreadLocalMapForLeaks
GRAVE: The web application [/juddiv3] created a ThreadLocal with key of type [com.sun.xml.bind.v2.ClassFactory$1] (value [com.sun.xml.bind.v2.ClassFactory$1@cd56e87]) and a value of type [java.util.WeakHashMap] (value [{class org.uddi.api_v3.FindQualifiers=java.lang.ref.WeakReference@7efbf49, class org.uddi.api_v3.Name=java.lang.ref.WeakReference@1f7f0743, class java.util.ArrayList=java.lang.ref.WeakReference@4e142912, class org.uddi.api_v3.GetServiceDetail=java.lang.ref.WeakReference@17b5c482, class org.uddi.api_v3.FindService=java.lang.ref.WeakReference@6dda24ca}]) but failed to remove it when the web application was stopped. Threads are going to be renewed over time to try and avoid a probable memory leak.
jun 01, 2016 11:40:03 AM org.apache.catalina.loader.WebappClassLoader checkThreadLocalMapForLeaks
GRAVE: The web application [/juddiv3] created a ThreadLocal with key of type [com.sun.xml.bind.v2.ClassFactory$1] (value [com.sun.xml.bind.v2.ClassFactory$1@cd56e87]) and a value of type [java.util.WeakHashMap] (value [{class org.uddi.api_v3.Name=java.lang.ref.WeakReference@a78732d, class java.util.ArrayList=java.lang.ref.WeakReference@654b87c9, class org.uddi.api_v3.GetServiceDetail=java.lang.ref.WeakReference@5c63de36, class org.uddi.api_v3.FindService=java.lang.ref.WeakReference@60235d04}]) but failed to remove it when the web application was stopped. Threads are going to be renewed over time to try and avoid a probable memory leak.
jun 01, 2016 11:40:03 AM org.apache.catalina.loader.WebappClassLoader checkThreadLocalMapForLeaks
GRAVE: The web application [/juddiv3] created a ThreadLocal with key of type [com.sun.xml.bind.v2.ClassFactory$1] (value [com.sun.xml.bind.v2.ClassFactory$1@cd56e87]) and a value of type [java.util.WeakHashMap] (value [{class org.uddi.api_v3.Name=java.lang.ref.WeakReference@298bbb36, class java.util.ArrayList=java.lang.ref.WeakReference@10471401, class org.uddi.api_v3.GetServiceDetail=java.lang.ref.WeakReference@5297ea51, class org.uddi.api_v3.FindService=java.lang.ref.WeakReference@28a6567a}]) but failed to remove it when the web application was stopped. Threads are going to be renewed over time to try and avoid a probable memory leak.
jun 01, 2016 11:40:03 AM org.apache.catalina.loader.WebappClassLoader checkThreadLocalMapForLeaks
GRAVE: The web application [/juddiv3] created a ThreadLocal with key of type [com.sun.xml.bind.v2.ClassFactory$1] (value [com.sun.xml.bind.v2.ClassFactory$1@cd56e87]) and a value of type [java.util.WeakHashMap] (value [{class org.uddi.api_v3.Name=java.lang.ref.WeakReference@5c001a53, class java.util.ArrayList=java.lang.ref.WeakReference@74cfeace, class org.uddi.api_v3.GetServiceDetail=java.lang.ref.WeakReference@19e74364, class org.uddi.api_v3.FindService=java.lang.ref.WeakReference@368c3a4}]) but failed to remove it when the web application was stopped. Threads are going to be renewed over time to try and avoid a probable memory leak.
jun 01, 2016 11:40:03 AM org.apache.coyote.AbstractProtocol stop
INFORMAÇÕES: Stopping ProtocolHandler ["http-bio-8080"]
jun 01, 2016 11:40:03 AM org.apache.coyote.AbstractProtocol stop
INFORMAÇÕES: Stopping ProtocolHandler ["ajp-bio-8009"]
jun 01, 2016 11:40:03 AM org.apache.coyote.AbstractProtocol destroy
INFORMAÇÕES: Destroying ProtocolHandler ["http-bio-8080"]
jun 01, 2016 11:40:03 AM org.apache.coyote.AbstractProtocol destroy
INFORMAÇÕES: Destroying ProtocolHandler ["ajp-bio-8009"]
