dez 03, 2016 3:40:57 PM org.apache.catalina.startup.VersionLoggerListener log
INFORMAÇÕES: Server version:        Apache Tomcat/7.0.64
dez 03, 2016 3:40:57 PM org.apache.catalina.startup.VersionLoggerListener log
INFORMAÇÕES: Server built:          Aug 19 2015 17:18:06 UTC
dez 03, 2016 3:40:57 PM org.apache.catalina.startup.VersionLoggerListener log
INFORMAÇÕES: Server number:         7.0.64.0
dez 03, 2016 3:40:57 PM org.apache.catalina.startup.VersionLoggerListener log
INFORMAÇÕES: OS Name:               Mac OS X
dez 03, 2016 3:40:57 PM org.apache.catalina.startup.VersionLoggerListener log
INFORMAÇÕES: OS Version:            10.11.4
dez 03, 2016 3:40:57 PM org.apache.catalina.startup.VersionLoggerListener log
INFORMAÇÕES: Architecture:          x86_64
dez 03, 2016 3:40:57 PM org.apache.catalina.startup.VersionLoggerListener log
INFORMAÇÕES: Java Home:             /Library/Java/JavaVirtualMachines/jdk1.8.0_65.jdk/Contents/Home/jre
dez 03, 2016 3:40:57 PM org.apache.catalina.startup.VersionLoggerListener log
INFORMAÇÕES: JVM Version:           1.8.0_65-b17
dez 03, 2016 3:40:57 PM org.apache.catalina.startup.VersionLoggerListener log
INFORMAÇÕES: JVM Vendor:            Oracle Corporation
dez 03, 2016 3:40:57 PM org.apache.catalina.startup.VersionLoggerListener log
INFORMAÇÕES: CATALINA_BASE:         /Applications/juddi-distro-3.3.1/juddi-tomcat-3.3.1
dez 03, 2016 3:40:57 PM org.apache.catalina.startup.VersionLoggerListener log
INFORMAÇÕES: CATALINA_HOME:         /Applications/juddi-distro-3.3.1/juddi-tomcat-3.3.1
dez 03, 2016 3:40:57 PM org.apache.catalina.startup.VersionLoggerListener log
INFORMAÇÕES: Command line argument: -Djava.util.logging.config.file=/Applications/juddi-distro-3.3.1/juddi-tomcat-3.3.1/conf/logging.properties
dez 03, 2016 3:40:57 PM org.apache.catalina.startup.VersionLoggerListener log
INFORMAÇÕES: Command line argument: -Djava.util.logging.manager=org.apache.juli.ClassLoaderLogManager
dez 03, 2016 3:40:57 PM org.apache.catalina.startup.VersionLoggerListener log
INFORMAÇÕES: Command line argument: -Xms4096M
dez 03, 2016 3:40:57 PM org.apache.catalina.startup.VersionLoggerListener log
INFORMAÇÕES: Command line argument: -Xmx4096M
dez 03, 2016 3:40:57 PM org.apache.catalina.startup.VersionLoggerListener log
INFORMAÇÕES: Command line argument: -XX:PermSize=512M
dez 03, 2016 3:40:57 PM org.apache.catalina.startup.VersionLoggerListener log
INFORMAÇÕES: Command line argument: -XX:MaxPermSize=512M
dez 03, 2016 3:40:57 PM org.apache.catalina.startup.VersionLoggerListener log
INFORMAÇÕES: Command line argument: -Djava.endorsed.dirs=/Applications/juddi-distro-3.3.1/juddi-tomcat-3.3.1/endorsed
dez 03, 2016 3:40:57 PM org.apache.catalina.startup.VersionLoggerListener log
INFORMAÇÕES: Command line argument: -Dcatalina.base=/Applications/juddi-distro-3.3.1/juddi-tomcat-3.3.1
dez 03, 2016 3:40:57 PM org.apache.catalina.startup.VersionLoggerListener log
INFORMAÇÕES: Command line argument: -Dcatalina.home=/Applications/juddi-distro-3.3.1/juddi-tomcat-3.3.1
dez 03, 2016 3:40:57 PM org.apache.catalina.startup.VersionLoggerListener log
INFORMAÇÕES: Command line argument: -Djava.io.tmpdir=/Applications/juddi-distro-3.3.1/juddi-tomcat-3.3.1/temp
dez 03, 2016 3:40:57 PM org.apache.catalina.core.AprLifecycleListener lifecycleEvent
INFORMAÇÕES: The APR based Apache Tomcat Native library which allows optimal performance in production environments was not found on the java.library.path: /Users/macbook/Library/Java/Extensions:/Library/Java/Extensions:/Network/Library/Java/Extensions:/System/Library/Java/Extensions:/usr/lib/java:.
dez 03, 2016 3:40:57 PM org.apache.coyote.AbstractProtocol init
INFORMAÇÕES: Initializing ProtocolHandler ["http-bio-8080"]
dez 03, 2016 3:40:57 PM org.apache.coyote.AbstractProtocol init
INFORMAÇÕES: Initializing ProtocolHandler ["ajp-bio-8009"]
dez 03, 2016 3:40:57 PM org.apache.catalina.startup.Catalina load
INFORMAÇÕES: Initialization processed in 822 ms
dez 03, 2016 3:40:57 PM org.apache.catalina.core.StandardService startInternal
INFORMAÇÕES: Starting service Catalina
dez 03, 2016 3:40:57 PM org.apache.catalina.core.StandardEngine startInternal
INFORMAÇÕES: Starting Servlet Engine: Apache Tomcat/7.0.64
dez 03, 2016 3:40:57 PM org.apache.catalina.startup.HostConfig deployDirectory
INFORMAÇÕES: Deploying web application directory /Applications/juddi-distro-3.3.1/juddi-tomcat-3.3.1/webapps/docs
dez 03, 2016 3:40:58 PM org.apache.catalina.startup.TldConfig execute
INFORMAÇÕES: At least one JAR was scanned for TLDs yet contained no TLDs. Enable debug logging for this logger for a complete list of JARs that were scanned but no TLDs were found in them. Skipping unneeded JARs during scanning can improve startup time and JSP compilation time.
dez 03, 2016 3:40:58 PM org.apache.catalina.startup.HostConfig deployDirectory
INFORMAÇÕES: Deployment of web application directory /Applications/juddi-distro-3.3.1/juddi-tomcat-3.3.1/webapps/docs has finished in 918 ms
dez 03, 2016 3:40:58 PM org.apache.catalina.startup.HostConfig deployDirectory
INFORMAÇÕES: Deploying web application directory /Applications/juddi-distro-3.3.1/juddi-tomcat-3.3.1/webapps/examples
dez 03, 2016 3:40:59 PM org.apache.catalina.startup.TldConfig execute
INFORMAÇÕES: At least one JAR was scanned for TLDs yet contained no TLDs. Enable debug logging for this logger for a complete list of JARs that were scanned but no TLDs were found in them. Skipping unneeded JARs during scanning can improve startup time and JSP compilation time.
dez 03, 2016 3:40:59 PM org.apache.catalina.startup.HostConfig deployDirectory
INFORMAÇÕES: Deployment of web application directory /Applications/juddi-distro-3.3.1/juddi-tomcat-3.3.1/webapps/examples has finished in 904 ms
dez 03, 2016 3:40:59 PM org.apache.catalina.startup.HostConfig deployDirectory
INFORMAÇÕES: Deploying web application directory /Applications/juddi-distro-3.3.1/juddi-tomcat-3.3.1/webapps/host-manager
dez 03, 2016 3:40:59 PM org.apache.catalina.startup.TldConfig execute
INFORMAÇÕES: At least one JAR was scanned for TLDs yet contained no TLDs. Enable debug logging for this logger for a complete list of JARs that were scanned but no TLDs were found in them. Skipping unneeded JARs during scanning can improve startup time and JSP compilation time.
dez 03, 2016 3:40:59 PM org.apache.catalina.startup.HostConfig deployDirectory
INFORMAÇÕES: Deployment of web application directory /Applications/juddi-distro-3.3.1/juddi-tomcat-3.3.1/webapps/host-manager has finished in 525 ms
dez 03, 2016 3:40:59 PM org.apache.catalina.startup.HostConfig deployDirectory
INFORMAÇÕES: Deploying web application directory /Applications/juddi-distro-3.3.1/juddi-tomcat-3.3.1/webapps/juddi-gui
dez 03, 2016 3:41:01 PM org.apache.catalina.startup.TldConfig execute
INFORMAÇÕES: At least one JAR was scanned for TLDs yet contained no TLDs. Enable debug logging for this logger for a complete list of JARs that were scanned but no TLDs were found in them. Skipping unneeded JARs during scanning can improve startup time and JSP compilation time.
dez 03, 2016 3:41:01 PM org.apache.juddi.webconsole.StartupServlet contextInitialized
INFORMAÇÕES: juddi-gui startup
dez 03, 2016 3:41:01 PM org.apache.juddi.webconsole.StartupServlet contextInitialized
INFORMAÇÕES: Attempting to generate 256 bit AES key
dez 03, 2016 3:41:01 PM org.apache.juddi.webconsole.StartupServlet contextInitialized
ADVERTÊNCIA: 256 bit key validation failed. To use higher key sizes, try installing the Java Cryptographic Extensions (JCE) Unlimited Strength
dez 03, 2016 3:41:01 PM org.apache.juddi.webconsole.StartupServlet contextInitialized
INFORMAÇÕES: Attempting to generate 128 bit AES key
dez 03, 2016 3:41:01 PM org.apache.juddi.webconsole.StartupServlet contextInitialized
INFORMAÇÕES: Generation of 128 bit AES key successful
dez 03, 2016 3:41:01 PM org.apache.juddi.webconsole.StartupServlet contextInitialized
INFORMAÇÕES: Storing key to /Applications/juddi-distro-3.3.1/juddi-tomcat-3.3.1/webapps/juddi-gui/META-INF/config.properties
dez 03, 2016 3:41:01 PM org.apache.catalina.startup.HostConfig deployDirectory
INFORMAÇÕES: Deployment of web application directory /Applications/juddi-distro-3.3.1/juddi-tomcat-3.3.1/webapps/juddi-gui has finished in 2,172 ms
dez 03, 2016 3:41:01 PM org.apache.catalina.startup.HostConfig deployDirectory
INFORMAÇÕES: Deploying web application directory /Applications/juddi-distro-3.3.1/juddi-tomcat-3.3.1/webapps/juddiv3
dez 03, 2016 3:41:06 PM org.apache.catalina.startup.TldConfig execute
INFORMAÇÕES: At least one JAR was scanned for TLDs yet contained no TLDs. Enable debug logging for this logger for a complete list of JARs that were scanned but no TLDs were found in them. Skipping unneeded JARs during scanning can improve startup time and JSP compilation time.
dez 03, 2016 3:41:11 PM org.apache.cxf.service.factory.ReflectionServiceFactoryBean buildServiceFromClass
INFORMAÇÕES: Creating Service {urn:uddi-org:v3_service}UDDIInquiryService from class org.uddi.v3_service.UDDIInquiryPortType
dez 03, 2016 3:41:13 PM org.apache.cxf.bus.spring.OldSpringSupport logWarning
ADVERTÊNCIA: Import of META-INF/cxf/cxf-extension-soap.xml has been deprecated and is unnecessary.
dez 03, 2016 3:41:13 PM org.apache.cxf.endpoint.ServerImpl initDestination
INFORMAÇÕES: Setting the server's publish address to be /inquiry
dez 03, 2016 3:41:14 PM org.apache.cxf.service.factory.ReflectionServiceFactoryBean buildServiceFromClass
INFORMAÇÕES: Creating Service {urn:uddi-org:v3_service}UDDIPublicationService from class org.uddi.v3_service.UDDIPublicationPortType
dez 03, 2016 3:41:14 PM org.apache.cxf.endpoint.ServerImpl initDestination
INFORMAÇÕES: Setting the server's publish address to be /publish
dez 03, 2016 3:41:14 PM org.apache.cxf.service.factory.ReflectionServiceFactoryBean buildServiceFromClass
INFORMAÇÕES: Creating Service {urn:uddi-org:v3_service}UDDISecurityService from class org.uddi.v3_service.UDDISecurityPortType
dez 03, 2016 3:41:14 PM org.apache.cxf.endpoint.ServerImpl initDestination
INFORMAÇÕES: Setting the server's publish address to be /security
dez 03, 2016 3:41:14 PM org.apache.cxf.service.factory.ReflectionServiceFactoryBean buildServiceFromClass
INFORMAÇÕES: Creating Service {urn:uddi-org:v3_service}UDDISubscriptionService from class org.uddi.v3_service.UDDISubscriptionPortType
dez 03, 2016 3:41:14 PM org.apache.cxf.endpoint.ServerImpl initDestination
INFORMAÇÕES: Setting the server's publish address to be /subscription
dez 03, 2016 3:41:14 PM org.apache.cxf.service.factory.ReflectionServiceFactoryBean buildServiceFromClass
INFORMAÇÕES: Creating Service {urn:uddi-org:v3_service}UDDISubscriptionListenerService from class org.uddi.v3_service.UDDISubscriptionListenerPortType
dez 03, 2016 3:41:15 PM org.apache.cxf.endpoint.ServerImpl initDestination
INFORMAÇÕES: Setting the server's publish address to be /subscription-listener
dez 03, 2016 3:41:15 PM org.apache.cxf.service.factory.ReflectionServiceFactoryBean buildServiceFromClass
INFORMAÇÕES: Creating Service {urn:uddi-org:v3_service}UDDICustodyTransferService from class org.uddi.v3_service.UDDICustodyTransferPortType
dez 03, 2016 3:41:15 PM org.apache.cxf.endpoint.ServerImpl initDestination
INFORMAÇÕES: Setting the server's publish address to be /custody-transfer
dez 03, 2016 3:41:15 PM org.apache.cxf.service.factory.ReflectionServiceFactoryBean buildServiceFromClass
INFORMAÇÕES: Creating Service {http://impl.api.juddi.apache.org/}UDDIValueSetValidationImplService from class org.uddi.v3_service.UDDIValueSetValidationPortType
dez 03, 2016 3:41:15 PM org.apache.cxf.endpoint.ServerImpl initDestination
INFORMAÇÕES: Setting the server's publish address to be /valueset-validation
dez 03, 2016 3:41:15 PM org.apache.cxf.service.factory.ReflectionServiceFactoryBean buildServiceFromClass
INFORMAÇÕES: Creating Service {http://impl.api.juddi.apache.org/}UDDIValueSetCachingImplService from class org.uddi.v3_service.UDDIValueSetCachingPortType
dez 03, 2016 3:41:16 PM org.apache.cxf.endpoint.ServerImpl initDestination
INFORMAÇÕES: Setting the server's publish address to be /valueset-caching
dez 03, 2016 3:41:16 PM org.apache.cxf.service.factory.ReflectionServiceFactoryBean buildServiceFromClass
INFORMAÇÕES: Creating Service {urn:uddi-org:inquiry_v2}Inquire from class org.uddi.v2_service.Inquire
dez 03, 2016 3:41:16 PM org.apache.cxf.endpoint.ServerImpl initDestination
INFORMAÇÕES: Setting the server's publish address to be /inquiryv2
dez 03, 2016 3:41:16 PM org.apache.cxf.service.factory.ReflectionServiceFactoryBean buildServiceFromClass
INFORMAÇÕES: Creating Service {urn:uddi-org:publication_v2}Publish from class org.uddi.v2_service.Publish
dez 03, 2016 3:41:16 PM org.apache.cxf.endpoint.ServerImpl initDestination
INFORMAÇÕES: Setting the server's publish address to be /publishv2
dez 03, 2016 3:41:16 PM org.apache.cxf.service.factory.ReflectionServiceFactoryBean buildServiceFromWSDL
INFORMAÇÕES: Creating Service {urn:juddi-apache-org:v3_service}JUDDIApiService from WSDL: classpath:/juddi_api_v1.wsdl
dez 03, 2016 3:41:17 PM org.apache.cxf.endpoint.ServerImpl initDestination
INFORMAÇÕES: Setting the server's publish address to be /juddi-api
dez 03, 2016 3:41:17 PM org.apache.cxf.endpoint.ServerImpl initDestination
INFORMAÇÕES: Setting the server's publish address to be /inquiryRest
dez 03, 2016 3:41:17 PM org.apache.juddi.adminconsole.StartupServlet contextInitialized
INFORMAÇÕES: juddi-admin gui startup
dez 03, 2016 3:41:17 PM org.apache.juddi.adminconsole.StartupServlet contextInitialized
INFORMAÇÕES: Attempting to generate 256 bit AES key
dez 03, 2016 3:41:17 PM org.apache.juddi.adminconsole.StartupServlet contextInitialized
ADVERTÊNCIA: 256 bit key validation failed. To use higher key sizes, try installing the Java Cryptographic Extensions (JCE) Unlimited Strength
dez 03, 2016 3:41:17 PM org.apache.juddi.adminconsole.StartupServlet contextInitialized
INFORMAÇÕES: Attempting to generate 128 bit AES key
dez 03, 2016 3:41:17 PM org.apache.juddi.adminconsole.StartupServlet contextInitialized
INFORMAÇÕES: Generation of 128 bit AES key successful
dez 03, 2016 3:41:17 PM org.apache.juddi.adminconsole.StartupServlet contextInitialized
INFORMAÇÕES: Storing key to /Applications/juddi-distro-3.3.1/juddi-tomcat-3.3.1/webapps/juddiv3/WEB-INF/config.properties
dez 03, 2016 3:41:17 PM org.apache.catalina.startup.HostConfig deployDirectory
INFORMAÇÕES: Deployment of web application directory /Applications/juddi-distro-3.3.1/juddi-tomcat-3.3.1/webapps/juddiv3 has finished in 15,670 ms
dez 03, 2016 3:41:17 PM org.apache.catalina.startup.HostConfig deployDirectory
INFORMAÇÕES: Deploying web application directory /Applications/juddi-distro-3.3.1/juddi-tomcat-3.3.1/webapps/juddiv3replication
dez 03, 2016 3:41:19 PM org.apache.catalina.startup.TldConfig execute
INFORMAÇÕES: At least one JAR was scanned for TLDs yet contained no TLDs. Enable debug logging for this logger for a complete list of JARs that were scanned but no TLDs were found in them. Skipping unneeded JARs during scanning can improve startup time and JSP compilation time.
dez 03, 2016 3:41:23 PM org.apache.cxf.service.factory.ReflectionServiceFactoryBean buildServiceFromClass
INFORMAÇÕES: Creating Service {urn:uddi-org:repl_v3_portType}UDDI_Replication_PortType from class org.uddi.v3_service.UDDIReplicationPortType
dez 03, 2016 3:41:24 PM org.apache.cxf.bus.spring.OldSpringSupport logWarning
ADVERTÊNCIA: Import of META-INF/cxf/cxf-extension-soap.xml has been deprecated and is unnecessary.
dez 03, 2016 3:41:24 PM org.apache.cxf.endpoint.ServerImpl initDestination
INFORMAÇÕES: Setting the server's publish address to be /replication
dez 03, 2016 3:41:24 PM org.apache.juddi.adminconsole.StartupServlet contextInitialized
INFORMAÇÕES: juddi-admin gui startup
dez 03, 2016 3:41:24 PM org.apache.juddi.adminconsole.StartupServlet contextInitialized
INFORMAÇÕES: Attempting to generate 256 bit AES key
dez 03, 2016 3:41:24 PM org.apache.juddi.adminconsole.StartupServlet contextInitialized
ADVERTÊNCIA: 256 bit key validation failed. To use higher key sizes, try installing the Java Cryptographic Extensions (JCE) Unlimited Strength
dez 03, 2016 3:41:24 PM org.apache.juddi.adminconsole.StartupServlet contextInitialized
INFORMAÇÕES: Attempting to generate 128 bit AES key
dez 03, 2016 3:41:24 PM org.apache.juddi.adminconsole.StartupServlet contextInitialized
INFORMAÇÕES: Generation of 128 bit AES key successful
dez 03, 2016 3:41:24 PM org.apache.juddi.adminconsole.StartupServlet contextInitialized
INFORMAÇÕES: Storing key to /Applications/juddi-distro-3.3.1/juddi-tomcat-3.3.1/webapps/juddiv3replication/WEB-INF/config.properties
dez 03, 2016 3:41:24 PM org.apache.catalina.startup.HostConfig deployDirectory
INFORMAÇÕES: Deployment of web application directory /Applications/juddi-distro-3.3.1/juddi-tomcat-3.3.1/webapps/juddiv3replication has finished in 7,316 ms
dez 03, 2016 3:41:24 PM org.apache.catalina.startup.HostConfig deployDirectory
INFORMAÇÕES: Deploying web application directory /Applications/juddi-distro-3.3.1/juddi-tomcat-3.3.1/webapps/manager
dez 03, 2016 3:41:25 PM org.apache.catalina.startup.TldConfig execute
INFORMAÇÕES: At least one JAR was scanned for TLDs yet contained no TLDs. Enable debug logging for this logger for a complete list of JARs that were scanned but no TLDs were found in them. Skipping unneeded JARs during scanning can improve startup time and JSP compilation time.
dez 03, 2016 3:41:25 PM org.apache.catalina.startup.HostConfig deployDirectory
INFORMAÇÕES: Deployment of web application directory /Applications/juddi-distro-3.3.1/juddi-tomcat-3.3.1/webapps/manager has finished in 369 ms
dez 03, 2016 3:41:25 PM org.apache.catalina.startup.HostConfig deployDirectory
INFORMAÇÕES: Deploying web application directory /Applications/juddi-distro-3.3.1/juddi-tomcat-3.3.1/webapps/ROOT
dez 03, 2016 3:41:25 PM org.apache.catalina.startup.TldConfig execute
INFORMAÇÕES: At least one JAR was scanned for TLDs yet contained no TLDs. Enable debug logging for this logger for a complete list of JARs that were scanned but no TLDs were found in them. Skipping unneeded JARs during scanning can improve startup time and JSP compilation time.
dez 03, 2016 3:41:25 PM org.apache.catalina.startup.HostConfig deployDirectory
INFORMAÇÕES: Deployment of web application directory /Applications/juddi-distro-3.3.1/juddi-tomcat-3.3.1/webapps/ROOT has finished in 524 ms
dez 03, 2016 3:41:25 PM org.apache.coyote.AbstractProtocol start
INFORMAÇÕES: Starting ProtocolHandler ["http-bio-8080"]
dez 03, 2016 3:41:25 PM org.apache.coyote.AbstractProtocol start
INFORMAÇÕES: Starting ProtocolHandler ["ajp-bio-8009"]
dez 03, 2016 3:41:25 PM org.apache.catalina.startup.Catalina start
INFORMAÇÕES: Server startup in 28481 ms
dez 03, 2016 3:41:34 PM org.apache.cxf.service.factory.ReflectionServiceFactoryBean buildServiceFromWSDL
INFORMAÇÕES: Creating Service {urn:uddi-org:v3_service}UDDI_Service from WSDL: file:/Applications/juddi-distro-3.3.1/juddi-tomcat-3.3.1/work/Catalina/localhost/juddi-gui/loader/uddi_v3_service.wsdl
dez 03, 2016 3:41:36 PM org.apache.cxf.service.factory.ReflectionServiceFactoryBean buildServiceFromWSDL
INFORMAÇÕES: Creating Service {urn:uddi-org:v3_service}UDDI_Service from WSDL: file:/Applications/juddi-distro-3.3.1/juddi-tomcat-3.3.1/work/Catalina/localhost/juddi-gui/loader/uddi_v3_service.wsdl
dez 03, 2016 3:41:36 PM org.apache.cxf.service.factory.ReflectionServiceFactoryBean buildServiceFromWSDL
INFORMAÇÕES: Creating Service {urn:uddi-org:v3_service}UDDI_Service from WSDL: file:/Applications/juddi-distro-3.3.1/juddi-tomcat-3.3.1/work/Catalina/localhost/juddi-gui/loader/uddi_v3_service.wsdl
dez 03, 2016 3:41:36 PM org.apache.cxf.service.factory.ReflectionServiceFactoryBean buildServiceFromWSDL
INFORMAÇÕES: Creating Service {urn:uddi-org:v3_service}UDDI_Service from WSDL: file:/Applications/juddi-distro-3.3.1/juddi-tomcat-3.3.1/work/Catalina/localhost/juddi-gui/loader/uddi_v3_service.wsdl
dez 03, 2016 3:41:37 PM org.apache.cxf.service.factory.ReflectionServiceFactoryBean buildServiceFromWSDL
INFORMAÇÕES: Creating Service {urn:uddi-org:v3_service}UDDI_Service from WSDL: file:/Applications/juddi-distro-3.3.1/juddi-tomcat-3.3.1/work/Catalina/localhost/juddi-gui/loader/uddi_v3_service.wsdl
dez 03, 2016 3:43:59 PM org.apache.catalina.core.StandardServer await
INFORMAÇÕES: A valid shutdown command was received via the shutdown port. Stopping the Server instance.
dez 03, 2016 3:43:59 PM org.apache.coyote.AbstractProtocol pause
INFORMAÇÕES: Pausing ProtocolHandler ["http-bio-8080"]
dez 03, 2016 3:43:59 PM org.apache.coyote.AbstractProtocol pause
INFORMAÇÕES: Pausing ProtocolHandler ["ajp-bio-8009"]
dez 03, 2016 3:43:59 PM org.apache.catalina.core.StandardService stopInternal
INFORMAÇÕES: Stopping service Catalina
dez 03, 2016 3:43:59 PM org.apache.juddi.webconsole.StartupServlet contextDestroyed
INFORMAÇÕES: Cleaning up juddi-gui
dez 03, 2016 3:43:59 PM org.apache.catalina.loader.WebappClassLoader checkThreadLocalMapForLeaks
GRAVE: The web application [/juddi-gui] created a ThreadLocal with key of type [com.sun.xml.bind.v2.ClassFactory$1] (value [com.sun.xml.bind.v2.ClassFactory$1@1fa413dc]) and a value of type [java.util.WeakHashMap] (value [{class java.util.ArrayList=java.lang.ref.WeakReference@1cf13612, class org.uddi.api_v3.Name=java.lang.ref.WeakReference@dfe335e, class org.uddi.api_v3.ServiceInfos=java.lang.ref.WeakReference@4298e683, class org.uddi.api_v3.ListDescription=java.lang.ref.WeakReference@7d1d37ff, class org.uddi.api_v3.ServiceList=java.lang.ref.WeakReference@68c9dfe8, class org.uddi.api_v3.ServiceInfo=java.lang.ref.WeakReference@1451656c}]) but failed to remove it when the web application was stopped. Threads are going to be renewed over time to try and avoid a probable memory leak.
dez 03, 2016 3:43:59 PM org.apache.catalina.loader.WebappClassLoader checkThreadLocalMapForLeaks
GRAVE: The web application [/juddi-gui] created a ThreadLocal with key of type [com.sun.xml.bind.v2.ClassFactory$1] (value [com.sun.xml.bind.v2.ClassFactory$1@1fa413dc]) and a value of type [java.util.WeakHashMap] (value [{class org.uddi.api_v3.AuthToken=java.lang.ref.WeakReference@11f8359b}]) but failed to remove it when the web application was stopped. Threads are going to be renewed over time to try and avoid a probable memory leak.
dez 03, 2016 3:43:59 PM org.apache.catalina.loader.WebappClassLoader checkThreadLocalMapForLeaks
GRAVE: The web application [/juddi-gui] created a ThreadLocal with key of type [com.sun.xml.bind.v2.ClassFactory$1] (value [com.sun.xml.bind.v2.ClassFactory$1@1fa413dc]) and a value of type [java.util.WeakHashMap] (value [{class javax.xml.bind.annotation.W3CDomHandler=java.lang.ref.WeakReference@5ce5a94}]) but failed to remove it when the web application was stopped. Threads are going to be renewed over time to try and avoid a probable memory leak.
dez 03, 2016 3:43:59 PM org.apache.juddi.adminconsole.StartupServlet contextDestroyed
INFORMAÇÕES: Cleaning up juddi-admin
dez 03, 2016 3:44:00 PM org.apache.catalina.loader.WebappClassLoader clearReferencesThreads
GRAVE: The web application [/juddiv3replication] appears to have started a thread named [Timer-3] but has failed to stop it. This is very likely to create a memory leak.
dez 03, 2016 3:44:00 PM org.apache.juddi.adminconsole.StartupServlet contextDestroyed
INFORMAÇÕES: Cleaning up juddi-admin
dez 03, 2016 3:44:00 PM org.apache.catalina.loader.WebappClassLoader checkThreadLocalMapForLeaks
GRAVE: The web application [/juddiv3] created a ThreadLocal with key of type [com.sun.xml.bind.v2.ClassFactory$1] (value [com.sun.xml.bind.v2.ClassFactory$1@1f312baa]) and a value of type [java.util.WeakHashMap] (value [{class org.uddi.api_v3.GetAuthToken=java.lang.ref.WeakReference@5c0c7a3}]) but failed to remove it when the web application was stopped. Threads are going to be renewed over time to try and avoid a probable memory leak.
dez 03, 2016 3:44:00 PM org.apache.catalina.loader.WebappClassLoader checkThreadLocalMapForLeaks
GRAVE: The web application [/juddiv3] created a ThreadLocal with key of type [com.sun.xml.bind.v2.ClassFactory$1] (value [com.sun.xml.bind.v2.ClassFactory$1@1f312baa]) and a value of type [java.util.WeakHashMap] (value [{class org.uddi.api_v3.Name=java.lang.ref.WeakReference@435f957, class org.uddi.api_v3.FindService=java.lang.ref.WeakReference@1cb82c71, class java.util.ArrayList=java.lang.ref.WeakReference@a423837, class org.uddi.api_v3.FindQualifiers=java.lang.ref.WeakReference@9bc0b03}]) but failed to remove it when the web application was stopped. Threads are going to be renewed over time to try and avoid a probable memory leak.
dez 03, 2016 3:44:00 PM org.apache.coyote.AbstractProtocol stop
INFORMAÇÕES: Stopping ProtocolHandler ["http-bio-8080"]
dez 03, 2016 3:44:00 PM org.apache.coyote.AbstractProtocol stop
INFORMAÇÕES: Stopping ProtocolHandler ["ajp-bio-8009"]
dez 03, 2016 3:44:00 PM org.apache.coyote.AbstractProtocol destroy
INFORMAÇÕES: Destroying ProtocolHandler ["http-bio-8080"]
dez 03, 2016 3:44:00 PM org.apache.coyote.AbstractProtocol destroy
INFORMAÇÕES: Destroying ProtocolHandler ["ajp-bio-8009"]
dez 03, 2016 3:45:21 PM org.apache.catalina.startup.VersionLoggerListener log
INFORMAÇÕES: Server version:        Apache Tomcat/7.0.64
dez 03, 2016 3:45:21 PM org.apache.catalina.startup.VersionLoggerListener log
INFORMAÇÕES: Server built:          Aug 19 2015 17:18:06 UTC
dez 03, 2016 3:45:21 PM org.apache.catalina.startup.VersionLoggerListener log
INFORMAÇÕES: Server number:         7.0.64.0
dez 03, 2016 3:45:21 PM org.apache.catalina.startup.VersionLoggerListener log
INFORMAÇÕES: OS Name:               Mac OS X
dez 03, 2016 3:45:21 PM org.apache.catalina.startup.VersionLoggerListener log
INFORMAÇÕES: OS Version:            10.11.4
dez 03, 2016 3:45:21 PM org.apache.catalina.startup.VersionLoggerListener log
INFORMAÇÕES: Architecture:          x86_64
dez 03, 2016 3:45:21 PM org.apache.catalina.startup.VersionLoggerListener log
INFORMAÇÕES: Java Home:             /Library/Java/JavaVirtualMachines/jdk1.8.0_65.jdk/Contents/Home/jre
dez 03, 2016 3:45:21 PM org.apache.catalina.startup.VersionLoggerListener log
INFORMAÇÕES: JVM Version:           1.8.0_65-b17
dez 03, 2016 3:45:21 PM org.apache.catalina.startup.VersionLoggerListener log
INFORMAÇÕES: JVM Vendor:            Oracle Corporation
dez 03, 2016 3:45:21 PM org.apache.catalina.startup.VersionLoggerListener log
INFORMAÇÕES: CATALINA_BASE:         /Applications/juddi-distro-3.3.1/juddi-tomcat-3.3.1
dez 03, 2016 3:45:21 PM org.apache.catalina.startup.VersionLoggerListener log
INFORMAÇÕES: CATALINA_HOME:         /Applications/juddi-distro-3.3.1/juddi-tomcat-3.3.1
dez 03, 2016 3:45:21 PM org.apache.catalina.startup.VersionLoggerListener log
INFORMAÇÕES: Command line argument: -Djava.util.logging.config.file=/Applications/juddi-distro-3.3.1/juddi-tomcat-3.3.1/conf/logging.properties
dez 03, 2016 3:45:21 PM org.apache.catalina.startup.VersionLoggerListener log
INFORMAÇÕES: Command line argument: -Djava.util.logging.manager=org.apache.juli.ClassLoaderLogManager
dez 03, 2016 3:45:21 PM org.apache.catalina.startup.VersionLoggerListener log
INFORMAÇÕES: Command line argument: -Xms4096M
dez 03, 2016 3:45:21 PM org.apache.catalina.startup.VersionLoggerListener log
INFORMAÇÕES: Command line argument: -Xmx4096M
dez 03, 2016 3:45:21 PM org.apache.catalina.startup.VersionLoggerListener log
INFORMAÇÕES: Command line argument: -XX:PermSize=512M
dez 03, 2016 3:45:21 PM org.apache.catalina.startup.VersionLoggerListener log
INFORMAÇÕES: Command line argument: -XX:MaxPermSize=512M
dez 03, 2016 3:45:21 PM org.apache.catalina.startup.VersionLoggerListener log
INFORMAÇÕES: Command line argument: -Djava.endorsed.dirs=/Applications/juddi-distro-3.3.1/juddi-tomcat-3.3.1/endorsed
dez 03, 2016 3:45:21 PM org.apache.catalina.startup.VersionLoggerListener log
INFORMAÇÕES: Command line argument: -Dcatalina.base=/Applications/juddi-distro-3.3.1/juddi-tomcat-3.3.1
dez 03, 2016 3:45:21 PM org.apache.catalina.startup.VersionLoggerListener log
INFORMAÇÕES: Command line argument: -Dcatalina.home=/Applications/juddi-distro-3.3.1/juddi-tomcat-3.3.1
dez 03, 2016 3:45:21 PM org.apache.catalina.startup.VersionLoggerListener log
INFORMAÇÕES: Command line argument: -Djava.io.tmpdir=/Applications/juddi-distro-3.3.1/juddi-tomcat-3.3.1/temp
dez 03, 2016 3:45:21 PM org.apache.catalina.core.AprLifecycleListener lifecycleEvent
INFORMAÇÕES: The APR based Apache Tomcat Native library which allows optimal performance in production environments was not found on the java.library.path: /Users/macbook/Library/Java/Extensions:/Library/Java/Extensions:/Network/Library/Java/Extensions:/System/Library/Java/Extensions:/usr/lib/java:.
dez 03, 2016 3:45:21 PM org.apache.coyote.AbstractProtocol init
INFORMAÇÕES: Initializing ProtocolHandler ["http-bio-8080"]
dez 03, 2016 3:45:21 PM org.apache.coyote.AbstractProtocol init
INFORMAÇÕES: Initializing ProtocolHandler ["ajp-bio-8009"]
dez 03, 2016 3:45:21 PM org.apache.catalina.startup.Catalina load
INFORMAÇÕES: Initialization processed in 708 ms
dez 03, 2016 3:45:21 PM org.apache.catalina.core.StandardService startInternal
INFORMAÇÕES: Starting service Catalina
dez 03, 2016 3:45:21 PM org.apache.catalina.core.StandardEngine startInternal
INFORMAÇÕES: Starting Servlet Engine: Apache Tomcat/7.0.64
dez 03, 2016 3:45:21 PM org.apache.catalina.startup.HostConfig deployDirectory
INFORMAÇÕES: Deploying web application directory /Applications/juddi-distro-3.3.1/juddi-tomcat-3.3.1/webapps/docs
dez 03, 2016 3:45:22 PM org.apache.catalina.startup.TldConfig execute
INFORMAÇÕES: At least one JAR was scanned for TLDs yet contained no TLDs. Enable debug logging for this logger for a complete list of JARs that were scanned but no TLDs were found in them. Skipping unneeded JARs during scanning can improve startup time and JSP compilation time.
dez 03, 2016 3:45:22 PM org.apache.catalina.startup.HostConfig deployDirectory
INFORMAÇÕES: Deployment of web application directory /Applications/juddi-distro-3.3.1/juddi-tomcat-3.3.1/webapps/docs has finished in 782 ms
dez 03, 2016 3:45:22 PM org.apache.catalina.startup.HostConfig deployDirectory
INFORMAÇÕES: Deploying web application directory /Applications/juddi-distro-3.3.1/juddi-tomcat-3.3.1/webapps/examples
dez 03, 2016 3:45:22 PM org.apache.catalina.startup.TldConfig execute
INFORMAÇÕES: At least one JAR was scanned for TLDs yet contained no TLDs. Enable debug logging for this logger for a complete list of JARs that were scanned but no TLDs were found in them. Skipping unneeded JARs during scanning can improve startup time and JSP compilation time.
dez 03, 2016 3:45:22 PM org.apache.catalina.startup.HostConfig deployDirectory
INFORMAÇÕES: Deployment of web application directory /Applications/juddi-distro-3.3.1/juddi-tomcat-3.3.1/webapps/examples has finished in 818 ms
dez 03, 2016 3:45:22 PM org.apache.catalina.startup.HostConfig deployDirectory
INFORMAÇÕES: Deploying web application directory /Applications/juddi-distro-3.3.1/juddi-tomcat-3.3.1/webapps/host-manager
dez 03, 2016 3:45:23 PM org.apache.catalina.startup.TldConfig execute
INFORMAÇÕES: At least one JAR was scanned for TLDs yet contained no TLDs. Enable debug logging for this logger for a complete list of JARs that were scanned but no TLDs were found in them. Skipping unneeded JARs during scanning can improve startup time and JSP compilation time.
dez 03, 2016 3:45:23 PM org.apache.catalina.startup.HostConfig deployDirectory
INFORMAÇÕES: Deployment of web application directory /Applications/juddi-distro-3.3.1/juddi-tomcat-3.3.1/webapps/host-manager has finished in 392 ms
dez 03, 2016 3:45:23 PM org.apache.catalina.startup.HostConfig deployDirectory
INFORMAÇÕES: Deploying web application directory /Applications/juddi-distro-3.3.1/juddi-tomcat-3.3.1/webapps/juddi-gui
dez 03, 2016 3:45:24 PM org.apache.catalina.startup.TldConfig execute
INFORMAÇÕES: At least one JAR was scanned for TLDs yet contained no TLDs. Enable debug logging for this logger for a complete list of JARs that were scanned but no TLDs were found in them. Skipping unneeded JARs during scanning can improve startup time and JSP compilation time.
dez 03, 2016 3:45:24 PM org.apache.juddi.webconsole.StartupServlet contextInitialized
INFORMAÇÕES: juddi-gui startup
dez 03, 2016 3:45:24 PM org.apache.juddi.webconsole.StartupServlet contextInitialized
INFORMAÇÕES: Attempting to generate 256 bit AES key
dez 03, 2016 3:45:25 PM org.apache.juddi.webconsole.StartupServlet contextInitialized
ADVERTÊNCIA: 256 bit key validation failed. To use higher key sizes, try installing the Java Cryptographic Extensions (JCE) Unlimited Strength
dez 03, 2016 3:45:25 PM org.apache.juddi.webconsole.StartupServlet contextInitialized
INFORMAÇÕES: Attempting to generate 128 bit AES key
dez 03, 2016 3:45:25 PM org.apache.juddi.webconsole.StartupServlet contextInitialized
INFORMAÇÕES: Generation of 128 bit AES key successful
dez 03, 2016 3:45:25 PM org.apache.juddi.webconsole.StartupServlet contextInitialized
INFORMAÇÕES: Storing key to /Applications/juddi-distro-3.3.1/juddi-tomcat-3.3.1/webapps/juddi-gui/META-INF/config.properties
dez 03, 2016 3:45:25 PM org.apache.catalina.startup.HostConfig deployDirectory
INFORMAÇÕES: Deployment of web application directory /Applications/juddi-distro-3.3.1/juddi-tomcat-3.3.1/webapps/juddi-gui has finished in 1,906 ms
dez 03, 2016 3:45:25 PM org.apache.catalina.startup.HostConfig deployDirectory
INFORMAÇÕES: Deploying web application directory /Applications/juddi-distro-3.3.1/juddi-tomcat-3.3.1/webapps/juddiv3
dez 03, 2016 3:45:29 PM org.apache.catalina.startup.TldConfig execute
INFORMAÇÕES: At least one JAR was scanned for TLDs yet contained no TLDs. Enable debug logging for this logger for a complete list of JARs that were scanned but no TLDs were found in them. Skipping unneeded JARs during scanning can improve startup time and JSP compilation time.
dez 03, 2016 3:45:38 PM org.apache.cxf.service.factory.ReflectionServiceFactoryBean buildServiceFromClass
INFORMAÇÕES: Creating Service {urn:uddi-org:v3_service}UDDIInquiryService from class org.uddi.v3_service.UDDIInquiryPortType
dez 03, 2016 3:45:42 PM org.apache.cxf.bus.spring.OldSpringSupport logWarning
ADVERTÊNCIA: Import of META-INF/cxf/cxf-extension-soap.xml has been deprecated and is unnecessary.
dez 03, 2016 3:45:42 PM org.apache.cxf.endpoint.ServerImpl initDestination
INFORMAÇÕES: Setting the server's publish address to be /inquiry
dez 03, 2016 3:45:42 PM org.apache.cxf.service.factory.ReflectionServiceFactoryBean buildServiceFromClass
INFORMAÇÕES: Creating Service {urn:uddi-org:v3_service}UDDIPublicationService from class org.uddi.v3_service.UDDIPublicationPortType
dez 03, 2016 3:45:43 PM org.apache.cxf.endpoint.ServerImpl initDestination
INFORMAÇÕES: Setting the server's publish address to be /publish
dez 03, 2016 3:45:43 PM org.apache.cxf.service.factory.ReflectionServiceFactoryBean buildServiceFromClass
INFORMAÇÕES: Creating Service {urn:uddi-org:v3_service}UDDISecurityService from class org.uddi.v3_service.UDDISecurityPortType
dez 03, 2016 3:45:43 PM org.apache.cxf.endpoint.ServerImpl initDestination
INFORMAÇÕES: Setting the server's publish address to be /security
dez 03, 2016 3:45:43 PM org.apache.cxf.service.factory.ReflectionServiceFactoryBean buildServiceFromClass
INFORMAÇÕES: Creating Service {urn:uddi-org:v3_service}UDDISubscriptionService from class org.uddi.v3_service.UDDISubscriptionPortType
dez 03, 2016 3:45:43 PM org.apache.cxf.endpoint.ServerImpl initDestination
INFORMAÇÕES: Setting the server's publish address to be /subscription
dez 03, 2016 3:45:43 PM org.apache.cxf.service.factory.ReflectionServiceFactoryBean buildServiceFromClass
INFORMAÇÕES: Creating Service {urn:uddi-org:v3_service}UDDISubscriptionListenerService from class org.uddi.v3_service.UDDISubscriptionListenerPortType
dez 03, 2016 3:45:44 PM org.apache.cxf.endpoint.ServerImpl initDestination
INFORMAÇÕES: Setting the server's publish address to be /subscription-listener
dez 03, 2016 3:45:44 PM org.apache.cxf.service.factory.ReflectionServiceFactoryBean buildServiceFromClass
INFORMAÇÕES: Creating Service {urn:uddi-org:v3_service}UDDICustodyTransferService from class org.uddi.v3_service.UDDICustodyTransferPortType
dez 03, 2016 3:45:44 PM org.apache.cxf.endpoint.ServerImpl initDestination
INFORMAÇÕES: Setting the server's publish address to be /custody-transfer
dez 03, 2016 3:45:44 PM org.apache.cxf.service.factory.ReflectionServiceFactoryBean buildServiceFromClass
INFORMAÇÕES: Creating Service {http://impl.api.juddi.apache.org/}UDDIValueSetValidationImplService from class org.uddi.v3_service.UDDIValueSetValidationPortType
dez 03, 2016 3:45:44 PM org.apache.cxf.endpoint.ServerImpl initDestination
INFORMAÇÕES: Setting the server's publish address to be /valueset-validation
dez 03, 2016 3:45:44 PM org.apache.cxf.service.factory.ReflectionServiceFactoryBean buildServiceFromClass
INFORMAÇÕES: Creating Service {http://impl.api.juddi.apache.org/}UDDIValueSetCachingImplService from class org.uddi.v3_service.UDDIValueSetCachingPortType
dez 03, 2016 3:45:45 PM org.apache.cxf.endpoint.ServerImpl initDestination
INFORMAÇÕES: Setting the server's publish address to be /valueset-caching
dez 03, 2016 3:45:45 PM org.apache.cxf.service.factory.ReflectionServiceFactoryBean buildServiceFromClass
INFORMAÇÕES: Creating Service {urn:uddi-org:inquiry_v2}Inquire from class org.uddi.v2_service.Inquire
dez 03, 2016 3:45:45 PM org.apache.cxf.endpoint.ServerImpl initDestination
INFORMAÇÕES: Setting the server's publish address to be /inquiryv2
dez 03, 2016 3:45:45 PM org.apache.cxf.service.factory.ReflectionServiceFactoryBean buildServiceFromClass
INFORMAÇÕES: Creating Service {urn:uddi-org:publication_v2}Publish from class org.uddi.v2_service.Publish
dez 03, 2016 3:45:45 PM org.apache.cxf.endpoint.ServerImpl initDestination
INFORMAÇÕES: Setting the server's publish address to be /publishv2
dez 03, 2016 3:45:46 PM org.apache.cxf.service.factory.ReflectionServiceFactoryBean buildServiceFromWSDL
INFORMAÇÕES: Creating Service {urn:juddi-apache-org:v3_service}JUDDIApiService from WSDL: classpath:/juddi_api_v1.wsdl
dez 03, 2016 3:45:46 PM org.apache.cxf.endpoint.ServerImpl initDestination
INFORMAÇÕES: Setting the server's publish address to be /juddi-api
dez 03, 2016 3:45:46 PM org.apache.cxf.endpoint.ServerImpl initDestination
INFORMAÇÕES: Setting the server's publish address to be /inquiryRest
dez 03, 2016 3:45:46 PM org.apache.juddi.adminconsole.StartupServlet contextInitialized
INFORMAÇÕES: juddi-admin gui startup
dez 03, 2016 3:45:46 PM org.apache.juddi.adminconsole.StartupServlet contextInitialized
INFORMAÇÕES: Attempting to generate 256 bit AES key
dez 03, 2016 3:45:46 PM org.apache.juddi.adminconsole.StartupServlet contextInitialized
ADVERTÊNCIA: 256 bit key validation failed. To use higher key sizes, try installing the Java Cryptographic Extensions (JCE) Unlimited Strength
dez 03, 2016 3:45:46 PM org.apache.juddi.adminconsole.StartupServlet contextInitialized
INFORMAÇÕES: Attempting to generate 128 bit AES key
dez 03, 2016 3:45:46 PM org.apache.juddi.adminconsole.StartupServlet contextInitialized
INFORMAÇÕES: Generation of 128 bit AES key successful
dez 03, 2016 3:45:46 PM org.apache.juddi.adminconsole.StartupServlet contextInitialized
INFORMAÇÕES: Storing key to /Applications/juddi-distro-3.3.1/juddi-tomcat-3.3.1/webapps/juddiv3/WEB-INF/config.properties
dez 03, 2016 3:45:46 PM org.apache.catalina.startup.HostConfig deployDirectory
INFORMAÇÕES: Deployment of web application directory /Applications/juddi-distro-3.3.1/juddi-tomcat-3.3.1/webapps/juddiv3 has finished in 21,558 ms
dez 03, 2016 3:45:46 PM org.apache.catalina.startup.HostConfig deployDirectory
INFORMAÇÕES: Deploying web application directory /Applications/juddi-distro-3.3.1/juddi-tomcat-3.3.1/webapps/juddiv3replication
dez 03, 2016 3:45:49 PM org.apache.catalina.startup.TldConfig execute
INFORMAÇÕES: At least one JAR was scanned for TLDs yet contained no TLDs. Enable debug logging for this logger for a complete list of JARs that were scanned but no TLDs were found in them. Skipping unneeded JARs during scanning can improve startup time and JSP compilation time.
dez 03, 2016 3:45:53 PM org.apache.cxf.service.factory.ReflectionServiceFactoryBean buildServiceFromClass
INFORMAÇÕES: Creating Service {urn:uddi-org:repl_v3_portType}UDDI_Replication_PortType from class org.uddi.v3_service.UDDIReplicationPortType
dez 03, 2016 3:45:55 PM org.apache.cxf.bus.spring.OldSpringSupport logWarning
ADVERTÊNCIA: Import of META-INF/cxf/cxf-extension-soap.xml has been deprecated and is unnecessary.
dez 03, 2016 3:45:55 PM org.apache.cxf.endpoint.ServerImpl initDestination
INFORMAÇÕES: Setting the server's publish address to be /replication
dez 03, 2016 3:45:55 PM org.apache.juddi.adminconsole.StartupServlet contextInitialized
INFORMAÇÕES: juddi-admin gui startup
dez 03, 2016 3:45:55 PM org.apache.juddi.adminconsole.StartupServlet contextInitialized
INFORMAÇÕES: Attempting to generate 256 bit AES key
dez 03, 2016 3:45:55 PM org.apache.juddi.adminconsole.StartupServlet contextInitialized
ADVERTÊNCIA: 256 bit key validation failed. To use higher key sizes, try installing the Java Cryptographic Extensions (JCE) Unlimited Strength
dez 03, 2016 3:45:55 PM org.apache.juddi.adminconsole.StartupServlet contextInitialized
INFORMAÇÕES: Attempting to generate 128 bit AES key
dez 03, 2016 3:45:55 PM org.apache.juddi.adminconsole.StartupServlet contextInitialized
INFORMAÇÕES: Generation of 128 bit AES key successful
dez 03, 2016 3:45:55 PM org.apache.juddi.adminconsole.StartupServlet contextInitialized
INFORMAÇÕES: Storing key to /Applications/juddi-distro-3.3.1/juddi-tomcat-3.3.1/webapps/juddiv3replication/WEB-INF/config.properties
dez 03, 2016 3:45:55 PM org.apache.catalina.startup.HostConfig deployDirectory
INFORMAÇÕES: Deployment of web application directory /Applications/juddi-distro-3.3.1/juddi-tomcat-3.3.1/webapps/juddiv3replication has finished in 8,906 ms
dez 03, 2016 3:45:55 PM org.apache.catalina.startup.HostConfig deployDirectory
INFORMAÇÕES: Deploying web application directory /Applications/juddi-distro-3.3.1/juddi-tomcat-3.3.1/webapps/manager
dez 03, 2016 3:45:56 PM org.apache.catalina.startup.TldConfig execute
INFORMAÇÕES: At least one JAR was scanned for TLDs yet contained no TLDs. Enable debug logging for this logger for a complete list of JARs that were scanned but no TLDs were found in them. Skipping unneeded JARs during scanning can improve startup time and JSP compilation time.
dez 03, 2016 3:45:56 PM org.apache.catalina.startup.HostConfig deployDirectory
INFORMAÇÕES: Deployment of web application directory /Applications/juddi-distro-3.3.1/juddi-tomcat-3.3.1/webapps/manager has finished in 341 ms
dez 03, 2016 3:45:56 PM org.apache.catalina.startup.HostConfig deployDirectory
INFORMAÇÕES: Deploying web application directory /Applications/juddi-distro-3.3.1/juddi-tomcat-3.3.1/webapps/ROOT
dez 03, 2016 3:45:56 PM org.apache.catalina.startup.TldConfig execute
INFORMAÇÕES: At least one JAR was scanned for TLDs yet contained no TLDs. Enable debug logging for this logger for a complete list of JARs that were scanned but no TLDs were found in them. Skipping unneeded JARs during scanning can improve startup time and JSP compilation time.
dez 03, 2016 3:45:56 PM org.apache.catalina.startup.HostConfig deployDirectory
INFORMAÇÕES: Deployment of web application directory /Applications/juddi-distro-3.3.1/juddi-tomcat-3.3.1/webapps/ROOT has finished in 315 ms
dez 03, 2016 3:45:56 PM org.apache.coyote.AbstractProtocol start
INFORMAÇÕES: Starting ProtocolHandler ["http-bio-8080"]
dez 03, 2016 3:45:56 PM org.apache.coyote.AbstractProtocol start
INFORMAÇÕES: Starting ProtocolHandler ["ajp-bio-8009"]
dez 03, 2016 3:45:56 PM org.apache.catalina.startup.Catalina start
INFORMAÇÕES: Server startup in 35390 ms
dez 03, 2016 3:46:07 PM org.apache.cxf.service.factory.ReflectionServiceFactoryBean buildServiceFromWSDL
INFORMAÇÕES: Creating Service {urn:uddi-org:v3_service}UDDI_Service from WSDL: file:/Applications/juddi-distro-3.3.1/juddi-tomcat-3.3.1/work/Catalina/localhost/juddi-gui/loader/uddi_v3_service.wsdl
dez 03, 2016 3:46:09 PM org.apache.cxf.service.factory.ReflectionServiceFactoryBean buildServiceFromWSDL
INFORMAÇÕES: Creating Service {urn:uddi-org:v3_service}UDDI_Service from WSDL: file:/Applications/juddi-distro-3.3.1/juddi-tomcat-3.3.1/work/Catalina/localhost/juddi-gui/loader/uddi_v3_service.wsdl
dez 03, 2016 3:46:09 PM org.apache.cxf.service.factory.ReflectionServiceFactoryBean buildServiceFromWSDL
INFORMAÇÕES: Creating Service {urn:uddi-org:v3_service}UDDI_Service from WSDL: file:/Applications/juddi-distro-3.3.1/juddi-tomcat-3.3.1/work/Catalina/localhost/juddi-gui/loader/uddi_v3_service.wsdl
dez 03, 2016 3:46:09 PM org.apache.cxf.service.factory.ReflectionServiceFactoryBean buildServiceFromWSDL
INFORMAÇÕES: Creating Service {urn:uddi-org:v3_service}UDDI_Service from WSDL: file:/Applications/juddi-distro-3.3.1/juddi-tomcat-3.3.1/work/Catalina/localhost/juddi-gui/loader/uddi_v3_service.wsdl
dez 03, 2016 3:46:09 PM org.apache.cxf.service.factory.ReflectionServiceFactoryBean buildServiceFromWSDL
INFORMAÇÕES: Creating Service {urn:uddi-org:v3_service}UDDI_Service from WSDL: file:/Applications/juddi-distro-3.3.1/juddi-tomcat-3.3.1/work/Catalina/localhost/juddi-gui/loader/uddi_v3_service.wsdl
dez 03, 2016 3:46:21 PM org.apache.cxf.service.factory.ReflectionServiceFactoryBean buildServiceFromWSDL
INFORMAÇÕES: Creating Service {urn:uddi-org:v3_service}UDDI_Service from WSDL: file:/Applications/juddi-distro-3.3.1/juddi-tomcat-3.3.1/work/Catalina/localhost/juddi-gui/loader/uddi_v3_service.wsdl
dez 03, 2016 3:46:22 PM org.apache.cxf.service.factory.ReflectionServiceFactoryBean buildServiceFromWSDL
INFORMAÇÕES: Creating Service {urn:uddi-org:v3_service}UDDI_Service from WSDL: file:/Applications/juddi-distro-3.3.1/juddi-tomcat-3.3.1/work/Catalina/localhost/juddi-gui/loader/uddi_v3_service.wsdl
dez 03, 2016 3:46:22 PM org.apache.cxf.service.factory.ReflectionServiceFactoryBean buildServiceFromWSDL
INFORMAÇÕES: Creating Service {urn:uddi-org:v3_service}UDDI_Service from WSDL: file:/Applications/juddi-distro-3.3.1/juddi-tomcat-3.3.1/work/Catalina/localhost/juddi-gui/loader/uddi_v3_service.wsdl
dez 03, 2016 3:46:22 PM org.apache.cxf.service.factory.ReflectionServiceFactoryBean buildServiceFromWSDL
INFORMAÇÕES: Creating Service {urn:uddi-org:v3_service}UDDI_Service from WSDL: file:/Applications/juddi-distro-3.3.1/juddi-tomcat-3.3.1/work/Catalina/localhost/juddi-gui/loader/uddi_v3_service.wsdl
dez 03, 2016 3:46:22 PM org.apache.cxf.service.factory.ReflectionServiceFactoryBean buildServiceFromWSDL
INFORMAÇÕES: Creating Service {urn:uddi-org:v3_service}UDDI_Service from WSDL: file:/Applications/juddi-distro-3.3.1/juddi-tomcat-3.3.1/work/Catalina/localhost/juddi-gui/loader/uddi_v3_service.wsdl
dez 03, 2016 3:47:51 PM org.apache.cxf.service.factory.ReflectionServiceFactoryBean buildServiceFromWSDL
INFORMAÇÕES: Creating Service {urn:uddi-org:v3_service}UDDI_Service from WSDL: jar:file:/Applications/juddi-distro-3.3.1/juddi-tomcat-3.3.1/webapps/juddiv3/WEB-INF/lib/uddi-ws-3.3.1.jar!/uddi_v3_service.wsdl
dez 03, 2016 3:47:52 PM org.apache.cxf.phase.PhaseInterceptorChain doDefaultLogging
INFORMAÇÕES: Application {urn:uddi-org:v3_service}UDDIInquiryService#{urn:uddi-org:v3_service}get_businessDetail has thrown exception, unwinding now: org.apache.juddi.v3.error.InvalidKeyPassedException: The business entity was not found for the given key:  uddi.org.mycompany 
dez 03, 2016 3:47:52 PM org.apache.cxf.service.factory.ReflectionServiceFactoryBean buildServiceFromWSDL
INFORMAÇÕES: Creating Service {urn:uddi-org:v3_service}UDDI_Service from WSDL: jar:file:/Applications/juddi-distro-3.3.1/juddi-tomcat-3.3.1/webapps/juddiv3/WEB-INF/lib/uddi-ws-3.3.1.jar!/uddi_v3_service.wsdl
dez 03, 2016 3:49:33 PM org.apache.cxf.service.factory.ReflectionServiceFactoryBean buildServiceFromWSDL
INFORMAÇÕES: Creating Service {urn:uddi-org:v3_service}UDDI_Service from WSDL: jar:file:/Applications/juddi-distro-3.3.1/juddi-tomcat-3.3.1/webapps/juddiv3/WEB-INF/lib/uddi-ws-3.3.1.jar!/uddi_v3_service.wsdl
dez 03, 2016 3:52:01 PM org.apache.cxf.service.factory.ReflectionServiceFactoryBean buildServiceFromWSDL
INFORMAÇÕES: Creating Service {urn:uddi-org:v3_service}UDDI_Service from WSDL: jar:file:/Applications/juddi-distro-3.3.1/juddi-tomcat-3.3.1/webapps/juddiv3/WEB-INF/lib/uddi-ws-3.3.1.jar!/uddi_v3_service.wsdl
dez 03, 2016 3:57:15 PM org.apache.cxf.phase.PhaseInterceptorChain doDefaultLogging
INFORMAÇÕES: Application {urn:uddi-org:v3_service}UDDIInquiryService#{urn:uddi-org:v3_service}get_tModelDetail has thrown exception, unwinding now: org.apache.juddi.v3.error.InvalidKeyPassedException: The technical model was not found for the given key:  uddi:intrusiondetected1:keygenerator
dez 03, 2016 3:57:18 PM org.apache.cxf.phase.PhaseInterceptorChain doDefaultLogging
INFORMAÇÕES: Application {urn:uddi-org:v3_service}UDDIInquiryService#{urn:uddi-org:v3_service}get_tModelDetail has thrown exception, unwinding now: org.apache.juddi.v3.error.InvalidKeyPassedException: The technical model was not found for the given key:  uddi:intrusiondetected1:keygenerator
dez 03, 2016 3:57:18 PM org.apache.cxf.service.factory.ReflectionServiceFactoryBean buildServiceFromWSDL
INFORMAÇÕES: Creating Service {urn:uddi-org:v3_service}UDDI_Service from WSDL: jar:file:/Applications/juddi-distro-3.3.1/juddi-tomcat-3.3.1/webapps/juddiv3/WEB-INF/lib/uddi-ws-3.3.1.jar!/uddi_v3_service.wsdl
dez 03, 2016 3:57:18 PM org.apache.cxf.phase.PhaseInterceptorChain doDefaultLogging
INFORMAÇÕES: Application {urn:uddi-org:v3_service}UDDIInquiryService#{urn:uddi-org:v3_service}get_businessDetail has thrown exception, unwinding now: org.apache.juddi.v3.error.InvalidKeyPassedException: The business entity was not found for the given key:  uddi.org.mycompany 
dez 03, 2016 3:57:18 PM org.apache.cxf.service.factory.ReflectionServiceFactoryBean buildServiceFromWSDL
INFORMAÇÕES: Creating Service {urn:uddi-org:v3_service}UDDI_Service from WSDL: jar:file:/Applications/juddi-distro-3.3.1/juddi-tomcat-3.3.1/webapps/juddiv3/WEB-INF/lib/uddi-ws-3.3.1.jar!/uddi_v3_service.wsdl
dez 03, 2016 3:57:38 PM org.apache.cxf.service.factory.ReflectionServiceFactoryBean buildServiceFromWSDL
INFORMAÇÕES: Creating Service {urn:uddi-org:v3_service}UDDI_Service from WSDL: jar:file:/Applications/juddi-distro-3.3.1/juddi-tomcat-3.3.1/webapps/juddiv3/WEB-INF/lib/uddi-ws-3.3.1.jar!/uddi_v3_service.wsdl
dez 03, 2016 3:57:38 PM org.apache.cxf.phase.PhaseInterceptorChain doDefaultLogging
INFORMAÇÕES: Application {urn:uddi-org:v3_service}UDDIInquiryService#{urn:uddi-org:v3_service}get_businessDetail has thrown exception, unwinding now: org.apache.juddi.v3.error.InvalidKeyPassedException: The business entity was not found for the given key:  uddi.org.mycompany 
dez 03, 2016 3:57:38 PM org.apache.cxf.service.factory.ReflectionServiceFactoryBean buildServiceFromWSDL
INFORMAÇÕES: Creating Service {urn:uddi-org:v3_service}UDDI_Service from WSDL: jar:file:/Applications/juddi-distro-3.3.1/juddi-tomcat-3.3.1/webapps/juddiv3/WEB-INF/lib/uddi-ws-3.3.1.jar!/uddi_v3_service.wsdl
dez 03, 2016 3:57:40 PM org.apache.cxf.service.factory.ReflectionServiceFactoryBean buildServiceFromWSDL
INFORMAÇÕES: Creating Service {urn:uddi-org:v3_service}UDDI_Service from WSDL: jar:file:/Applications/juddi-distro-3.3.1/juddi-tomcat-3.3.1/webapps/juddiv3/WEB-INF/lib/uddi-ws-3.3.1.jar!/uddi_v3_service.wsdl
dez 03, 2016 3:57:40 PM org.apache.cxf.phase.PhaseInterceptorChain doDefaultLogging
INFORMAÇÕES: Application {urn:uddi-org:v3_service}UDDIInquiryService#{urn:uddi-org:v3_service}get_businessDetail has thrown exception, unwinding now: org.apache.juddi.v3.error.InvalidKeyPassedException: The business entity was not found for the given key:  uddi.org.mycompany 
dez 03, 2016 3:57:40 PM org.apache.cxf.service.factory.ReflectionServiceFactoryBean buildServiceFromWSDL
INFORMAÇÕES: Creating Service {urn:uddi-org:v3_service}UDDI_Service from WSDL: jar:file:/Applications/juddi-distro-3.3.1/juddi-tomcat-3.3.1/webapps/juddiv3/WEB-INF/lib/uddi-ws-3.3.1.jar!/uddi_v3_service.wsdl
dez 03, 2016 3:59:08 PM org.apache.cxf.service.factory.ReflectionServiceFactoryBean buildServiceFromWSDL
INFORMAÇÕES: Creating Service {urn:uddi-org:v3_service}UDDI_Service from WSDL: jar:file:/Applications/juddi-distro-3.3.1/juddi-tomcat-3.3.1/webapps/juddiv3/WEB-INF/lib/uddi-ws-3.3.1.jar!/uddi_v3_service.wsdl
dez 03, 2016 4:00:18 PM org.apache.cxf.service.factory.ReflectionServiceFactoryBean buildServiceFromWSDL
INFORMAÇÕES: Creating Service {urn:uddi-org:v3_service}UDDI_Service from WSDL: jar:file:/Applications/juddi-distro-3.3.1/juddi-tomcat-3.3.1/webapps/juddiv3/WEB-INF/lib/uddi-ws-3.3.1.jar!/uddi_v3_service.wsdl
dez 03, 2016 4:02:05 PM org.apache.cxf.phase.PhaseInterceptorChain doDefaultLogging
INFORMAÇÕES: Application {urn:uddi-org:v3_service}UDDIInquiryService#{urn:uddi-org:v3_service}get_tModelDetail has thrown exception, unwinding now: org.apache.juddi.v3.error.InvalidKeyPassedException: The technical model was not found for the given key:  uddi:intrusiondetected2:keygenerator
dez 03, 2016 4:02:07 PM org.apache.cxf.phase.PhaseInterceptorChain doDefaultLogging
INFORMAÇÕES: Application {urn:uddi-org:v3_service}UDDIInquiryService#{urn:uddi-org:v3_service}get_tModelDetail has thrown exception, unwinding now: org.apache.juddi.v3.error.InvalidKeyPassedException: The technical model was not found for the given key:  uddi:intrusiondetected2:keygenerator
dez 03, 2016 4:02:07 PM org.apache.cxf.phase.PhaseInterceptorChain doDefaultLogging
INFORMAÇÕES: Application {urn:uddi-org:v3_service}UDDIPublicationService#{urn:uddi-org:v3_service}save_tModel has thrown exception, unwinding now: org.apache.juddi.v3.error.AuthTokenExpiredException: The authentication token is expired
dez 03, 2016 4:02:07 PM org.apache.cxf.service.factory.ReflectionServiceFactoryBean buildServiceFromWSDL
INFORMAÇÕES: Creating Service {urn:uddi-org:v3_service}UDDI_Service from WSDL: jar:file:/Applications/juddi-distro-3.3.1/juddi-tomcat-3.3.1/webapps/juddiv3/WEB-INF/lib/uddi-ws-3.3.1.jar!/uddi_v3_service.wsdl
dez 03, 2016 4:02:08 PM org.apache.cxf.phase.PhaseInterceptorChain doDefaultLogging
INFORMAÇÕES: Application {urn:uddi-org:v3_service}UDDIInquiryService#{urn:uddi-org:v3_service}get_businessDetail has thrown exception, unwinding now: org.apache.juddi.v3.error.InvalidKeyPassedException: The business entity was not found for the given key:  uddi.org.mycompany 
dez 03, 2016 4:02:08 PM org.apache.cxf.service.factory.ReflectionServiceFactoryBean buildServiceFromWSDL
INFORMAÇÕES: Creating Service {urn:uddi-org:v3_service}UDDI_Service from WSDL: jar:file:/Applications/juddi-distro-3.3.1/juddi-tomcat-3.3.1/webapps/juddiv3/WEB-INF/lib/uddi-ws-3.3.1.jar!/uddi_v3_service.wsdl
dez 03, 2016 4:02:11 PM org.apache.cxf.service.factory.ReflectionServiceFactoryBean buildServiceFromWSDL
INFORMAÇÕES: Creating Service {urn:uddi-org:v3_service}UDDI_Service from WSDL: jar:file:/Applications/juddi-distro-3.3.1/juddi-tomcat-3.3.1/webapps/juddiv3/WEB-INF/lib/uddi-ws-3.3.1.jar!/uddi_v3_service.wsdl
dez 03, 2016 4:02:11 PM org.apache.cxf.phase.PhaseInterceptorChain doDefaultLogging
INFORMAÇÕES: Application {urn:uddi-org:v3_service}UDDIInquiryService#{urn:uddi-org:v3_service}get_businessDetail has thrown exception, unwinding now: org.apache.juddi.v3.error.InvalidKeyPassedException: The business entity was not found for the given key:  uddi.org.mycompany 
dez 03, 2016 4:02:11 PM org.apache.cxf.service.factory.ReflectionServiceFactoryBean buildServiceFromWSDL
INFORMAÇÕES: Creating Service {urn:uddi-org:v3_service}UDDI_Service from WSDL: jar:file:/Applications/juddi-distro-3.3.1/juddi-tomcat-3.3.1/webapps/juddiv3/WEB-INF/lib/uddi-ws-3.3.1.jar!/uddi_v3_service.wsdl
dez 03, 2016 4:05:00 PM org.apache.cxf.service.factory.ReflectionServiceFactoryBean buildServiceFromWSDL
INFORMAÇÕES: Creating Service {urn:uddi-org:v3_service}UDDI_Service from WSDL: jar:file:/Applications/juddi-distro-3.3.1/juddi-tomcat-3.3.1/webapps/juddiv3/WEB-INF/lib/uddi-ws-3.3.1.jar!/uddi_v3_service.wsdl
dez 03, 2016 8:07:27 PM org.apache.cxf.service.factory.ReflectionServiceFactoryBean buildServiceFromWSDL
INFORMAÇÕES: Creating Service {urn:uddi-org:v3_service}UDDI_Service from WSDL: file:/Applications/juddi-distro-3.3.1/juddi-tomcat-3.3.1/work/Catalina/localhost/juddi-gui/loader/uddi_v3_service.wsdl
dez 03, 2016 8:07:28 PM org.apache.cxf.service.factory.ReflectionServiceFactoryBean buildServiceFromWSDL
INFORMAÇÕES: Creating Service {urn:uddi-org:v3_service}UDDI_Service from WSDL: file:/Applications/juddi-distro-3.3.1/juddi-tomcat-3.3.1/work/Catalina/localhost/juddi-gui/loader/uddi_v3_service.wsdl
dez 03, 2016 8:07:28 PM org.apache.cxf.service.factory.ReflectionServiceFactoryBean buildServiceFromWSDL
INFORMAÇÕES: Creating Service {urn:uddi-org:v3_service}UDDI_Service from WSDL: file:/Applications/juddi-distro-3.3.1/juddi-tomcat-3.3.1/work/Catalina/localhost/juddi-gui/loader/uddi_v3_service.wsdl
dez 03, 2016 8:07:28 PM org.apache.cxf.service.factory.ReflectionServiceFactoryBean buildServiceFromWSDL
INFORMAÇÕES: Creating Service {urn:uddi-org:v3_service}UDDI_Service from WSDL: file:/Applications/juddi-distro-3.3.1/juddi-tomcat-3.3.1/work/Catalina/localhost/juddi-gui/loader/uddi_v3_service.wsdl
dez 03, 2016 8:07:28 PM org.apache.cxf.service.factory.ReflectionServiceFactoryBean buildServiceFromWSDL
INFORMAÇÕES: Creating Service {urn:uddi-org:v3_service}UDDI_Service from WSDL: file:/Applications/juddi-distro-3.3.1/juddi-tomcat-3.3.1/work/Catalina/localhost/juddi-gui/loader/uddi_v3_service.wsdl
dez 03, 2016 8:07:34 PM org.apache.cxf.phase.PhaseInterceptorChain doDefaultLogging
INFORMAÇÕES: Application {urn:uddi-org:v3_service}UDDIPublicationService#{urn:uddi-org:v3_service}delete_service has thrown exception, unwinding now: org.apache.juddi.v3.error.AuthTokenRequiredException: Authentication is required for this API call
dez 03, 2016 8:08:37 PM org.apache.cxf.service.factory.ReflectionServiceFactoryBean buildServiceFromWSDL
INFORMAÇÕES: Creating Service {urn:uddi-org:v3_service}UDDI_Service from WSDL: file:/Applications/juddi-distro-3.3.1/juddi-tomcat-3.3.1/work/Catalina/localhost/juddi-gui/loader/uddi_v3_service.wsdl
dez 03, 2016 8:08:37 PM org.apache.cxf.service.factory.ReflectionServiceFactoryBean buildServiceFromWSDL
INFORMAÇÕES: Creating Service {urn:uddi-org:v3_service}UDDI_Service from WSDL: file:/Applications/juddi-distro-3.3.1/juddi-tomcat-3.3.1/work/Catalina/localhost/juddi-gui/loader/uddi_v3_service.wsdl
dez 03, 2016 8:08:37 PM org.apache.cxf.service.factory.ReflectionServiceFactoryBean buildServiceFromWSDL
INFORMAÇÕES: Creating Service {urn:uddi-org:v3_service}UDDI_Service from WSDL: file:/Applications/juddi-distro-3.3.1/juddi-tomcat-3.3.1/work/Catalina/localhost/juddi-gui/loader/uddi_v3_service.wsdl
dez 03, 2016 8:08:37 PM org.apache.cxf.service.factory.ReflectionServiceFactoryBean buildServiceFromWSDL
INFORMAÇÕES: Creating Service {urn:uddi-org:v3_service}UDDI_Service from WSDL: file:/Applications/juddi-distro-3.3.1/juddi-tomcat-3.3.1/work/Catalina/localhost/juddi-gui/loader/uddi_v3_service.wsdl
dez 03, 2016 8:08:37 PM org.apache.cxf.service.factory.ReflectionServiceFactoryBean buildServiceFromWSDL
INFORMAÇÕES: Creating Service {urn:uddi-org:v3_service}UDDI_Service from WSDL: file:/Applications/juddi-distro-3.3.1/juddi-tomcat-3.3.1/work/Catalina/localhost/juddi-gui/loader/uddi_v3_service.wsdl
dez 03, 2016 8:21:14 PM org.apache.cxf.service.factory.ReflectionServiceFactoryBean buildServiceFromWSDL
INFORMAÇÕES: Creating Service {urn:uddi-org:v3_service}UDDI_Service from WSDL: jar:file:/Applications/juddi-distro-3.3.1/juddi-tomcat-3.3.1/webapps/juddiv3/WEB-INF/lib/uddi-ws-3.3.1.jar!/uddi_v3_service.wsdl
dez 03, 2016 8:24:47 PM org.apache.cxf.phase.PhaseInterceptorChain doDefaultLogging
INFORMAÇÕES: Application {urn:uddi-org:v3_service}UDDIInquiryService#{urn:uddi-org:v3_service}get_tModelDetail has thrown exception, unwinding now: org.apache.juddi.v3.error.InvalidKeyPassedException: The technical model was not found for the given key:  uddi:intrusiondetected3:keygenerator
dez 03, 2016 8:24:54 PM org.apache.cxf.phase.PhaseInterceptorChain doDefaultLogging
INFORMAÇÕES: Application {urn:uddi-org:v3_service}UDDIInquiryService#{urn:uddi-org:v3_service}get_tModelDetail has thrown exception, unwinding now: org.apache.juddi.v3.error.InvalidKeyPassedException: The technical model was not found for the given key:  uddi:intrusiondetected3:keygenerator
dez 03, 2016 8:24:56 PM org.apache.cxf.phase.PhaseInterceptorChain doDefaultLogging
INFORMAÇÕES: Application {urn:uddi-org:v3_service}UDDIInquiryService#{urn:uddi-org:v3_service}get_tModelDetail has thrown exception, unwinding now: org.apache.juddi.v3.error.InvalidKeyPassedException: The technical model was not found for the given key:  uddi:intrusiondetected3:keygenerator
dez 03, 2016 8:24:56 PM org.apache.cxf.phase.PhaseInterceptorChain doDefaultLogging
INFORMAÇÕES: Application {urn:uddi-org:v3_service}UDDIPublicationService#{urn:uddi-org:v3_service}save_tModel has thrown exception, unwinding now: org.apache.juddi.v3.error.AuthTokenExpiredException: The authentication token is expired
dez 03, 2016 8:24:56 PM org.apache.cxf.service.factory.ReflectionServiceFactoryBean buildServiceFromWSDL
INFORMAÇÕES: Creating Service {urn:uddi-org:v3_service}UDDI_Service from WSDL: jar:file:/Applications/juddi-distro-3.3.1/juddi-tomcat-3.3.1/webapps/juddiv3/WEB-INF/lib/uddi-ws-3.3.1.jar!/uddi_v3_service.wsdl
dez 03, 2016 8:24:56 PM org.apache.cxf.phase.PhaseInterceptorChain doDefaultLogging
INFORMAÇÕES: Application {urn:uddi-org:v3_service}UDDIInquiryService#{urn:uddi-org:v3_service}get_businessDetail has thrown exception, unwinding now: org.apache.juddi.v3.error.InvalidKeyPassedException: The business entity was not found for the given key:  uddi.org.mycompany
dez 03, 2016 8:24:56 PM org.apache.cxf.service.factory.ReflectionServiceFactoryBean buildServiceFromWSDL
INFORMAÇÕES: Creating Service {urn:uddi-org:v3_service}UDDI_Service from WSDL: jar:file:/Applications/juddi-distro-3.3.1/juddi-tomcat-3.3.1/webapps/juddiv3/WEB-INF/lib/uddi-ws-3.3.1.jar!/uddi_v3_service.wsdl
dez 03, 2016 8:28:44 PM org.apache.cxf.service.factory.ReflectionServiceFactoryBean buildServiceFromWSDL
INFORMAÇÕES: Creating Service {urn:uddi-org:v3_service}UDDI_Service from WSDL: jar:file:/Applications/juddi-distro-3.3.1/juddi-tomcat-3.3.1/webapps/juddiv3/WEB-INF/lib/uddi-ws-3.3.1.jar!/uddi_v3_service.wsdl
