Oct 22, 2015 2:42:48 PM org.apache.catalina.startup.VersionLoggerListener log
INFO: Server version:        Apache Tomcat/7.0.64
Oct 22, 2015 2:42:48 PM org.apache.catalina.startup.VersionLoggerListener log
INFO: Server built:          Aug 19 2015 17:18:06 UTC
Oct 22, 2015 2:42:48 PM org.apache.catalina.startup.VersionLoggerListener log
INFO: Server number:         7.0.64.0
Oct 22, 2015 2:42:48 PM org.apache.catalina.startup.VersionLoggerListener log
INFO: OS Name:               Mac OS X
Oct 22, 2015 2:42:48 PM org.apache.catalina.startup.VersionLoggerListener log
INFO: OS Version:            10.10.5
Oct 22, 2015 2:42:48 PM org.apache.catalina.startup.VersionLoggerListener log
INFO: Architecture:          x86_64
Oct 22, 2015 2:42:48 PM org.apache.catalina.startup.VersionLoggerListener log
INFO: Java Home:             /Library/Java/JavaVirtualMachines/jdk1.7.0_51.jdk/Contents/Home/jre
Oct 22, 2015 2:42:48 PM org.apache.catalina.startup.VersionLoggerListener log
INFO: JVM Version:           1.7.0_51-b13
Oct 22, 2015 2:42:48 PM org.apache.catalina.startup.VersionLoggerListener log
INFO: JVM Vendor:            Oracle Corporation
Oct 22, 2015 2:42:48 PM org.apache.catalina.startup.VersionLoggerListener log
INFO: CATALINA_BASE:         /Applications/juddi-distro-3.3.1/juddi-tomcat-3.3.1
Oct 22, 2015 2:42:48 PM org.apache.catalina.startup.VersionLoggerListener log
INFO: CATALINA_HOME:         /Applications/juddi-distro-3.3.1/juddi-tomcat-3.3.1
Oct 22, 2015 2:42:48 PM org.apache.catalina.startup.VersionLoggerListener log
INFO: Command line argument: -Djava.util.logging.config.file=/Applications/juddi-distro-3.3.1/juddi-tomcat-3.3.1/conf/logging.properties
Oct 22, 2015 2:42:48 PM org.apache.catalina.startup.VersionLoggerListener log
INFO: Command line argument: -Djava.util.logging.manager=org.apache.juli.ClassLoaderLogManager
Oct 22, 2015 2:42:48 PM org.apache.catalina.startup.VersionLoggerListener log
INFO: Command line argument: -Djava.endorsed.dirs=/Applications/juddi-distro-3.3.1/juddi-tomcat-3.3.1/endorsed
Oct 22, 2015 2:42:48 PM org.apache.catalina.startup.VersionLoggerListener log
INFO: Command line argument: -Dcatalina.base=/Applications/juddi-distro-3.3.1/juddi-tomcat-3.3.1
Oct 22, 2015 2:42:48 PM org.apache.catalina.startup.VersionLoggerListener log
INFO: Command line argument: -Dcatalina.home=/Applications/juddi-distro-3.3.1/juddi-tomcat-3.3.1
Oct 22, 2015 2:42:48 PM org.apache.catalina.startup.VersionLoggerListener log
INFO: Command line argument: -Djava.io.tmpdir=/Applications/juddi-distro-3.3.1/juddi-tomcat-3.3.1/temp
Oct 22, 2015 2:42:48 PM org.apache.catalina.core.AprLifecycleListener lifecycleEvent
INFO: The APR based Apache Tomcat Native library which allows optimal performance in production environments was not found on the java.library.path: /Users/glauciamelissa/Library/Java/Extensions:/Library/Java/Extensions:/Network/Library/Java/Extensions:/System/Library/Java/Extensions:/usr/lib/java:.
Oct 22, 2015 2:42:48 PM org.apache.coyote.AbstractProtocol init
INFO: Initializing ProtocolHandler ["http-bio-8080"]
Oct 22, 2015 2:42:48 PM org.apache.coyote.AbstractProtocol init
INFO: Initializing ProtocolHandler ["ajp-bio-8009"]
Oct 22, 2015 2:42:48 PM org.apache.catalina.startup.Catalina load
INFO: Initialization processed in 1359 ms
Oct 22, 2015 2:42:48 PM org.apache.catalina.core.StandardService startInternal
INFO: Starting service Catalina
Oct 22, 2015 2:42:48 PM org.apache.catalina.core.StandardEngine startInternal
INFO: Starting Servlet Engine: Apache Tomcat/7.0.64
Oct 22, 2015 2:42:48 PM org.apache.catalina.startup.HostConfig deployDirectory
INFO: Deploying web application directory /Applications/juddi-distro-3.3.1/juddi-tomcat-3.3.1/webapps/docs
Oct 22, 2015 2:42:50 PM org.apache.catalina.startup.TldConfig execute
INFO: At least one JAR was scanned for TLDs yet contained no TLDs. Enable debug logging for this logger for a complete list of JARs that were scanned but no TLDs were found in them. Skipping unneeded JARs during scanning can improve startup time and JSP compilation time.
Oct 22, 2015 2:42:50 PM org.apache.catalina.startup.HostConfig deployDirectory
INFO: Deployment of web application directory /Applications/juddi-distro-3.3.1/juddi-tomcat-3.3.1/webapps/docs has finished in 1,797 ms
Oct 22, 2015 2:42:50 PM org.apache.catalina.startup.HostConfig deployDirectory
INFO: Deploying web application directory /Applications/juddi-distro-3.3.1/juddi-tomcat-3.3.1/webapps/examples
Oct 22, 2015 2:42:51 PM org.apache.catalina.startup.TldConfig execute
INFO: At least one JAR was scanned for TLDs yet contained no TLDs. Enable debug logging for this logger for a complete list of JARs that were scanned but no TLDs were found in them. Skipping unneeded JARs during scanning can improve startup time and JSP compilation time.
Oct 22, 2015 2:42:51 PM org.apache.catalina.startup.HostConfig deployDirectory
INFO: Deployment of web application directory /Applications/juddi-distro-3.3.1/juddi-tomcat-3.3.1/webapps/examples has finished in 1,227 ms
Oct 22, 2015 2:42:51 PM org.apache.catalina.startup.HostConfig deployDirectory
INFO: Deploying web application directory /Applications/juddi-distro-3.3.1/juddi-tomcat-3.3.1/webapps/host-manager
Oct 22, 2015 2:42:52 PM org.apache.catalina.startup.TldConfig execute
INFO: At least one JAR was scanned for TLDs yet contained no TLDs. Enable debug logging for this logger for a complete list of JARs that were scanned but no TLDs were found in them. Skipping unneeded JARs during scanning can improve startup time and JSP compilation time.
Oct 22, 2015 2:42:52 PM org.apache.catalina.startup.HostConfig deployDirectory
INFO: Deployment of web application directory /Applications/juddi-distro-3.3.1/juddi-tomcat-3.3.1/webapps/host-manager has finished in 579 ms
Oct 22, 2015 2:42:52 PM org.apache.catalina.startup.HostConfig deployDirectory
INFO: Deploying web application directory /Applications/juddi-distro-3.3.1/juddi-tomcat-3.3.1/webapps/juddi-gui
Oct 22, 2015 2:42:54 PM org.apache.catalina.startup.TldConfig execute
INFO: At least one JAR was scanned for TLDs yet contained no TLDs. Enable debug logging for this logger for a complete list of JARs that were scanned but no TLDs were found in them. Skipping unneeded JARs during scanning can improve startup time and JSP compilation time.
Oct 22, 2015 2:42:54 PM org.apache.juddi.webconsole.StartupServlet contextInitialized
INFO: juddi-gui startup
Oct 22, 2015 2:42:54 PM org.apache.juddi.webconsole.StartupServlet contextInitialized
INFO: Attempting to generate 256 bit AES key
Oct 22, 2015 2:42:55 PM org.apache.juddi.webconsole.StartupServlet contextInitialized
WARNING: 256 bit key validation failed. To use higher key sizes, try installing the Java Cryptographic Extensions (JCE) Unlimited Strength
Oct 22, 2015 2:42:55 PM org.apache.juddi.webconsole.StartupServlet contextInitialized
INFO: Attempting to generate 128 bit AES key
Oct 22, 2015 2:42:55 PM org.apache.juddi.webconsole.StartupServlet contextInitialized
INFO: Generation of 128 bit AES key successful
Oct 22, 2015 2:42:55 PM org.apache.juddi.webconsole.StartupServlet contextInitialized
INFO: Storing key to /Applications/juddi-distro-3.3.1/juddi-tomcat-3.3.1/webapps/juddi-gui/META-INF/config.properties
Oct 22, 2015 2:42:55 PM org.apache.catalina.startup.HostConfig deployDirectory
INFO: Deployment of web application directory /Applications/juddi-distro-3.3.1/juddi-tomcat-3.3.1/webapps/juddi-gui has finished in 2,724 ms
Oct 22, 2015 2:42:55 PM org.apache.catalina.startup.HostConfig deployDirectory
INFO: Deploying web application directory /Applications/juddi-distro-3.3.1/juddi-tomcat-3.3.1/webapps/juddiv3
Oct 22, 2015 2:42:59 PM org.apache.catalina.startup.TldConfig execute
INFO: At least one JAR was scanned for TLDs yet contained no TLDs. Enable debug logging for this logger for a complete list of JARs that were scanned but no TLDs were found in them. Skipping unneeded JARs during scanning can improve startup time and JSP compilation time.
Oct 22, 2015 2:43:13 PM org.apache.cxf.bus.spring.OldSpringSupport logWarning
WARNING: Import of META-INF/cxf/cxf-extension-soap.xml has been deprecated and is unnecessary.
Oct 22, 2015 2:43:18 PM org.apache.cxf.service.factory.ReflectionServiceFactoryBean buildServiceFromClass
INFO: Creating Service {urn:uddi-org:v3_service}UDDIInquiryService from class org.uddi.v3_service.UDDIInquiryPortType
Oct 22, 2015 2:43:19 PM org.apache.cxf.endpoint.ServerImpl initDestination
INFO: Setting the server's publish address to be /inquiry
Oct 22, 2015 2:43:19 PM org.apache.cxf.service.factory.ReflectionServiceFactoryBean buildServiceFromClass
INFO: Creating Service {urn:uddi-org:v3_service}UDDIPublicationService from class org.uddi.v3_service.UDDIPublicationPortType
Oct 22, 2015 2:43:20 PM org.apache.cxf.endpoint.ServerImpl initDestination
INFO: Setting the server's publish address to be /publish
Oct 22, 2015 2:43:20 PM org.apache.cxf.service.factory.ReflectionServiceFactoryBean buildServiceFromClass
INFO: Creating Service {urn:uddi-org:v3_service}UDDISecurityService from class org.uddi.v3_service.UDDISecurityPortType
Oct 22, 2015 2:43:21 PM org.apache.cxf.endpoint.ServerImpl initDestination
INFO: Setting the server's publish address to be /security
Oct 22, 2015 2:43:21 PM org.apache.cxf.service.factory.ReflectionServiceFactoryBean buildServiceFromClass
INFO: Creating Service {urn:uddi-org:v3_service}UDDISubscriptionService from class org.uddi.v3_service.UDDISubscriptionPortType
Oct 22, 2015 2:43:22 PM org.apache.cxf.endpoint.ServerImpl initDestination
INFO: Setting the server's publish address to be /subscription
Oct 22, 2015 2:43:22 PM org.apache.cxf.service.factory.ReflectionServiceFactoryBean buildServiceFromClass
INFO: Creating Service {urn:uddi-org:v3_service}UDDISubscriptionListenerService from class org.uddi.v3_service.UDDISubscriptionListenerPortType
Oct 22, 2015 2:43:22 PM org.apache.cxf.endpoint.ServerImpl initDestination
INFO: Setting the server's publish address to be /subscription-listener
Oct 22, 2015 2:43:22 PM org.apache.cxf.service.factory.ReflectionServiceFactoryBean buildServiceFromClass
INFO: Creating Service {urn:uddi-org:v3_service}UDDICustodyTransferService from class org.uddi.v3_service.UDDICustodyTransferPortType
Oct 22, 2015 2:43:23 PM org.apache.cxf.endpoint.ServerImpl initDestination
INFO: Setting the server's publish address to be /custody-transfer
Oct 22, 2015 2:43:23 PM org.apache.cxf.service.factory.ReflectionServiceFactoryBean buildServiceFromClass
INFO: Creating Service {http://impl.api.juddi.apache.org/}UDDIValueSetValidationImplService from class org.uddi.v3_service.UDDIValueSetValidationPortType
Oct 22, 2015 2:43:23 PM org.apache.cxf.endpoint.ServerImpl initDestination
INFO: Setting the server's publish address to be /valueset-validation
Oct 22, 2015 2:43:23 PM org.apache.cxf.service.factory.ReflectionServiceFactoryBean buildServiceFromClass
INFO: Creating Service {http://impl.api.juddi.apache.org/}UDDIValueSetCachingImplService from class org.uddi.v3_service.UDDIValueSetCachingPortType
Oct 22, 2015 2:43:24 PM org.apache.cxf.endpoint.ServerImpl initDestination
INFO: Setting the server's publish address to be /valueset-caching
Oct 22, 2015 2:43:24 PM org.apache.cxf.service.factory.ReflectionServiceFactoryBean buildServiceFromClass
INFO: Creating Service {urn:uddi-org:inquiry_v2}Inquire from class org.uddi.v2_service.Inquire
Oct 22, 2015 2:43:24 PM org.apache.cxf.endpoint.ServerImpl initDestination
INFO: Setting the server's publish address to be /inquiryv2
Oct 22, 2015 2:43:24 PM org.apache.cxf.service.factory.ReflectionServiceFactoryBean buildServiceFromClass
INFO: Creating Service {urn:uddi-org:publication_v2}Publish from class org.uddi.v2_service.Publish
Oct 22, 2015 2:43:25 PM org.apache.cxf.endpoint.ServerImpl initDestination
INFO: Setting the server's publish address to be /publishv2
Oct 22, 2015 2:43:25 PM org.apache.cxf.service.factory.ReflectionServiceFactoryBean buildServiceFromWSDL
INFO: Creating Service {urn:juddi-apache-org:v3_service}JUDDIApiService from WSDL: classpath:/juddi_api_v1.wsdl
Oct 22, 2015 2:43:26 PM org.apache.cxf.endpoint.ServerImpl initDestination
INFO: Setting the server's publish address to be /juddi-api
Oct 22, 2015 2:43:26 PM org.apache.cxf.endpoint.ServerImpl initDestination
INFO: Setting the server's publish address to be /inquiryRest
Oct 22, 2015 2:43:26 PM org.apache.juddi.adminconsole.StartupServlet contextInitialized
INFO: juddi-admin gui startup
Oct 22, 2015 2:43:26 PM org.apache.juddi.adminconsole.StartupServlet contextInitialized
INFO: Attempting to generate 256 bit AES key
Oct 22, 2015 2:43:26 PM org.apache.juddi.adminconsole.StartupServlet contextInitialized
WARNING: 256 bit key validation failed. To use higher key sizes, try installing the Java Cryptographic Extensions (JCE) Unlimited Strength
Oct 22, 2015 2:43:26 PM org.apache.juddi.adminconsole.StartupServlet contextInitialized
INFO: Attempting to generate 128 bit AES key
Oct 22, 2015 2:43:26 PM org.apache.juddi.adminconsole.StartupServlet contextInitialized
INFO: Generation of 128 bit AES key successful
Oct 22, 2015 2:43:26 PM org.apache.juddi.adminconsole.StartupServlet contextInitialized
INFO: Storing key to /Applications/juddi-distro-3.3.1/juddi-tomcat-3.3.1/webapps/juddiv3/WEB-INF/config.properties
Oct 22, 2015 2:43:26 PM org.apache.catalina.startup.HostConfig deployDirectory
INFO: Deployment of web application directory /Applications/juddi-distro-3.3.1/juddi-tomcat-3.3.1/webapps/juddiv3 has finished in 31,684 ms
Oct 22, 2015 2:43:26 PM org.apache.catalina.startup.HostConfig deployDirectory
INFO: Deploying web application directory /Applications/juddi-distro-3.3.1/juddi-tomcat-3.3.1/webapps/juddiv3replication
Oct 22, 2015 2:43:30 PM org.apache.catalina.startup.TldConfig execute
INFO: At least one JAR was scanned for TLDs yet contained no TLDs. Enable debug logging for this logger for a complete list of JARs that were scanned but no TLDs were found in them. Skipping unneeded JARs during scanning can improve startup time and JSP compilation time.
Oct 22, 2015 2:43:39 PM org.apache.cxf.service.factory.ReflectionServiceFactoryBean buildServiceFromClass
INFO: Creating Service {urn:uddi-org:repl_v3_portType}UDDI_Replication_PortType from class org.uddi.v3_service.UDDIReplicationPortType
Oct 22, 2015 2:43:42 PM org.apache.cxf.bus.spring.OldSpringSupport logWarning
WARNING: Import of META-INF/cxf/cxf-extension-soap.xml has been deprecated and is unnecessary.
Oct 22, 2015 2:43:42 PM org.apache.cxf.endpoint.ServerImpl initDestination
INFO: Setting the server's publish address to be /replication
Oct 22, 2015 2:43:42 PM org.apache.juddi.adminconsole.StartupServlet contextInitialized
INFO: juddi-admin gui startup
Oct 22, 2015 2:43:42 PM org.apache.juddi.adminconsole.StartupServlet contextInitialized
INFO: Attempting to generate 256 bit AES key
Oct 22, 2015 2:43:42 PM org.apache.juddi.adminconsole.StartupServlet contextInitialized
WARNING: 256 bit key validation failed. To use higher key sizes, try installing the Java Cryptographic Extensions (JCE) Unlimited Strength
Oct 22, 2015 2:43:42 PM org.apache.juddi.adminconsole.StartupServlet contextInitialized
INFO: Attempting to generate 128 bit AES key
Oct 22, 2015 2:43:42 PM org.apache.juddi.adminconsole.StartupServlet contextInitialized
INFO: Generation of 128 bit AES key successful
Oct 22, 2015 2:43:42 PM org.apache.juddi.adminconsole.StartupServlet contextInitialized
INFO: Storing key to /Applications/juddi-distro-3.3.1/juddi-tomcat-3.3.1/webapps/juddiv3replication/WEB-INF/config.properties
Oct 22, 2015 2:43:43 PM org.apache.catalina.startup.HostConfig deployDirectory
INFO: Deployment of web application directory /Applications/juddi-distro-3.3.1/juddi-tomcat-3.3.1/webapps/juddiv3replication has finished in 16,166 ms
Oct 22, 2015 2:43:43 PM org.apache.catalina.startup.HostConfig deployDirectory
INFO: Deploying web application directory /Applications/juddi-distro-3.3.1/juddi-tomcat-3.3.1/webapps/manager
Oct 22, 2015 2:43:43 PM org.apache.catalina.startup.TldConfig execute
INFO: At least one JAR was scanned for TLDs yet contained no TLDs. Enable debug logging for this logger for a complete list of JARs that were scanned but no TLDs were found in them. Skipping unneeded JARs during scanning can improve startup time and JSP compilation time.
Oct 22, 2015 2:43:43 PM org.apache.catalina.startup.HostConfig deployDirectory
INFO: Deployment of web application directory /Applications/juddi-distro-3.3.1/juddi-tomcat-3.3.1/webapps/manager has finished in 499 ms
Oct 22, 2015 2:43:43 PM org.apache.catalina.startup.HostConfig deployDirectory
INFO: Deploying web application directory /Applications/juddi-distro-3.3.1/juddi-tomcat-3.3.1/webapps/ROOT
Oct 22, 2015 2:43:43 PM org.apache.catalina.startup.TldConfig execute
INFO: At least one JAR was scanned for TLDs yet contained no TLDs. Enable debug logging for this logger for a complete list of JARs that were scanned but no TLDs were found in them. Skipping unneeded JARs during scanning can improve startup time and JSP compilation time.
Oct 22, 2015 2:43:43 PM org.apache.catalina.startup.HostConfig deployDirectory
INFO: Deployment of web application directory /Applications/juddi-distro-3.3.1/juddi-tomcat-3.3.1/webapps/ROOT has finished in 258 ms
Oct 22, 2015 2:43:43 PM org.apache.coyote.AbstractProtocol start
INFO: Starting ProtocolHandler ["http-bio-8080"]
Oct 22, 2015 2:43:43 PM org.apache.coyote.AbstractProtocol start
INFO: Starting ProtocolHandler ["ajp-bio-8009"]
Oct 22, 2015 2:43:43 PM org.apache.catalina.startup.Catalina start
INFO: Server startup in 55095 ms
Oct 22, 2015 3:07:53 PM org.apache.catalina.core.StandardServer await
INFO: A valid shutdown command was received via the shutdown port. Stopping the Server instance.
Oct 22, 2015 3:09:47 PM org.apache.coyote.AbstractProtocol pause
INFO: Pausing ProtocolHandler ["http-bio-8080"]
Oct 22, 2015 3:59:41 PM org.apache.catalina.startup.VersionLoggerListener log
INFO: Server version:        Apache Tomcat/7.0.64
Oct 22, 2015 3:59:41 PM org.apache.catalina.startup.VersionLoggerListener log
INFO: Server built:          Aug 19 2015 17:18:06 UTC
Oct 22, 2015 3:59:41 PM org.apache.catalina.startup.VersionLoggerListener log
INFO: Server number:         7.0.64.0
Oct 22, 2015 3:59:41 PM org.apache.catalina.startup.VersionLoggerListener log
INFO: OS Name:               Mac OS X
Oct 22, 2015 3:59:41 PM org.apache.catalina.startup.VersionLoggerListener log
INFO: OS Version:            10.10.5
Oct 22, 2015 3:59:41 PM org.apache.catalina.startup.VersionLoggerListener log
INFO: Architecture:          x86_64
Oct 22, 2015 3:59:41 PM org.apache.catalina.startup.VersionLoggerListener log
INFO: Java Home:             /Library/Java/JavaVirtualMachines/jdk1.7.0_51.jdk/Contents/Home/jre
Oct 22, 2015 3:59:41 PM org.apache.catalina.startup.VersionLoggerListener log
INFO: JVM Version:           1.7.0_51-b13
Oct 22, 2015 3:59:41 PM org.apache.catalina.startup.VersionLoggerListener log
INFO: JVM Vendor:            Oracle Corporation
Oct 22, 2015 3:59:41 PM org.apache.catalina.startup.VersionLoggerListener log
INFO: CATALINA_BASE:         /Applications/juddi-distro-3.3.1/juddi-tomcat-3.3.1
Oct 22, 2015 3:59:41 PM org.apache.catalina.startup.VersionLoggerListener log
INFO: CATALINA_HOME:         /Applications/juddi-distro-3.3.1/juddi-tomcat-3.3.1
Oct 22, 2015 3:59:41 PM org.apache.catalina.startup.VersionLoggerListener log
INFO: Command line argument: -Djava.util.logging.config.file=/Applications/juddi-distro-3.3.1/juddi-tomcat-3.3.1/conf/logging.properties
Oct 22, 2015 3:59:41 PM org.apache.catalina.startup.VersionLoggerListener log
INFO: Command line argument: -Djava.util.logging.manager=org.apache.juli.ClassLoaderLogManager
Oct 22, 2015 3:59:41 PM org.apache.catalina.startup.VersionLoggerListener log
INFO: Command line argument: -Djava.endorsed.dirs=/Applications/juddi-distro-3.3.1/juddi-tomcat-3.3.1/endorsed
Oct 22, 2015 3:59:41 PM org.apache.catalina.startup.VersionLoggerListener log
INFO: Command line argument: -Dcatalina.base=/Applications/juddi-distro-3.3.1/juddi-tomcat-3.3.1
Oct 22, 2015 3:59:41 PM org.apache.catalina.startup.VersionLoggerListener log
INFO: Command line argument: -Dcatalina.home=/Applications/juddi-distro-3.3.1/juddi-tomcat-3.3.1
Oct 22, 2015 3:59:41 PM org.apache.catalina.startup.VersionLoggerListener log
INFO: Command line argument: -Djava.io.tmpdir=/Applications/juddi-distro-3.3.1/juddi-tomcat-3.3.1/temp
Oct 22, 2015 3:59:41 PM org.apache.catalina.core.AprLifecycleListener lifecycleEvent
INFO: The APR based Apache Tomcat Native library which allows optimal performance in production environments was not found on the java.library.path: /Users/glauciamelissa/Library/Java/Extensions:/Library/Java/Extensions:/Network/Library/Java/Extensions:/System/Library/Java/Extensions:/usr/lib/java:.
Oct 22, 2015 3:59:41 PM org.apache.coyote.AbstractProtocol init
INFO: Initializing ProtocolHandler ["http-bio-8080"]
Oct 22, 2015 3:59:41 PM org.apache.coyote.AbstractProtocol init
INFO: Initializing ProtocolHandler ["ajp-bio-8009"]
Oct 22, 2015 3:59:41 PM org.apache.catalina.startup.Catalina load
INFO: Initialization processed in 1464 ms
Oct 22, 2015 3:59:41 PM org.apache.catalina.core.StandardService startInternal
INFO: Starting service Catalina
Oct 22, 2015 3:59:41 PM org.apache.catalina.core.StandardEngine startInternal
INFO: Starting Servlet Engine: Apache Tomcat/7.0.64
Oct 22, 2015 3:59:41 PM org.apache.catalina.startup.HostConfig deployDirectory
INFO: Deploying web application directory /Applications/juddi-distro-3.3.1/juddi-tomcat-3.3.1/webapps/docs
Oct 22, 2015 3:59:43 PM org.apache.catalina.startup.TldConfig execute
INFO: At least one JAR was scanned for TLDs yet contained no TLDs. Enable debug logging for this logger for a complete list of JARs that were scanned but no TLDs were found in them. Skipping unneeded JARs during scanning can improve startup time and JSP compilation time.
Oct 22, 2015 3:59:43 PM org.apache.catalina.startup.HostConfig deployDirectory
INFO: Deployment of web application directory /Applications/juddi-distro-3.3.1/juddi-tomcat-3.3.1/webapps/docs has finished in 1,492 ms
Oct 22, 2015 3:59:43 PM org.apache.catalina.startup.HostConfig deployDirectory
INFO: Deploying web application directory /Applications/juddi-distro-3.3.1/juddi-tomcat-3.3.1/webapps/examples
Oct 22, 2015 3:59:44 PM org.apache.catalina.startup.TldConfig execute
INFO: At least one JAR was scanned for TLDs yet contained no TLDs. Enable debug logging for this logger for a complete list of JARs that were scanned but no TLDs were found in them. Skipping unneeded JARs during scanning can improve startup time and JSP compilation time.
Oct 22, 2015 3:59:44 PM org.apache.catalina.startup.HostConfig deployDirectory
INFO: Deployment of web application directory /Applications/juddi-distro-3.3.1/juddi-tomcat-3.3.1/webapps/examples has finished in 807 ms
Oct 22, 2015 3:59:44 PM org.apache.catalina.startup.HostConfig deployDirectory
INFO: Deploying web application directory /Applications/juddi-distro-3.3.1/juddi-tomcat-3.3.1/webapps/host-manager
Oct 22, 2015 3:59:44 PM org.apache.catalina.startup.TldConfig execute
INFO: At least one JAR was scanned for TLDs yet contained no TLDs. Enable debug logging for this logger for a complete list of JARs that were scanned but no TLDs were found in them. Skipping unneeded JARs during scanning can improve startup time and JSP compilation time.
Oct 22, 2015 3:59:44 PM org.apache.catalina.startup.HostConfig deployDirectory
INFO: Deployment of web application directory /Applications/juddi-distro-3.3.1/juddi-tomcat-3.3.1/webapps/host-manager has finished in 356 ms
Oct 22, 2015 3:59:44 PM org.apache.catalina.startup.HostConfig deployDirectory
INFO: Deploying web application directory /Applications/juddi-distro-3.3.1/juddi-tomcat-3.3.1/webapps/juddi-gui
Oct 22, 2015 3:59:45 PM org.apache.catalina.startup.TldConfig execute
INFO: At least one JAR was scanned for TLDs yet contained no TLDs. Enable debug logging for this logger for a complete list of JARs that were scanned but no TLDs were found in them. Skipping unneeded JARs during scanning can improve startup time and JSP compilation time.
Oct 22, 2015 3:59:45 PM org.apache.juddi.webconsole.StartupServlet contextInitialized
INFO: juddi-gui startup
Oct 22, 2015 3:59:45 PM org.apache.juddi.webconsole.StartupServlet contextInitialized
INFO: Attempting to generate 256 bit AES key
Oct 22, 2015 3:59:46 PM org.apache.juddi.webconsole.StartupServlet contextInitialized
WARNING: 256 bit key validation failed. To use higher key sizes, try installing the Java Cryptographic Extensions (JCE) Unlimited Strength
Oct 22, 2015 3:59:46 PM org.apache.juddi.webconsole.StartupServlet contextInitialized
INFO: Attempting to generate 128 bit AES key
Oct 22, 2015 3:59:46 PM org.apache.juddi.webconsole.StartupServlet contextInitialized
INFO: Generation of 128 bit AES key successful
Oct 22, 2015 3:59:46 PM org.apache.juddi.webconsole.StartupServlet contextInitialized
INFO: Storing key to /Applications/juddi-distro-3.3.1/juddi-tomcat-3.3.1/webapps/juddi-gui/META-INF/config.properties
Oct 22, 2015 3:59:46 PM org.apache.catalina.startup.HostConfig deployDirectory
INFO: Deployment of web application directory /Applications/juddi-distro-3.3.1/juddi-tomcat-3.3.1/webapps/juddi-gui has finished in 1,822 ms
Oct 22, 2015 3:59:46 PM org.apache.catalina.startup.HostConfig deployDirectory
INFO: Deploying web application directory /Applications/juddi-distro-3.3.1/juddi-tomcat-3.3.1/webapps/juddiv3
Oct 22, 2015 3:59:50 PM org.apache.catalina.startup.TldConfig execute
INFO: At least one JAR was scanned for TLDs yet contained no TLDs. Enable debug logging for this logger for a complete list of JARs that were scanned but no TLDs were found in them. Skipping unneeded JARs during scanning can improve startup time and JSP compilation time.
Oct 22, 2015 3:59:57 PM org.apache.cxf.service.factory.ReflectionServiceFactoryBean buildServiceFromClass
INFO: Creating Service {urn:uddi-org:v3_service}UDDIInquiryService from class org.uddi.v3_service.UDDIInquiryPortType
Oct 22, 2015 3:59:59 PM org.apache.cxf.bus.spring.OldSpringSupport logWarning
WARNING: Import of META-INF/cxf/cxf-extension-soap.xml has been deprecated and is unnecessary.
Oct 22, 2015 3:59:59 PM org.apache.cxf.endpoint.ServerImpl initDestination
INFO: Setting the server's publish address to be /inquiry
Oct 22, 2015 3:59:59 PM org.apache.cxf.service.factory.ReflectionServiceFactoryBean buildServiceFromClass
INFO: Creating Service {urn:uddi-org:v3_service}UDDIPublicationService from class org.uddi.v3_service.UDDIPublicationPortType
Oct 22, 2015 3:59:59 PM org.apache.cxf.endpoint.ServerImpl initDestination
INFO: Setting the server's publish address to be /publish
Oct 22, 2015 3:59:59 PM org.apache.cxf.service.factory.ReflectionServiceFactoryBean buildServiceFromClass
INFO: Creating Service {urn:uddi-org:v3_service}UDDISecurityService from class org.uddi.v3_service.UDDISecurityPortType
Oct 22, 2015 4:00:00 PM org.apache.cxf.endpoint.ServerImpl initDestination
INFO: Setting the server's publish address to be /security
Oct 22, 2015 4:00:00 PM org.apache.cxf.service.factory.ReflectionServiceFactoryBean buildServiceFromClass
INFO: Creating Service {urn:uddi-org:v3_service}UDDISubscriptionService from class org.uddi.v3_service.UDDISubscriptionPortType
Oct 22, 2015 4:00:00 PM org.apache.cxf.endpoint.ServerImpl initDestination
INFO: Setting the server's publish address to be /subscription
Oct 22, 2015 4:00:00 PM org.apache.cxf.service.factory.ReflectionServiceFactoryBean buildServiceFromClass
INFO: Creating Service {urn:uddi-org:v3_service}UDDISubscriptionListenerService from class org.uddi.v3_service.UDDISubscriptionListenerPortType
Oct 22, 2015 4:00:00 PM org.apache.cxf.endpoint.ServerImpl initDestination
INFO: Setting the server's publish address to be /subscription-listener
Oct 22, 2015 4:00:00 PM org.apache.cxf.service.factory.ReflectionServiceFactoryBean buildServiceFromClass
INFO: Creating Service {urn:uddi-org:v3_service}UDDICustodyTransferService from class org.uddi.v3_service.UDDICustodyTransferPortType
Oct 22, 2015 4:00:01 PM org.apache.cxf.endpoint.ServerImpl initDestination
INFO: Setting the server's publish address to be /custody-transfer
Oct 22, 2015 4:00:01 PM org.apache.cxf.service.factory.ReflectionServiceFactoryBean buildServiceFromClass
INFO: Creating Service {http://impl.api.juddi.apache.org/}UDDIValueSetValidationImplService from class org.uddi.v3_service.UDDIValueSetValidationPortType
Oct 22, 2015 4:00:01 PM org.apache.cxf.endpoint.ServerImpl initDestination
INFO: Setting the server's publish address to be /valueset-validation
Oct 22, 2015 4:00:01 PM org.apache.cxf.service.factory.ReflectionServiceFactoryBean buildServiceFromClass
INFO: Creating Service {http://impl.api.juddi.apache.org/}UDDIValueSetCachingImplService from class org.uddi.v3_service.UDDIValueSetCachingPortType
Oct 22, 2015 4:00:01 PM org.apache.cxf.endpoint.ServerImpl initDestination
INFO: Setting the server's publish address to be /valueset-caching
Oct 22, 2015 4:00:01 PM org.apache.cxf.service.factory.ReflectionServiceFactoryBean buildServiceFromClass
INFO: Creating Service {urn:uddi-org:inquiry_v2}Inquire from class org.uddi.v2_service.Inquire
Oct 22, 2015 4:00:01 PM org.apache.cxf.endpoint.ServerImpl initDestination
INFO: Setting the server's publish address to be /inquiryv2
Oct 22, 2015 4:00:01 PM org.apache.cxf.service.factory.ReflectionServiceFactoryBean buildServiceFromClass
INFO: Creating Service {urn:uddi-org:publication_v2}Publish from class org.uddi.v2_service.Publish
Oct 22, 2015 4:00:01 PM org.apache.cxf.endpoint.ServerImpl initDestination
INFO: Setting the server's publish address to be /publishv2
Oct 22, 2015 4:00:02 PM org.apache.cxf.service.factory.ReflectionServiceFactoryBean buildServiceFromWSDL
INFO: Creating Service {urn:juddi-apache-org:v3_service}JUDDIApiService from WSDL: classpath:/juddi_api_v1.wsdl
Oct 22, 2015 4:00:03 PM org.apache.cxf.endpoint.ServerImpl initDestination
INFO: Setting the server's publish address to be /juddi-api
Oct 22, 2015 4:00:03 PM org.apache.cxf.endpoint.ServerImpl initDestination
INFO: Setting the server's publish address to be /inquiryRest
Oct 22, 2015 4:00:03 PM org.apache.juddi.adminconsole.StartupServlet contextInitialized
INFO: juddi-admin gui startup
Oct 22, 2015 4:00:03 PM org.apache.juddi.adminconsole.StartupServlet contextInitialized
INFO: Attempting to generate 256 bit AES key
Oct 22, 2015 4:00:03 PM org.apache.juddi.adminconsole.StartupServlet contextInitialized
WARNING: 256 bit key validation failed. To use higher key sizes, try installing the Java Cryptographic Extensions (JCE) Unlimited Strength
Oct 22, 2015 4:00:03 PM org.apache.juddi.adminconsole.StartupServlet contextInitialized
INFO: Attempting to generate 128 bit AES key
Oct 22, 2015 4:00:03 PM org.apache.juddi.adminconsole.StartupServlet contextInitialized
INFO: Generation of 128 bit AES key successful
Oct 22, 2015 4:00:03 PM org.apache.juddi.adminconsole.StartupServlet contextInitialized
INFO: Storing key to /Applications/juddi-distro-3.3.1/juddi-tomcat-3.3.1/webapps/juddiv3/WEB-INF/config.properties
Oct 22, 2015 4:00:03 PM org.apache.catalina.startup.HostConfig deployDirectory
INFO: Deployment of web application directory /Applications/juddi-distro-3.3.1/juddi-tomcat-3.3.1/webapps/juddiv3 has finished in 17,271 ms
Oct 22, 2015 4:00:03 PM org.apache.catalina.startup.HostConfig deployDirectory
INFO: Deploying web application directory /Applications/juddi-distro-3.3.1/juddi-tomcat-3.3.1/webapps/juddiv3replication
Oct 22, 2015 4:00:07 PM org.apache.catalina.startup.TldConfig execute
INFO: At least one JAR was scanned for TLDs yet contained no TLDs. Enable debug logging for this logger for a complete list of JARs that were scanned but no TLDs were found in them. Skipping unneeded JARs during scanning can improve startup time and JSP compilation time.
Oct 22, 2015 4:00:10 PM org.apache.cxf.service.factory.ReflectionServiceFactoryBean buildServiceFromClass
INFO: Creating Service {urn:uddi-org:repl_v3_portType}UDDI_Replication_PortType from class org.uddi.v3_service.UDDIReplicationPortType
Oct 22, 2015 4:00:11 PM org.apache.cxf.bus.spring.OldSpringSupport logWarning
WARNING: Import of META-INF/cxf/cxf-extension-soap.xml has been deprecated and is unnecessary.
Oct 22, 2015 4:00:11 PM org.apache.cxf.endpoint.ServerImpl initDestination
INFO: Setting the server's publish address to be /replication
Oct 22, 2015 4:00:11 PM org.apache.juddi.adminconsole.StartupServlet contextInitialized
INFO: juddi-admin gui startup
Oct 22, 2015 4:00:11 PM org.apache.juddi.adminconsole.StartupServlet contextInitialized
INFO: Attempting to generate 256 bit AES key
Oct 22, 2015 4:00:11 PM org.apache.juddi.adminconsole.StartupServlet contextInitialized
WARNING: 256 bit key validation failed. To use higher key sizes, try installing the Java Cryptographic Extensions (JCE) Unlimited Strength
Oct 22, 2015 4:00:11 PM org.apache.juddi.adminconsole.StartupServlet contextInitialized
INFO: Attempting to generate 128 bit AES key
Oct 22, 2015 4:00:11 PM org.apache.juddi.adminconsole.StartupServlet contextInitialized
INFO: Generation of 128 bit AES key successful
Oct 22, 2015 4:00:11 PM org.apache.juddi.adminconsole.StartupServlet contextInitialized
INFO: Storing key to /Applications/juddi-distro-3.3.1/juddi-tomcat-3.3.1/webapps/juddiv3replication/WEB-INF/config.properties
Oct 22, 2015 4:00:11 PM org.apache.catalina.startup.HostConfig deployDirectory
INFO: Deployment of web application directory /Applications/juddi-distro-3.3.1/juddi-tomcat-3.3.1/webapps/juddiv3replication has finished in 8,001 ms
Oct 22, 2015 4:00:11 PM org.apache.catalina.startup.HostConfig deployDirectory
INFO: Deploying web application directory /Applications/juddi-distro-3.3.1/juddi-tomcat-3.3.1/webapps/manager
Oct 22, 2015 4:00:11 PM org.apache.catalina.startup.TldConfig execute
INFO: At least one JAR was scanned for TLDs yet contained no TLDs. Enable debug logging for this logger for a complete list of JARs that were scanned but no TLDs were found in them. Skipping unneeded JARs during scanning can improve startup time and JSP compilation time.
Oct 22, 2015 4:00:11 PM org.apache.catalina.startup.HostConfig deployDirectory
INFO: Deployment of web application directory /Applications/juddi-distro-3.3.1/juddi-tomcat-3.3.1/webapps/manager has finished in 246 ms
Oct 22, 2015 4:00:11 PM org.apache.catalina.startup.HostConfig deployDirectory
INFO: Deploying web application directory /Applications/juddi-distro-3.3.1/juddi-tomcat-3.3.1/webapps/ROOT
Oct 22, 2015 4:00:12 PM org.apache.catalina.startup.TldConfig execute
INFO: At least one JAR was scanned for TLDs yet contained no TLDs. Enable debug logging for this logger for a complete list of JARs that were scanned but no TLDs were found in them. Skipping unneeded JARs during scanning can improve startup time and JSP compilation time.
Oct 22, 2015 4:00:12 PM org.apache.catalina.startup.HostConfig deployDirectory
INFO: Deployment of web application directory /Applications/juddi-distro-3.3.1/juddi-tomcat-3.3.1/webapps/ROOT has finished in 304 ms
Oct 22, 2015 4:00:12 PM org.apache.coyote.AbstractProtocol start
INFO: Starting ProtocolHandler ["http-bio-8080"]
Oct 22, 2015 4:00:12 PM org.apache.coyote.AbstractProtocol start
INFO: Starting ProtocolHandler ["ajp-bio-8009"]
Oct 22, 2015 4:00:12 PM org.apache.catalina.startup.Catalina start
INFO: Server startup in 30534 ms
Oct 22, 2015 4:26:54 PM org.apache.catalina.core.StandardServer await
INFO: A valid shutdown command was received via the shutdown port. Stopping the Server instance.
Oct 22, 2015 4:27:21 PM org.apache.coyote.AbstractProtocol pause
INFO: Pausing ProtocolHandler ["http-bio-8080"]
Oct 22, 2015 4:33:29 PM org.apache.catalina.startup.VersionLoggerListener log
Informações: Server version:        Apache Tomcat/7.0.64
Oct 22, 2015 4:33:29 PM org.apache.catalina.startup.VersionLoggerListener log
Informações: Server built:          Aug 19 2015 17:18:06 UTC
Oct 22, 2015 4:33:29 PM org.apache.catalina.startup.VersionLoggerListener log
Informações: Server number:         7.0.64.0
Oct 22, 2015 4:33:29 PM org.apache.catalina.startup.VersionLoggerListener log
Informações: OS Name:               Mac OS X
Oct 22, 2015 4:33:29 PM org.apache.catalina.startup.VersionLoggerListener log
Informações: OS Version:            10.10.5
Oct 22, 2015 4:33:29 PM org.apache.catalina.startup.VersionLoggerListener log
Informações: Architecture:          x86_64
Oct 22, 2015 4:33:29 PM org.apache.catalina.startup.VersionLoggerListener log
Informações: Java Home:             /Library/Java/JavaVirtualMachines/jdk1.7.0_51.jdk/Contents/Home/jre
Oct 22, 2015 4:33:29 PM org.apache.catalina.startup.VersionLoggerListener log
Informações: JVM Version:           1.7.0_51-b13
Oct 22, 2015 4:33:29 PM org.apache.catalina.startup.VersionLoggerListener log
Informações: JVM Vendor:            Oracle Corporation
Oct 22, 2015 4:33:29 PM org.apache.catalina.startup.VersionLoggerListener log
Informações: CATALINA_BASE:         /Applications/juddi-distro-3.3.1/juddi-tomcat-3.3.1
Oct 22, 2015 4:33:29 PM org.apache.catalina.startup.VersionLoggerListener log
Informações: CATALINA_HOME:         /Applications/juddi-distro-3.3.1/juddi-tomcat-3.3.1
Oct 22, 2015 4:33:29 PM org.apache.catalina.startup.VersionLoggerListener log
Informações: Command line argument: -Djava.util.logging.config.file=/Applications/juddi-distro-3.3.1/juddi-tomcat-3.3.1/conf/logging.properties
Oct 22, 2015 4:33:29 PM org.apache.catalina.startup.VersionLoggerListener log
Informações: Command line argument: -Djava.util.logging.manager=org.apache.juli.ClassLoaderLogManager
Oct 22, 2015 4:33:29 PM org.apache.catalina.startup.VersionLoggerListener log
Informações: Command line argument: -Xms4096M
Oct 22, 2015 4:33:29 PM org.apache.catalina.startup.VersionLoggerListener log
Informações: Command line argument: -Xmx4096M
Oct 22, 2015 4:33:29 PM org.apache.catalina.startup.VersionLoggerListener log
Informações: Command line argument: -XX:PermSize=512M
Oct 22, 2015 4:33:29 PM org.apache.catalina.startup.VersionLoggerListener log
Informações: Command line argument: -XX:MaxPermSize=512M
Oct 22, 2015 4:33:29 PM org.apache.catalina.startup.VersionLoggerListener log
Informações: Command line argument: -Djava.endorsed.dirs=/Applications/juddi-distro-3.3.1/juddi-tomcat-3.3.1/endorsed
Oct 22, 2015 4:33:29 PM org.apache.catalina.startup.VersionLoggerListener log
Informações: Command line argument: -Dcatalina.base=/Applications/juddi-distro-3.3.1/juddi-tomcat-3.3.1
Oct 22, 2015 4:33:29 PM org.apache.catalina.startup.VersionLoggerListener log
Informações: Command line argument: -Dcatalina.home=/Applications/juddi-distro-3.3.1/juddi-tomcat-3.3.1
Oct 22, 2015 4:33:29 PM org.apache.catalina.startup.VersionLoggerListener log
Informações: Command line argument: -Djava.io.tmpdir=/Applications/juddi-distro-3.3.1/juddi-tomcat-3.3.1/temp
Oct 22, 2015 4:33:29 PM org.apache.catalina.core.AprLifecycleListener lifecycleEvent
Informações: The APR based Apache Tomcat Native library which allows optimal performance in production environments was not found on the java.library.path: /Users/glauciamelissa/Library/Java/Extensions:/Library/Java/Extensions:/Network/Library/Java/Extensions:/System/Library/Java/Extensions:/usr/lib/java:.
Oct 22, 2015 4:33:29 PM org.apache.coyote.AbstractProtocol init
Informações: Initializing ProtocolHandler ["http-bio-8080"]
Oct 22, 2015 4:33:29 PM org.apache.coyote.AbstractProtocol init
Informações: Initializing ProtocolHandler ["ajp-bio-8009"]
Oct 22, 2015 4:33:29 PM org.apache.catalina.startup.Catalina load
Informações: Initialization processed in 784 ms
Oct 22, 2015 4:33:29 PM org.apache.catalina.core.StandardService startInternal
Informações: Starting service Catalina
Oct 22, 2015 4:33:29 PM org.apache.catalina.core.StandardEngine startInternal
Informações: Starting Servlet Engine: Apache Tomcat/7.0.64
Oct 22, 2015 4:33:29 PM org.apache.catalina.startup.HostConfig deployDirectory
Informações: Deploying web application directory /Applications/juddi-distro-3.3.1/juddi-tomcat-3.3.1/webapps/docs
Oct 22, 2015 4:33:30 PM org.apache.catalina.startup.TldConfig execute
Informações: At least one JAR was scanned for TLDs yet contained no TLDs. Enable debug logging for this logger for a complete list of JARs that were scanned but no TLDs were found in them. Skipping unneeded JARs during scanning can improve startup time and JSP compilation time.
Oct 22, 2015 4:33:30 PM org.apache.catalina.startup.HostConfig deployDirectory
Informações: Deployment of web application directory /Applications/juddi-distro-3.3.1/juddi-tomcat-3.3.1/webapps/docs has finished in 973 ms
Oct 22, 2015 4:33:30 PM org.apache.catalina.startup.HostConfig deployDirectory
Informações: Deploying web application directory /Applications/juddi-distro-3.3.1/juddi-tomcat-3.3.1/webapps/examples
Oct 22, 2015 4:33:31 PM org.apache.catalina.startup.TldConfig execute
Informações: At least one JAR was scanned for TLDs yet contained no TLDs. Enable debug logging for this logger for a complete list of JARs that were scanned but no TLDs were found in them. Skipping unneeded JARs during scanning can improve startup time and JSP compilation time.
Oct 22, 2015 4:33:31 PM org.apache.catalina.startup.HostConfig deployDirectory
Informações: Deployment of web application directory /Applications/juddi-distro-3.3.1/juddi-tomcat-3.3.1/webapps/examples has finished in 701 ms
Oct 22, 2015 4:33:31 PM org.apache.catalina.startup.HostConfig deployDirectory
Informações: Deploying web application directory /Applications/juddi-distro-3.3.1/juddi-tomcat-3.3.1/webapps/host-manager
Oct 22, 2015 4:33:31 PM org.apache.catalina.startup.TldConfig execute
Informações: At least one JAR was scanned for TLDs yet contained no TLDs. Enable debug logging for this logger for a complete list of JARs that were scanned but no TLDs were found in them. Skipping unneeded JARs during scanning can improve startup time and JSP compilation time.
Oct 22, 2015 4:33:31 PM org.apache.catalina.startup.HostConfig deployDirectory
Informações: Deployment of web application directory /Applications/juddi-distro-3.3.1/juddi-tomcat-3.3.1/webapps/host-manager has finished in 323 ms
Oct 22, 2015 4:33:31 PM org.apache.catalina.startup.HostConfig deployDirectory
Informações: Deploying web application directory /Applications/juddi-distro-3.3.1/juddi-tomcat-3.3.1/webapps/juddi-gui
Oct 22, 2015 4:33:32 PM org.apache.catalina.startup.TldConfig execute
Informações: At least one JAR was scanned for TLDs yet contained no TLDs. Enable debug logging for this logger for a complete list of JARs that were scanned but no TLDs were found in them. Skipping unneeded JARs during scanning can improve startup time and JSP compilation time.
Oct 22, 2015 4:33:32 PM org.apache.juddi.webconsole.StartupServlet contextInitialized
Informações: juddi-gui startup
Oct 22, 2015 4:33:32 PM org.apache.juddi.webconsole.StartupServlet contextInitialized
Informações: Attempting to generate 256 bit AES key
Oct 22, 2015 4:33:33 PM org.apache.juddi.webconsole.StartupServlet contextInitialized
Advertência: 256 bit key validation failed. To use higher key sizes, try installing the Java Cryptographic Extensions (JCE) Unlimited Strength
Oct 22, 2015 4:33:33 PM org.apache.juddi.webconsole.StartupServlet contextInitialized
Informações: Attempting to generate 128 bit AES key
Oct 22, 2015 4:33:33 PM org.apache.juddi.webconsole.StartupServlet contextInitialized
Informações: Generation of 128 bit AES key successful
Oct 22, 2015 4:33:33 PM org.apache.juddi.webconsole.StartupServlet contextInitialized
Informações: Storing key to /Applications/juddi-distro-3.3.1/juddi-tomcat-3.3.1/webapps/juddi-gui/META-INF/config.properties
Oct 22, 2015 4:33:33 PM org.apache.catalina.startup.HostConfig deployDirectory
Informações: Deployment of web application directory /Applications/juddi-distro-3.3.1/juddi-tomcat-3.3.1/webapps/juddi-gui has finished in 1,116 ms
Oct 22, 2015 4:33:33 PM org.apache.catalina.startup.HostConfig deployDirectory
Informações: Deploying web application directory /Applications/juddi-distro-3.3.1/juddi-tomcat-3.3.1/webapps/juddiv3
Oct 22, 2015 4:33:34 PM org.apache.catalina.startup.TldConfig execute
Informações: At least one JAR was scanned for TLDs yet contained no TLDs. Enable debug logging for this logger for a complete list of JARs that were scanned but no TLDs were found in them. Skipping unneeded JARs during scanning can improve startup time and JSP compilation time.
Oct 22, 2015 4:33:39 PM org.apache.cxf.service.factory.ReflectionServiceFactoryBean buildServiceFromClass
Informações: Creating Service {urn:uddi-org:v3_service}UDDIInquiryService from class org.uddi.v3_service.UDDIInquiryPortType
Oct 22, 2015 4:33:40 PM org.apache.cxf.bus.spring.OldSpringSupport logWarning
Advertência: Import of META-INF/cxf/cxf-extension-soap.xml has been deprecated and is unnecessary.
Oct 22, 2015 4:33:40 PM org.apache.cxf.endpoint.ServerImpl initDestination
Informações: Setting the server's publish address to be /inquiry
Oct 22, 2015 4:33:40 PM org.apache.cxf.service.factory.ReflectionServiceFactoryBean buildServiceFromClass
Informações: Creating Service {urn:uddi-org:v3_service}UDDIPublicationService from class org.uddi.v3_service.UDDIPublicationPortType
Oct 22, 2015 4:33:41 PM org.apache.cxf.endpoint.ServerImpl initDestination
Informações: Setting the server's publish address to be /publish
Oct 22, 2015 4:33:41 PM org.apache.cxf.service.factory.ReflectionServiceFactoryBean buildServiceFromClass
Informações: Creating Service {urn:uddi-org:v3_service}UDDISecurityService from class org.uddi.v3_service.UDDISecurityPortType
Oct 22, 2015 4:33:41 PM org.apache.cxf.endpoint.ServerImpl initDestination
Informações: Setting the server's publish address to be /security
Oct 22, 2015 4:33:41 PM org.apache.cxf.service.factory.ReflectionServiceFactoryBean buildServiceFromClass
Informações: Creating Service {urn:uddi-org:v3_service}UDDISubscriptionService from class org.uddi.v3_service.UDDISubscriptionPortType
Oct 22, 2015 4:33:41 PM org.apache.cxf.endpoint.ServerImpl initDestination
Informações: Setting the server's publish address to be /subscription
Oct 22, 2015 4:33:41 PM org.apache.cxf.service.factory.ReflectionServiceFactoryBean buildServiceFromClass
Informações: Creating Service {urn:uddi-org:v3_service}UDDISubscriptionListenerService from class org.uddi.v3_service.UDDISubscriptionListenerPortType
Oct 22, 2015 4:33:41 PM org.apache.cxf.endpoint.ServerImpl initDestination
Informações: Setting the server's publish address to be /subscription-listener
Oct 22, 2015 4:33:41 PM org.apache.cxf.service.factory.ReflectionServiceFactoryBean buildServiceFromClass
Informações: Creating Service {urn:uddi-org:v3_service}UDDICustodyTransferService from class org.uddi.v3_service.UDDICustodyTransferPortType
Oct 22, 2015 4:33:42 PM org.apache.cxf.endpoint.ServerImpl initDestination
Informações: Setting the server's publish address to be /custody-transfer
Oct 22, 2015 4:33:42 PM org.apache.cxf.service.factory.ReflectionServiceFactoryBean buildServiceFromClass
Informações: Creating Service {http://impl.api.juddi.apache.org/}UDDIValueSetValidationImplService from class org.uddi.v3_service.UDDIValueSetValidationPortType
Oct 22, 2015 4:33:42 PM org.apache.cxf.endpoint.ServerImpl initDestination
Informações: Setting the server's publish address to be /valueset-validation
Oct 22, 2015 4:33:42 PM org.apache.cxf.service.factory.ReflectionServiceFactoryBean buildServiceFromClass
Informações: Creating Service {http://impl.api.juddi.apache.org/}UDDIValueSetCachingImplService from class org.uddi.v3_service.UDDIValueSetCachingPortType
Oct 22, 2015 4:33:42 PM org.apache.cxf.endpoint.ServerImpl initDestination
Informações: Setting the server's publish address to be /valueset-caching
Oct 22, 2015 4:33:42 PM org.apache.cxf.service.factory.ReflectionServiceFactoryBean buildServiceFromClass
Informações: Creating Service {urn:uddi-org:inquiry_v2}Inquire from class org.uddi.v2_service.Inquire
Oct 22, 2015 4:33:42 PM org.apache.cxf.endpoint.ServerImpl initDestination
Informações: Setting the server's publish address to be /inquiryv2
Oct 22, 2015 4:33:42 PM org.apache.cxf.service.factory.ReflectionServiceFactoryBean buildServiceFromClass
Informações: Creating Service {urn:uddi-org:publication_v2}Publish from class org.uddi.v2_service.Publish
Oct 22, 2015 4:33:43 PM org.apache.cxf.endpoint.ServerImpl initDestination
Informações: Setting the server's publish address to be /publishv2
Oct 22, 2015 4:33:43 PM org.apache.cxf.service.factory.ReflectionServiceFactoryBean buildServiceFromWSDL
Informações: Creating Service {urn:juddi-apache-org:v3_service}JUDDIApiService from WSDL: classpath:/juddi_api_v1.wsdl
Oct 22, 2015 4:33:43 PM org.apache.cxf.endpoint.ServerImpl initDestination
Informações: Setting the server's publish address to be /juddi-api
Oct 22, 2015 4:33:44 PM org.apache.cxf.endpoint.ServerImpl initDestination
Informações: Setting the server's publish address to be /inquiryRest
Oct 22, 2015 4:33:44 PM org.apache.juddi.adminconsole.StartupServlet contextInitialized
Informações: juddi-admin gui startup
Oct 22, 2015 4:33:44 PM org.apache.juddi.adminconsole.StartupServlet contextInitialized
Informações: Attempting to generate 256 bit AES key
Oct 22, 2015 4:33:44 PM org.apache.juddi.adminconsole.StartupServlet contextInitialized
Advertência: 256 bit key validation failed. To use higher key sizes, try installing the Java Cryptographic Extensions (JCE) Unlimited Strength
Oct 22, 2015 4:33:44 PM org.apache.juddi.adminconsole.StartupServlet contextInitialized
Informações: Attempting to generate 128 bit AES key
Oct 22, 2015 4:33:44 PM org.apache.juddi.adminconsole.StartupServlet contextInitialized
Informações: Generation of 128 bit AES key successful
Oct 22, 2015 4:33:44 PM org.apache.juddi.adminconsole.StartupServlet contextInitialized
Informações: Storing key to /Applications/juddi-distro-3.3.1/juddi-tomcat-3.3.1/webapps/juddiv3/WEB-INF/config.properties
Oct 22, 2015 4:33:44 PM org.apache.catalina.startup.HostConfig deployDirectory
Informações: Deployment of web application directory /Applications/juddi-distro-3.3.1/juddi-tomcat-3.3.1/webapps/juddiv3 has finished in 11,244 ms
Oct 22, 2015 4:33:44 PM org.apache.catalina.startup.HostConfig deployDirectory
Informações: Deploying web application directory /Applications/juddi-distro-3.3.1/juddi-tomcat-3.3.1/webapps/juddiv3replication
Oct 22, 2015 4:33:45 PM org.apache.catalina.startup.TldConfig execute
Informações: At least one JAR was scanned for TLDs yet contained no TLDs. Enable debug logging for this logger for a complete list of JARs that were scanned but no TLDs were found in them. Skipping unneeded JARs during scanning can improve startup time and JSP compilation time.
Oct 22, 2015 4:33:49 PM org.apache.cxf.service.factory.ReflectionServiceFactoryBean buildServiceFromClass
Informações: Creating Service {urn:uddi-org:repl_v3_portType}UDDI_Replication_PortType from class org.uddi.v3_service.UDDIReplicationPortType
Oct 22, 2015 4:33:49 PM org.apache.cxf.bus.spring.OldSpringSupport logWarning
Advertência: Import of META-INF/cxf/cxf-extension-soap.xml has been deprecated and is unnecessary.
Oct 22, 2015 4:33:50 PM org.apache.cxf.endpoint.ServerImpl initDestination
Informações: Setting the server's publish address to be /replication
Oct 22, 2015 4:33:50 PM org.apache.juddi.adminconsole.StartupServlet contextInitialized
Informações: juddi-admin gui startup
Oct 22, 2015 4:33:50 PM org.apache.juddi.adminconsole.StartupServlet contextInitialized
Informações: Attempting to generate 256 bit AES key
Oct 22, 2015 4:33:50 PM org.apache.juddi.adminconsole.StartupServlet contextInitialized
Advertência: 256 bit key validation failed. To use higher key sizes, try installing the Java Cryptographic Extensions (JCE) Unlimited Strength
Oct 22, 2015 4:33:50 PM org.apache.juddi.adminconsole.StartupServlet contextInitialized
Informações: Attempting to generate 128 bit AES key
Oct 22, 2015 4:33:50 PM org.apache.juddi.adminconsole.StartupServlet contextInitialized
Informações: Generation of 128 bit AES key successful
Oct 22, 2015 4:33:50 PM org.apache.juddi.adminconsole.StartupServlet contextInitialized
Informações: Storing key to /Applications/juddi-distro-3.3.1/juddi-tomcat-3.3.1/webapps/juddiv3replication/WEB-INF/config.properties
Oct 22, 2015 4:33:50 PM org.apache.catalina.startup.HostConfig deployDirectory
Informações: Deployment of web application directory /Applications/juddi-distro-3.3.1/juddi-tomcat-3.3.1/webapps/juddiv3replication has finished in 6,108 ms
Oct 22, 2015 4:33:50 PM org.apache.catalina.startup.HostConfig deployDirectory
Informações: Deploying web application directory /Applications/juddi-distro-3.3.1/juddi-tomcat-3.3.1/webapps/manager
Oct 22, 2015 4:33:50 PM org.apache.catalina.startup.TldConfig execute
Informações: At least one JAR was scanned for TLDs yet contained no TLDs. Enable debug logging for this logger for a complete list of JARs that were scanned but no TLDs were found in them. Skipping unneeded JARs during scanning can improve startup time and JSP compilation time.
Oct 22, 2015 4:33:50 PM org.apache.catalina.startup.HostConfig deployDirectory
Informações: Deployment of web application directory /Applications/juddi-distro-3.3.1/juddi-tomcat-3.3.1/webapps/manager has finished in 326 ms
Oct 22, 2015 4:33:50 PM org.apache.catalina.startup.HostConfig deployDirectory
Informações: Deploying web application directory /Applications/juddi-distro-3.3.1/juddi-tomcat-3.3.1/webapps/ROOT
Oct 22, 2015 4:33:50 PM org.apache.catalina.startup.TldConfig execute
Informações: At least one JAR was scanned for TLDs yet contained no TLDs. Enable debug logging for this logger for a complete list of JARs that were scanned but no TLDs were found in them. Skipping unneeded JARs during scanning can improve startup time and JSP compilation time.
Oct 22, 2015 4:33:50 PM org.apache.catalina.startup.HostConfig deployDirectory
Informações: Deployment of web application directory /Applications/juddi-distro-3.3.1/juddi-tomcat-3.3.1/webapps/ROOT has finished in 206 ms
Oct 22, 2015 4:33:50 PM org.apache.coyote.AbstractProtocol start
Informações: Starting ProtocolHandler ["http-bio-8080"]
Oct 22, 2015 4:33:50 PM org.apache.coyote.AbstractProtocol start
Informações: Starting ProtocolHandler ["ajp-bio-8009"]
Oct 22, 2015 4:33:50 PM org.apache.catalina.startup.Catalina start
Informações: Server startup in 21067 ms
