jun 02, 2016 2:14:27 PM org.apache.catalina.startup.VersionLoggerListener log
INFORMAÇÕES: Server version:        Apache Tomcat/7.0.64
jun 02, 2016 2:14:27 PM org.apache.catalina.startup.VersionLoggerListener log
INFORMAÇÕES: Server built:          Aug 19 2015 17:18:06 UTC
jun 02, 2016 2:14:27 PM org.apache.catalina.startup.VersionLoggerListener log
INFORMAÇÕES: Server number:         7.0.64.0
jun 02, 2016 2:14:27 PM org.apache.catalina.startup.VersionLoggerListener log
INFORMAÇÕES: OS Name:               Mac OS X
jun 02, 2016 2:14:27 PM org.apache.catalina.startup.VersionLoggerListener log
INFORMAÇÕES: OS Version:            10.11.4
jun 02, 2016 2:14:27 PM org.apache.catalina.startup.VersionLoggerListener log
INFORMAÇÕES: Architecture:          x86_64
jun 02, 2016 2:14:27 PM org.apache.catalina.startup.VersionLoggerListener log
INFORMAÇÕES: Java Home:             /Library/Java/JavaVirtualMachines/jdk1.8.0_65.jdk/Contents/Home/jre
jun 02, 2016 2:14:27 PM org.apache.catalina.startup.VersionLoggerListener log
INFORMAÇÕES: JVM Version:           1.8.0_65-b17
jun 02, 2016 2:14:27 PM org.apache.catalina.startup.VersionLoggerListener log
INFORMAÇÕES: JVM Vendor:            Oracle Corporation
jun 02, 2016 2:14:27 PM org.apache.catalina.startup.VersionLoggerListener log
INFORMAÇÕES: CATALINA_BASE:         /Applications/juddi-distro-3.3.1/juddi-tomcat-3.3.1
jun 02, 2016 2:14:27 PM org.apache.catalina.startup.VersionLoggerListener log
INFORMAÇÕES: CATALINA_HOME:         /Applications/juddi-distro-3.3.1/juddi-tomcat-3.3.1
jun 02, 2016 2:14:27 PM org.apache.catalina.startup.VersionLoggerListener log
INFORMAÇÕES: Command line argument: -Djava.util.logging.config.file=/Applications/juddi-distro-3.3.1/juddi-tomcat-3.3.1/conf/logging.properties
jun 02, 2016 2:14:27 PM org.apache.catalina.startup.VersionLoggerListener log
INFORMAÇÕES: Command line argument: -Djava.util.logging.manager=org.apache.juli.ClassLoaderLogManager
jun 02, 2016 2:14:27 PM org.apache.catalina.startup.VersionLoggerListener log
INFORMAÇÕES: Command line argument: -Xms4096M
jun 02, 2016 2:14:27 PM org.apache.catalina.startup.VersionLoggerListener log
INFORMAÇÕES: Command line argument: -Xmx4096M
jun 02, 2016 2:14:27 PM org.apache.catalina.startup.VersionLoggerListener log
INFORMAÇÕES: Command line argument: -XX:PermSize=512M
jun 02, 2016 2:14:27 PM org.apache.catalina.startup.VersionLoggerListener log
INFORMAÇÕES: Command line argument: -XX:MaxPermSize=512M
jun 02, 2016 2:14:27 PM org.apache.catalina.startup.VersionLoggerListener log
INFORMAÇÕES: Command line argument: -Djava.endorsed.dirs=/Applications/juddi-distro-3.3.1/juddi-tomcat-3.3.1/endorsed
jun 02, 2016 2:14:27 PM org.apache.catalina.startup.VersionLoggerListener log
INFORMAÇÕES: Command line argument: -Dcatalina.base=/Applications/juddi-distro-3.3.1/juddi-tomcat-3.3.1
jun 02, 2016 2:14:27 PM org.apache.catalina.startup.VersionLoggerListener log
INFORMAÇÕES: Command line argument: -Dcatalina.home=/Applications/juddi-distro-3.3.1/juddi-tomcat-3.3.1
jun 02, 2016 2:14:27 PM org.apache.catalina.startup.VersionLoggerListener log
INFORMAÇÕES: Command line argument: -Djava.io.tmpdir=/Applications/juddi-distro-3.3.1/juddi-tomcat-3.3.1/temp
jun 02, 2016 2:14:27 PM org.apache.catalina.core.AprLifecycleListener lifecycleEvent
INFORMAÇÕES: The APR based Apache Tomcat Native library which allows optimal performance in production environments was not found on the java.library.path: /Users/macbook/Library/Java/Extensions:/Library/Java/Extensions:/Network/Library/Java/Extensions:/System/Library/Java/Extensions:/usr/lib/java:.
jun 02, 2016 2:14:27 PM org.apache.coyote.AbstractProtocol init
INFORMAÇÕES: Initializing ProtocolHandler ["http-bio-8080"]
jun 02, 2016 2:14:27 PM org.apache.coyote.AbstractProtocol init
INFORMAÇÕES: Initializing ProtocolHandler ["ajp-bio-8009"]
jun 02, 2016 2:14:27 PM org.apache.catalina.startup.Catalina load
INFORMAÇÕES: Initialization processed in 772 ms
jun 02, 2016 2:14:27 PM org.apache.catalina.core.StandardService startInternal
INFORMAÇÕES: Starting service Catalina
jun 02, 2016 2:14:27 PM org.apache.catalina.core.StandardEngine startInternal
INFORMAÇÕES: Starting Servlet Engine: Apache Tomcat/7.0.64
jun 02, 2016 2:14:27 PM org.apache.catalina.startup.HostConfig deployDirectory
INFORMAÇÕES: Deploying web application directory /Applications/juddi-distro-3.3.1/juddi-tomcat-3.3.1/webapps/docs
jun 02, 2016 2:14:28 PM org.apache.catalina.startup.TldConfig execute
INFORMAÇÕES: At least one JAR was scanned for TLDs yet contained no TLDs. Enable debug logging for this logger for a complete list of JARs that were scanned but no TLDs were found in them. Skipping unneeded JARs during scanning can improve startup time and JSP compilation time.
jun 02, 2016 2:14:28 PM org.apache.catalina.startup.HostConfig deployDirectory
INFORMAÇÕES: Deployment of web application directory /Applications/juddi-distro-3.3.1/juddi-tomcat-3.3.1/webapps/docs has finished in 835 ms
jun 02, 2016 2:14:28 PM org.apache.catalina.startup.HostConfig deployDirectory
INFORMAÇÕES: Deploying web application directory /Applications/juddi-distro-3.3.1/juddi-tomcat-3.3.1/webapps/examples
jun 02, 2016 2:14:28 PM org.apache.catalina.startup.TldConfig execute
INFORMAÇÕES: At least one JAR was scanned for TLDs yet contained no TLDs. Enable debug logging for this logger for a complete list of JARs that were scanned but no TLDs were found in them. Skipping unneeded JARs during scanning can improve startup time and JSP compilation time.
jun 02, 2016 2:14:29 PM org.apache.catalina.startup.HostConfig deployDirectory
INFORMAÇÕES: Deployment of web application directory /Applications/juddi-distro-3.3.1/juddi-tomcat-3.3.1/webapps/examples has finished in 647 ms
jun 02, 2016 2:14:29 PM org.apache.catalina.startup.HostConfig deployDirectory
INFORMAÇÕES: Deploying web application directory /Applications/juddi-distro-3.3.1/juddi-tomcat-3.3.1/webapps/host-manager
jun 02, 2016 2:14:29 PM org.apache.catalina.startup.TldConfig execute
INFORMAÇÕES: At least one JAR was scanned for TLDs yet contained no TLDs. Enable debug logging for this logger for a complete list of JARs that were scanned but no TLDs were found in them. Skipping unneeded JARs during scanning can improve startup time and JSP compilation time.
jun 02, 2016 2:14:29 PM org.apache.catalina.startup.HostConfig deployDirectory
INFORMAÇÕES: Deployment of web application directory /Applications/juddi-distro-3.3.1/juddi-tomcat-3.3.1/webapps/host-manager has finished in 385 ms
jun 02, 2016 2:14:29 PM org.apache.catalina.startup.HostConfig deployDirectory
INFORMAÇÕES: Deploying web application directory /Applications/juddi-distro-3.3.1/juddi-tomcat-3.3.1/webapps/juddi-gui
jun 02, 2016 2:14:30 PM org.apache.catalina.startup.TldConfig execute
INFORMAÇÕES: At least one JAR was scanned for TLDs yet contained no TLDs. Enable debug logging for this logger for a complete list of JARs that were scanned but no TLDs were found in them. Skipping unneeded JARs during scanning can improve startup time and JSP compilation time.
jun 02, 2016 2:14:30 PM org.apache.juddi.webconsole.StartupServlet contextInitialized
INFORMAÇÕES: juddi-gui startup
jun 02, 2016 2:14:30 PM org.apache.juddi.webconsole.StartupServlet contextInitialized
INFORMAÇÕES: Attempting to generate 256 bit AES key
jun 02, 2016 2:14:31 PM org.apache.juddi.webconsole.StartupServlet contextInitialized
ADVERTÊNCIA: 256 bit key validation failed. To use higher key sizes, try installing the Java Cryptographic Extensions (JCE) Unlimited Strength
jun 02, 2016 2:14:31 PM org.apache.juddi.webconsole.StartupServlet contextInitialized
INFORMAÇÕES: Attempting to generate 128 bit AES key
jun 02, 2016 2:14:31 PM org.apache.juddi.webconsole.StartupServlet contextInitialized
INFORMAÇÕES: Generation of 128 bit AES key successful
jun 02, 2016 2:14:31 PM org.apache.juddi.webconsole.StartupServlet contextInitialized
INFORMAÇÕES: Storing key to /Applications/juddi-distro-3.3.1/juddi-tomcat-3.3.1/webapps/juddi-gui/META-INF/config.properties
jun 02, 2016 2:14:31 PM org.apache.catalina.startup.HostConfig deployDirectory
INFORMAÇÕES: Deployment of web application directory /Applications/juddi-distro-3.3.1/juddi-tomcat-3.3.1/webapps/juddi-gui has finished in 1,777 ms
jun 02, 2016 2:14:31 PM org.apache.catalina.startup.HostConfig deployDirectory
INFORMAÇÕES: Deploying web application directory /Applications/juddi-distro-3.3.1/juddi-tomcat-3.3.1/webapps/juddiv3
jun 02, 2016 2:14:34 PM org.apache.catalina.startup.TldConfig execute
INFORMAÇÕES: At least one JAR was scanned for TLDs yet contained no TLDs. Enable debug logging for this logger for a complete list of JARs that were scanned but no TLDs were found in them. Skipping unneeded JARs during scanning can improve startup time and JSP compilation time.
jun 02, 2016 2:14:39 PM org.apache.cxf.service.factory.ReflectionServiceFactoryBean buildServiceFromClass
INFORMAÇÕES: Creating Service {urn:uddi-org:v3_service}UDDIInquiryService from class org.uddi.v3_service.UDDIInquiryPortType
jun 02, 2016 2:14:40 PM org.apache.cxf.bus.spring.OldSpringSupport logWarning
ADVERTÊNCIA: Import of META-INF/cxf/cxf-extension-soap.xml has been deprecated and is unnecessary.
jun 02, 2016 2:14:40 PM org.apache.cxf.endpoint.ServerImpl initDestination
INFORMAÇÕES: Setting the server's publish address to be /inquiry
jun 02, 2016 2:14:40 PM org.apache.cxf.service.factory.ReflectionServiceFactoryBean buildServiceFromClass
INFORMAÇÕES: Creating Service {urn:uddi-org:v3_service}UDDIPublicationService from class org.uddi.v3_service.UDDIPublicationPortType
jun 02, 2016 2:14:41 PM org.apache.cxf.endpoint.ServerImpl initDestination
INFORMAÇÕES: Setting the server's publish address to be /publish
jun 02, 2016 2:14:41 PM org.apache.cxf.service.factory.ReflectionServiceFactoryBean buildServiceFromClass
INFORMAÇÕES: Creating Service {urn:uddi-org:v3_service}UDDISecurityService from class org.uddi.v3_service.UDDISecurityPortType
jun 02, 2016 2:14:41 PM org.apache.cxf.endpoint.ServerImpl initDestination
INFORMAÇÕES: Setting the server's publish address to be /security
jun 02, 2016 2:14:41 PM org.apache.cxf.service.factory.ReflectionServiceFactoryBean buildServiceFromClass
INFORMAÇÕES: Creating Service {urn:uddi-org:v3_service}UDDISubscriptionService from class org.uddi.v3_service.UDDISubscriptionPortType
jun 02, 2016 2:14:41 PM org.apache.cxf.endpoint.ServerImpl initDestination
INFORMAÇÕES: Setting the server's publish address to be /subscription
jun 02, 2016 2:14:41 PM org.apache.cxf.service.factory.ReflectionServiceFactoryBean buildServiceFromClass
INFORMAÇÕES: Creating Service {urn:uddi-org:v3_service}UDDISubscriptionListenerService from class org.uddi.v3_service.UDDISubscriptionListenerPortType
jun 02, 2016 2:14:41 PM org.apache.cxf.endpoint.ServerImpl initDestination
INFORMAÇÕES: Setting the server's publish address to be /subscription-listener
jun 02, 2016 2:14:41 PM org.apache.cxf.service.factory.ReflectionServiceFactoryBean buildServiceFromClass
INFORMAÇÕES: Creating Service {urn:uddi-org:v3_service}UDDICustodyTransferService from class org.uddi.v3_service.UDDICustodyTransferPortType
jun 02, 2016 2:14:42 PM org.apache.cxf.endpoint.ServerImpl initDestination
INFORMAÇÕES: Setting the server's publish address to be /custody-transfer
jun 02, 2016 2:14:42 PM org.apache.cxf.service.factory.ReflectionServiceFactoryBean buildServiceFromClass
INFORMAÇÕES: Creating Service {http://impl.api.juddi.apache.org/}UDDIValueSetValidationImplService from class org.uddi.v3_service.UDDIValueSetValidationPortType
jun 02, 2016 2:14:42 PM org.apache.cxf.endpoint.ServerImpl initDestination
INFORMAÇÕES: Setting the server's publish address to be /valueset-validation
jun 02, 2016 2:14:42 PM org.apache.cxf.service.factory.ReflectionServiceFactoryBean buildServiceFromClass
INFORMAÇÕES: Creating Service {http://impl.api.juddi.apache.org/}UDDIValueSetCachingImplService from class org.uddi.v3_service.UDDIValueSetCachingPortType
jun 02, 2016 2:14:42 PM org.apache.cxf.endpoint.ServerImpl initDestination
INFORMAÇÕES: Setting the server's publish address to be /valueset-caching
jun 02, 2016 2:14:42 PM org.apache.cxf.service.factory.ReflectionServiceFactoryBean buildServiceFromClass
INFORMAÇÕES: Creating Service {urn:uddi-org:inquiry_v2}Inquire from class org.uddi.v2_service.Inquire
jun 02, 2016 2:14:42 PM org.apache.cxf.endpoint.ServerImpl initDestination
INFORMAÇÕES: Setting the server's publish address to be /inquiryv2
jun 02, 2016 2:14:42 PM org.apache.cxf.service.factory.ReflectionServiceFactoryBean buildServiceFromClass
INFORMAÇÕES: Creating Service {urn:uddi-org:publication_v2}Publish from class org.uddi.v2_service.Publish
jun 02, 2016 2:14:43 PM org.apache.cxf.endpoint.ServerImpl initDestination
INFORMAÇÕES: Setting the server's publish address to be /publishv2
jun 02, 2016 2:14:43 PM org.apache.cxf.service.factory.ReflectionServiceFactoryBean buildServiceFromWSDL
INFORMAÇÕES: Creating Service {urn:juddi-apache-org:v3_service}JUDDIApiService from WSDL: classpath:/juddi_api_v1.wsdl
jun 02, 2016 2:14:43 PM org.apache.cxf.endpoint.ServerImpl initDestination
INFORMAÇÕES: Setting the server's publish address to be /juddi-api
jun 02, 2016 2:14:44 PM org.apache.cxf.endpoint.ServerImpl initDestination
INFORMAÇÕES: Setting the server's publish address to be /inquiryRest
jun 02, 2016 2:14:44 PM org.apache.juddi.adminconsole.StartupServlet contextInitialized
INFORMAÇÕES: juddi-admin gui startup
jun 02, 2016 2:14:44 PM org.apache.juddi.adminconsole.StartupServlet contextInitialized
INFORMAÇÕES: Attempting to generate 256 bit AES key
jun 02, 2016 2:14:44 PM org.apache.juddi.adminconsole.StartupServlet contextInitialized
ADVERTÊNCIA: 256 bit key validation failed. To use higher key sizes, try installing the Java Cryptographic Extensions (JCE) Unlimited Strength
jun 02, 2016 2:14:44 PM org.apache.juddi.adminconsole.StartupServlet contextInitialized
INFORMAÇÕES: Attempting to generate 128 bit AES key
jun 02, 2016 2:14:44 PM org.apache.juddi.adminconsole.StartupServlet contextInitialized
INFORMAÇÕES: Generation of 128 bit AES key successful
jun 02, 2016 2:14:44 PM org.apache.juddi.adminconsole.StartupServlet contextInitialized
INFORMAÇÕES: Storing key to /Applications/juddi-distro-3.3.1/juddi-tomcat-3.3.1/webapps/juddiv3/WEB-INF/config.properties
jun 02, 2016 2:14:44 PM org.apache.catalina.startup.HostConfig deployDirectory
INFORMAÇÕES: Deployment of web application directory /Applications/juddi-distro-3.3.1/juddi-tomcat-3.3.1/webapps/juddiv3 has finished in 13,143 ms
jun 02, 2016 2:14:44 PM org.apache.catalina.startup.HostConfig deployDirectory
INFORMAÇÕES: Deploying web application directory /Applications/juddi-distro-3.3.1/juddi-tomcat-3.3.1/webapps/juddiv3replication
jun 02, 2016 2:14:46 PM org.apache.catalina.startup.TldConfig execute
INFORMAÇÕES: At least one JAR was scanned for TLDs yet contained no TLDs. Enable debug logging for this logger for a complete list of JARs that were scanned but no TLDs were found in them. Skipping unneeded JARs during scanning can improve startup time and JSP compilation time.
jun 02, 2016 2:14:49 PM org.apache.cxf.service.factory.ReflectionServiceFactoryBean buildServiceFromClass
INFORMAÇÕES: Creating Service {urn:uddi-org:repl_v3_portType}UDDI_Replication_PortType from class org.uddi.v3_service.UDDIReplicationPortType
jun 02, 2016 2:14:50 PM org.apache.cxf.bus.spring.OldSpringSupport logWarning
ADVERTÊNCIA: Import of META-INF/cxf/cxf-extension-soap.xml has been deprecated and is unnecessary.
jun 02, 2016 2:14:50 PM org.apache.cxf.endpoint.ServerImpl initDestination
INFORMAÇÕES: Setting the server's publish address to be /replication
jun 02, 2016 2:14:50 PM org.apache.juddi.adminconsole.StartupServlet contextInitialized
INFORMAÇÕES: juddi-admin gui startup
jun 02, 2016 2:14:50 PM org.apache.juddi.adminconsole.StartupServlet contextInitialized
INFORMAÇÕES: Attempting to generate 256 bit AES key
jun 02, 2016 2:14:50 PM org.apache.juddi.adminconsole.StartupServlet contextInitialized
ADVERTÊNCIA: 256 bit key validation failed. To use higher key sizes, try installing the Java Cryptographic Extensions (JCE) Unlimited Strength
jun 02, 2016 2:14:50 PM org.apache.juddi.adminconsole.StartupServlet contextInitialized
INFORMAÇÕES: Attempting to generate 128 bit AES key
jun 02, 2016 2:14:50 PM org.apache.juddi.adminconsole.StartupServlet contextInitialized
INFORMAÇÕES: Generation of 128 bit AES key successful
jun 02, 2016 2:14:50 PM org.apache.juddi.adminconsole.StartupServlet contextInitialized
INFORMAÇÕES: Storing key to /Applications/juddi-distro-3.3.1/juddi-tomcat-3.3.1/webapps/juddiv3replication/WEB-INF/config.properties
jun 02, 2016 2:14:50 PM org.apache.catalina.startup.HostConfig deployDirectory
INFORMAÇÕES: Deployment of web application directory /Applications/juddi-distro-3.3.1/juddi-tomcat-3.3.1/webapps/juddiv3replication has finished in 6,175 ms
jun 02, 2016 2:14:50 PM org.apache.catalina.startup.HostConfig deployDirectory
INFORMAÇÕES: Deploying web application directory /Applications/juddi-distro-3.3.1/juddi-tomcat-3.3.1/webapps/manager
jun 02, 2016 2:14:50 PM org.apache.catalina.startup.TldConfig execute
INFORMAÇÕES: At least one JAR was scanned for TLDs yet contained no TLDs. Enable debug logging for this logger for a complete list of JARs that were scanned but no TLDs were found in them. Skipping unneeded JARs during scanning can improve startup time and JSP compilation time.
jun 02, 2016 2:14:50 PM org.apache.catalina.startup.HostConfig deployDirectory
INFORMAÇÕES: Deployment of web application directory /Applications/juddi-distro-3.3.1/juddi-tomcat-3.3.1/webapps/manager has finished in 263 ms
jun 02, 2016 2:14:50 PM org.apache.catalina.startup.HostConfig deployDirectory
INFORMAÇÕES: Deploying web application directory /Applications/juddi-distro-3.3.1/juddi-tomcat-3.3.1/webapps/ROOT
jun 02, 2016 2:14:51 PM org.apache.catalina.startup.TldConfig execute
INFORMAÇÕES: At least one JAR was scanned for TLDs yet contained no TLDs. Enable debug logging for this logger for a complete list of JARs that were scanned but no TLDs were found in them. Skipping unneeded JARs during scanning can improve startup time and JSP compilation time.
jun 02, 2016 2:14:51 PM org.apache.catalina.startup.HostConfig deployDirectory
INFORMAÇÕES: Deployment of web application directory /Applications/juddi-distro-3.3.1/juddi-tomcat-3.3.1/webapps/ROOT has finished in 229 ms
jun 02, 2016 2:14:51 PM org.apache.coyote.AbstractProtocol start
INFORMAÇÕES: Starting ProtocolHandler ["http-bio-8080"]
jun 02, 2016 2:14:51 PM org.apache.coyote.AbstractProtocol start
INFORMAÇÕES: Starting ProtocolHandler ["ajp-bio-8009"]
jun 02, 2016 2:14:51 PM org.apache.catalina.startup.Catalina start
INFORMAÇÕES: Server startup in 23796 ms
jun 02, 2016 2:15:51 PM org.apache.cxf.service.factory.ReflectionServiceFactoryBean buildServiceFromWSDL
INFORMAÇÕES: Creating Service {urn:uddi-org:v3_service}UDDI_Service from WSDL: file:/Applications/juddi-distro-3.3.1/juddi-tomcat-3.3.1/work/Catalina/localhost/juddi-gui/loader/uddi_v3_service.wsdl
jun 02, 2016 2:15:52 PM org.apache.cxf.service.factory.ReflectionServiceFactoryBean buildServiceFromWSDL
INFORMAÇÕES: Creating Service {urn:uddi-org:v3_service}UDDI_Service from WSDL: file:/Applications/juddi-distro-3.3.1/juddi-tomcat-3.3.1/work/Catalina/localhost/juddi-gui/loader/uddi_v3_service.wsdl
jun 02, 2016 2:15:52 PM org.apache.cxf.service.factory.ReflectionServiceFactoryBean buildServiceFromWSDL
INFORMAÇÕES: Creating Service {urn:uddi-org:v3_service}UDDI_Service from WSDL: file:/Applications/juddi-distro-3.3.1/juddi-tomcat-3.3.1/work/Catalina/localhost/juddi-gui/loader/uddi_v3_service.wsdl
jun 02, 2016 2:15:52 PM org.apache.cxf.service.factory.ReflectionServiceFactoryBean buildServiceFromWSDL
INFORMAÇÕES: Creating Service {urn:uddi-org:v3_service}UDDI_Service from WSDL: file:/Applications/juddi-distro-3.3.1/juddi-tomcat-3.3.1/work/Catalina/localhost/juddi-gui/loader/uddi_v3_service.wsdl
jun 02, 2016 2:15:52 PM org.apache.cxf.service.factory.ReflectionServiceFactoryBean buildServiceFromWSDL
INFORMAÇÕES: Creating Service {urn:uddi-org:v3_service}UDDI_Service from WSDL: file:/Applications/juddi-distro-3.3.1/juddi-tomcat-3.3.1/work/Catalina/localhost/juddi-gui/loader/uddi_v3_service.wsdl
jun 02, 2016 7:32:52 PM org.apache.cxf.service.factory.ReflectionServiceFactoryBean buildServiceFromWSDL
INFORMAÇÕES: Creating Service {urn:uddi-org:v3_service}UDDI_Service from WSDL: file:/Applications/juddi-distro-3.3.1/juddi-tomcat-3.3.1/work/Catalina/localhost/juddi-gui/loader/uddi_v3_service.wsdl
jun 02, 2016 7:32:53 PM org.apache.cxf.service.factory.ReflectionServiceFactoryBean buildServiceFromWSDL
INFORMAÇÕES: Creating Service {urn:uddi-org:v3_service}UDDI_Service from WSDL: file:/Applications/juddi-distro-3.3.1/juddi-tomcat-3.3.1/work/Catalina/localhost/juddi-gui/loader/uddi_v3_service.wsdl
jun 02, 2016 7:32:53 PM org.apache.cxf.service.factory.ReflectionServiceFactoryBean buildServiceFromWSDL
INFORMAÇÕES: Creating Service {urn:uddi-org:v3_service}UDDI_Service from WSDL: file:/Applications/juddi-distro-3.3.1/juddi-tomcat-3.3.1/work/Catalina/localhost/juddi-gui/loader/uddi_v3_service.wsdl
jun 02, 2016 7:32:53 PM org.apache.cxf.service.factory.ReflectionServiceFactoryBean buildServiceFromWSDL
INFORMAÇÕES: Creating Service {urn:uddi-org:v3_service}UDDI_Service from WSDL: file:/Applications/juddi-distro-3.3.1/juddi-tomcat-3.3.1/work/Catalina/localhost/juddi-gui/loader/uddi_v3_service.wsdl
jun 02, 2016 7:32:53 PM org.apache.cxf.service.factory.ReflectionServiceFactoryBean buildServiceFromWSDL
INFORMAÇÕES: Creating Service {urn:uddi-org:v3_service}UDDI_Service from WSDL: file:/Applications/juddi-distro-3.3.1/juddi-tomcat-3.3.1/work/Catalina/localhost/juddi-gui/loader/uddi_v3_service.wsdl
jun 02, 2016 7:34:17 PM org.apache.cxf.phase.PhaseInterceptorChain doDefaultLogging
INFORMAÇÕES: Application {urn:uddi-org:v3_service}UDDIInquiryService#{urn:uddi-org:v3_service}get_tModelDetail has thrown exception, unwinding now: org.apache.juddi.v3.error.InvalidKeyPassedException: The technical model was not found for the given key:  uddi:calculadoranormal:keygenerator
jun 02, 2016 7:34:45 PM org.apache.cxf.phase.PhaseInterceptorChain doDefaultLogging
INFORMAÇÕES: Application {urn:uddi-org:v3_service}UDDIInquiryService#{urn:uddi-org:v3_service}get_tModelDetail has thrown exception, unwinding now: org.apache.juddi.v3.error.InvalidKeyPassedException: The technical model was not found for the given key:  uddi:calculadoranormal:keygenerator
jun 02, 2016 7:34:46 PM org.apache.cxf.service.factory.ReflectionServiceFactoryBean buildServiceFromWSDL
INFORMAÇÕES: Creating Service {urn:uddi-org:v3_service}UDDI_Service from WSDL: jar:file:/Applications/juddi-distro-3.3.1/juddi-tomcat-3.3.1/webapps/juddiv3/WEB-INF/lib/uddi-ws-3.3.1.jar!/uddi_v3_service.wsdl
jun 02, 2016 7:34:47 PM org.apache.cxf.phase.PhaseInterceptorChain doDefaultLogging
INFORMAÇÕES: Application {urn:uddi-org:v3_service}UDDIInquiryService#{urn:uddi-org:v3_service}get_businessDetail has thrown exception, unwinding now: org.apache.juddi.v3.error.InvalidKeyPassedException: The business entity was not found for the given key:  org.uddi.mycompany
jun 02, 2016 7:34:47 PM org.apache.cxf.service.factory.ReflectionServiceFactoryBean buildServiceFromWSDL
INFORMAÇÕES: Creating Service {urn:uddi-org:v3_service}UDDI_Service from WSDL: jar:file:/Applications/juddi-distro-3.3.1/juddi-tomcat-3.3.1/webapps/juddiv3/WEB-INF/lib/uddi-ws-3.3.1.jar!/uddi_v3_service.wsdl
jun 02, 2016 7:38:43 PM org.apache.cxf.phase.PhaseInterceptorChain doDefaultLogging
INFORMAÇÕES: Application {urn:uddi-org:v3_service}UDDIInquiryService#{urn:uddi-org:v3_service}get_tModelDetail has thrown exception, unwinding now: org.apache.juddi.v3.error.InvalidKeyPassedException: The technical model was not found for the given key:  uddi:calculadoranormal2:keygenerator
jun 02, 2016 7:38:46 PM org.apache.cxf.phase.PhaseInterceptorChain doDefaultLogging
INFORMAÇÕES: Application {urn:uddi-org:v3_service}UDDIInquiryService#{urn:uddi-org:v3_service}get_tModelDetail has thrown exception, unwinding now: org.apache.juddi.v3.error.InvalidKeyPassedException: The technical model was not found for the given key:  uddi:calculadoranormal2:keygenerator
jun 02, 2016 7:38:46 PM org.apache.cxf.service.factory.ReflectionServiceFactoryBean buildServiceFromWSDL
INFORMAÇÕES: Creating Service {urn:uddi-org:v3_service}UDDI_Service from WSDL: jar:file:/Applications/juddi-distro-3.3.1/juddi-tomcat-3.3.1/webapps/juddiv3/WEB-INF/lib/uddi-ws-3.3.1.jar!/uddi_v3_service.wsdl
jun 02, 2016 7:38:46 PM org.apache.cxf.phase.PhaseInterceptorChain doDefaultLogging
INFORMAÇÕES: Application {urn:uddi-org:v3_service}UDDIInquiryService#{urn:uddi-org:v3_service}get_businessDetail has thrown exception, unwinding now: org.apache.juddi.v3.error.InvalidKeyPassedException: The business entity was not found for the given key:  org.uddi.mycompany
jun 02, 2016 7:38:46 PM org.apache.cxf.service.factory.ReflectionServiceFactoryBean buildServiceFromWSDL
INFORMAÇÕES: Creating Service {urn:uddi-org:v3_service}UDDI_Service from WSDL: jar:file:/Applications/juddi-distro-3.3.1/juddi-tomcat-3.3.1/webapps/juddiv3/WEB-INF/lib/uddi-ws-3.3.1.jar!/uddi_v3_service.wsdl
jun 02, 2016 7:44:39 PM org.apache.cxf.service.factory.ReflectionServiceFactoryBean buildServiceFromWSDL
INFORMAÇÕES: Creating Service {urn:uddi-org:v3_service}UDDI_Service from WSDL: jar:file:/Applications/juddi-distro-3.3.1/juddi-tomcat-3.3.1/webapps/juddiv3/WEB-INF/lib/uddi-ws-3.3.1.jar!/uddi_v3_service.wsdl
jun 02, 2016 7:46:10 PM org.apache.cxf.phase.PhaseInterceptorChain doDefaultLogging
INFORMAÇÕES: Application {urn:uddi-org:v3_service}UDDIInquiryService#{urn:uddi-org:v3_service}get_tModelDetail has thrown exception, unwinding now: org.apache.juddi.v3.error.InvalidKeyPassedException: The technical model was not found for the given key:  uddi:calculadoracientifica:keygenerator
jun 02, 2016 7:46:32 PM org.apache.cxf.phase.PhaseInterceptorChain doDefaultLogging
INFORMAÇÕES: Application {urn:uddi-org:v3_service}UDDIInquiryService#{urn:uddi-org:v3_service}get_tModelDetail has thrown exception, unwinding now: org.apache.juddi.v3.error.InvalidKeyPassedException: The technical model was not found for the given key:  uddi:calculadoracientifica:keygenerator
jun 02, 2016 7:46:32 PM org.apache.cxf.service.factory.ReflectionServiceFactoryBean buildServiceFromWSDL
INFORMAÇÕES: Creating Service {urn:uddi-org:v3_service}UDDI_Service from WSDL: jar:file:/Applications/juddi-distro-3.3.1/juddi-tomcat-3.3.1/webapps/juddiv3/WEB-INF/lib/uddi-ws-3.3.1.jar!/uddi_v3_service.wsdl
jun 02, 2016 7:46:32 PM org.apache.cxf.phase.PhaseInterceptorChain doDefaultLogging
INFORMAÇÕES: Application {urn:uddi-org:v3_service}UDDIInquiryService#{urn:uddi-org:v3_service}get_businessDetail has thrown exception, unwinding now: org.apache.juddi.v3.error.InvalidKeyPassedException: The business entity was not found for the given key:  org.uddi.mycompany
jun 02, 2016 7:46:32 PM org.apache.cxf.service.factory.ReflectionServiceFactoryBean buildServiceFromWSDL
INFORMAÇÕES: Creating Service {urn:uddi-org:v3_service}UDDI_Service from WSDL: jar:file:/Applications/juddi-distro-3.3.1/juddi-tomcat-3.3.1/webapps/juddiv3/WEB-INF/lib/uddi-ws-3.3.1.jar!/uddi_v3_service.wsdl
jun 02, 2016 7:46:56 PM org.apache.cxf.service.factory.ReflectionServiceFactoryBean buildServiceFromWSDL
INFORMAÇÕES: Creating Service {urn:uddi-org:v3_service}UDDI_Service from WSDL: jar:file:/Applications/juddi-distro-3.3.1/juddi-tomcat-3.3.1/webapps/juddiv3/WEB-INF/lib/uddi-ws-3.3.1.jar!/uddi_v3_service.wsdl
jun 02, 2016 7:48:00 PM org.apache.cxf.phase.PhaseInterceptorChain doDefaultLogging
INFORMAÇÕES: Application {urn:uddi-org:v3_service}UDDIInquiryService#{urn:uddi-org:v3_service}get_tModelDetail has thrown exception, unwinding now: org.apache.juddi.v3.error.InvalidKeyPassedException: The technical model was not found for the given key:  uddi:calculadoracientifica2:keygenerator
jun 02, 2016 7:48:00 PM org.apache.cxf.phase.PhaseInterceptorChain doDefaultLogging
INFORMAÇÕES: Application {urn:uddi-org:v3_service}UDDIPublicationService#{urn:uddi-org:v3_service}save_tModel has thrown exception, unwinding now: org.apache.juddi.v3.error.AuthTokenExpiredException: The authentication token is expired
jun 02, 2016 7:48:00 PM org.apache.cxf.service.factory.ReflectionServiceFactoryBean buildServiceFromWSDL
INFORMAÇÕES: Creating Service {urn:uddi-org:v3_service}UDDI_Service from WSDL: jar:file:/Applications/juddi-distro-3.3.1/juddi-tomcat-3.3.1/webapps/juddiv3/WEB-INF/lib/uddi-ws-3.3.1.jar!/uddi_v3_service.wsdl
jun 02, 2016 7:48:01 PM org.apache.cxf.phase.PhaseInterceptorChain doDefaultLogging
INFORMAÇÕES: Application {urn:uddi-org:v3_service}UDDIInquiryService#{urn:uddi-org:v3_service}get_businessDetail has thrown exception, unwinding now: org.apache.juddi.v3.error.InvalidKeyPassedException: The business entity was not found for the given key:  org.uddi.mycompany
jun 02, 2016 7:48:01 PM org.apache.cxf.service.factory.ReflectionServiceFactoryBean buildServiceFromWSDL
INFORMAÇÕES: Creating Service {urn:uddi-org:v3_service}UDDI_Service from WSDL: jar:file:/Applications/juddi-distro-3.3.1/juddi-tomcat-3.3.1/webapps/juddiv3/WEB-INF/lib/uddi-ws-3.3.1.jar!/uddi_v3_service.wsdl
jun 02, 2016 7:48:09 PM org.apache.cxf.service.factory.ReflectionServiceFactoryBean buildServiceFromWSDL
INFORMAÇÕES: Creating Service {urn:uddi-org:v3_service}UDDI_Service from WSDL: jar:file:/Applications/juddi-distro-3.3.1/juddi-tomcat-3.3.1/webapps/juddiv3/WEB-INF/lib/uddi-ws-3.3.1.jar!/uddi_v3_service.wsdl
jun 02, 2016 7:48:09 PM org.apache.cxf.phase.PhaseInterceptorChain doDefaultLogging
INFORMAÇÕES: Application {urn:uddi-org:v3_service}UDDIInquiryService#{urn:uddi-org:v3_service}get_businessDetail has thrown exception, unwinding now: org.apache.juddi.v3.error.InvalidKeyPassedException: The business entity was not found for the given key:  org.uddi.mycompany
jun 02, 2016 7:48:09 PM org.apache.cxf.service.factory.ReflectionServiceFactoryBean buildServiceFromWSDL
INFORMAÇÕES: Creating Service {urn:uddi-org:v3_service}UDDI_Service from WSDL: jar:file:/Applications/juddi-distro-3.3.1/juddi-tomcat-3.3.1/webapps/juddiv3/WEB-INF/lib/uddi-ws-3.3.1.jar!/uddi_v3_service.wsdl
jun 02, 2016 7:48:15 PM org.apache.cxf.service.factory.ReflectionServiceFactoryBean buildServiceFromWSDL
INFORMAÇÕES: Creating Service {urn:uddi-org:v3_service}UDDI_Service from WSDL: jar:file:/Applications/juddi-distro-3.3.1/juddi-tomcat-3.3.1/webapps/juddiv3/WEB-INF/lib/uddi-ws-3.3.1.jar!/uddi_v3_service.wsdl
jun 02, 2016 7:48:15 PM org.apache.cxf.phase.PhaseInterceptorChain doDefaultLogging
INFORMAÇÕES: Application {urn:uddi-org:v3_service}UDDIInquiryService#{urn:uddi-org:v3_service}get_businessDetail has thrown exception, unwinding now: org.apache.juddi.v3.error.InvalidKeyPassedException: The business entity was not found for the given key:  org.uddi.mycompany
jun 02, 2016 7:48:15 PM org.apache.cxf.service.factory.ReflectionServiceFactoryBean buildServiceFromWSDL
INFORMAÇÕES: Creating Service {urn:uddi-org:v3_service}UDDI_Service from WSDL: jar:file:/Applications/juddi-distro-3.3.1/juddi-tomcat-3.3.1/webapps/juddiv3/WEB-INF/lib/uddi-ws-3.3.1.jar!/uddi_v3_service.wsdl
jun 02, 2016 7:48:38 PM org.apache.cxf.service.factory.ReflectionServiceFactoryBean buildServiceFromWSDL
INFORMAÇÕES: Creating Service {urn:uddi-org:v3_service}UDDI_Service from WSDL: jar:file:/Applications/juddi-distro-3.3.1/juddi-tomcat-3.3.1/webapps/juddiv3/WEB-INF/lib/uddi-ws-3.3.1.jar!/uddi_v3_service.wsdl
jun 02, 2016 9:40:07 PM org.apache.cxf.service.factory.ReflectionServiceFactoryBean buildServiceFromWSDL
INFORMAÇÕES: Creating Service {urn:uddi-org:v3_service}UDDI_Service from WSDL: file:/Applications/juddi-distro-3.3.1/juddi-tomcat-3.3.1/work/Catalina/localhost/juddi-gui/loader/uddi_v3_service.wsdl
jun 02, 2016 9:40:07 PM org.apache.cxf.service.factory.ReflectionServiceFactoryBean buildServiceFromWSDL
INFORMAÇÕES: Creating Service {urn:uddi-org:v3_service}UDDI_Service from WSDL: file:/Applications/juddi-distro-3.3.1/juddi-tomcat-3.3.1/work/Catalina/localhost/juddi-gui/loader/uddi_v3_service.wsdl
jun 02, 2016 9:40:07 PM org.apache.cxf.service.factory.ReflectionServiceFactoryBean buildServiceFromWSDL
INFORMAÇÕES: Creating Service {urn:uddi-org:v3_service}UDDI_Service from WSDL: file:/Applications/juddi-distro-3.3.1/juddi-tomcat-3.3.1/work/Catalina/localhost/juddi-gui/loader/uddi_v3_service.wsdl
jun 02, 2016 9:40:07 PM org.apache.cxf.service.factory.ReflectionServiceFactoryBean buildServiceFromWSDL
INFORMAÇÕES: Creating Service {urn:uddi-org:v3_service}UDDI_Service from WSDL: file:/Applications/juddi-distro-3.3.1/juddi-tomcat-3.3.1/work/Catalina/localhost/juddi-gui/loader/uddi_v3_service.wsdl
jun 02, 2016 9:40:07 PM org.apache.cxf.service.factory.ReflectionServiceFactoryBean buildServiceFromWSDL
INFORMAÇÕES: Creating Service {urn:uddi-org:v3_service}UDDI_Service from WSDL: file:/Applications/juddi-distro-3.3.1/juddi-tomcat-3.3.1/work/Catalina/localhost/juddi-gui/loader/uddi_v3_service.wsdl
jun 02, 2016 9:43:06 PM org.apache.cxf.phase.PhaseInterceptorChain doDefaultLogging
INFORMAÇÕES: Application {urn:uddi-org:v3_service}UDDIPublicationService#{urn:uddi-org:v3_service}save_service has thrown exception, unwinding now: org.apache.juddi.v3.error.AuthTokenRequiredException: Authentication is required for this API call
jun 02, 2016 9:44:01 PM org.apache.cxf.service.factory.ReflectionServiceFactoryBean buildServiceFromWSDL
INFORMAÇÕES: Creating Service {urn:uddi-org:v3_service}UDDI_Service from WSDL: jar:file:/Applications/juddi-distro-3.3.1/juddi-tomcat-3.3.1/webapps/juddiv3/WEB-INF/lib/uddi-ws-3.3.1.jar!/uddi_v3_service.wsdl
jun 02, 2016 9:45:21 PM org.apache.cxf.service.factory.ReflectionServiceFactoryBean buildServiceFromWSDL
INFORMAÇÕES: Creating Service {urn:uddi-org:v3_service}UDDI_Service from WSDL: jar:file:/Applications/juddi-distro-3.3.1/juddi-tomcat-3.3.1/webapps/juddiv3/WEB-INF/lib/uddi-ws-3.3.1.jar!/uddi_v3_service.wsdl
jun 02, 2016 9:48:21 PM org.apache.cxf.service.factory.ReflectionServiceFactoryBean buildServiceFromWSDL
INFORMAÇÕES: Creating Service {urn:uddi-org:v3_service}UDDI_Service from WSDL: jar:file:/Applications/juddi-distro-3.3.1/juddi-tomcat-3.3.1/webapps/juddiv3/WEB-INF/lib/uddi-ws-3.3.1.jar!/uddi_v3_service.wsdl
jun 02, 2016 9:50:05 PM org.apache.cxf.service.factory.ReflectionServiceFactoryBean buildServiceFromWSDL
INFORMAÇÕES: Creating Service {urn:uddi-org:v3_service}UDDI_Service from WSDL: jar:file:/Applications/juddi-distro-3.3.1/juddi-tomcat-3.3.1/webapps/juddiv3/WEB-INF/lib/uddi-ws-3.3.1.jar!/uddi_v3_service.wsdl
jun 02, 2016 9:51:25 PM org.apache.cxf.service.factory.ReflectionServiceFactoryBean buildServiceFromWSDL
INFORMAÇÕES: Creating Service {urn:uddi-org:v3_service}UDDI_Service from WSDL: jar:file:/Applications/juddi-distro-3.3.1/juddi-tomcat-3.3.1/webapps/juddiv3/WEB-INF/lib/uddi-ws-3.3.1.jar!/uddi_v3_service.wsdl
jun 02, 2016 9:51:57 PM org.apache.cxf.service.factory.ReflectionServiceFactoryBean buildServiceFromWSDL
INFORMAÇÕES: Creating Service {urn:uddi-org:v3_service}UDDI_Service from WSDL: jar:file:/Applications/juddi-distro-3.3.1/juddi-tomcat-3.3.1/webapps/juddiv3/WEB-INF/lib/uddi-ws-3.3.1.jar!/uddi_v3_service.wsdl
jun 02, 2016 9:54:40 PM org.apache.cxf.service.factory.ReflectionServiceFactoryBean buildServiceFromWSDL
INFORMAÇÕES: Creating Service {urn:uddi-org:v3_service}UDDI_Service from WSDL: file:/Applications/juddi-distro-3.3.1/juddi-tomcat-3.3.1/work/Catalina/localhost/juddi-gui/loader/uddi_v3_service.wsdl
jun 02, 2016 9:54:40 PM org.apache.cxf.service.factory.ReflectionServiceFactoryBean buildServiceFromWSDL
INFORMAÇÕES: Creating Service {urn:uddi-org:v3_service}UDDI_Service from WSDL: file:/Applications/juddi-distro-3.3.1/juddi-tomcat-3.3.1/work/Catalina/localhost/juddi-gui/loader/uddi_v3_service.wsdl
jun 02, 2016 9:54:40 PM org.apache.cxf.service.factory.ReflectionServiceFactoryBean buildServiceFromWSDL
INFORMAÇÕES: Creating Service {urn:uddi-org:v3_service}UDDI_Service from WSDL: file:/Applications/juddi-distro-3.3.1/juddi-tomcat-3.3.1/work/Catalina/localhost/juddi-gui/loader/uddi_v3_service.wsdl
jun 02, 2016 9:54:40 PM org.apache.cxf.service.factory.ReflectionServiceFactoryBean buildServiceFromWSDL
INFORMAÇÕES: Creating Service {urn:uddi-org:v3_service}UDDI_Service from WSDL: file:/Applications/juddi-distro-3.3.1/juddi-tomcat-3.3.1/work/Catalina/localhost/juddi-gui/loader/uddi_v3_service.wsdl
jun 02, 2016 9:54:40 PM org.apache.cxf.service.factory.ReflectionServiceFactoryBean buildServiceFromWSDL
INFORMAÇÕES: Creating Service {urn:uddi-org:v3_service}UDDI_Service from WSDL: file:/Applications/juddi-distro-3.3.1/juddi-tomcat-3.3.1/work/Catalina/localhost/juddi-gui/loader/uddi_v3_service.wsdl
jun 02, 2016 9:55:49 PM org.apache.cxf.service.factory.ReflectionServiceFactoryBean buildServiceFromWSDL
INFORMAÇÕES: Creating Service {urn:uddi-org:v3_service}UDDI_Service from WSDL: jar:file:/Applications/juddi-distro-3.3.1/juddi-tomcat-3.3.1/webapps/juddiv3/WEB-INF/lib/uddi-ws-3.3.1.jar!/uddi_v3_service.wsdl
jun 02, 2016 11:48:35 PM org.apache.cxf.service.factory.ReflectionServiceFactoryBean buildServiceFromWSDL
INFORMAÇÕES: Creating Service {urn:uddi-org:v3_service}UDDI_Service from WSDL: file:/Applications/juddi-distro-3.3.1/juddi-tomcat-3.3.1/work/Catalina/localhost/juddi-gui/loader/uddi_v3_service.wsdl
jun 02, 2016 11:48:35 PM org.apache.cxf.service.factory.ReflectionServiceFactoryBean buildServiceFromWSDL
INFORMAÇÕES: Creating Service {urn:uddi-org:v3_service}UDDI_Service from WSDL: file:/Applications/juddi-distro-3.3.1/juddi-tomcat-3.3.1/work/Catalina/localhost/juddi-gui/loader/uddi_v3_service.wsdl
jun 02, 2016 11:48:36 PM org.apache.cxf.service.factory.ReflectionServiceFactoryBean buildServiceFromWSDL
INFORMAÇÕES: Creating Service {urn:uddi-org:v3_service}UDDI_Service from WSDL: file:/Applications/juddi-distro-3.3.1/juddi-tomcat-3.3.1/work/Catalina/localhost/juddi-gui/loader/uddi_v3_service.wsdl
jun 02, 2016 11:48:36 PM org.apache.cxf.service.factory.ReflectionServiceFactoryBean buildServiceFromWSDL
INFORMAÇÕES: Creating Service {urn:uddi-org:v3_service}UDDI_Service from WSDL: file:/Applications/juddi-distro-3.3.1/juddi-tomcat-3.3.1/work/Catalina/localhost/juddi-gui/loader/uddi_v3_service.wsdl
jun 02, 2016 11:48:36 PM org.apache.cxf.service.factory.ReflectionServiceFactoryBean buildServiceFromWSDL
INFORMAÇÕES: Creating Service {urn:uddi-org:v3_service}UDDI_Service from WSDL: file:/Applications/juddi-distro-3.3.1/juddi-tomcat-3.3.1/work/Catalina/localhost/juddi-gui/loader/uddi_v3_service.wsdl
jun 02, 2016 11:48:36 PM org.apache.cxf.service.factory.ReflectionServiceFactoryBean buildServiceFromWSDL
INFORMAÇÕES: Creating Service {urn:uddi-org:v3_service}UDDI_Service from WSDL: file:/Applications/juddi-distro-3.3.1/juddi-tomcat-3.3.1/work/Catalina/localhost/juddi-gui/loader/uddi_v3_service.wsdl
jun 02, 2016 11:48:36 PM org.apache.cxf.service.factory.ReflectionServiceFactoryBean buildServiceFromWSDL
INFORMAÇÕES: Creating Service {urn:uddi-org:v3_service}UDDI_Service from WSDL: file:/Applications/juddi-distro-3.3.1/juddi-tomcat-3.3.1/work/Catalina/localhost/juddi-gui/loader/uddi_v3_service.wsdl
jun 02, 2016 11:48:36 PM org.apache.cxf.service.factory.ReflectionServiceFactoryBean buildServiceFromWSDL
INFORMAÇÕES: Creating Service {urn:uddi-org:v3_service}UDDI_Service from WSDL: file:/Applications/juddi-distro-3.3.1/juddi-tomcat-3.3.1/work/Catalina/localhost/juddi-gui/loader/uddi_v3_service.wsdl
jun 02, 2016 11:48:36 PM org.apache.cxf.service.factory.ReflectionServiceFactoryBean buildServiceFromWSDL
INFORMAÇÕES: Creating Service {urn:uddi-org:v3_service}UDDI_Service from WSDL: file:/Applications/juddi-distro-3.3.1/juddi-tomcat-3.3.1/work/Catalina/localhost/juddi-gui/loader/uddi_v3_service.wsdl
jun 02, 2016 11:48:36 PM org.apache.cxf.service.factory.ReflectionServiceFactoryBean buildServiceFromWSDL
INFORMAÇÕES: Creating Service {urn:uddi-org:v3_service}UDDI_Service from WSDL: file:/Applications/juddi-distro-3.3.1/juddi-tomcat-3.3.1/work/Catalina/localhost/juddi-gui/loader/uddi_v3_service.wsdl
jun 02, 2016 11:49:51 PM org.apache.catalina.core.StandardServer await
INFORMAÇÕES: A valid shutdown command was received via the shutdown port. Stopping the Server instance.
jun 02, 2016 11:49:51 PM org.apache.coyote.AbstractProtocol pause
INFORMAÇÕES: Pausing ProtocolHandler ["http-bio-8080"]
jun 02, 2016 11:49:51 PM org.apache.coyote.AbstractProtocol pause
INFORMAÇÕES: Pausing ProtocolHandler ["ajp-bio-8009"]
jun 02, 2016 11:49:51 PM org.apache.catalina.core.StandardService stopInternal
INFORMAÇÕES: Stopping service Catalina
jun 02, 2016 11:49:51 PM org.apache.juddi.webconsole.StartupServlet contextDestroyed
INFORMAÇÕES: Cleaning up juddi-gui
jun 02, 2016 11:49:51 PM org.apache.catalina.loader.WebappClassLoader checkThreadLocalMapForLeaks
GRAVE: The web application [/juddi-gui] created a ThreadLocal with key of type [com.sun.xml.bind.v2.ClassFactory$1] (value [com.sun.xml.bind.v2.ClassFactory$1@bfee5f]) and a value of type [java.util.WeakHashMap] (value [{class org.uddi.api_v3.AccessPoint=java.lang.ref.WeakReference@5aba941a, class org.uddi.api_v3.TModelInstanceInfo=java.lang.ref.WeakReference@5cee571a, class org.uddi.api_v3.InstanceDetails=java.lang.ref.WeakReference@23453015, class java.util.ArrayList=java.lang.ref.WeakReference@5cf7ef34, class org.uddi.api_v3.CategoryBag=java.lang.ref.WeakReference@5263baf4, class org.uddi.api_v3.BusinessService=java.lang.ref.WeakReference@7c9b7125, class org.uddi.api_v3.TModelInstanceDetails=java.lang.ref.WeakReference@7654233b, class org.uddi.api_v3.KeyedReference=java.lang.ref.WeakReference@1539ec8a, class org.uddi.api_v3.ServiceDetail=java.lang.ref.WeakReference@5a4250c3, class org.uddi.api_v3.BindingTemplates=java.lang.ref.WeakReference@7df710f7, class org.uddi.api_v3.BindingTemplate=java.lang.ref.WeakReference@2a6db989, class org.uddi.api_v3.Name=java.lang.ref.WeakReference@706a5df2, class org.uddi.api_v3.Description=java.lang.ref.WeakReference@38e6df74}]) but failed to remove it when the web application was stopped. Threads are going to be renewed over time to try and avoid a probable memory leak.
jun 02, 2016 11:49:51 PM org.apache.catalina.loader.WebappClassLoader checkThreadLocalMapForLeaks
GRAVE: The web application [/juddi-gui] created a ThreadLocal with key of type [java.lang.ThreadLocal] (value [java.lang.ThreadLocal@7dd30037]) and a value of type [org.apache.cxf.BusFactory.BusHolder] (value [org.apache.cxf.BusFactory$BusHolder@3a355ff5]) but failed to remove it when the web application was stopped. Threads are going to be renewed over time to try and avoid a probable memory leak.
jun 02, 2016 11:49:51 PM org.apache.catalina.loader.WebappClassLoader checkThreadLocalMapForLeaks
GRAVE: The web application [/juddi-gui] created a ThreadLocal with key of type [com.sun.xml.bind.v2.ClassFactory$1] (value [com.sun.xml.bind.v2.ClassFactory$1@bfee5f]) and a value of type [java.util.WeakHashMap] (value [{class org.uddi.api_v3.BusinessInfo=java.lang.ref.WeakReference@1892108c, class org.uddi.api_v3.InstanceDetails=java.lang.ref.WeakReference@16817195, class org.uddi.api_v3.ServiceInfo=java.lang.ref.WeakReference@73b619ca, class org.uddi.api_v3.TModelList=java.lang.ref.WeakReference@63ec3abe, class org.uddi.api_v3.OperationalInfo=java.lang.ref.WeakReference@6b72503f, class org.uddi.api_v3.BusinessService=java.lang.ref.WeakReference@7662991d, class org.uddi.api_v3.TModelInstanceDetails=java.lang.ref.WeakReference@3559b652, class org.uddi.api_v3.KeyedReference=java.lang.ref.WeakReference@3762538d, class org.uddi.api_v3.TModelInfos=java.lang.ref.WeakReference@4ee81ef6, class org.uddi.api_v3.BindingTemplates=java.lang.ref.WeakReference@2ca0dc47, class org.uddi.api_v3.BindingTemplate=java.lang.ref.WeakReference@543314a7, class org.uddi.api_v3.AuthToken=java.lang.ref.WeakReference@7168db97, class org.uddi.api_v3.Name=java.lang.ref.WeakReference@7ff974e2, class org.uddi.api_v3.Description=java.lang.ref.WeakReference@5591ddbe, class org.uddi.api_v3.BusinessInfos=java.lang.ref.WeakReference@19cb6d87, class org.uddi.api_v3.AccessPoint=java.lang.ref.WeakReference@2ec8a94a, class org.uddi.api_v3.TModelInstanceInfo=java.lang.ref.WeakReference@1a229615, class org.uddi.api_v3.ServiceInfos=java.lang.ref.WeakReference@4185d4c2, class org.uddi.api_v3.TModelInfo=java.lang.ref.WeakReference@3e02e20, class org.uddi.api_v3.ListDescription=java.lang.ref.WeakReference@680945ef, class java.util.ArrayList=java.lang.ref.WeakReference@6615f4c5, class org.uddi.api_v3.CategoryBag=java.lang.ref.WeakReference@9591f01, class org.uddi.api_v3.OperationalInfos=java.lang.ref.WeakReference@b4aa124, class org.uddi.api_v3.BusinessList=java.lang.ref.WeakReference@29ceab9f, class org.uddi.api_v3.ServiceDetail=java.lang.ref.WeakReference@60b4c1bf}]) but failed to remove it when the web application was stopped. Threads are going to be renewed over time to try and avoid a probable memory leak.
jun 02, 2016 11:49:51 PM org.apache.catalina.loader.WebappClassLoader checkThreadLocalMapForLeaks
GRAVE: The web application [/juddi-gui] created a ThreadLocal with key of type [com.sun.xml.bind.v2.ClassFactory$1] (value [com.sun.xml.bind.v2.ClassFactory$1@bfee5f]) and a value of type [java.util.WeakHashMap] (value [{class org.uddi.api_v3.BusinessInfo=java.lang.ref.WeakReference@21d46bbf, class org.uddi.api_v3.InstanceDetails=java.lang.ref.WeakReference@7f49ad20, class org.uddi.api_v3.TModelList=java.lang.ref.WeakReference@23877305, class org.uddi.api_v3.ServiceInfo=java.lang.ref.WeakReference@6578e7f3, class org.uddi.api_v3.OperationalInfo=java.lang.ref.WeakReference@6773e170, class org.uddi.api_v3.BusinessService=java.lang.ref.WeakReference@55e16013, class org.uddi.api_v3.TModelInstanceDetails=java.lang.ref.WeakReference@4d663ef1, class org.uddi.api_v3.KeyedReference=java.lang.ref.WeakReference@6f030fd1, class org.uddi.api_v3.TModelInfos=java.lang.ref.WeakReference@17831b20, class org.uddi.api_v3.BindingTemplates=java.lang.ref.WeakReference@49bc103b, class org.uddi.api_v3.BindingTemplate=java.lang.ref.WeakReference@35513e4b, class org.uddi.api_v3.Name=java.lang.ref.WeakReference@425bc2b7, class org.uddi.api_v3.Description=java.lang.ref.WeakReference@4d8e8bc7, class org.uddi.api_v3.BusinessInfos=java.lang.ref.WeakReference@641a6785, class org.uddi.api_v3.AccessPoint=java.lang.ref.WeakReference@5805ae2b, class org.uddi.api_v3.TModelInstanceInfo=java.lang.ref.WeakReference@44d781e6, class org.uddi.api_v3.TModelInfo=java.lang.ref.WeakReference@7dbeea08, class org.uddi.api_v3.ServiceInfos=java.lang.ref.WeakReference@4a2f9c75, class org.uddi.api_v3.ListDescription=java.lang.ref.WeakReference@3fae17ed, class java.util.ArrayList=java.lang.ref.WeakReference@478e694f, class org.uddi.api_v3.CategoryBag=java.lang.ref.WeakReference@4d6a251c, class org.uddi.api_v3.ServiceList=java.lang.ref.WeakReference@7b90d4f0, class org.uddi.api_v3.BusinessList=java.lang.ref.WeakReference@344eb510, class org.uddi.api_v3.OperationalInfos=java.lang.ref.WeakReference@be76c7, class org.uddi.api_v3.ServiceDetail=java.lang.ref.WeakReference@1ce0e109}]) but failed to remove it when the web application was stopped. Threads are going to be renewed over time to try and avoid a probable memory leak.
jun 02, 2016 11:49:51 PM org.apache.catalina.loader.WebappClassLoader checkThreadLocalMapForLeaks
GRAVE: The web application [/juddi-gui] created a ThreadLocal with key of type [com.sun.xml.bind.v2.ClassFactory$1] (value [com.sun.xml.bind.v2.ClassFactory$1@bfee5f]) and a value of type [java.util.WeakHashMap] (value [{class org.uddi.api_v3.TModelDetail=java.lang.ref.WeakReference@612a9131, class org.uddi.api_v3.InstanceDetails=java.lang.ref.WeakReference@200d4e31, class org.uddi.api_v3.TModel=java.lang.ref.WeakReference@53761cb9, class org.uddi.api_v3.TModelList=java.lang.ref.WeakReference@48054777, class org.uddi.api_v3.BusinessService=java.lang.ref.WeakReference@7d93f45f, class org.uddi.api_v3.TModelInstanceDetails=java.lang.ref.WeakReference@3725411a, class org.uddi.api_v3.KeyedReference=java.lang.ref.WeakReference@54d51093, class org.uddi.api_v3.TModelInfos=java.lang.ref.WeakReference@3689cb81, class org.uddi.api_v3.BindingTemplates=java.lang.ref.WeakReference@545ae003, class org.uddi.api_v3.BindingTemplate=java.lang.ref.WeakReference@49ea5603, class org.uddi.api_v3.BusinessEntity=java.lang.ref.WeakReference@35c79625, class org.uddi.api_v3.AuthToken=java.lang.ref.WeakReference@4dea96df, class org.uddi.api_v3.Name=java.lang.ref.WeakReference@4e333d99, class org.uddi.api_v3.Result=java.lang.ref.WeakReference@55f23012, class org.uddi.api_v3.ErrInfo=java.lang.ref.WeakReference@5c0df237, class org.uddi.api_v3.BusinessServices=java.lang.ref.WeakReference@4548db07, class org.uddi.api_v3.Description=java.lang.ref.WeakReference@12c0e9c2, class org.uddi.api_v3.AccessPoint=java.lang.ref.WeakReference@56762928, class org.uddi.api_v3.TModelInstanceInfo=java.lang.ref.WeakReference@6559f59b, class org.uddi.api_v3.TModelInfo=java.lang.ref.WeakReference@664a9ad4, class org.uddi.api_v3.ListDescription=java.lang.ref.WeakReference@7351e126, class org.uddi.api_v3.OverviewDoc=java.lang.ref.WeakReference@1489a90d, class java.util.ArrayList=java.lang.ref.WeakReference@3e56732a, class org.uddi.api_v3.CategoryBag=java.lang.ref.WeakReference@cf8d20e, class org.uddi.api_v3.OverviewURL=java.lang.ref.WeakReference@70dc5a66, class org.uddi.api_v3.ServiceDetail=java.lang.ref.WeakReference@294454b1, class org.uddi.api_v3.BusinessDetail=java.lang.ref.WeakReference@2406bd90, class org.uddi.api_v3.DispositionReport=java.lang.ref.WeakReference@6ea463bc}]) but failed to remove it when the web application was stopped. Threads are going to be renewed over time to try and avoid a probable memory leak.
jun 02, 2016 11:49:51 PM org.apache.catalina.loader.WebappClassLoader checkThreadLocalMapForLeaks
GRAVE: The web application [/juddi-gui] created a ThreadLocal with key of type [com.sun.xml.bind.v2.ClassFactory$1] (value [com.sun.xml.bind.v2.ClassFactory$1@bfee5f]) and a value of type [java.util.WeakHashMap] (value [{class org.uddi.api_v3.TModelDetail=java.lang.ref.WeakReference@7c390b64, class org.uddi.api_v3.InstanceDetails=java.lang.ref.WeakReference@77d3298e, class org.uddi.api_v3.TModel=java.lang.ref.WeakReference@66a8e0d9, class org.uddi.api_v3.ServiceInfo=java.lang.ref.WeakReference@2b5cd633, class org.uddi.api_v3.TModelList=java.lang.ref.WeakReference@1f0a9a17, class org.uddi.api_v3.TModelInstanceDetails=java.lang.ref.WeakReference@71fb5f21, class org.uddi.api_v3.BusinessService=java.lang.ref.WeakReference@5074d7ef, class org.uddi.api_v3.OperationalInfo=java.lang.ref.WeakReference@1d547e9c, class org.uddi.api_v3.KeyedReference=java.lang.ref.WeakReference@56c59503, class org.uddi.api_v3.TModelInfos=java.lang.ref.WeakReference@7d6cdaad, class org.uddi.api_v3.BindingTemplate=java.lang.ref.WeakReference@b51b140, class org.uddi.api_v3.BindingTemplates=java.lang.ref.WeakReference@35cf9e28, class org.uddi.api_v3.BusinessEntity=java.lang.ref.WeakReference@4f58681f, class org.uddi.api_v3.Name=java.lang.ref.WeakReference@54fa6aeb, class org.uddi.api_v3.Result=java.lang.ref.WeakReference@52270a85, class org.uddi.api_v3.ErrInfo=java.lang.ref.WeakReference@1bd0e037, class org.uddi.api_v3.BusinessServices=java.lang.ref.WeakReference@17447bc2, class org.uddi.api_v3.Description=java.lang.ref.WeakReference@106ee6f3, class org.uddi.api_v3.TModelInstanceInfo=java.lang.ref.WeakReference@7a77a559, class org.uddi.api_v3.AccessPoint=java.lang.ref.WeakReference@66ba3378, class org.uddi.api_v3.ServiceInfos=java.lang.ref.WeakReference@5214de06, class org.uddi.api_v3.TModelInfo=java.lang.ref.WeakReference@35aae3c9, class org.uddi.api_v3.ListDescription=java.lang.ref.WeakReference@72b0d548, class org.uddi.api_v3.OverviewDoc=java.lang.ref.WeakReference@45a60995, class java.util.ArrayList=java.lang.ref.WeakReference@31360bc9, class org.uddi.api_v3.CategoryBag=java.lang.ref.WeakReference@53e0128d, class org.uddi.api_v3.ServiceList=java.lang.ref.WeakReference@270e972c, class org.uddi.api_v3.OverviewURL=java.lang.ref.WeakReference@5291c8f9, class org.uddi.api_v3.OperationalInfos=java.lang.ref.WeakReference@5378f921, class org.uddi.api_v3.BusinessDetail=java.lang.ref.WeakReference@5ffdb9, class org.uddi.api_v3.ServiceDetail=java.lang.ref.WeakReference@533bbd69, class org.uddi.api_v3.DispositionReport=java.lang.ref.WeakReference@fb171f7}]) but failed to remove it when the web application was stopped. Threads are going to be renewed over time to try and avoid a probable memory leak.
jun 02, 2016 11:49:51 PM org.apache.catalina.loader.WebappClassLoader checkThreadLocalMapForLeaks
GRAVE: The web application [/juddi-gui] created a ThreadLocal with key of type [com.sun.xml.bind.v2.ClassFactory$1] (value [com.sun.xml.bind.v2.ClassFactory$1@bfee5f]) and a value of type [java.util.WeakHashMap] (value [{class org.uddi.api_v3.BusinessInfo=java.lang.ref.WeakReference@1b9420d1, class org.uddi.api_v3.TModelDetail=java.lang.ref.WeakReference@64d9a42f, class org.uddi.api_v3.InstanceDetails=java.lang.ref.WeakReference@6a079d28, class org.uddi.api_v3.TModelList=java.lang.ref.WeakReference@6e3d7756, class org.uddi.api_v3.ServiceInfo=java.lang.ref.WeakReference@541550e8, class org.uddi.api_v3.TModel=java.lang.ref.WeakReference@7dc47e99, class org.uddi.api_v3.OperationalInfo=java.lang.ref.WeakReference@2bfc42d4, class org.uddi.api_v3.BusinessService=java.lang.ref.WeakReference@2e7e173a, class org.uddi.api_v3.TModelInstanceDetails=java.lang.ref.WeakReference@5012800d, class org.uddi.api_v3.KeyedReference=java.lang.ref.WeakReference@e7c0c20, class org.uddi.api_v3.TModelInfos=java.lang.ref.WeakReference@47df05d9, class org.uddi.api_v3.BindingTemplates=java.lang.ref.WeakReference@19460ddf, class org.uddi.api_v3.BindingTemplate=java.lang.ref.WeakReference@5d90f412, class org.uddi.api_v3.BusinessEntity=java.lang.ref.WeakReference@3363fe8c, class org.uddi.api_v3.AuthToken=java.lang.ref.WeakReference@c2dc4f4, class org.uddi.api_v3.Result=java.lang.ref.WeakReference@252c085b, class org.uddi.api_v3.Name=java.lang.ref.WeakReference@7f464888, class org.uddi.api_v3.ErrInfo=java.lang.ref.WeakReference@53fd5e72, class org.uddi.api_v3.BusinessServices=java.lang.ref.WeakReference@31152a9d, class org.uddi.api_v3.Description=java.lang.ref.WeakReference@74be9234, class org.uddi.api_v3.BusinessInfos=java.lang.ref.WeakReference@39718623, class org.uddi.api_v3.AccessPoint=java.lang.ref.WeakReference@4641b1, class org.uddi.api_v3.TModelInstanceInfo=java.lang.ref.WeakReference@189fc2e6, class org.uddi.api_v3.TModelInfo=java.lang.ref.WeakReference@18b0ccf3, class org.uddi.api_v3.ServiceInfos=java.lang.ref.WeakReference@2d450158, class org.uddi.api_v3.ListDescription=java.lang.ref.WeakReference@1f3c8688, class java.util.ArrayList=java.lang.ref.WeakReference@79d2ff7b, class org.uddi.api_v3.OverviewDoc=java.lang.ref.WeakReference@671b73e6, class org.uddi.api_v3.CategoryBag=java.lang.ref.WeakReference@6251f19c, class org.uddi.api_v3.ServiceList=java.lang.ref.WeakReference@19a23398, class org.uddi.api_v3.OverviewURL=java.lang.ref.WeakReference@77652ef0, class org.uddi.api_v3.BusinessList=java.lang.ref.WeakReference@4b5de7b9, class org.uddi.api_v3.OperationalInfos=java.lang.ref.WeakReference@266d325f, class org.uddi.api_v3.BusinessDetail=java.lang.ref.WeakReference@2edbfbf9, class org.uddi.api_v3.ServiceDetail=java.lang.ref.WeakReference@7097527c, class org.uddi.api_v3.DispositionReport=java.lang.ref.WeakReference@54d303f8}]) but failed to remove it when the web application was stopped. Threads are going to be renewed over time to try and avoid a probable memory leak.
jun 02, 2016 11:49:51 PM org.apache.catalina.loader.WebappClassLoader checkThreadLocalMapForLeaks
GRAVE: The web application [/juddi-gui] created a ThreadLocal with key of type [com.sun.xml.bind.v2.ClassFactory$1] (value [com.sun.xml.bind.v2.ClassFactory$1@bfee5f]) and a value of type [java.util.WeakHashMap] (value [{class org.uddi.api_v3.InstanceDetails=java.lang.ref.WeakReference@1b632cf7, class org.uddi.api_v3.ServiceInfo=java.lang.ref.WeakReference@6a160851, class org.uddi.api_v3.TModelList=java.lang.ref.WeakReference@2058a3dd, class org.uddi.api_v3.BusinessService=java.lang.ref.WeakReference@6cd8b8ed, class org.uddi.api_v3.TModelInstanceDetails=java.lang.ref.WeakReference@6e5e3515, class org.uddi.api_v3.OperationalInfo=java.lang.ref.WeakReference@3450ec0f, class org.uddi.api_v3.KeyedReference=java.lang.ref.WeakReference@5173e713, class org.uddi.api_v3.TModelInfos=java.lang.ref.WeakReference@78452200, class org.uddi.api_v3.BindingTemplate=java.lang.ref.WeakReference@672c4680, class org.uddi.api_v3.BindingTemplates=java.lang.ref.WeakReference@54affefe, class org.uddi.api_v3.AuthToken=java.lang.ref.WeakReference@1a2ac007, class org.uddi.api_v3.Name=java.lang.ref.WeakReference@4b2ea460, class org.uddi.api_v3.Result=java.lang.ref.WeakReference@4eb3e3c3, class org.uddi.api_v3.ErrInfo=java.lang.ref.WeakReference@65c0bce5, class org.uddi.api_v3.Description=java.lang.ref.WeakReference@292662a2, class org.uddi.api_v3.AccessPoint=java.lang.ref.WeakReference@1795de42, class org.uddi.api_v3.TModelInstanceInfo=java.lang.ref.WeakReference@46e98a88, class org.uddi.api_v3.TModelInfo=java.lang.ref.WeakReference@26ae2124, class org.uddi.api_v3.ServiceInfos=java.lang.ref.WeakReference@3c077421, class org.uddi.api_v3.ListDescription=java.lang.ref.WeakReference@5d9da2d, class java.util.ArrayList=java.lang.ref.WeakReference@feebdd4, class org.uddi.api_v3.CategoryBag=java.lang.ref.WeakReference@589e1a0c, class org.uddi.api_v3.ServiceList=java.lang.ref.WeakReference@5f3fdb42, class org.uddi.api_v3.OperationalInfos=java.lang.ref.WeakReference@147c7a3a, class org.uddi.api_v3.ServiceDetail=java.lang.ref.WeakReference@6e06757c, class org.uddi.api_v3.DispositionReport=java.lang.ref.WeakReference@46605cca}]) but failed to remove it when the web application was stopped. Threads are going to be renewed over time to try and avoid a probable memory leak.
jun 02, 2016 11:49:51 PM org.apache.catalina.loader.WebappClassLoader checkThreadLocalMapForLeaks
GRAVE: The web application [/juddi-gui] created a ThreadLocal with key of type [java.lang.ThreadLocal] (value [java.lang.ThreadLocal@7dd30037]) and a value of type [org.apache.cxf.BusFactory.BusHolder] (value [org.apache.cxf.BusFactory$BusHolder@67a46a8f]) but failed to remove it when the web application was stopped. Threads are going to be renewed over time to try and avoid a probable memory leak.
jun 02, 2016 11:49:51 PM org.apache.catalina.loader.WebappClassLoader checkThreadLocalMapForLeaks
GRAVE: The web application [/juddi-gui] created a ThreadLocal with key of type [com.sun.xml.bind.v2.ClassFactory$1] (value [com.sun.xml.bind.v2.ClassFactory$1@bfee5f]) and a value of type [java.util.WeakHashMap] (value [{class org.uddi.api_v3.BusinessInfo=java.lang.ref.WeakReference@107e71eb, class org.uddi.api_v3.TModelDetail=java.lang.ref.WeakReference@4d0e5b0d, class org.uddi.api_v3.InstanceDetails=java.lang.ref.WeakReference@94cd86a, class org.uddi.api_v3.TModelList=java.lang.ref.WeakReference@4d782bde, class org.uddi.api_v3.ServiceInfo=java.lang.ref.WeakReference@2eeafab3, class org.uddi.api_v3.TModel=java.lang.ref.WeakReference@11031a50, class org.uddi.api_v3.OperationalInfo=java.lang.ref.WeakReference@7e631f92, class org.uddi.api_v3.TModelInstanceDetails=java.lang.ref.WeakReference@72c9fd5b, class org.uddi.api_v3.BusinessService=java.lang.ref.WeakReference@b8faed3, class org.uddi.api_v3.KeyedReference=java.lang.ref.WeakReference@257e468, class org.uddi.api_v3.TModelInfos=java.lang.ref.WeakReference@642ef43f, class org.uddi.api_v3.BindingTemplate=java.lang.ref.WeakReference@5930eec4, class org.uddi.api_v3.BindingTemplates=java.lang.ref.WeakReference@2fbf3a07, class org.uddi.api_v3.BusinessEntity=java.lang.ref.WeakReference@1276ff3c, class org.uddi.api_v3.AuthToken=java.lang.ref.WeakReference@16a7e41, class org.uddi.api_v3.Result=java.lang.ref.WeakReference@5f72e666, class org.uddi.api_v3.Name=java.lang.ref.WeakReference@94b908d, class org.uddi.api_v3.ErrInfo=java.lang.ref.WeakReference@2c611187, class javax.xml.bind.annotation.W3CDomHandler=java.lang.ref.WeakReference@7e2bfa3c, class org.uddi.api_v3.Description=java.lang.ref.WeakReference@36227249, class org.uddi.api_v3.BusinessServices=java.lang.ref.WeakReference@633853f8, class org.uddi.api_v3.BusinessInfos=java.lang.ref.WeakReference@47f19b31, class org.uddi.api_v3.TModelInstanceInfo=java.lang.ref.WeakReference@66aa73e9, class org.uddi.api_v3.AccessPoint=java.lang.ref.WeakReference@43bfe54f, class org.uddi.api_v3.TModelInfo=java.lang.ref.WeakReference@62b9d953, class org.uddi.api_v3.ServiceInfos=java.lang.ref.WeakReference@295afe26, class org.uddi.api_v3.ListDescription=java.lang.ref.WeakReference@1cdaf5df, class java.util.ArrayList=java.lang.ref.WeakReference@20f3ee96, class org.uddi.api_v3.OverviewDoc=java.lang.ref.WeakReference@cacd89a, class org.uddi.api_v3.CategoryBag=java.lang.ref.WeakReference@72f9bce7, class org.uddi.api_v3.ServiceList=java.lang.ref.WeakReference@39c6db6a, class org.uddi.api_v3.OverviewURL=java.lang.ref.WeakReference@6fe159a, class org.uddi.api_v3.OperationalInfos=java.lang.ref.WeakReference@6cfc75d7, class org.uddi.api_v3.BusinessList=java.lang.ref.WeakReference@53dde22b, class org.uddi.api_v3.ServiceDetail=java.lang.ref.WeakReference@5c4f7eb1, class org.uddi.api_v3.BusinessDetail=java.lang.ref.WeakReference@2aebf267, class org.uddi.api_v3.DispositionReport=java.lang.ref.WeakReference@25366820}]) but failed to remove it when the web application was stopped. Threads are going to be renewed over time to try and avoid a probable memory leak.
jun 02, 2016 11:49:51 PM org.apache.catalina.loader.WebappClassLoader checkThreadLocalMapForLeaks
GRAVE: The web application [/juddi-gui] created a ThreadLocal with key of type [com.sun.xml.bind.v2.ClassFactory$1] (value [com.sun.xml.bind.v2.ClassFactory$1@bfee5f]) and a value of type [java.util.WeakHashMap] (value [{class org.uddi.api_v3.AccessPoint=java.lang.ref.WeakReference@19460a17, class org.uddi.api_v3.TModelInstanceInfo=java.lang.ref.WeakReference@3e5b4578, class org.uddi.api_v3.ServiceInfos=java.lang.ref.WeakReference@4b56e01e, class org.uddi.api_v3.TModelInfo=java.lang.ref.WeakReference@5d37e63c, class org.uddi.api_v3.InstanceDetails=java.lang.ref.WeakReference@7408593f, class org.uddi.api_v3.ListDescription=java.lang.ref.WeakReference@101cb243, class org.uddi.api_v3.ServiceInfo=java.lang.ref.WeakReference@6c36e64e, class org.uddi.api_v3.TModelList=java.lang.ref.WeakReference@e52fbf2, class java.util.ArrayList=java.lang.ref.WeakReference@38258aa6, class org.uddi.api_v3.CategoryBag=java.lang.ref.WeakReference@4ddea94b, class org.uddi.api_v3.ServiceList=java.lang.ref.WeakReference@16813228, class org.uddi.api_v3.OperationalInfo=java.lang.ref.WeakReference@f15d661, class org.uddi.api_v3.BusinessService=java.lang.ref.WeakReference@1b711d9f, class org.uddi.api_v3.TModelInstanceDetails=java.lang.ref.WeakReference@235d7b4b, class org.uddi.api_v3.OperationalInfos=java.lang.ref.WeakReference@3c520d7a, class org.uddi.api_v3.KeyedReference=java.lang.ref.WeakReference@1d55624f, class org.uddi.api_v3.ServiceDetail=java.lang.ref.WeakReference@e5b199f, class org.uddi.api_v3.TModelInfos=java.lang.ref.WeakReference@4694ac3c, class org.uddi.api_v3.BindingTemplates=java.lang.ref.WeakReference@6a815049, class org.uddi.api_v3.BindingTemplate=java.lang.ref.WeakReference@5c70104c, class org.uddi.api_v3.Name=java.lang.ref.WeakReference@ab16dbc, class org.uddi.api_v3.Description=java.lang.ref.WeakReference@6927d59a}]) but failed to remove it when the web application was stopped. Threads are going to be renewed over time to try and avoid a probable memory leak.
jun 02, 2016 11:49:51 PM org.apache.juddi.adminconsole.StartupServlet contextDestroyed
INFORMAÇÕES: Cleaning up juddi-admin
jun 02, 2016 11:49:51 PM org.apache.catalina.loader.WebappClassLoader clearReferencesThreads
GRAVE: The web application [/juddiv3replication] appears to have started a thread named [Timer-3] but has failed to stop it. This is very likely to create a memory leak.
jun 02, 2016 11:49:51 PM org.apache.juddi.adminconsole.StartupServlet contextDestroyed
INFORMAÇÕES: Cleaning up juddi-admin
jun 02, 2016 11:49:51 PM org.apache.catalina.loader.WebappClassLoader checkThreadLocalMapForLeaks
GRAVE: The web application [/juddiv3] created a ThreadLocal with key of type [com.sun.xml.bind.v2.ClassFactory$1] (value [com.sun.xml.bind.v2.ClassFactory$1@1ba479c5]) and a value of type [java.util.WeakHashMap] (value [{class org.uddi.api_v3.KeyedReference=java.lang.ref.WeakReference@7859b629, class org.uddi.api_v3.CategoryBag=java.lang.ref.WeakReference@34c127c9, class org.uddi.api_v3.TModelInstanceDetails=java.lang.ref.WeakReference@18a7082c, class org.uddi.api_v3.SaveService=java.lang.ref.WeakReference@20f530ac, class org.uddi.api_v3.Description=java.lang.ref.WeakReference@15a82265, class org.uddi.api_v3.Name=java.lang.ref.WeakReference@28eaa076, class java.util.ArrayList=java.lang.ref.WeakReference@82c2b2f, class org.uddi.api_v3.FindBusiness=java.lang.ref.WeakReference@1d50ad6, class org.uddi.api_v3.GetOperationalInfo=java.lang.ref.WeakReference@55baab83, class org.uddi.api_v3.GetAuthToken=java.lang.ref.WeakReference@282e5852, class org.uddi.api_v3.GetBusinessDetail=java.lang.ref.WeakReference@41327b2b, class org.uddi.api_v3.FindService=java.lang.ref.WeakReference@68984a61, class org.uddi.api_v3.BusinessService=java.lang.ref.WeakReference@68fe1242, class org.uddi.api_v3.FindQualifiers=java.lang.ref.WeakReference@32482bc7, class org.uddi.api_v3.BindingTemplates=java.lang.ref.WeakReference@6071f586, class org.uddi.api_v3.FindTModel=java.lang.ref.WeakReference@4a1070ab, class org.uddi.api_v3.InstanceDetails=java.lang.ref.WeakReference@526407a9, class org.uddi.api_v3.TModelInstanceInfo=java.lang.ref.WeakReference@21811831, class org.uddi.api_v3.GetServiceDetail=java.lang.ref.WeakReference@4eb30442, class org.uddi.api_v3.BindingTemplate=java.lang.ref.WeakReference@76fa017, class javax.xml.bind.annotation.W3CDomHandler=java.lang.ref.WeakReference@75c4a61c, class org.uddi.api_v3.AccessPoint=java.lang.ref.WeakReference@5cad7805}]) but failed to remove it when the web application was stopped. Threads are going to be renewed over time to try and avoid a probable memory leak.
jun 02, 2016 11:49:51 PM org.apache.catalina.loader.WebappClassLoader checkThreadLocalMapForLeaks
GRAVE: The web application [/juddiv3] created a ThreadLocal with key of type [com.sun.xml.bind.v2.ClassFactory$1] (value [com.sun.xml.bind.v2.ClassFactory$1@1ba479c5]) and a value of type [java.util.WeakHashMap] (value [{class org.uddi.api_v3.KeyedReference=java.lang.ref.WeakReference@a6af6c6, class org.uddi.api_v3.CategoryBag=java.lang.ref.WeakReference@70ff8084, class org.uddi.api_v3.TModelInstanceDetails=java.lang.ref.WeakReference@205b2cc1, class org.uddi.api_v3.GetTModelDetail=java.lang.ref.WeakReference@1701059f, class org.uddi.api_v3.SaveBusiness=java.lang.ref.WeakReference@4a800d7f, class org.uddi.api_v3.Description=java.lang.ref.WeakReference@46774f0b, class org.uddi.api_v3.Name=java.lang.ref.WeakReference@3f334e20, class java.util.ArrayList=java.lang.ref.WeakReference@208189a4, class org.uddi.api_v3.SaveTModel=java.lang.ref.WeakReference@6aa0933e, class org.uddi.api_v3.BusinessEntity=java.lang.ref.WeakReference@16d39676, class org.uddi.api_v3.FindBusiness=java.lang.ref.WeakReference@33b488c2, class org.uddi.api_v3.OverviewURL=java.lang.ref.WeakReference@1f54fbb9, class org.uddi.api_v3.BusinessService=java.lang.ref.WeakReference@7183b20e, class org.uddi.api_v3.OverviewDoc=java.lang.ref.WeakReference@7be9fa6e, class org.uddi.api_v3.FindQualifiers=java.lang.ref.WeakReference@6c0c9f49, class org.uddi.api_v3.BusinessServices=java.lang.ref.WeakReference@54bd2842, class org.uddi.api_v3.BindingTemplates=java.lang.ref.WeakReference@38c2f319, class org.uddi.api_v3.FindTModel=java.lang.ref.WeakReference@ccc44e5, class org.uddi.api_v3.TModel=java.lang.ref.WeakReference@43264e2, class org.uddi.api_v3.InstanceDetails=java.lang.ref.WeakReference@3970a31e, class org.uddi.api_v3.TModelInstanceInfo=java.lang.ref.WeakReference@1605d512, class org.uddi.api_v3.BindingTemplate=java.lang.ref.WeakReference@7880405b, class org.uddi.api_v3.AccessPoint=java.lang.ref.WeakReference@6f023edd}]) but failed to remove it when the web application was stopped. Threads are going to be renewed over time to try and avoid a probable memory leak.
jun 02, 2016 11:49:51 PM org.apache.catalina.loader.WebappClassLoader checkThreadLocalMapForLeaks
GRAVE: The web application [/juddiv3] created a ThreadLocal with key of type [com.sun.xml.bind.v2.ClassFactory$1] (value [com.sun.xml.bind.v2.ClassFactory$1@1ba479c5]) and a value of type [java.util.WeakHashMap] (value [{class org.uddi.api_v3.KeyedReference=java.lang.ref.WeakReference@53560870, class org.uddi.api_v3.SaveService=java.lang.ref.WeakReference@6b43ea4d, class org.uddi.api_v3.TModelInstanceDetails=java.lang.ref.WeakReference@113bede6, class org.uddi.api_v3.SaveBusiness=java.lang.ref.WeakReference@6fb1cdca, class org.uddi.api_v3.SaveTModel=java.lang.ref.WeakReference@c475dc4, class org.uddi.api_v3.BusinessEntity=java.lang.ref.WeakReference@78a2df83, class org.uddi.api_v3.GetOperationalInfo=java.lang.ref.WeakReference@363859ac, class org.uddi.api_v3.FindService=java.lang.ref.WeakReference@57060d3c, class org.uddi.api_v3.OverviewURL=java.lang.ref.WeakReference@6119d365, class org.uddi.api_v3.BusinessService=java.lang.ref.WeakReference@f295602, class org.uddi.api_v3.BindingTemplates=java.lang.ref.WeakReference@7ba88b72, class org.uddi.api_v3.FindTModel=java.lang.ref.WeakReference@1ca016d6, class org.uddi.api_v3.BindingTemplate=java.lang.ref.WeakReference@330d7cdc, class org.uddi.api_v3.CategoryBag=java.lang.ref.WeakReference@7651b5f9, class org.uddi.api_v3.Description=java.lang.ref.WeakReference@491d535a, class org.uddi.api_v3.Name=java.lang.ref.WeakReference@5597fa09, class java.util.ArrayList=java.lang.ref.WeakReference@da487fb, class org.uddi.api_v3.GetBusinessDetail=java.lang.ref.WeakReference@76a115cb, class org.uddi.api_v3.OverviewDoc=java.lang.ref.WeakReference@55051fc6, class org.uddi.api_v3.FindQualifiers=java.lang.ref.WeakReference@3fa8e0dd, class org.uddi.api_v3.BusinessServices=java.lang.ref.WeakReference@169a338c, class org.uddi.api_v3.TModel=java.lang.ref.WeakReference@68eb73d9, class org.uddi.api_v3.GetServiceDetail=java.lang.ref.WeakReference@156daa2d, class org.uddi.api_v3.TModelInstanceInfo=java.lang.ref.WeakReference@6d3b0e55, class org.uddi.api_v3.InstanceDetails=java.lang.ref.WeakReference@2afa462d, class org.uddi.api_v3.AccessPoint=java.lang.ref.WeakReference@19bc8d10}]) but failed to remove it when the web application was stopped. Threads are going to be renewed over time to try and avoid a probable memory leak.
jun 02, 2016 11:49:51 PM org.apache.catalina.loader.WebappClassLoader checkThreadLocalMapForLeaks
GRAVE: The web application [/juddiv3] created a ThreadLocal with key of type [com.sun.xml.bind.v2.ClassFactory$1] (value [com.sun.xml.bind.v2.ClassFactory$1@1ba479c5]) and a value of type [java.util.WeakHashMap] (value [{class org.uddi.api_v3.KeyedReference=java.lang.ref.WeakReference@61f870c8, class org.uddi.api_v3.TModelInstanceDetails=java.lang.ref.WeakReference@54849304, class org.uddi.api_v3.GetTModelDetail=java.lang.ref.WeakReference@2cb77c97, class org.uddi.api_v3.SaveBusiness=java.lang.ref.WeakReference@519eb01c, class org.uddi.api_v3.SaveTModel=java.lang.ref.WeakReference@7342f4d7, class org.uddi.api_v3.BusinessEntity=java.lang.ref.WeakReference@32e4508, class org.uddi.api_v3.GetOperationalInfo=java.lang.ref.WeakReference@146ac23e, class org.uddi.api_v3.GetAuthToken=java.lang.ref.WeakReference@30d09eff, class org.uddi.api_v3.FindService=java.lang.ref.WeakReference@54d0307e, class org.uddi.api_v3.OverviewURL=java.lang.ref.WeakReference@252729e9, class org.uddi.api_v3.BusinessService=java.lang.ref.WeakReference@679e6441, class org.uddi.api_v3.BindingTemplates=java.lang.ref.WeakReference@530d392b, class org.uddi.api_v3.FindTModel=java.lang.ref.WeakReference@60ba0f4, class org.uddi.api_v3.BindingTemplate=java.lang.ref.WeakReference@1a7fa9bd, class org.uddi.api_v3.CategoryBag=java.lang.ref.WeakReference@ed77adf, class org.uddi.api_v3.Description=java.lang.ref.WeakReference@3429de4f, class org.uddi.api_v3.Name=java.lang.ref.WeakReference@6f7ed43e, class java.util.ArrayList=java.lang.ref.WeakReference@8abaa2d, class org.uddi.api_v3.GetBusinessDetail=java.lang.ref.WeakReference@3d1f3865, class org.uddi.api_v3.OverviewDoc=java.lang.ref.WeakReference@47be422f, class org.uddi.api_v3.FindQualifiers=java.lang.ref.WeakReference@5ef8b1c2, class org.uddi.api_v3.BusinessServices=java.lang.ref.WeakReference@bd792f2, class org.uddi.api_v3.DiscardAuthToken=java.lang.ref.WeakReference@4fcf5ffd, class org.uddi.api_v3.GetServiceDetail=java.lang.ref.WeakReference@7ad5d311, class org.uddi.api_v3.TModel=java.lang.ref.WeakReference@61b80b28, class org.uddi.api_v3.TModelInstanceInfo=java.lang.ref.WeakReference@564f45ef, class org.uddi.api_v3.InstanceDetails=java.lang.ref.WeakReference@63cad86c, class org.uddi.api_v3.AccessPoint=java.lang.ref.WeakReference@3753c25f}]) but failed to remove it when the web application was stopped. Threads are going to be renewed over time to try and avoid a probable memory leak.
jun 02, 2016 11:49:51 PM org.apache.catalina.loader.WebappClassLoader checkThreadLocalMapForLeaks
GRAVE: The web application [/juddiv3] created a ThreadLocal with key of type [com.sun.xml.bind.v2.ClassFactory$1] (value [com.sun.xml.bind.v2.ClassFactory$1@1ba479c5]) and a value of type [java.util.WeakHashMap] (value [{class org.uddi.api_v3.KeyedReference=java.lang.ref.WeakReference@16137ed6, class org.uddi.api_v3.SaveService=java.lang.ref.WeakReference@3adf21c6, class org.uddi.api_v3.TModelInstanceDetails=java.lang.ref.WeakReference@fe38749, class org.uddi.api_v3.GetTModelDetail=java.lang.ref.WeakReference@268bedd0, class org.uddi.api_v3.SaveBusiness=java.lang.ref.WeakReference@2be3d219, class org.uddi.api_v3.SaveTModel=java.lang.ref.WeakReference@687117b2, class org.uddi.api_v3.BusinessEntity=java.lang.ref.WeakReference@7b3b0c3a, class org.uddi.api_v3.FindService=java.lang.ref.WeakReference@2279be0, class org.uddi.api_v3.OverviewURL=java.lang.ref.WeakReference@3761f2a7, class org.uddi.api_v3.BusinessService=java.lang.ref.WeakReference@574dbf7e, class org.uddi.api_v3.BindingTemplates=java.lang.ref.WeakReference@74342371, class org.uddi.api_v3.FindTModel=java.lang.ref.WeakReference@4af25e8c, class org.uddi.api_v3.BindingTemplate=java.lang.ref.WeakReference@723e79bf, class javax.xml.bind.annotation.W3CDomHandler=java.lang.ref.WeakReference@48329ec9, class org.uddi.api_v3.CategoryBag=java.lang.ref.WeakReference@1d481315, class org.uddi.api_v3.Description=java.lang.ref.WeakReference@4516280e, class org.uddi.api_v3.Name=java.lang.ref.WeakReference@44e45292, class java.util.ArrayList=java.lang.ref.WeakReference@18fc4811, class org.uddi.api_v3.GetBusinessDetail=java.lang.ref.WeakReference@457130a0, class org.uddi.api_v3.OverviewDoc=java.lang.ref.WeakReference@31d32658, class org.uddi.api_v3.FindQualifiers=java.lang.ref.WeakReference@57c59232, class org.uddi.api_v3.BusinessServices=java.lang.ref.WeakReference@2d03e41b, class org.uddi.api_v3.GetServiceDetail=java.lang.ref.WeakReference@61bb252b, class org.uddi.api_v3.TModel=java.lang.ref.WeakReference@49f22ea2, class org.uddi.api_v3.TModelInstanceInfo=java.lang.ref.WeakReference@32dd61ac, class org.uddi.api_v3.InstanceDetails=java.lang.ref.WeakReference@cc68d0, class org.uddi.api_v3.AccessPoint=java.lang.ref.WeakReference@38e6979f}]) but failed to remove it when the web application was stopped. Threads are going to be renewed over time to try and avoid a probable memory leak.
jun 02, 2016 11:49:51 PM org.apache.catalina.loader.WebappClassLoader checkThreadLocalMapForLeaks
GRAVE: The web application [/juddiv3] created a ThreadLocal with key of type [com.sun.xml.bind.v2.ClassFactory$1] (value [com.sun.xml.bind.v2.ClassFactory$1@1ba479c5]) and a value of type [java.util.WeakHashMap] (value [{class org.uddi.api_v3.KeyedReference=java.lang.ref.WeakReference@6039291f, class org.uddi.api_v3.CategoryBag=java.lang.ref.WeakReference@39b0f4b5, class org.uddi.api_v3.TModelInstanceDetails=java.lang.ref.WeakReference@5ad991bb, class org.uddi.api_v3.SaveBusiness=java.lang.ref.WeakReference@568fbf10, class org.uddi.api_v3.Description=java.lang.ref.WeakReference@7f57050f, class org.uddi.api_v3.Name=java.lang.ref.WeakReference@41fc430c, class java.util.ArrayList=java.lang.ref.WeakReference@57be46c1, class org.uddi.api_v3.BusinessEntity=java.lang.ref.WeakReference@7c621419, class org.uddi.api_v3.FindService=java.lang.ref.WeakReference@3bda19e7, class org.uddi.api_v3.BusinessService=java.lang.ref.WeakReference@181dc9b3, class org.uddi.api_v3.FindQualifiers=java.lang.ref.WeakReference@3db01c3f, class org.uddi.api_v3.BusinessServices=java.lang.ref.WeakReference@511e154c, class org.uddi.api_v3.BindingTemplates=java.lang.ref.WeakReference@3a603ba9, class org.uddi.api_v3.FindTModel=java.lang.ref.WeakReference@4c462d07, class org.uddi.api_v3.InstanceDetails=java.lang.ref.WeakReference@712a8154, class org.uddi.api_v3.TModelInstanceInfo=java.lang.ref.WeakReference@50bf5e48, class org.uddi.api_v3.BindingTemplate=java.lang.ref.WeakReference@6bb98a85, class org.uddi.api_v3.AccessPoint=java.lang.ref.WeakReference@166abce0}]) but failed to remove it when the web application was stopped. Threads are going to be renewed over time to try and avoid a probable memory leak.
jun 02, 2016 11:49:51 PM org.apache.catalina.loader.WebappClassLoader checkThreadLocalMapForLeaks
GRAVE: The web application [/juddiv3] created a ThreadLocal with key of type [com.sun.xml.bind.v2.ClassFactory$1] (value [com.sun.xml.bind.v2.ClassFactory$1@1ba479c5]) and a value of type [java.util.WeakHashMap] (value [{class org.uddi.api_v3.KeyedReference=java.lang.ref.WeakReference@33efaf58, class org.uddi.api_v3.SaveService=java.lang.ref.WeakReference@1988fa73, class org.uddi.api_v3.TModelInstanceDetails=java.lang.ref.WeakReference@3ec2b665, class org.uddi.api_v3.GetTModelDetail=java.lang.ref.WeakReference@7d8c90e1, class org.uddi.api_v3.SaveTModel=java.lang.ref.WeakReference@33576567, class org.uddi.api_v3.GetOperationalInfo=java.lang.ref.WeakReference@6d525a1c, class org.uddi.api_v3.GetAuthToken=java.lang.ref.WeakReference@4688b84d, class org.uddi.api_v3.OverviewURL=java.lang.ref.WeakReference@5f9a33e5, class org.uddi.api_v3.BusinessService=java.lang.ref.WeakReference@576e092c, class org.uddi.api_v3.BindingTemplates=java.lang.ref.WeakReference@28133b67, class org.uddi.api_v3.FindTModel=java.lang.ref.WeakReference@2bdab4f8, class org.uddi.api_v3.BindingTemplate=java.lang.ref.WeakReference@25d1af7d, class org.uddi.api_v3.CategoryBag=java.lang.ref.WeakReference@2d1e582, class org.uddi.api_v3.Description=java.lang.ref.WeakReference@33282ebc, class org.uddi.api_v3.Name=java.lang.ref.WeakReference@4dab2155, class java.util.ArrayList=java.lang.ref.WeakReference@65a9d5da, class org.uddi.api_v3.GetBusinessDetail=java.lang.ref.WeakReference@68d9d118, class org.uddi.api_v3.OverviewDoc=java.lang.ref.WeakReference@1af65f71, class org.uddi.api_v3.FindQualifiers=java.lang.ref.WeakReference@ec364f3, class org.uddi.api_v3.GetServiceDetail=java.lang.ref.WeakReference@25ef67f4, class org.uddi.api_v3.TModel=java.lang.ref.WeakReference@3982340, class org.uddi.api_v3.TModelInstanceInfo=java.lang.ref.WeakReference@2bbdf995, class org.uddi.api_v3.InstanceDetails=java.lang.ref.WeakReference@3e4ce4ed, class org.uddi.api_v3.AccessPoint=java.lang.ref.WeakReference@60c2f417}]) but failed to remove it when the web application was stopped. Threads are going to be renewed over time to try and avoid a probable memory leak.
jun 02, 2016 11:49:51 PM org.apache.catalina.loader.WebappClassLoader checkThreadLocalMapForLeaks
GRAVE: The web application [/juddiv3] created a ThreadLocal with key of type [com.sun.xml.bind.v2.ClassFactory$1] (value [com.sun.xml.bind.v2.ClassFactory$1@1ba479c5]) and a value of type [java.util.WeakHashMap] (value [{class org.uddi.api_v3.KeyedReference=java.lang.ref.WeakReference@2282596c, class org.uddi.api_v3.CategoryBag=java.lang.ref.WeakReference@66376df8, class org.uddi.api_v3.TModelInstanceDetails=java.lang.ref.WeakReference@3f05865f, class org.uddi.api_v3.SaveService=java.lang.ref.WeakReference@4810afe4, class org.uddi.api_v3.Description=java.lang.ref.WeakReference@78e9d6b3, class org.uddi.api_v3.Name=java.lang.ref.WeakReference@256c3cfb, class java.util.ArrayList=java.lang.ref.WeakReference@36487177, class org.uddi.api_v3.GetOperationalInfo=java.lang.ref.WeakReference@7bea97d5, class org.uddi.api_v3.FindService=java.lang.ref.WeakReference@4d009a55, class org.uddi.api_v3.BusinessService=java.lang.ref.WeakReference@9cffcea, class org.uddi.api_v3.FindQualifiers=java.lang.ref.WeakReference@7c79f76d, class org.uddi.api_v3.BindingTemplates=java.lang.ref.WeakReference@53829308, class org.uddi.api_v3.FindTModel=java.lang.ref.WeakReference@1a19691f, class org.uddi.api_v3.InstanceDetails=java.lang.ref.WeakReference@6c47fe1a, class org.uddi.api_v3.TModelInstanceInfo=java.lang.ref.WeakReference@5f36be60, class org.uddi.api_v3.GetServiceDetail=java.lang.ref.WeakReference@18eb7c5d, class org.uddi.api_v3.BindingTemplate=java.lang.ref.WeakReference@49ebafce, class org.uddi.api_v3.AccessPoint=java.lang.ref.WeakReference@1a8f2fc7}]) but failed to remove it when the web application was stopped. Threads are going to be renewed over time to try and avoid a probable memory leak.
jun 02, 2016 11:49:51 PM org.apache.catalina.loader.WebappClassLoader checkThreadLocalMapForLeaks
GRAVE: The web application [/juddiv3] created a ThreadLocal with key of type [com.sun.xml.bind.v2.ClassFactory$1] (value [com.sun.xml.bind.v2.ClassFactory$1@1ba479c5]) and a value of type [java.util.WeakHashMap] (value [{class org.uddi.api_v3.CategoryBag=java.lang.ref.WeakReference@70a05748, class org.uddi.api_v3.KeyedReference=java.lang.ref.WeakReference@336ad495, class org.uddi.api_v3.GetTModelDetail=java.lang.ref.WeakReference@276b98e9, class org.uddi.api_v3.Name=java.lang.ref.WeakReference@44f96ad4, class java.util.ArrayList=java.lang.ref.WeakReference@36117f14, class org.uddi.api_v3.SaveTModel=java.lang.ref.WeakReference@53bacb3f, class org.uddi.api_v3.FindBusiness=java.lang.ref.WeakReference@28edbd71, class org.uddi.api_v3.GetBusinessDetail=java.lang.ref.WeakReference@274dcd72, class org.uddi.api_v3.OverviewURL=java.lang.ref.WeakReference@1a19ef50, class org.uddi.api_v3.OverviewDoc=java.lang.ref.WeakReference@1f7f3c1f, class org.uddi.api_v3.FindQualifiers=java.lang.ref.WeakReference@5abc1cb4, class org.uddi.api_v3.FindTModel=java.lang.ref.WeakReference@13536ccc, class org.uddi.api_v3.TModel=java.lang.ref.WeakReference@46e57299, class javax.xml.bind.annotation.W3CDomHandler=java.lang.ref.WeakReference@201c219e}]) but failed to remove it when the web application was stopped. Threads are going to be renewed over time to try and avoid a probable memory leak.
jun 02, 2016 11:49:51 PM org.apache.catalina.loader.WebappClassLoader checkThreadLocalMapForLeaks
GRAVE: The web application [/juddiv3] created a ThreadLocal with key of type [com.sun.xml.bind.v2.ClassFactory$1] (value [com.sun.xml.bind.v2.ClassFactory$1@1ba479c5]) and a value of type [java.util.WeakHashMap] (value [{class org.uddi.api_v3.KeyedReference=java.lang.ref.WeakReference@1affc095, class org.uddi.api_v3.CategoryBag=java.lang.ref.WeakReference@12c2ea0a, class org.uddi.api_v3.TModelInstanceDetails=java.lang.ref.WeakReference@7fde3371, class org.uddi.api_v3.SaveService=java.lang.ref.WeakReference@3e0fedc5, class org.uddi.api_v3.GetTModelDetail=java.lang.ref.WeakReference@5a9079f9, class org.uddi.api_v3.Description=java.lang.ref.WeakReference@5f875a1b, class org.uddi.api_v3.Name=java.lang.ref.WeakReference@51ccbf21, class java.util.ArrayList=java.lang.ref.WeakReference@10ec0118, class org.uddi.api_v3.GetOperationalInfo=java.lang.ref.WeakReference@496afd4d, class org.uddi.api_v3.GetAuthToken=java.lang.ref.WeakReference@2cd821f9, class org.uddi.api_v3.FindService=java.lang.ref.WeakReference@1859b6f4, class org.uddi.api_v3.BusinessService=java.lang.ref.WeakReference@684d9026, class org.uddi.api_v3.FindQualifiers=java.lang.ref.WeakReference@76d398f7, class org.uddi.api_v3.BindingTemplates=java.lang.ref.WeakReference@1b69b83d, class org.uddi.api_v3.FindTModel=java.lang.ref.WeakReference@4e5253b2, class org.uddi.api_v3.InstanceDetails=java.lang.ref.WeakReference@4a1a36fe, class org.uddi.api_v3.TModelInstanceInfo=java.lang.ref.WeakReference@20641b6a, class org.uddi.api_v3.GetServiceDetail=java.lang.ref.WeakReference@761af70b, class org.uddi.api_v3.BindingTemplate=java.lang.ref.WeakReference@2a09f5b9, class org.uddi.api_v3.AccessPoint=java.lang.ref.WeakReference@31bf8bc0}]) but failed to remove it when the web application was stopped. Threads are going to be renewed over time to try and avoid a probable memory leak.
jun 02, 2016 11:49:51 PM org.apache.coyote.AbstractProtocol stop
INFORMAÇÕES: Stopping ProtocolHandler ["http-bio-8080"]
jun 02, 2016 11:49:51 PM org.apache.coyote.AbstractProtocol stop
INFORMAÇÕES: Stopping ProtocolHandler ["ajp-bio-8009"]
jun 02, 2016 11:49:51 PM org.apache.coyote.AbstractProtocol destroy
INFORMAÇÕES: Destroying ProtocolHandler ["http-bio-8080"]
jun 02, 2016 11:49:51 PM org.apache.coyote.AbstractProtocol destroy
INFORMAÇÕES: Destroying ProtocolHandler ["ajp-bio-8009"]
