jun 17, 2016 6:57:35 AM org.apache.catalina.startup.VersionLoggerListener log
INFORMAÇÕES: Server version:        Apache Tomcat/7.0.64
jun 17, 2016 6:57:35 AM org.apache.catalina.startup.VersionLoggerListener log
INFORMAÇÕES: Server built:          Aug 19 2015 17:18:06 UTC
jun 17, 2016 6:57:35 AM org.apache.catalina.startup.VersionLoggerListener log
INFORMAÇÕES: Server number:         7.0.64.0
jun 17, 2016 6:57:35 AM org.apache.catalina.startup.VersionLoggerListener log
INFORMAÇÕES: OS Name:               Mac OS X
jun 17, 2016 6:57:35 AM org.apache.catalina.startup.VersionLoggerListener log
INFORMAÇÕES: OS Version:            10.11.4
jun 17, 2016 6:57:35 AM org.apache.catalina.startup.VersionLoggerListener log
INFORMAÇÕES: Architecture:          x86_64
jun 17, 2016 6:57:35 AM org.apache.catalina.startup.VersionLoggerListener log
INFORMAÇÕES: Java Home:             /Library/Java/JavaVirtualMachines/jdk1.8.0_65.jdk/Contents/Home/jre
jun 17, 2016 6:57:35 AM org.apache.catalina.startup.VersionLoggerListener log
INFORMAÇÕES: JVM Version:           1.8.0_65-b17
jun 17, 2016 6:57:35 AM org.apache.catalina.startup.VersionLoggerListener log
INFORMAÇÕES: JVM Vendor:            Oracle Corporation
jun 17, 2016 6:57:35 AM org.apache.catalina.startup.VersionLoggerListener log
INFORMAÇÕES: CATALINA_BASE:         /Applications/juddi-distro-3.3.1/juddi-tomcat-3.3.1
jun 17, 2016 6:57:35 AM org.apache.catalina.startup.VersionLoggerListener log
INFORMAÇÕES: CATALINA_HOME:         /Applications/juddi-distro-3.3.1/juddi-tomcat-3.3.1
jun 17, 2016 6:57:35 AM org.apache.catalina.startup.VersionLoggerListener log
INFORMAÇÕES: Command line argument: -Djava.util.logging.config.file=/Applications/juddi-distro-3.3.1/juddi-tomcat-3.3.1/conf/logging.properties
jun 17, 2016 6:57:35 AM org.apache.catalina.startup.VersionLoggerListener log
INFORMAÇÕES: Command line argument: -Djava.util.logging.manager=org.apache.juli.ClassLoaderLogManager
jun 17, 2016 6:57:35 AM org.apache.catalina.startup.VersionLoggerListener log
INFORMAÇÕES: Command line argument: -Xms4096M
jun 17, 2016 6:57:35 AM org.apache.catalina.startup.VersionLoggerListener log
INFORMAÇÕES: Command line argument: -Xmx4096M
jun 17, 2016 6:57:35 AM org.apache.catalina.startup.VersionLoggerListener log
INFORMAÇÕES: Command line argument: -XX:PermSize=512M
jun 17, 2016 6:57:35 AM org.apache.catalina.startup.VersionLoggerListener log
INFORMAÇÕES: Command line argument: -XX:MaxPermSize=512M
jun 17, 2016 6:57:35 AM org.apache.catalina.startup.VersionLoggerListener log
INFORMAÇÕES: Command line argument: -Djava.endorsed.dirs=/Applications/juddi-distro-3.3.1/juddi-tomcat-3.3.1/endorsed
jun 17, 2016 6:57:35 AM org.apache.catalina.startup.VersionLoggerListener log
INFORMAÇÕES: Command line argument: -Dcatalina.base=/Applications/juddi-distro-3.3.1/juddi-tomcat-3.3.1
jun 17, 2016 6:57:35 AM org.apache.catalina.startup.VersionLoggerListener log
INFORMAÇÕES: Command line argument: -Dcatalina.home=/Applications/juddi-distro-3.3.1/juddi-tomcat-3.3.1
jun 17, 2016 6:57:35 AM org.apache.catalina.startup.VersionLoggerListener log
INFORMAÇÕES: Command line argument: -Djava.io.tmpdir=/Applications/juddi-distro-3.3.1/juddi-tomcat-3.3.1/temp
jun 17, 2016 6:57:35 AM org.apache.catalina.core.AprLifecycleListener lifecycleEvent
INFORMAÇÕES: The APR based Apache Tomcat Native library which allows optimal performance in production environments was not found on the java.library.path: /Users/macbook/Library/Java/Extensions:/Library/Java/Extensions:/Network/Library/Java/Extensions:/System/Library/Java/Extensions:/usr/lib/java:.
jun 17, 2016 6:57:35 AM org.apache.coyote.AbstractProtocol init
INFORMAÇÕES: Initializing ProtocolHandler ["http-bio-8080"]
jun 17, 2016 6:57:35 AM org.apache.coyote.AbstractProtocol init
INFORMAÇÕES: Initializing ProtocolHandler ["ajp-bio-8009"]
jun 17, 2016 6:57:35 AM org.apache.catalina.startup.Catalina load
INFORMAÇÕES: Initialization processed in 782 ms
jun 17, 2016 6:57:35 AM org.apache.catalina.core.StandardService startInternal
INFORMAÇÕES: Starting service Catalina
jun 17, 2016 6:57:35 AM org.apache.catalina.core.StandardEngine startInternal
INFORMAÇÕES: Starting Servlet Engine: Apache Tomcat/7.0.64
jun 17, 2016 6:57:35 AM org.apache.catalina.startup.HostConfig deployDirectory
INFORMAÇÕES: Deploying web application directory /Applications/juddi-distro-3.3.1/juddi-tomcat-3.3.1/webapps/docs
jun 17, 2016 6:57:36 AM org.apache.catalina.startup.TldConfig execute
INFORMAÇÕES: At least one JAR was scanned for TLDs yet contained no TLDs. Enable debug logging for this logger for a complete list of JARs that were scanned but no TLDs were found in them. Skipping unneeded JARs during scanning can improve startup time and JSP compilation time.
jun 17, 2016 6:57:36 AM org.apache.catalina.startup.HostConfig deployDirectory
INFORMAÇÕES: Deployment of web application directory /Applications/juddi-distro-3.3.1/juddi-tomcat-3.3.1/webapps/docs has finished in 791 ms
jun 17, 2016 6:57:36 AM org.apache.catalina.startup.HostConfig deployDirectory
INFORMAÇÕES: Deploying web application directory /Applications/juddi-distro-3.3.1/juddi-tomcat-3.3.1/webapps/examples
jun 17, 2016 6:57:37 AM org.apache.catalina.startup.TldConfig execute
INFORMAÇÕES: At least one JAR was scanned for TLDs yet contained no TLDs. Enable debug logging for this logger for a complete list of JARs that were scanned but no TLDs were found in them. Skipping unneeded JARs during scanning can improve startup time and JSP compilation time.
jun 17, 2016 6:57:37 AM org.apache.catalina.startup.HostConfig deployDirectory
INFORMAÇÕES: Deployment of web application directory /Applications/juddi-distro-3.3.1/juddi-tomcat-3.3.1/webapps/examples has finished in 599 ms
jun 17, 2016 6:57:37 AM org.apache.catalina.startup.HostConfig deployDirectory
INFORMAÇÕES: Deploying web application directory /Applications/juddi-distro-3.3.1/juddi-tomcat-3.3.1/webapps/host-manager
jun 17, 2016 6:57:37 AM org.apache.catalina.startup.TldConfig execute
INFORMAÇÕES: At least one JAR was scanned for TLDs yet contained no TLDs. Enable debug logging for this logger for a complete list of JARs that were scanned but no TLDs were found in them. Skipping unneeded JARs during scanning can improve startup time and JSP compilation time.
jun 17, 2016 6:57:37 AM org.apache.catalina.startup.HostConfig deployDirectory
INFORMAÇÕES: Deployment of web application directory /Applications/juddi-distro-3.3.1/juddi-tomcat-3.3.1/webapps/host-manager has finished in 354 ms
jun 17, 2016 6:57:37 AM org.apache.catalina.startup.HostConfig deployDirectory
INFORMAÇÕES: Deploying web application directory /Applications/juddi-distro-3.3.1/juddi-tomcat-3.3.1/webapps/juddi-gui
jun 17, 2016 6:57:39 AM org.apache.catalina.startup.TldConfig execute
INFORMAÇÕES: At least one JAR was scanned for TLDs yet contained no TLDs. Enable debug logging for this logger for a complete list of JARs that were scanned but no TLDs were found in them. Skipping unneeded JARs during scanning can improve startup time and JSP compilation time.
jun 17, 2016 6:57:39 AM org.apache.juddi.webconsole.StartupServlet contextInitialized
INFORMAÇÕES: juddi-gui startup
jun 17, 2016 6:57:39 AM org.apache.juddi.webconsole.StartupServlet contextInitialized
INFORMAÇÕES: Attempting to generate 256 bit AES key
jun 17, 2016 6:57:39 AM org.apache.juddi.webconsole.StartupServlet contextInitialized
ADVERTÊNCIA: 256 bit key validation failed. To use higher key sizes, try installing the Java Cryptographic Extensions (JCE) Unlimited Strength
jun 17, 2016 6:57:39 AM org.apache.juddi.webconsole.StartupServlet contextInitialized
INFORMAÇÕES: Attempting to generate 128 bit AES key
jun 17, 2016 6:57:39 AM org.apache.juddi.webconsole.StartupServlet contextInitialized
INFORMAÇÕES: Generation of 128 bit AES key successful
jun 17, 2016 6:57:39 AM org.apache.juddi.webconsole.StartupServlet contextInitialized
INFORMAÇÕES: Storing key to /Applications/juddi-distro-3.3.1/juddi-tomcat-3.3.1/webapps/juddi-gui/META-INF/config.properties
jun 17, 2016 6:57:39 AM org.apache.catalina.startup.HostConfig deployDirectory
INFORMAÇÕES: Deployment of web application directory /Applications/juddi-distro-3.3.1/juddi-tomcat-3.3.1/webapps/juddi-gui has finished in 2,147 ms
jun 17, 2016 6:57:39 AM org.apache.catalina.startup.HostConfig deployDirectory
INFORMAÇÕES: Deploying web application directory /Applications/juddi-distro-3.3.1/juddi-tomcat-3.3.1/webapps/juddiv3
jun 17, 2016 6:57:43 AM org.apache.catalina.startup.TldConfig execute
INFORMAÇÕES: At least one JAR was scanned for TLDs yet contained no TLDs. Enable debug logging for this logger for a complete list of JARs that were scanned but no TLDs were found in them. Skipping unneeded JARs during scanning can improve startup time and JSP compilation time.
jun 17, 2016 6:57:47 AM org.apache.cxf.service.factory.ReflectionServiceFactoryBean buildServiceFromClass
INFORMAÇÕES: Creating Service {urn:uddi-org:v3_service}UDDIInquiryService from class org.uddi.v3_service.UDDIInquiryPortType
jun 17, 2016 6:57:48 AM org.apache.cxf.bus.spring.OldSpringSupport logWarning
ADVERTÊNCIA: Import of META-INF/cxf/cxf-extension-soap.xml has been deprecated and is unnecessary.
jun 17, 2016 6:57:49 AM org.apache.cxf.endpoint.ServerImpl initDestination
INFORMAÇÕES: Setting the server's publish address to be /inquiry
jun 17, 2016 6:57:49 AM org.apache.cxf.service.factory.ReflectionServiceFactoryBean buildServiceFromClass
INFORMAÇÕES: Creating Service {urn:uddi-org:v3_service}UDDIPublicationService from class org.uddi.v3_service.UDDIPublicationPortType
jun 17, 2016 6:57:49 AM org.apache.cxf.endpoint.ServerImpl initDestination
INFORMAÇÕES: Setting the server's publish address to be /publish
jun 17, 2016 6:57:49 AM org.apache.cxf.service.factory.ReflectionServiceFactoryBean buildServiceFromClass
INFORMAÇÕES: Creating Service {urn:uddi-org:v3_service}UDDISecurityService from class org.uddi.v3_service.UDDISecurityPortType
jun 17, 2016 6:57:49 AM org.apache.cxf.endpoint.ServerImpl initDestination
INFORMAÇÕES: Setting the server's publish address to be /security
jun 17, 2016 6:57:49 AM org.apache.cxf.service.factory.ReflectionServiceFactoryBean buildServiceFromClass
INFORMAÇÕES: Creating Service {urn:uddi-org:v3_service}UDDISubscriptionService from class org.uddi.v3_service.UDDISubscriptionPortType
jun 17, 2016 6:57:49 AM org.apache.cxf.endpoint.ServerImpl initDestination
INFORMAÇÕES: Setting the server's publish address to be /subscription
jun 17, 2016 6:57:49 AM org.apache.cxf.service.factory.ReflectionServiceFactoryBean buildServiceFromClass
INFORMAÇÕES: Creating Service {urn:uddi-org:v3_service}UDDISubscriptionListenerService from class org.uddi.v3_service.UDDISubscriptionListenerPortType
jun 17, 2016 6:57:49 AM org.apache.cxf.endpoint.ServerImpl initDestination
INFORMAÇÕES: Setting the server's publish address to be /subscription-listener
jun 17, 2016 6:57:49 AM org.apache.cxf.service.factory.ReflectionServiceFactoryBean buildServiceFromClass
INFORMAÇÕES: Creating Service {urn:uddi-org:v3_service}UDDICustodyTransferService from class org.uddi.v3_service.UDDICustodyTransferPortType
jun 17, 2016 6:57:50 AM org.apache.cxf.endpoint.ServerImpl initDestination
INFORMAÇÕES: Setting the server's publish address to be /custody-transfer
jun 17, 2016 6:57:50 AM org.apache.cxf.service.factory.ReflectionServiceFactoryBean buildServiceFromClass
INFORMAÇÕES: Creating Service {http://impl.api.juddi.apache.org/}UDDIValueSetValidationImplService from class org.uddi.v3_service.UDDIValueSetValidationPortType
jun 17, 2016 6:57:50 AM org.apache.cxf.endpoint.ServerImpl initDestination
INFORMAÇÕES: Setting the server's publish address to be /valueset-validation
jun 17, 2016 6:57:50 AM org.apache.cxf.service.factory.ReflectionServiceFactoryBean buildServiceFromClass
INFORMAÇÕES: Creating Service {http://impl.api.juddi.apache.org/}UDDIValueSetCachingImplService from class org.uddi.v3_service.UDDIValueSetCachingPortType
jun 17, 2016 6:57:50 AM org.apache.cxf.endpoint.ServerImpl initDestination
INFORMAÇÕES: Setting the server's publish address to be /valueset-caching
jun 17, 2016 6:57:50 AM org.apache.cxf.service.factory.ReflectionServiceFactoryBean buildServiceFromClass
INFORMAÇÕES: Creating Service {urn:uddi-org:inquiry_v2}Inquire from class org.uddi.v2_service.Inquire
jun 17, 2016 6:57:51 AM org.apache.cxf.endpoint.ServerImpl initDestination
INFORMAÇÕES: Setting the server's publish address to be /inquiryv2
jun 17, 2016 6:57:51 AM org.apache.cxf.service.factory.ReflectionServiceFactoryBean buildServiceFromClass
INFORMAÇÕES: Creating Service {urn:uddi-org:publication_v2}Publish from class org.uddi.v2_service.Publish
jun 17, 2016 6:57:51 AM org.apache.cxf.endpoint.ServerImpl initDestination
INFORMAÇÕES: Setting the server's publish address to be /publishv2
jun 17, 2016 6:57:51 AM org.apache.cxf.service.factory.ReflectionServiceFactoryBean buildServiceFromWSDL
INFORMAÇÕES: Creating Service {urn:juddi-apache-org:v3_service}JUDDIApiService from WSDL: classpath:/juddi_api_v1.wsdl
jun 17, 2016 6:57:51 AM org.apache.cxf.endpoint.ServerImpl initDestination
INFORMAÇÕES: Setting the server's publish address to be /juddi-api
jun 17, 2016 6:57:52 AM org.apache.cxf.endpoint.ServerImpl initDestination
INFORMAÇÕES: Setting the server's publish address to be /inquiryRest
jun 17, 2016 6:57:52 AM org.apache.juddi.adminconsole.StartupServlet contextInitialized
INFORMAÇÕES: juddi-admin gui startup
jun 17, 2016 6:57:52 AM org.apache.juddi.adminconsole.StartupServlet contextInitialized
INFORMAÇÕES: Attempting to generate 256 bit AES key
jun 17, 2016 6:57:52 AM org.apache.juddi.adminconsole.StartupServlet contextInitialized
ADVERTÊNCIA: 256 bit key validation failed. To use higher key sizes, try installing the Java Cryptographic Extensions (JCE) Unlimited Strength
jun 17, 2016 6:57:52 AM org.apache.juddi.adminconsole.StartupServlet contextInitialized
INFORMAÇÕES: Attempting to generate 128 bit AES key
jun 17, 2016 6:57:52 AM org.apache.juddi.adminconsole.StartupServlet contextInitialized
INFORMAÇÕES: Generation of 128 bit AES key successful
jun 17, 2016 6:57:52 AM org.apache.juddi.adminconsole.StartupServlet contextInitialized
INFORMAÇÕES: Storing key to /Applications/juddi-distro-3.3.1/juddi-tomcat-3.3.1/webapps/juddiv3/WEB-INF/config.properties
jun 17, 2016 6:57:52 AM org.apache.catalina.startup.HostConfig deployDirectory
INFORMAÇÕES: Deployment of web application directory /Applications/juddi-distro-3.3.1/juddi-tomcat-3.3.1/webapps/juddiv3 has finished in 12,932 ms
jun 17, 2016 6:57:52 AM org.apache.catalina.startup.HostConfig deployDirectory
INFORMAÇÕES: Deploying web application directory /Applications/juddi-distro-3.3.1/juddi-tomcat-3.3.1/webapps/juddiv3replication
jun 17, 2016 6:57:55 AM org.apache.catalina.startup.TldConfig execute
INFORMAÇÕES: At least one JAR was scanned for TLDs yet contained no TLDs. Enable debug logging for this logger for a complete list of JARs that were scanned but no TLDs were found in them. Skipping unneeded JARs during scanning can improve startup time and JSP compilation time.
jun 17, 2016 6:57:59 AM org.apache.cxf.service.factory.ReflectionServiceFactoryBean buildServiceFromClass
INFORMAÇÕES: Creating Service {urn:uddi-org:repl_v3_portType}UDDI_Replication_PortType from class org.uddi.v3_service.UDDIReplicationPortType
jun 17, 2016 6:58:00 AM org.apache.cxf.bus.spring.OldSpringSupport logWarning
ADVERTÊNCIA: Import of META-INF/cxf/cxf-extension-soap.xml has been deprecated and is unnecessary.
jun 17, 2016 6:58:00 AM org.apache.cxf.endpoint.ServerImpl initDestination
INFORMAÇÕES: Setting the server's publish address to be /replication
jun 17, 2016 6:58:00 AM org.apache.juddi.adminconsole.StartupServlet contextInitialized
INFORMAÇÕES: juddi-admin gui startup
jun 17, 2016 6:58:00 AM org.apache.juddi.adminconsole.StartupServlet contextInitialized
INFORMAÇÕES: Attempting to generate 256 bit AES key
jun 17, 2016 6:58:00 AM org.apache.juddi.adminconsole.StartupServlet contextInitialized
ADVERTÊNCIA: 256 bit key validation failed. To use higher key sizes, try installing the Java Cryptographic Extensions (JCE) Unlimited Strength
jun 17, 2016 6:58:00 AM org.apache.juddi.adminconsole.StartupServlet contextInitialized
INFORMAÇÕES: Attempting to generate 128 bit AES key
jun 17, 2016 6:58:00 AM org.apache.juddi.adminconsole.StartupServlet contextInitialized
INFORMAÇÕES: Generation of 128 bit AES key successful
jun 17, 2016 6:58:00 AM org.apache.juddi.adminconsole.StartupServlet contextInitialized
INFORMAÇÕES: Storing key to /Applications/juddi-distro-3.3.1/juddi-tomcat-3.3.1/webapps/juddiv3replication/WEB-INF/config.properties
jun 17, 2016 6:58:01 AM org.apache.catalina.startup.HostConfig deployDirectory
INFORMAÇÕES: Deployment of web application directory /Applications/juddi-distro-3.3.1/juddi-tomcat-3.3.1/webapps/juddiv3replication has finished in 8,589 ms
jun 17, 2016 6:58:01 AM org.apache.catalina.startup.HostConfig deployDirectory
INFORMAÇÕES: Deploying web application directory /Applications/juddi-distro-3.3.1/juddi-tomcat-3.3.1/webapps/manager
jun 17, 2016 6:58:01 AM org.apache.catalina.startup.TldConfig execute
INFORMAÇÕES: At least one JAR was scanned for TLDs yet contained no TLDs. Enable debug logging for this logger for a complete list of JARs that were scanned but no TLDs were found in them. Skipping unneeded JARs during scanning can improve startup time and JSP compilation time.
jun 17, 2016 6:58:01 AM org.apache.catalina.startup.HostConfig deployDirectory
INFORMAÇÕES: Deployment of web application directory /Applications/juddi-distro-3.3.1/juddi-tomcat-3.3.1/webapps/manager has finished in 460 ms
jun 17, 2016 6:58:01 AM org.apache.catalina.startup.HostConfig deployDirectory
INFORMAÇÕES: Deploying web application directory /Applications/juddi-distro-3.3.1/juddi-tomcat-3.3.1/webapps/ROOT
jun 17, 2016 6:58:01 AM org.apache.catalina.startup.TldConfig execute
INFORMAÇÕES: At least one JAR was scanned for TLDs yet contained no TLDs. Enable debug logging for this logger for a complete list of JARs that were scanned but no TLDs were found in them. Skipping unneeded JARs during scanning can improve startup time and JSP compilation time.
jun 17, 2016 6:58:02 AM org.apache.catalina.startup.HostConfig deployDirectory
INFORMAÇÕES: Deployment of web application directory /Applications/juddi-distro-3.3.1/juddi-tomcat-3.3.1/webapps/ROOT has finished in 428 ms
jun 17, 2016 6:58:02 AM org.apache.coyote.AbstractProtocol start
INFORMAÇÕES: Starting ProtocolHandler ["http-bio-8080"]
jun 17, 2016 6:58:02 AM org.apache.coyote.AbstractProtocol start
INFORMAÇÕES: Starting ProtocolHandler ["ajp-bio-8009"]
jun 17, 2016 6:58:02 AM org.apache.catalina.startup.Catalina start
INFORMAÇÕES: Server startup in 26629 ms
jun 17, 2016 7:29:53 AM org.apache.cxf.service.factory.ReflectionServiceFactoryBean buildServiceFromWSDL
INFORMAÇÕES: Creating Service {urn:uddi-org:v3_service}UDDI_Service from WSDL: file:/Applications/juddi-distro-3.3.1/juddi-tomcat-3.3.1/work/Catalina/localhost/juddi-gui/loader/uddi_v3_service.wsdl
jun 17, 2016 7:29:55 AM org.apache.cxf.service.factory.ReflectionServiceFactoryBean buildServiceFromWSDL
INFORMAÇÕES: Creating Service {urn:uddi-org:v3_service}UDDI_Service from WSDL: file:/Applications/juddi-distro-3.3.1/juddi-tomcat-3.3.1/work/Catalina/localhost/juddi-gui/loader/uddi_v3_service.wsdl
jun 17, 2016 7:29:55 AM org.apache.cxf.service.factory.ReflectionServiceFactoryBean buildServiceFromWSDL
INFORMAÇÕES: Creating Service {urn:uddi-org:v3_service}UDDI_Service from WSDL: file:/Applications/juddi-distro-3.3.1/juddi-tomcat-3.3.1/work/Catalina/localhost/juddi-gui/loader/uddi_v3_service.wsdl
jun 17, 2016 7:29:55 AM org.apache.cxf.service.factory.ReflectionServiceFactoryBean buildServiceFromWSDL
INFORMAÇÕES: Creating Service {urn:uddi-org:v3_service}UDDI_Service from WSDL: file:/Applications/juddi-distro-3.3.1/juddi-tomcat-3.3.1/work/Catalina/localhost/juddi-gui/loader/uddi_v3_service.wsdl
jun 17, 2016 7:29:55 AM org.apache.cxf.service.factory.ReflectionServiceFactoryBean buildServiceFromWSDL
INFORMAÇÕES: Creating Service {urn:uddi-org:v3_service}UDDI_Service from WSDL: file:/Applications/juddi-distro-3.3.1/juddi-tomcat-3.3.1/work/Catalina/localhost/juddi-gui/loader/uddi_v3_service.wsdl
