mai 15, 2016 10:50:32 AM org.apache.catalina.core.ApplicationContext log
INFORMAÇÕES: ContextListener: contextInitialized()
mai 15, 2016 10:50:32 AM org.apache.catalina.core.ApplicationContext log
INFORMAÇÕES: SessionListener: contextInitialized()
mai 15, 2016 10:50:32 AM org.apache.catalina.core.ApplicationContext log
INFORMAÇÕES: ContextListener: attributeAdded('org.apache.jasper.compiler.TldLocationsCache', 'org.apache.jasper.compiler.TldLocationsCache@6692955f')
mai 15, 2016 10:50:42 AM org.apache.catalina.core.ApplicationContext log
INFORMAÇÕES: No Spring WebApplicationInitializer types detected on classpath
mai 15, 2016 10:50:42 AM org.apache.catalina.core.ApplicationContext log
INFORMAÇÕES: Initializing Spring root WebApplicationContext
mai 15, 2016 10:51:03 AM org.apache.catalina.core.ApplicationContext log
INFORMAÇÕES: No Spring WebApplicationInitializer types detected on classpath
mai 15, 2016 10:51:03 AM org.apache.catalina.core.ApplicationContext log
INFORMAÇÕES: Initializing Spring root WebApplicationContext
mai 15, 2016 10:51:26 AM org.apache.catalina.core.ApplicationContext log
INFORMAÇÕES: SessionListener: contextDestroyed()
mai 15, 2016 10:51:26 AM org.apache.catalina.core.ApplicationContext log
INFORMAÇÕES: ContextListener: contextDestroyed()
mai 15, 2016 10:51:26 AM org.apache.catalina.core.ApplicationContext log
INFORMAÇÕES: Closing Spring root WebApplicationContext
mai 15, 2016 10:51:26 AM org.apache.catalina.core.ApplicationContext log
INFORMAÇÕES: Closing Spring root WebApplicationContext
mai 15, 2016 10:51:47 AM org.apache.catalina.core.ApplicationContext log
INFORMAÇÕES: ContextListener: contextInitialized()
mai 15, 2016 10:51:47 AM org.apache.catalina.core.ApplicationContext log
INFORMAÇÕES: SessionListener: contextInitialized()
mai 15, 2016 10:51:47 AM org.apache.catalina.core.ApplicationContext log
INFORMAÇÕES: ContextListener: attributeAdded('org.apache.jasper.compiler.TldLocationsCache', 'org.apache.jasper.compiler.TldLocationsCache@6692955f')
mai 15, 2016 10:51:56 AM org.apache.catalina.core.ApplicationContext log
INFORMAÇÕES: No Spring WebApplicationInitializer types detected on classpath
mai 15, 2016 10:51:56 AM org.apache.catalina.core.ApplicationContext log
INFORMAÇÕES: Initializing Spring root WebApplicationContext
mai 15, 2016 10:52:12 AM org.apache.catalina.core.ApplicationContext log
INFORMAÇÕES: No Spring WebApplicationInitializer types detected on classpath
mai 15, 2016 10:52:12 AM org.apache.catalina.core.ApplicationContext log
INFORMAÇÕES: Initializing Spring root WebApplicationContext
mai 15, 2016 9:57:47 PM org.apache.catalina.core.ApplicationContext log
INFORMAÇÕES: SessionListener: contextDestroyed()
mai 15, 2016 9:57:47 PM org.apache.catalina.core.ApplicationContext log
INFORMAÇÕES: ContextListener: contextDestroyed()
mai 15, 2016 9:57:47 PM org.apache.catalina.core.ApplicationContext log
INFORMAÇÕES: Closing Spring root WebApplicationContext
mai 15, 2016 9:57:47 PM org.apache.catalina.core.ApplicationContext log
INFORMAÇÕES: Closing Spring root WebApplicationContext
