mai 16, 2016 7:40:38 AM org.apache.catalina.core.ApplicationContext log
INFORMAÇÕES: ContextListener: contextInitialized()
mai 16, 2016 7:40:38 AM org.apache.catalina.core.ApplicationContext log
INFORMAÇÕES: SessionListener: contextInitialized()
mai 16, 2016 7:40:38 AM org.apache.catalina.core.ApplicationContext log
INFORMAÇÕES: ContextListener: attributeAdded('org.apache.jasper.compiler.TldLocationsCache', 'org.apache.jasper.compiler.TldLocationsCache@6692955f')
mai 16, 2016 7:40:43 AM org.apache.catalina.core.ApplicationContext log
INFORMAÇÕES: No Spring WebApplicationInitializer types detected on classpath
mai 16, 2016 7:40:43 AM org.apache.catalina.core.ApplicationContext log
INFORMAÇÕES: Initializing Spring root WebApplicationContext
mai 16, 2016 7:40:53 AM org.apache.catalina.core.ApplicationContext log
INFORMAÇÕES: No Spring WebApplicationInitializer types detected on classpath
mai 16, 2016 7:40:53 AM org.apache.catalina.core.ApplicationContext log
INFORMAÇÕES: Initializing Spring root WebApplicationContext
mai 16, 2016 10:29:23 AM org.apache.catalina.core.ApplicationContext log
INFORMAÇÕES: SessionListener: contextDestroyed()
mai 16, 2016 10:29:23 AM org.apache.catalina.core.ApplicationContext log
INFORMAÇÕES: ContextListener: contextDestroyed()
mai 16, 2016 10:29:23 AM org.apache.catalina.core.ApplicationContext log
INFORMAÇÕES: Closing Spring root WebApplicationContext
mai 16, 2016 10:29:23 AM org.apache.catalina.core.ApplicationContext log
INFORMAÇÕES: Closing Spring root WebApplicationContext
mai 16, 2016 11:34:23 AM org.apache.catalina.core.ApplicationContext log
INFORMAÇÕES: ContextListener: contextInitialized()
mai 16, 2016 11:34:23 AM org.apache.catalina.core.ApplicationContext log
INFORMAÇÕES: SessionListener: contextInitialized()
mai 16, 2016 11:34:23 AM org.apache.catalina.core.ApplicationContext log
INFORMAÇÕES: ContextListener: attributeAdded('org.apache.jasper.compiler.TldLocationsCache', 'org.apache.jasper.compiler.TldLocationsCache@31c903da')
mai 16, 2016 11:34:29 AM org.apache.catalina.core.ApplicationContext log
INFORMAÇÕES: No Spring WebApplicationInitializer types detected on classpath
mai 16, 2016 11:34:29 AM org.apache.catalina.core.ApplicationContext log
INFORMAÇÕES: Initializing Spring root WebApplicationContext
mai 16, 2016 11:34:44 AM org.apache.catalina.core.ApplicationContext log
INFORMAÇÕES: No Spring WebApplicationInitializer types detected on classpath
mai 16, 2016 11:34:44 AM org.apache.catalina.core.ApplicationContext log
INFORMAÇÕES: Initializing Spring root WebApplicationContext
mai 16, 2016 2:41:21 PM org.apache.catalina.core.ApplicationContext log
INFORMAÇÕES: SessionListener: contextDestroyed()
mai 16, 2016 2:41:21 PM org.apache.catalina.core.ApplicationContext log
INFORMAÇÕES: ContextListener: contextDestroyed()
mai 16, 2016 2:41:21 PM org.apache.catalina.core.ApplicationContext log
INFORMAÇÕES: Closing Spring root WebApplicationContext
mai 16, 2016 2:41:21 PM org.apache.catalina.core.ApplicationContext log
INFORMAÇÕES: Closing Spring root WebApplicationContext
