mai 14, 2016 1:47:21 PM org.apache.catalina.core.ApplicationContext log
INFORMAÇÕES: ContextListener: contextInitialized()
mai 14, 2016 1:47:21 PM org.apache.catalina.core.ApplicationContext log
INFORMAÇÕES: SessionListener: contextInitialized()
mai 14, 2016 1:47:21 PM org.apache.catalina.core.ApplicationContext log
INFORMAÇÕES: ContextListener: attributeAdded('org.apache.jasper.compiler.TldLocationsCache', 'org.apache.jasper.compiler.TldLocationsCache@31c903da')
mai 14, 2016 1:47:27 PM org.apache.catalina.core.ApplicationContext log
INFORMAÇÕES: No Spring WebApplicationInitializer types detected on classpath
mai 14, 2016 1:47:27 PM org.apache.catalina.core.ApplicationContext log
INFORMAÇÕES: Initializing Spring root WebApplicationContext
mai 14, 2016 1:47:40 PM org.apache.catalina.core.ApplicationContext log
INFORMAÇÕES: No Spring WebApplicationInitializer types detected on classpath
mai 14, 2016 1:47:40 PM org.apache.catalina.core.ApplicationContext log
INFORMAÇÕES: Initializing Spring root WebApplicationContext
mai 14, 2016 2:38:15 PM org.apache.catalina.core.ApplicationContext log
INFORMAÇÕES: SessionListener: contextDestroyed()
mai 14, 2016 2:38:15 PM org.apache.catalina.core.ApplicationContext log
INFORMAÇÕES: ContextListener: contextDestroyed()
mai 14, 2016 2:38:15 PM org.apache.catalina.core.ApplicationContext log
INFORMAÇÕES: Closing Spring root WebApplicationContext
mai 14, 2016 2:38:15 PM org.apache.catalina.core.ApplicationContext log
INFORMAÇÕES: Closing Spring root WebApplicationContext
mai 14, 2016 2:38:19 PM org.apache.catalina.core.ApplicationContext log
INFORMAÇÕES: ContextListener: contextInitialized()
mai 14, 2016 2:38:19 PM org.apache.catalina.core.ApplicationContext log
INFORMAÇÕES: SessionListener: contextInitialized()
mai 14, 2016 2:38:19 PM org.apache.catalina.core.ApplicationContext log
INFORMAÇÕES: ContextListener: attributeAdded('org.apache.jasper.compiler.TldLocationsCache', 'org.apache.jasper.compiler.TldLocationsCache@31c903da')
mai 14, 2016 2:38:24 PM org.apache.catalina.core.ApplicationContext log
INFORMAÇÕES: No Spring WebApplicationInitializer types detected on classpath
mai 14, 2016 2:38:24 PM org.apache.catalina.core.ApplicationContext log
INFORMAÇÕES: Initializing Spring root WebApplicationContext
mai 14, 2016 2:38:35 PM org.apache.catalina.core.ApplicationContext log
INFORMAÇÕES: No Spring WebApplicationInitializer types detected on classpath
mai 14, 2016 2:38:35 PM org.apache.catalina.core.ApplicationContext log
INFORMAÇÕES: Initializing Spring root WebApplicationContext
mai 14, 2016 2:46:46 PM org.apache.catalina.core.ApplicationContext log
INFORMAÇÕES: SessionListener: contextDestroyed()
mai 14, 2016 2:46:46 PM org.apache.catalina.core.ApplicationContext log
INFORMAÇÕES: ContextListener: contextDestroyed()
mai 14, 2016 2:46:46 PM org.apache.catalina.core.ApplicationContext log
INFORMAÇÕES: Closing Spring root WebApplicationContext
mai 14, 2016 2:46:46 PM org.apache.catalina.core.ApplicationContext log
INFORMAÇÕES: Closing Spring root WebApplicationContext
mai 14, 2016 2:46:49 PM org.apache.catalina.core.ApplicationContext log
INFORMAÇÕES: ContextListener: contextInitialized()
mai 14, 2016 2:46:49 PM org.apache.catalina.core.ApplicationContext log
INFORMAÇÕES: SessionListener: contextInitialized()
mai 14, 2016 2:46:49 PM org.apache.catalina.core.ApplicationContext log
INFORMAÇÕES: ContextListener: attributeAdded('org.apache.jasper.compiler.TldLocationsCache', 'org.apache.jasper.compiler.TldLocationsCache@6692955f')
mai 14, 2016 2:46:55 PM org.apache.catalina.core.ApplicationContext log
INFORMAÇÕES: No Spring WebApplicationInitializer types detected on classpath
mai 14, 2016 2:46:55 PM org.apache.catalina.core.ApplicationContext log
INFORMAÇÕES: Initializing Spring root WebApplicationContext
mai 14, 2016 2:47:05 PM org.apache.catalina.core.ApplicationContext log
INFORMAÇÕES: No Spring WebApplicationInitializer types detected on classpath
mai 14, 2016 2:47:06 PM org.apache.catalina.core.ApplicationContext log
INFORMAÇÕES: Initializing Spring root WebApplicationContext
mai 14, 2016 11:32:11 PM org.apache.catalina.core.ApplicationContext log
INFORMAÇÕES: SessionListener: contextDestroyed()
mai 14, 2016 11:32:11 PM org.apache.catalina.core.ApplicationContext log
INFORMAÇÕES: ContextListener: contextDestroyed()
mai 14, 2016 11:32:11 PM org.apache.catalina.core.ApplicationContext log
INFORMAÇÕES: Closing Spring root WebApplicationContext
mai 14, 2016 11:32:11 PM org.apache.catalina.core.ApplicationContext log
INFORMAÇÕES: Closing Spring root WebApplicationContext
