Oct 22, 2015 2:42:51 PM org.apache.catalina.core.ApplicationContext log
INFO: ContextListener: contextInitialized()
Oct 22, 2015 2:42:51 PM org.apache.catalina.core.ApplicationContext log
INFO: SessionListener: contextInitialized()
Oct 22, 2015 2:42:51 PM org.apache.catalina.core.ApplicationContext log
INFO: ContextListener: attributeAdded('org.apache.jasper.compiler.TldLocationsCache', 'org.apache.jasper.compiler.TldLocationsCache@5b1e31c0')
Oct 22, 2015 2:42:59 PM org.apache.catalina.core.ApplicationContext log
INFO: No Spring WebApplicationInitializer types detected on classpath
Oct 22, 2015 2:42:59 PM org.apache.catalina.core.ApplicationContext log
INFO: Initializing Spring root WebApplicationContext
Oct 22, 2015 2:43:30 PM org.apache.catalina.core.ApplicationContext log
INFO: No Spring WebApplicationInitializer types detected on classpath
Oct 22, 2015 2:43:31 PM org.apache.catalina.core.ApplicationContext log
INFO: Initializing Spring root WebApplicationContext
Oct 22, 2015 3:59:44 PM org.apache.catalina.core.ApplicationContext log
INFO: ContextListener: contextInitialized()
Oct 22, 2015 3:59:44 PM org.apache.catalina.core.ApplicationContext log
INFO: SessionListener: contextInitialized()
Oct 22, 2015 3:59:44 PM org.apache.catalina.core.ApplicationContext log
INFO: ContextListener: attributeAdded('org.apache.jasper.compiler.TldLocationsCache', 'org.apache.jasper.compiler.TldLocationsCache@738f510a')
Oct 22, 2015 3:59:50 PM org.apache.catalina.core.ApplicationContext log
INFO: No Spring WebApplicationInitializer types detected on classpath
Oct 22, 2015 3:59:50 PM org.apache.catalina.core.ApplicationContext log
INFO: Initializing Spring root WebApplicationContext
Oct 22, 2015 4:00:07 PM org.apache.catalina.core.ApplicationContext log
INFO: No Spring WebApplicationInitializer types detected on classpath
Oct 22, 2015 4:00:07 PM org.apache.catalina.core.ApplicationContext log
INFO: Initializing Spring root WebApplicationContext
Oct 22, 2015 4:33:31 PM org.apache.catalina.core.ApplicationContext log
Informações: ContextListener: contextInitialized()
Oct 22, 2015 4:33:31 PM org.apache.catalina.core.ApplicationContext log
Informações: SessionListener: contextInitialized()
Oct 22, 2015 4:33:31 PM org.apache.catalina.core.ApplicationContext log
Informações: ContextListener: attributeAdded('org.apache.jasper.compiler.TldLocationsCache', 'org.apache.jasper.compiler.TldLocationsCache@3feb4d00')
Oct 22, 2015 4:33:34 PM org.apache.catalina.core.ApplicationContext log
Informações: No Spring WebApplicationInitializer types detected on classpath
Oct 22, 2015 4:33:34 PM org.apache.catalina.core.ApplicationContext log
Informações: Initializing Spring root WebApplicationContext
Oct 22, 2015 4:33:45 PM org.apache.catalina.core.ApplicationContext log
Informações: No Spring WebApplicationInitializer types detected on classpath
Oct 22, 2015 4:33:45 PM org.apache.catalina.core.ApplicationContext log
Informações: Initializing Spring root WebApplicationContext
