Oct 23, 2015 11:52:45 AM org.apache.catalina.core.ApplicationContext log
Informações: Closing Spring root WebApplicationContext
Oct 23, 2015 11:52:46 AM org.apache.catalina.core.ApplicationContext log
Informações: Closing Spring root WebApplicationContext
Oct 23, 2015 11:52:47 AM org.apache.catalina.core.ApplicationContext log
Informações: SessionListener: contextDestroyed()
Oct 23, 2015 11:52:47 AM org.apache.catalina.core.ApplicationContext log
Informações: ContextListener: contextDestroyed()
Oct 23, 2015 1:26:18 PM org.apache.catalina.core.ApplicationContext log
Informações: ContextListener: contextInitialized()
Oct 23, 2015 1:26:18 PM org.apache.catalina.core.ApplicationContext log
Informações: SessionListener: contextInitialized()
Oct 23, 2015 1:26:18 PM org.apache.catalina.core.ApplicationContext log
Informações: ContextListener: attributeAdded('org.apache.jasper.compiler.TldLocationsCache', 'org.apache.jasper.compiler.TldLocationsCache@3feb4d00')
Oct 23, 2015 1:26:24 PM org.apache.catalina.core.ApplicationContext log
Informações: No Spring WebApplicationInitializer types detected on classpath
Oct 23, 2015 1:26:24 PM org.apache.catalina.core.ApplicationContext log
Informações: Initializing Spring root WebApplicationContext
Oct 23, 2015 1:26:38 PM org.apache.catalina.core.ApplicationContext log
Informações: No Spring WebApplicationInitializer types detected on classpath
Oct 23, 2015 1:26:38 PM org.apache.catalina.core.ApplicationContext log
Informações: Initializing Spring root WebApplicationContext
Oct 23, 2015 1:44:04 PM org.apache.catalina.core.ApplicationContext log
Informações: Closing Spring root WebApplicationContext
Oct 23, 2015 1:44:04 PM org.apache.catalina.core.ApplicationContext log
Informações: Closing Spring root WebApplicationContext
Oct 23, 2015 1:44:05 PM org.apache.catalina.core.ApplicationContext log
Informações: SessionListener: contextDestroyed()
Oct 23, 2015 1:44:05 PM org.apache.catalina.core.ApplicationContext log
Informações: ContextListener: contextDestroyed()
Oct 23, 2015 1:44:06 PM org.apache.catalina.core.ApplicationContext log
Informações: ContextListener: contextInitialized()
Oct 23, 2015 1:44:06 PM org.apache.catalina.core.ApplicationContext log
Informações: SessionListener: contextInitialized()
Oct 23, 2015 1:44:06 PM org.apache.catalina.core.ApplicationContext log
Informações: ContextListener: attributeAdded('org.apache.jasper.compiler.TldLocationsCache', 'org.apache.jasper.compiler.TldLocationsCache@31273a1')
Oct 23, 2015 1:44:10 PM org.apache.catalina.core.ApplicationContext log
Informações: No Spring WebApplicationInitializer types detected on classpath
Oct 23, 2015 1:44:10 PM org.apache.catalina.core.ApplicationContext log
Informações: Initializing Spring root WebApplicationContext
Oct 23, 2015 1:44:20 PM org.apache.catalina.core.StandardContext listenerStart
Grave: Exception sending context initialized event to listener instance of class org.springframework.web.context.ContextLoaderListener
org.springframework.beans.factory.BeanCreationException: Error creating bean with name 'inquiry': Cannot create inner bean '(inner bean)' of type [org.apache.juddi.api.impl.UDDIInquiryImpl] while setting constructor argument; nested exception is org.springframework.beans.factory.BeanCreationException: Error creating bean with name '(inner bean)': Instantiation of bean failed; nested exception is org.springframework.beans.BeanInstantiationException: Could not instantiate bean class [org.apache.juddi.api.impl.UDDIInquiryImpl]: Constructor threw exception; nested exception is <openjpa-2.3.0-r422266:1540826 nonfatal general error> org.apache.openjpa.persistence.PersistenceException: You have an error in your SQL syntax; check the manual that corresponds to your MySQL server version for the right syntax to use near 'CLOB, key_info_key BIGINT, key_data_value_key BIGINT, PRIMARY KEY (id))' at line 2 {stmnt 1543772001 CREATE TABLE j3_key_data_value -- KeyDataValue
    (id BIGINT NOT NULL, key_data_name VARCHAR(255), key_data_type VARCHAR(255), key_data_value BLOB, key_data_value_string CLOB, key_info_key BIGINT, key_data_value_key BIGINT, PRIMARY KEY (id))} [code=1064, state=42000]
	at org.springframework.beans.factory.support.BeanDefinitionValueResolver.resolveInnerBean(BeanDefinitionValueResolver.java:282)
	at org.springframework.beans.factory.support.BeanDefinitionValueResolver.resolveValueIfNecessary(BeanDefinitionValueResolver.java:126)
	at org.springframework.beans.factory.support.ConstructorResolver.resolveConstructorArguments(ConstructorResolver.java:615)
	at org.springframework.beans.factory.support.ConstructorResolver.autowireConstructor(ConstructorResolver.java:148)
	at org.springframework.beans.factory.support.AbstractAutowireCapableBeanFactory.autowireConstructor(AbstractAutowireCapableBeanFactory.java:1051)
	at org.springframework.beans.factory.support.AbstractAutowireCapableBeanFactory.createBeanInstance(AbstractAutowireCapableBeanFactory.java:955)
	at org.springframework.beans.factory.support.AbstractAutowireCapableBeanFactory.doCreateBean(AbstractAutowireCapableBeanFactory.java:490)
	at org.springframework.beans.factory.support.AbstractAutowireCapableBeanFactory.createBean(AbstractAutowireCapableBeanFactory.java:461)
	at org.springframework.beans.factory.support.AbstractBeanFactory$1.getObject(AbstractBeanFactory.java:295)
	at org.springframework.beans.factory.support.DefaultSingletonBeanRegistry.getSingleton(DefaultSingletonBeanRegistry.java:223)
	at org.springframework.beans.factory.support.AbstractBeanFactory.doGetBean(AbstractBeanFactory.java:292)
	at org.springframework.beans.factory.support.AbstractBeanFactory.getBean(AbstractBeanFactory.java:194)
	at org.springframework.beans.factory.support.DefaultListableBeanFactory.preInstantiateSingletons(DefaultListableBeanFactory.java:626)
	at org.springframework.context.support.AbstractApplicationContext.finishBeanFactoryInitialization(AbstractApplicationContext.java:932)
	at org.springframework.context.support.AbstractApplicationContext.refresh(AbstractApplicationContext.java:479)
	at org.springframework.web.context.ContextLoader.configureAndRefreshWebApplicationContext(ContextLoader.java:389)
	at org.springframework.web.context.ContextLoader.initWebApplicationContext(ContextLoader.java:294)
	at org.springframework.web.context.ContextLoaderListener.contextInitialized(ContextLoaderListener.java:112)
	at org.apache.catalina.core.StandardContext.listenerStart(StandardContext.java:5003)
	at org.apache.catalina.core.StandardContext.startInternal(StandardContext.java:5517)
	at org.apache.catalina.util.LifecycleBase.start(LifecycleBase.java:150)
	at org.apache.catalina.core.ContainerBase.addChildInternal(ContainerBase.java:901)
	at org.apache.catalina.core.ContainerBase.addChild(ContainerBase.java:877)
	at org.apache.catalina.core.StandardHost.addChild(StandardHost.java:652)
	at org.apache.catalina.startup.HostConfig.deployDirectory(HostConfig.java:1263)
	at org.apache.catalina.startup.HostConfig$DeployDirectory.run(HostConfig.java:1948)
	at java.util.concurrent.Executors$RunnableAdapter.call(Executors.java:471)
	at java.util.concurrent.FutureTask.run(FutureTask.java:262)
	at java.util.concurrent.ThreadPoolExecutor.runWorker(ThreadPoolExecutor.java:1145)
	at java.util.concurrent.ThreadPoolExecutor$Worker.run(ThreadPoolExecutor.java:615)
	at java.lang.Thread.run(Thread.java:744)
Caused by: org.springframework.beans.factory.BeanCreationException: Error creating bean with name '(inner bean)': Instantiation of bean failed; nested exception is org.springframework.beans.BeanInstantiationException: Could not instantiate bean class [org.apache.juddi.api.impl.UDDIInquiryImpl]: Constructor threw exception; nested exception is <openjpa-2.3.0-r422266:1540826 nonfatal general error> org.apache.openjpa.persistence.PersistenceException: You have an error in your SQL syntax; check the manual that corresponds to your MySQL server version for the right syntax to use near 'CLOB, key_info_key BIGINT, key_data_value_key BIGINT, PRIMARY KEY (id))' at line 2 {stmnt 1543772001 CREATE TABLE j3_key_data_value -- KeyDataValue
    (id BIGINT NOT NULL, key_data_name VARCHAR(255), key_data_type VARCHAR(255), key_data_value BLOB, key_data_value_string CLOB, key_info_key BIGINT, key_data_value_key BIGINT, PRIMARY KEY (id))} [code=1064, state=42000]
	at org.springframework.beans.factory.support.AbstractAutowireCapableBeanFactory.instantiateBean(AbstractAutowireCapableBeanFactory.java:1013)
	at org.springframework.beans.factory.support.AbstractAutowireCapableBeanFactory.createBeanInstance(AbstractAutowireCapableBeanFactory.java:959)
	at org.springframework.beans.factory.support.AbstractAutowireCapableBeanFactory.doCreateBean(AbstractAutowireCapableBeanFactory.java:490)
	at org.springframework.beans.factory.support.AbstractAutowireCapableBeanFactory.createBean(AbstractAutowireCapableBeanFactory.java:461)
	at org.springframework.beans.factory.support.BeanDefinitionValueResolver.resolveInnerBean(BeanDefinitionValueResolver.java:271)
	... 30 more
Caused by: org.springframework.beans.BeanInstantiationException: Could not instantiate bean class [org.apache.juddi.api.impl.UDDIInquiryImpl]: Constructor threw exception; nested exception is <openjpa-2.3.0-r422266:1540826 nonfatal general error> org.apache.openjpa.persistence.PersistenceException: You have an error in your SQL syntax; check the manual that corresponds to your MySQL server version for the right syntax to use near 'CLOB, key_info_key BIGINT, key_data_value_key BIGINT, PRIMARY KEY (id))' at line 2 {stmnt 1543772001 CREATE TABLE j3_key_data_value -- KeyDataValue
    (id BIGINT NOT NULL, key_data_name VARCHAR(255), key_data_type VARCHAR(255), key_data_value BLOB, key_data_value_string CLOB, key_info_key BIGINT, key_data_value_key BIGINT, PRIMARY KEY (id))} [code=1064, state=42000]
	at org.springframework.beans.BeanUtils.instantiateClass(BeanUtils.java:163)
	at org.springframework.beans.factory.support.SimpleInstantiationStrategy.instantiate(SimpleInstantiationStrategy.java:87)
	at org.springframework.beans.factory.support.AbstractAutowireCapableBeanFactory.instantiateBean(AbstractAutowireCapableBeanFactory.java:1006)
	... 34 more
Caused by: <openjpa-2.3.0-r422266:1540826 nonfatal general error> org.apache.openjpa.persistence.PersistenceException: You have an error in your SQL syntax; check the manual that corresponds to your MySQL server version for the right syntax to use near 'CLOB, key_info_key BIGINT, key_data_value_key BIGINT, PRIMARY KEY (id))' at line 2 {stmnt 1543772001 CREATE TABLE j3_key_data_value -- KeyDataValue
    (id BIGINT NOT NULL, key_data_name VARCHAR(255), key_data_type VARCHAR(255), key_data_value BLOB, key_data_value_string CLOB, key_info_key BIGINT, key_data_value_key BIGINT, PRIMARY KEY (id))} [code=1064, state=42000]
	at org.apache.openjpa.jdbc.meta.MappingTool.record(MappingTool.java:559)
	at org.apache.openjpa.jdbc.meta.MappingTool.record(MappingTool.java:455)
	at org.apache.openjpa.jdbc.kernel.JDBCBrokerFactory.synchronizeMappings(JDBCBrokerFactory.java:160)
	at org.apache.openjpa.jdbc.kernel.JDBCBrokerFactory.synchronizeMappings(JDBCBrokerFactory.java:164)
	at org.apache.openjpa.jdbc.kernel.JDBCBrokerFactory.newBrokerImpl(JDBCBrokerFactory.java:122)
	at org.apache.openjpa.kernel.AbstractBrokerFactory.newBroker(AbstractBrokerFactory.java:209)
	at org.apache.openjpa.kernel.DelegatingBrokerFactory.newBroker(DelegatingBrokerFactory.java:155)
	at org.apache.openjpa.persistence.EntityManagerFactoryImpl.createEntityManager(EntityManagerFactoryImpl.java:226)
	at org.apache.openjpa.persistence.EntityManagerFactoryImpl.createEntityManager(EntityManagerFactoryImpl.java:153)
	at org.apache.openjpa.persistence.EntityManagerFactoryImpl.createEntityManager(EntityManagerFactoryImpl.java:59)
	at org.apache.juddi.config.PersistenceManager.getEntityManager(PersistenceManager.java:48)
	at org.apache.juddi.config.AppConfig.getPersistentConfiguration(AppConfig.java:169)
	at org.apache.juddi.config.AppConfig.loadConfiguration(AppConfig.java:155)
	at org.apache.juddi.config.AppConfig.<init>(AppConfig.java:81)
	at org.apache.juddi.config.AppConfig.getInstance(AppConfig.java:263)
	at org.apache.juddi.config.AppConfig.getConfiguration(AppConfig.java:289)
	at org.apache.juddi.api.impl.AuthenticatedService.<init>(AuthenticatedService.java:62)
	at org.apache.juddi.api.impl.UDDIInquiryImpl.<init>(UDDIInquiryImpl.java:88)
	at sun.reflect.NativeConstructorAccessorImpl.newInstance0(Native Method)
	at sun.reflect.NativeConstructorAccessorImpl.newInstance(NativeConstructorAccessorImpl.java:57)
	at sun.reflect.DelegatingConstructorAccessorImpl.newInstance(DelegatingConstructorAccessorImpl.java:45)
	at java.lang.reflect.Constructor.newInstance(Constructor.java:526)
	at org.springframework.beans.BeanUtils.instantiateClass(BeanUtils.java:148)
	... 36 more
Caused by: org.apache.openjpa.lib.jdbc.ReportingSQLException: You have an error in your SQL syntax; check the manual that corresponds to your MySQL server version for the right syntax to use near 'CLOB, key_info_key BIGINT, key_data_value_key BIGINT, PRIMARY KEY (id))' at line 2 {stmnt 1543772001 CREATE TABLE j3_key_data_value -- KeyDataValue
    (id BIGINT NOT NULL, key_data_name VARCHAR(255), key_data_type VARCHAR(255), key_data_value BLOB, key_data_value_string CLOB, key_info_key BIGINT, key_data_value_key BIGINT, PRIMARY KEY (id))} [code=1064, state=42000]
	at org.apache.openjpa.lib.jdbc.LoggingConnectionDecorator.wrap(LoggingConnectionDecorator.java:219)
	at org.apache.openjpa.lib.jdbc.LoggingConnectionDecorator.wrap(LoggingConnectionDecorator.java:203)
	at org.apache.openjpa.lib.jdbc.LoggingConnectionDecorator.access$700(LoggingConnectionDecorator.java:59)
	at org.apache.openjpa.lib.jdbc.LoggingConnectionDecorator$LoggingConnection$LoggingStatement.executeUpdate(LoggingConnectionDecorator.java:914)
	at org.apache.openjpa.lib.jdbc.DelegatingStatement.executeUpdate(DelegatingStatement.java:118)
	at org.apache.openjpa.jdbc.schema.SchemaTool.executeSQL(SchemaTool.java:1231)
	at org.apache.openjpa.jdbc.schema.SchemaTool.createTable(SchemaTool.java:976)
	at org.apache.openjpa.jdbc.schema.SchemaTool.add(SchemaTool.java:552)
	at org.apache.openjpa.jdbc.schema.SchemaTool.add(SchemaTool.java:364)
	at org.apache.openjpa.jdbc.schema.SchemaTool.run(SchemaTool.java:341)
	at org.apache.openjpa.jdbc.meta.MappingTool.record(MappingTool.java:505)
	... 58 more

Oct 23, 2015 1:44:20 PM org.apache.catalina.core.ApplicationContext log
Informações: Closing Spring root WebApplicationContext
Oct 23, 2015 1:44:23 PM org.apache.catalina.core.ApplicationContext log
Informações: No Spring WebApplicationInitializer types detected on classpath
Oct 23, 2015 1:44:23 PM org.apache.catalina.core.ApplicationContext log
Informações: Initializing Spring root WebApplicationContext
Oct 23, 2015 1:44:25 PM org.apache.catalina.core.StandardContext listenerStart
Grave: Exception sending context initialized event to listener instance of class org.springframework.web.context.ContextLoaderListener
org.springframework.beans.factory.BeanCreationException: Error creating bean with name 'replication': Cannot create inner bean '(inner bean)' of type [org.apache.juddi.api.impl.UDDIReplicationImpl] while setting constructor argument; nested exception is org.springframework.beans.factory.BeanCreationException: Error creating bean with name '(inner bean)': Instantiation of bean failed; nested exception is org.springframework.beans.BeanInstantiationException: Could not instantiate bean class [org.apache.juddi.api.impl.UDDIReplicationImpl]: Constructor threw exception; nested exception is <openjpa-2.3.0-r422266:1540826 nonfatal general error> org.apache.openjpa.persistence.PersistenceException: You have an error in your SQL syntax; check the manual that corresponds to your MySQL server version for the right syntax to use near 'CLOB, key_info_key BIGINT, key_data_value_key BIGINT, PRIMARY KEY (id))' at line 2 {stmnt 423389631 CREATE TABLE j3_key_data_value -- KeyDataValue
    (id BIGINT NOT NULL, key_data_name VARCHAR(255), key_data_type VARCHAR(255), key_data_value BLOB, key_data_value_string CLOB, key_info_key BIGINT, key_data_value_key BIGINT, PRIMARY KEY (id))} [code=1064, state=42000]
	at org.springframework.beans.factory.support.BeanDefinitionValueResolver.resolveInnerBean(BeanDefinitionValueResolver.java:282)
	at org.springframework.beans.factory.support.BeanDefinitionValueResolver.resolveValueIfNecessary(BeanDefinitionValueResolver.java:126)
	at org.springframework.beans.factory.support.ConstructorResolver.resolveConstructorArguments(ConstructorResolver.java:615)
	at org.springframework.beans.factory.support.ConstructorResolver.autowireConstructor(ConstructorResolver.java:148)
	at org.springframework.beans.factory.support.AbstractAutowireCapableBeanFactory.autowireConstructor(AbstractAutowireCapableBeanFactory.java:1051)
	at org.springframework.beans.factory.support.AbstractAutowireCapableBeanFactory.createBeanInstance(AbstractAutowireCapableBeanFactory.java:955)
	at org.springframework.beans.factory.support.AbstractAutowireCapableBeanFactory.doCreateBean(AbstractAutowireCapableBeanFactory.java:490)
	at org.springframework.beans.factory.support.AbstractAutowireCapableBeanFactory.createBean(AbstractAutowireCapableBeanFactory.java:461)
	at org.springframework.beans.factory.support.AbstractBeanFactory$1.getObject(AbstractBeanFactory.java:295)
	at org.springframework.beans.factory.support.DefaultSingletonBeanRegistry.getSingleton(DefaultSingletonBeanRegistry.java:223)
	at org.springframework.beans.factory.support.AbstractBeanFactory.doGetBean(AbstractBeanFactory.java:292)
	at org.springframework.beans.factory.support.AbstractBeanFactory.getBean(AbstractBeanFactory.java:194)
	at org.springframework.beans.factory.support.DefaultListableBeanFactory.preInstantiateSingletons(DefaultListableBeanFactory.java:626)
	at org.springframework.context.support.AbstractApplicationContext.finishBeanFactoryInitialization(AbstractApplicationContext.java:932)
	at org.springframework.context.support.AbstractApplicationContext.refresh(AbstractApplicationContext.java:479)
	at org.springframework.web.context.ContextLoader.configureAndRefreshWebApplicationContext(ContextLoader.java:389)
	at org.springframework.web.context.ContextLoader.initWebApplicationContext(ContextLoader.java:294)
	at org.springframework.web.context.ContextLoaderListener.contextInitialized(ContextLoaderListener.java:112)
	at org.apache.catalina.core.StandardContext.listenerStart(StandardContext.java:5003)
	at org.apache.catalina.core.StandardContext.startInternal(StandardContext.java:5517)
	at org.apache.catalina.util.LifecycleBase.start(LifecycleBase.java:150)
	at org.apache.catalina.core.ContainerBase.addChildInternal(ContainerBase.java:901)
	at org.apache.catalina.core.ContainerBase.addChild(ContainerBase.java:877)
	at org.apache.catalina.core.StandardHost.addChild(StandardHost.java:652)
	at org.apache.catalina.startup.HostConfig.deployDirectory(HostConfig.java:1263)
	at org.apache.catalina.startup.HostConfig$DeployDirectory.run(HostConfig.java:1948)
	at java.util.concurrent.Executors$RunnableAdapter.call(Executors.java:471)
	at java.util.concurrent.FutureTask.run(FutureTask.java:262)
	at java.util.concurrent.ThreadPoolExecutor.runWorker(ThreadPoolExecutor.java:1145)
	at java.util.concurrent.ThreadPoolExecutor$Worker.run(ThreadPoolExecutor.java:615)
	at java.lang.Thread.run(Thread.java:744)
Caused by: org.springframework.beans.factory.BeanCreationException: Error creating bean with name '(inner bean)': Instantiation of bean failed; nested exception is org.springframework.beans.BeanInstantiationException: Could not instantiate bean class [org.apache.juddi.api.impl.UDDIReplicationImpl]: Constructor threw exception; nested exception is <openjpa-2.3.0-r422266:1540826 nonfatal general error> org.apache.openjpa.persistence.PersistenceException: You have an error in your SQL syntax; check the manual that corresponds to your MySQL server version for the right syntax to use near 'CLOB, key_info_key BIGINT, key_data_value_key BIGINT, PRIMARY KEY (id))' at line 2 {stmnt 423389631 CREATE TABLE j3_key_data_value -- KeyDataValue
    (id BIGINT NOT NULL, key_data_name VARCHAR(255), key_data_type VARCHAR(255), key_data_value BLOB, key_data_value_string CLOB, key_info_key BIGINT, key_data_value_key BIGINT, PRIMARY KEY (id))} [code=1064, state=42000]
	at org.springframework.beans.factory.support.AbstractAutowireCapableBeanFactory.instantiateBean(AbstractAutowireCapableBeanFactory.java:1013)
	at org.springframework.beans.factory.support.AbstractAutowireCapableBeanFactory.createBeanInstance(AbstractAutowireCapableBeanFactory.java:959)
	at org.springframework.beans.factory.support.AbstractAutowireCapableBeanFactory.doCreateBean(AbstractAutowireCapableBeanFactory.java:490)
	at org.springframework.beans.factory.support.AbstractAutowireCapableBeanFactory.createBean(AbstractAutowireCapableBeanFactory.java:461)
	at org.springframework.beans.factory.support.BeanDefinitionValueResolver.resolveInnerBean(BeanDefinitionValueResolver.java:271)
	... 30 more
Caused by: org.springframework.beans.BeanInstantiationException: Could not instantiate bean class [org.apache.juddi.api.impl.UDDIReplicationImpl]: Constructor threw exception; nested exception is <openjpa-2.3.0-r422266:1540826 nonfatal general error> org.apache.openjpa.persistence.PersistenceException: You have an error in your SQL syntax; check the manual that corresponds to your MySQL server version for the right syntax to use near 'CLOB, key_info_key BIGINT, key_data_value_key BIGINT, PRIMARY KEY (id))' at line 2 {stmnt 423389631 CREATE TABLE j3_key_data_value -- KeyDataValue
    (id BIGINT NOT NULL, key_data_name VARCHAR(255), key_data_type VARCHAR(255), key_data_value BLOB, key_data_value_string CLOB, key_info_key BIGINT, key_data_value_key BIGINT, PRIMARY KEY (id))} [code=1064, state=42000]
	at org.springframework.beans.BeanUtils.instantiateClass(BeanUtils.java:163)
	at org.springframework.beans.factory.support.SimpleInstantiationStrategy.instantiate(SimpleInstantiationStrategy.java:87)
	at org.springframework.beans.factory.support.AbstractAutowireCapableBeanFactory.instantiateBean(AbstractAutowireCapableBeanFactory.java:1006)
	... 34 more
Caused by: <openjpa-2.3.0-r422266:1540826 nonfatal general error> org.apache.openjpa.persistence.PersistenceException: You have an error in your SQL syntax; check the manual that corresponds to your MySQL server version for the right syntax to use near 'CLOB, key_info_key BIGINT, key_data_value_key BIGINT, PRIMARY KEY (id))' at line 2 {stmnt 423389631 CREATE TABLE j3_key_data_value -- KeyDataValue
    (id BIGINT NOT NULL, key_data_name VARCHAR(255), key_data_type VARCHAR(255), key_data_value BLOB, key_data_value_string CLOB, key_info_key BIGINT, key_data_value_key BIGINT, PRIMARY KEY (id))} [code=1064, state=42000]
	at org.apache.openjpa.jdbc.meta.MappingTool.record(MappingTool.java:559)
	at org.apache.openjpa.jdbc.meta.MappingTool.record(MappingTool.java:455)
	at org.apache.openjpa.jdbc.kernel.JDBCBrokerFactory.synchronizeMappings(JDBCBrokerFactory.java:160)
	at org.apache.openjpa.jdbc.kernel.JDBCBrokerFactory.synchronizeMappings(JDBCBrokerFactory.java:164)
	at org.apache.openjpa.jdbc.kernel.JDBCBrokerFactory.newBrokerImpl(JDBCBrokerFactory.java:122)
	at org.apache.openjpa.kernel.AbstractBrokerFactory.newBroker(AbstractBrokerFactory.java:209)
	at org.apache.openjpa.kernel.DelegatingBrokerFactory.newBroker(DelegatingBrokerFactory.java:155)
	at org.apache.openjpa.persistence.EntityManagerFactoryImpl.createEntityManager(EntityManagerFactoryImpl.java:226)
	at org.apache.openjpa.persistence.EntityManagerFactoryImpl.createEntityManager(EntityManagerFactoryImpl.java:153)
	at org.apache.openjpa.persistence.EntityManagerFactoryImpl.createEntityManager(EntityManagerFactoryImpl.java:59)
	at org.apache.juddi.config.PersistenceManager.getEntityManager(PersistenceManager.java:48)
	at org.apache.juddi.config.AppConfig.getPersistentConfiguration(AppConfig.java:169)
	at org.apache.juddi.config.AppConfig.loadConfiguration(AppConfig.java:155)
	at org.apache.juddi.config.AppConfig.<init>(AppConfig.java:81)
	at org.apache.juddi.config.AppConfig.getInstance(AppConfig.java:263)
	at org.apache.juddi.config.AppConfig.getConfiguration(AppConfig.java:289)
	at org.apache.juddi.api.impl.AuthenticatedService.<init>(AuthenticatedService.java:62)
	at org.apache.juddi.api.impl.UDDIReplicationImpl.<init>(UDDIReplicationImpl.java:183)
	at sun.reflect.NativeConstructorAccessorImpl.newInstance0(Native Method)
	at sun.reflect.NativeConstructorAccessorImpl.newInstance(NativeConstructorAccessorImpl.java:57)
	at sun.reflect.DelegatingConstructorAccessorImpl.newInstance(DelegatingConstructorAccessorImpl.java:45)
	at java.lang.reflect.Constructor.newInstance(Constructor.java:526)
	at org.springframework.beans.BeanUtils.instantiateClass(BeanUtils.java:148)
	... 36 more
Caused by: org.apache.openjpa.lib.jdbc.ReportingSQLException: You have an error in your SQL syntax; check the manual that corresponds to your MySQL server version for the right syntax to use near 'CLOB, key_info_key BIGINT, key_data_value_key BIGINT, PRIMARY KEY (id))' at line 2 {stmnt 423389631 CREATE TABLE j3_key_data_value -- KeyDataValue
    (id BIGINT NOT NULL, key_data_name VARCHAR(255), key_data_type VARCHAR(255), key_data_value BLOB, key_data_value_string CLOB, key_info_key BIGINT, key_data_value_key BIGINT, PRIMARY KEY (id))} [code=1064, state=42000]
	at org.apache.openjpa.lib.jdbc.LoggingConnectionDecorator.wrap(LoggingConnectionDecorator.java:219)
	at org.apache.openjpa.lib.jdbc.LoggingConnectionDecorator.wrap(LoggingConnectionDecorator.java:203)
	at org.apache.openjpa.lib.jdbc.LoggingConnectionDecorator.access$700(LoggingConnectionDecorator.java:59)
	at org.apache.openjpa.lib.jdbc.LoggingConnectionDecorator$LoggingConnection$LoggingStatement.executeUpdate(LoggingConnectionDecorator.java:914)
	at org.apache.openjpa.lib.jdbc.DelegatingStatement.executeUpdate(DelegatingStatement.java:118)
	at org.apache.openjpa.jdbc.schema.SchemaTool.executeSQL(SchemaTool.java:1231)
	at org.apache.openjpa.jdbc.schema.SchemaTool.createTable(SchemaTool.java:976)
	at org.apache.openjpa.jdbc.schema.SchemaTool.add(SchemaTool.java:552)
	at org.apache.openjpa.jdbc.schema.SchemaTool.add(SchemaTool.java:364)
	at org.apache.openjpa.jdbc.schema.SchemaTool.run(SchemaTool.java:341)
	at org.apache.openjpa.jdbc.meta.MappingTool.record(MappingTool.java:505)
	... 58 more

Oct 23, 2015 1:44:25 PM org.apache.catalina.core.ApplicationContext log
Informações: Closing Spring root WebApplicationContext
Oct 23, 2015 1:45:16 PM org.apache.catalina.core.ApplicationContext log
Informações: ContextListener: contextInitialized()
Oct 23, 2015 1:45:16 PM org.apache.catalina.core.ApplicationContext log
Informações: SessionListener: contextInitialized()
Oct 23, 2015 1:45:16 PM org.apache.catalina.core.ApplicationContext log
Informações: ContextListener: attributeAdded('org.apache.jasper.compiler.TldLocationsCache', 'org.apache.jasper.compiler.TldLocationsCache@41721870')
Oct 23, 2015 1:45:22 PM org.apache.catalina.core.ApplicationContext log
Informações: No Spring WebApplicationInitializer types detected on classpath
Oct 23, 2015 1:45:22 PM org.apache.catalina.core.ApplicationContext log
Informações: Initializing Spring root WebApplicationContext
Oct 23, 2015 1:45:25 PM org.apache.catalina.core.StandardContext listenerStart
Grave: Exception sending context initialized event to listener instance of class org.springframework.web.context.ContextLoaderListener
org.springframework.beans.factory.BeanCreationException: Error creating bean with name 'inquiry': Cannot create inner bean '(inner bean)' of type [org.apache.juddi.api.impl.UDDIInquiryImpl] while setting constructor argument; nested exception is org.springframework.beans.factory.BeanCreationException: Error creating bean with name '(inner bean)': Instantiation of bean failed; nested exception is org.springframework.beans.BeanInstantiationException: Could not instantiate bean class [org.apache.juddi.api.impl.UDDIInquiryImpl]: Constructor threw exception; nested exception is <openjpa-2.3.0-r422266:1540826 nonfatal general error> org.apache.openjpa.persistence.PersistenceException: You have an error in your SQL syntax; check the manual that corresponds to your MySQL server version for the right syntax to use near 'CLOB, key_info_key BIGINT, key_data_value_key BIGINT, PRIMARY KEY (id))' at line 2 {stmnt 400942313 CREATE TABLE j3_key_data_value -- KeyDataValue
    (id BIGINT NOT NULL, key_data_name VARCHAR(255), key_data_type VARCHAR(255), key_data_value BLOB, key_data_value_string CLOB, key_info_key BIGINT, key_data_value_key BIGINT, PRIMARY KEY (id))} [code=1064, state=42000]
	at org.springframework.beans.factory.support.BeanDefinitionValueResolver.resolveInnerBean(BeanDefinitionValueResolver.java:282)
	at org.springframework.beans.factory.support.BeanDefinitionValueResolver.resolveValueIfNecessary(BeanDefinitionValueResolver.java:126)
	at org.springframework.beans.factory.support.ConstructorResolver.resolveConstructorArguments(ConstructorResolver.java:615)
	at org.springframework.beans.factory.support.ConstructorResolver.autowireConstructor(ConstructorResolver.java:148)
	at org.springframework.beans.factory.support.AbstractAutowireCapableBeanFactory.autowireConstructor(AbstractAutowireCapableBeanFactory.java:1051)
	at org.springframework.beans.factory.support.AbstractAutowireCapableBeanFactory.createBeanInstance(AbstractAutowireCapableBeanFactory.java:955)
	at org.springframework.beans.factory.support.AbstractAutowireCapableBeanFactory.doCreateBean(AbstractAutowireCapableBeanFactory.java:490)
	at org.springframework.beans.factory.support.AbstractAutowireCapableBeanFactory.createBean(AbstractAutowireCapableBeanFactory.java:461)
	at org.springframework.beans.factory.support.AbstractBeanFactory$1.getObject(AbstractBeanFactory.java:295)
	at org.springframework.beans.factory.support.DefaultSingletonBeanRegistry.getSingleton(DefaultSingletonBeanRegistry.java:223)
	at org.springframework.beans.factory.support.AbstractBeanFactory.doGetBean(AbstractBeanFactory.java:292)
	at org.springframework.beans.factory.support.AbstractBeanFactory.getBean(AbstractBeanFactory.java:194)
	at org.springframework.beans.factory.support.DefaultListableBeanFactory.preInstantiateSingletons(DefaultListableBeanFactory.java:626)
	at org.springframework.context.support.AbstractApplicationContext.finishBeanFactoryInitialization(AbstractApplicationContext.java:932)
	at org.springframework.context.support.AbstractApplicationContext.refresh(AbstractApplicationContext.java:479)
	at org.springframework.web.context.ContextLoader.configureAndRefreshWebApplicationContext(ContextLoader.java:389)
	at org.springframework.web.context.ContextLoader.initWebApplicationContext(ContextLoader.java:294)
	at org.springframework.web.context.ContextLoaderListener.contextInitialized(ContextLoaderListener.java:112)
	at org.apache.catalina.core.StandardContext.listenerStart(StandardContext.java:5003)
	at org.apache.catalina.core.StandardContext.startInternal(StandardContext.java:5517)
	at org.apache.catalina.util.LifecycleBase.start(LifecycleBase.java:150)
	at org.apache.catalina.core.ContainerBase.addChildInternal(ContainerBase.java:901)
	at org.apache.catalina.core.ContainerBase.addChild(ContainerBase.java:877)
	at org.apache.catalina.core.StandardHost.addChild(StandardHost.java:652)
	at org.apache.catalina.startup.HostConfig.deployDirectory(HostConfig.java:1263)
	at org.apache.catalina.startup.HostConfig$DeployDirectory.run(HostConfig.java:1948)
	at java.util.concurrent.Executors$RunnableAdapter.call(Executors.java:471)
	at java.util.concurrent.FutureTask.run(FutureTask.java:262)
	at java.util.concurrent.ThreadPoolExecutor.runWorker(ThreadPoolExecutor.java:1145)
	at java.util.concurrent.ThreadPoolExecutor$Worker.run(ThreadPoolExecutor.java:615)
	at java.lang.Thread.run(Thread.java:744)
Caused by: org.springframework.beans.factory.BeanCreationException: Error creating bean with name '(inner bean)': Instantiation of bean failed; nested exception is org.springframework.beans.BeanInstantiationException: Could not instantiate bean class [org.apache.juddi.api.impl.UDDIInquiryImpl]: Constructor threw exception; nested exception is <openjpa-2.3.0-r422266:1540826 nonfatal general error> org.apache.openjpa.persistence.PersistenceException: You have an error in your SQL syntax; check the manual that corresponds to your MySQL server version for the right syntax to use near 'CLOB, key_info_key BIGINT, key_data_value_key BIGINT, PRIMARY KEY (id))' at line 2 {stmnt 400942313 CREATE TABLE j3_key_data_value -- KeyDataValue
    (id BIGINT NOT NULL, key_data_name VARCHAR(255), key_data_type VARCHAR(255), key_data_value BLOB, key_data_value_string CLOB, key_info_key BIGINT, key_data_value_key BIGINT, PRIMARY KEY (id))} [code=1064, state=42000]
	at org.springframework.beans.factory.support.AbstractAutowireCapableBeanFactory.instantiateBean(AbstractAutowireCapableBeanFactory.java:1013)
	at org.springframework.beans.factory.support.AbstractAutowireCapableBeanFactory.createBeanInstance(AbstractAutowireCapableBeanFactory.java:959)
	at org.springframework.beans.factory.support.AbstractAutowireCapableBeanFactory.doCreateBean(AbstractAutowireCapableBeanFactory.java:490)
	at org.springframework.beans.factory.support.AbstractAutowireCapableBeanFactory.createBean(AbstractAutowireCapableBeanFactory.java:461)
	at org.springframework.beans.factory.support.BeanDefinitionValueResolver.resolveInnerBean(BeanDefinitionValueResolver.java:271)
	... 30 more
Caused by: org.springframework.beans.BeanInstantiationException: Could not instantiate bean class [org.apache.juddi.api.impl.UDDIInquiryImpl]: Constructor threw exception; nested exception is <openjpa-2.3.0-r422266:1540826 nonfatal general error> org.apache.openjpa.persistence.PersistenceException: You have an error in your SQL syntax; check the manual that corresponds to your MySQL server version for the right syntax to use near 'CLOB, key_info_key BIGINT, key_data_value_key BIGINT, PRIMARY KEY (id))' at line 2 {stmnt 400942313 CREATE TABLE j3_key_data_value -- KeyDataValue
    (id BIGINT NOT NULL, key_data_name VARCHAR(255), key_data_type VARCHAR(255), key_data_value BLOB, key_data_value_string CLOB, key_info_key BIGINT, key_data_value_key BIGINT, PRIMARY KEY (id))} [code=1064, state=42000]
	at org.springframework.beans.BeanUtils.instantiateClass(BeanUtils.java:163)
	at org.springframework.beans.factory.support.SimpleInstantiationStrategy.instantiate(SimpleInstantiationStrategy.java:87)
	at org.springframework.beans.factory.support.AbstractAutowireCapableBeanFactory.instantiateBean(AbstractAutowireCapableBeanFactory.java:1006)
	... 34 more
Caused by: <openjpa-2.3.0-r422266:1540826 nonfatal general error> org.apache.openjpa.persistence.PersistenceException: You have an error in your SQL syntax; check the manual that corresponds to your MySQL server version for the right syntax to use near 'CLOB, key_info_key BIGINT, key_data_value_key BIGINT, PRIMARY KEY (id))' at line 2 {stmnt 400942313 CREATE TABLE j3_key_data_value -- KeyDataValue
    (id BIGINT NOT NULL, key_data_name VARCHAR(255), key_data_type VARCHAR(255), key_data_value BLOB, key_data_value_string CLOB, key_info_key BIGINT, key_data_value_key BIGINT, PRIMARY KEY (id))} [code=1064, state=42000]
	at org.apache.openjpa.jdbc.meta.MappingTool.record(MappingTool.java:559)
	at org.apache.openjpa.jdbc.meta.MappingTool.record(MappingTool.java:455)
	at org.apache.openjpa.jdbc.kernel.JDBCBrokerFactory.synchronizeMappings(JDBCBrokerFactory.java:160)
	at org.apache.openjpa.jdbc.kernel.JDBCBrokerFactory.synchronizeMappings(JDBCBrokerFactory.java:164)
	at org.apache.openjpa.jdbc.kernel.JDBCBrokerFactory.newBrokerImpl(JDBCBrokerFactory.java:122)
	at org.apache.openjpa.kernel.AbstractBrokerFactory.newBroker(AbstractBrokerFactory.java:209)
	at org.apache.openjpa.kernel.DelegatingBrokerFactory.newBroker(DelegatingBrokerFactory.java:155)
	at org.apache.openjpa.persistence.EntityManagerFactoryImpl.createEntityManager(EntityManagerFactoryImpl.java:226)
	at org.apache.openjpa.persistence.EntityManagerFactoryImpl.createEntityManager(EntityManagerFactoryImpl.java:153)
	at org.apache.openjpa.persistence.EntityManagerFactoryImpl.createEntityManager(EntityManagerFactoryImpl.java:59)
	at org.apache.juddi.config.PersistenceManager.getEntityManager(PersistenceManager.java:48)
	at org.apache.juddi.config.AppConfig.getPersistentConfiguration(AppConfig.java:169)
	at org.apache.juddi.config.AppConfig.loadConfiguration(AppConfig.java:155)
	at org.apache.juddi.config.AppConfig.<init>(AppConfig.java:81)
	at org.apache.juddi.config.AppConfig.getInstance(AppConfig.java:263)
	at org.apache.juddi.config.AppConfig.getConfiguration(AppConfig.java:289)
	at org.apache.juddi.api.impl.AuthenticatedService.<init>(AuthenticatedService.java:62)
	at org.apache.juddi.api.impl.UDDIInquiryImpl.<init>(UDDIInquiryImpl.java:88)
	at sun.reflect.NativeConstructorAccessorImpl.newInstance0(Native Method)
	at sun.reflect.NativeConstructorAccessorImpl.newInstance(NativeConstructorAccessorImpl.java:57)
	at sun.reflect.DelegatingConstructorAccessorImpl.newInstance(DelegatingConstructorAccessorImpl.java:45)
	at java.lang.reflect.Constructor.newInstance(Constructor.java:526)
	at org.springframework.beans.BeanUtils.instantiateClass(BeanUtils.java:148)
	... 36 more
Caused by: org.apache.openjpa.lib.jdbc.ReportingSQLException: You have an error in your SQL syntax; check the manual that corresponds to your MySQL server version for the right syntax to use near 'CLOB, key_info_key BIGINT, key_data_value_key BIGINT, PRIMARY KEY (id))' at line 2 {stmnt 400942313 CREATE TABLE j3_key_data_value -- KeyDataValue
    (id BIGINT NOT NULL, key_data_name VARCHAR(255), key_data_type VARCHAR(255), key_data_value BLOB, key_data_value_string CLOB, key_info_key BIGINT, key_data_value_key BIGINT, PRIMARY KEY (id))} [code=1064, state=42000]
	at org.apache.openjpa.lib.jdbc.LoggingConnectionDecorator.wrap(LoggingConnectionDecorator.java:219)
	at org.apache.openjpa.lib.jdbc.LoggingConnectionDecorator.wrap(LoggingConnectionDecorator.java:203)
	at org.apache.openjpa.lib.jdbc.LoggingConnectionDecorator.access$700(LoggingConnectionDecorator.java:59)
	at org.apache.openjpa.lib.jdbc.LoggingConnectionDecorator$LoggingConnection$LoggingStatement.executeUpdate(LoggingConnectionDecorator.java:914)
	at org.apache.openjpa.lib.jdbc.DelegatingStatement.executeUpdate(DelegatingStatement.java:118)
	at org.apache.openjpa.jdbc.schema.SchemaTool.executeSQL(SchemaTool.java:1231)
	at org.apache.openjpa.jdbc.schema.SchemaTool.createTable(SchemaTool.java:976)
	at org.apache.openjpa.jdbc.schema.SchemaTool.add(SchemaTool.java:552)
	at org.apache.openjpa.jdbc.schema.SchemaTool.add(SchemaTool.java:364)
	at org.apache.openjpa.jdbc.schema.SchemaTool.run(SchemaTool.java:341)
	at org.apache.openjpa.jdbc.meta.MappingTool.record(MappingTool.java:505)
	... 58 more

Oct 23, 2015 1:45:25 PM org.apache.catalina.core.ApplicationContext log
Informações: Closing Spring root WebApplicationContext
Oct 23, 2015 1:45:28 PM org.apache.catalina.core.ApplicationContext log
Informações: No Spring WebApplicationInitializer types detected on classpath
Oct 23, 2015 1:45:28 PM org.apache.catalina.core.ApplicationContext log
Informações: Initializing Spring root WebApplicationContext
Oct 23, 2015 1:45:30 PM org.apache.catalina.core.StandardContext listenerStart
Grave: Exception sending context initialized event to listener instance of class org.springframework.web.context.ContextLoaderListener
org.springframework.beans.factory.BeanCreationException: Error creating bean with name 'replication': Cannot create inner bean '(inner bean)' of type [org.apache.juddi.api.impl.UDDIReplicationImpl] while setting constructor argument; nested exception is org.springframework.beans.factory.BeanCreationException: Error creating bean with name '(inner bean)': Instantiation of bean failed; nested exception is org.springframework.beans.BeanInstantiationException: Could not instantiate bean class [org.apache.juddi.api.impl.UDDIReplicationImpl]: Constructor threw exception; nested exception is <openjpa-2.3.0-r422266:1540826 nonfatal general error> org.apache.openjpa.persistence.PersistenceException: You have an error in your SQL syntax; check the manual that corresponds to your MySQL server version for the right syntax to use near 'CLOB, key_info_key BIGINT, key_data_value_key BIGINT, PRIMARY KEY (id))' at line 2 {stmnt 1563899472 CREATE TABLE j3_key_data_value -- KeyDataValue
    (id BIGINT NOT NULL, key_data_name VARCHAR(255), key_data_type VARCHAR(255), key_data_value BLOB, key_data_value_string CLOB, key_info_key BIGINT, key_data_value_key BIGINT, PRIMARY KEY (id))} [code=1064, state=42000]
	at org.springframework.beans.factory.support.BeanDefinitionValueResolver.resolveInnerBean(BeanDefinitionValueResolver.java:282)
	at org.springframework.beans.factory.support.BeanDefinitionValueResolver.resolveValueIfNecessary(BeanDefinitionValueResolver.java:126)
	at org.springframework.beans.factory.support.ConstructorResolver.resolveConstructorArguments(ConstructorResolver.java:615)
	at org.springframework.beans.factory.support.ConstructorResolver.autowireConstructor(ConstructorResolver.java:148)
	at org.springframework.beans.factory.support.AbstractAutowireCapableBeanFactory.autowireConstructor(AbstractAutowireCapableBeanFactory.java:1051)
	at org.springframework.beans.factory.support.AbstractAutowireCapableBeanFactory.createBeanInstance(AbstractAutowireCapableBeanFactory.java:955)
	at org.springframework.beans.factory.support.AbstractAutowireCapableBeanFactory.doCreateBean(AbstractAutowireCapableBeanFactory.java:490)
	at org.springframework.beans.factory.support.AbstractAutowireCapableBeanFactory.createBean(AbstractAutowireCapableBeanFactory.java:461)
	at org.springframework.beans.factory.support.AbstractBeanFactory$1.getObject(AbstractBeanFactory.java:295)
	at org.springframework.beans.factory.support.DefaultSingletonBeanRegistry.getSingleton(DefaultSingletonBeanRegistry.java:223)
	at org.springframework.beans.factory.support.AbstractBeanFactory.doGetBean(AbstractBeanFactory.java:292)
	at org.springframework.beans.factory.support.AbstractBeanFactory.getBean(AbstractBeanFactory.java:194)
	at org.springframework.beans.factory.support.DefaultListableBeanFactory.preInstantiateSingletons(DefaultListableBeanFactory.java:626)
	at org.springframework.context.support.AbstractApplicationContext.finishBeanFactoryInitialization(AbstractApplicationContext.java:932)
	at org.springframework.context.support.AbstractApplicationContext.refresh(AbstractApplicationContext.java:479)
	at org.springframework.web.context.ContextLoader.configureAndRefreshWebApplicationContext(ContextLoader.java:389)
	at org.springframework.web.context.ContextLoader.initWebApplicationContext(ContextLoader.java:294)
	at org.springframework.web.context.ContextLoaderListener.contextInitialized(ContextLoaderListener.java:112)
	at org.apache.catalina.core.StandardContext.listenerStart(StandardContext.java:5003)
	at org.apache.catalina.core.StandardContext.startInternal(StandardContext.java:5517)
	at org.apache.catalina.util.LifecycleBase.start(LifecycleBase.java:150)
	at org.apache.catalina.core.ContainerBase.addChildInternal(ContainerBase.java:901)
	at org.apache.catalina.core.ContainerBase.addChild(ContainerBase.java:877)
	at org.apache.catalina.core.StandardHost.addChild(StandardHost.java:652)
	at org.apache.catalina.startup.HostConfig.deployDirectory(HostConfig.java:1263)
	at org.apache.catalina.startup.HostConfig$DeployDirectory.run(HostConfig.java:1948)
	at java.util.concurrent.Executors$RunnableAdapter.call(Executors.java:471)
	at java.util.concurrent.FutureTask.run(FutureTask.java:262)
	at java.util.concurrent.ThreadPoolExecutor.runWorker(ThreadPoolExecutor.java:1145)
	at java.util.concurrent.ThreadPoolExecutor$Worker.run(ThreadPoolExecutor.java:615)
	at java.lang.Thread.run(Thread.java:744)
Caused by: org.springframework.beans.factory.BeanCreationException: Error creating bean with name '(inner bean)': Instantiation of bean failed; nested exception is org.springframework.beans.BeanInstantiationException: Could not instantiate bean class [org.apache.juddi.api.impl.UDDIReplicationImpl]: Constructor threw exception; nested exception is <openjpa-2.3.0-r422266:1540826 nonfatal general error> org.apache.openjpa.persistence.PersistenceException: You have an error in your SQL syntax; check the manual that corresponds to your MySQL server version for the right syntax to use near 'CLOB, key_info_key BIGINT, key_data_value_key BIGINT, PRIMARY KEY (id))' at line 2 {stmnt 1563899472 CREATE TABLE j3_key_data_value -- KeyDataValue
    (id BIGINT NOT NULL, key_data_name VARCHAR(255), key_data_type VARCHAR(255), key_data_value BLOB, key_data_value_string CLOB, key_info_key BIGINT, key_data_value_key BIGINT, PRIMARY KEY (id))} [code=1064, state=42000]
	at org.springframework.beans.factory.support.AbstractAutowireCapableBeanFactory.instantiateBean(AbstractAutowireCapableBeanFactory.java:1013)
	at org.springframework.beans.factory.support.AbstractAutowireCapableBeanFactory.createBeanInstance(AbstractAutowireCapableBeanFactory.java:959)
	at org.springframework.beans.factory.support.AbstractAutowireCapableBeanFactory.doCreateBean(AbstractAutowireCapableBeanFactory.java:490)
	at org.springframework.beans.factory.support.AbstractAutowireCapableBeanFactory.createBean(AbstractAutowireCapableBeanFactory.java:461)
	at org.springframework.beans.factory.support.BeanDefinitionValueResolver.resolveInnerBean(BeanDefinitionValueResolver.java:271)
	... 30 more
Caused by: org.springframework.beans.BeanInstantiationException: Could not instantiate bean class [org.apache.juddi.api.impl.UDDIReplicationImpl]: Constructor threw exception; nested exception is <openjpa-2.3.0-r422266:1540826 nonfatal general error> org.apache.openjpa.persistence.PersistenceException: You have an error in your SQL syntax; check the manual that corresponds to your MySQL server version for the right syntax to use near 'CLOB, key_info_key BIGINT, key_data_value_key BIGINT, PRIMARY KEY (id))' at line 2 {stmnt 1563899472 CREATE TABLE j3_key_data_value -- KeyDataValue
    (id BIGINT NOT NULL, key_data_name VARCHAR(255), key_data_type VARCHAR(255), key_data_value BLOB, key_data_value_string CLOB, key_info_key BIGINT, key_data_value_key BIGINT, PRIMARY KEY (id))} [code=1064, state=42000]
	at org.springframework.beans.BeanUtils.instantiateClass(BeanUtils.java:163)
	at org.springframework.beans.factory.support.SimpleInstantiationStrategy.instantiate(SimpleInstantiationStrategy.java:87)
	at org.springframework.beans.factory.support.AbstractAutowireCapableBeanFactory.instantiateBean(AbstractAutowireCapableBeanFactory.java:1006)
	... 34 more
Caused by: <openjpa-2.3.0-r422266:1540826 nonfatal general error> org.apache.openjpa.persistence.PersistenceException: You have an error in your SQL syntax; check the manual that corresponds to your MySQL server version for the right syntax to use near 'CLOB, key_info_key BIGINT, key_data_value_key BIGINT, PRIMARY KEY (id))' at line 2 {stmnt 1563899472 CREATE TABLE j3_key_data_value -- KeyDataValue
    (id BIGINT NOT NULL, key_data_name VARCHAR(255), key_data_type VARCHAR(255), key_data_value BLOB, key_data_value_string CLOB, key_info_key BIGINT, key_data_value_key BIGINT, PRIMARY KEY (id))} [code=1064, state=42000]
	at org.apache.openjpa.jdbc.meta.MappingTool.record(MappingTool.java:559)
	at org.apache.openjpa.jdbc.meta.MappingTool.record(MappingTool.java:455)
	at org.apache.openjpa.jdbc.kernel.JDBCBrokerFactory.synchronizeMappings(JDBCBrokerFactory.java:160)
	at org.apache.openjpa.jdbc.kernel.JDBCBrokerFactory.synchronizeMappings(JDBCBrokerFactory.java:164)
	at org.apache.openjpa.jdbc.kernel.JDBCBrokerFactory.newBrokerImpl(JDBCBrokerFactory.java:122)
	at org.apache.openjpa.kernel.AbstractBrokerFactory.newBroker(AbstractBrokerFactory.java:209)
	at org.apache.openjpa.kernel.DelegatingBrokerFactory.newBroker(DelegatingBrokerFactory.java:155)
	at org.apache.openjpa.persistence.EntityManagerFactoryImpl.createEntityManager(EntityManagerFactoryImpl.java:226)
	at org.apache.openjpa.persistence.EntityManagerFactoryImpl.createEntityManager(EntityManagerFactoryImpl.java:153)
	at org.apache.openjpa.persistence.EntityManagerFactoryImpl.createEntityManager(EntityManagerFactoryImpl.java:59)
	at org.apache.juddi.config.PersistenceManager.getEntityManager(PersistenceManager.java:48)
	at org.apache.juddi.config.AppConfig.getPersistentConfiguration(AppConfig.java:169)
	at org.apache.juddi.config.AppConfig.loadConfiguration(AppConfig.java:155)
	at org.apache.juddi.config.AppConfig.<init>(AppConfig.java:81)
	at org.apache.juddi.config.AppConfig.getInstance(AppConfig.java:263)
	at org.apache.juddi.config.AppConfig.getConfiguration(AppConfig.java:289)
	at org.apache.juddi.api.impl.AuthenticatedService.<init>(AuthenticatedService.java:62)
	at org.apache.juddi.api.impl.UDDIReplicationImpl.<init>(UDDIReplicationImpl.java:183)
	at sun.reflect.NativeConstructorAccessorImpl.newInstance0(Native Method)
	at sun.reflect.NativeConstructorAccessorImpl.newInstance(NativeConstructorAccessorImpl.java:57)
	at sun.reflect.DelegatingConstructorAccessorImpl.newInstance(DelegatingConstructorAccessorImpl.java:45)
	at java.lang.reflect.Constructor.newInstance(Constructor.java:526)
	at org.springframework.beans.BeanUtils.instantiateClass(BeanUtils.java:148)
	... 36 more
Caused by: org.apache.openjpa.lib.jdbc.ReportingSQLException: You have an error in your SQL syntax; check the manual that corresponds to your MySQL server version for the right syntax to use near 'CLOB, key_info_key BIGINT, key_data_value_key BIGINT, PRIMARY KEY (id))' at line 2 {stmnt 1563899472 CREATE TABLE j3_key_data_value -- KeyDataValue
    (id BIGINT NOT NULL, key_data_name VARCHAR(255), key_data_type VARCHAR(255), key_data_value BLOB, key_data_value_string CLOB, key_info_key BIGINT, key_data_value_key BIGINT, PRIMARY KEY (id))} [code=1064, state=42000]
	at org.apache.openjpa.lib.jdbc.LoggingConnectionDecorator.wrap(LoggingConnectionDecorator.java:219)
	at org.apache.openjpa.lib.jdbc.LoggingConnectionDecorator.wrap(LoggingConnectionDecorator.java:203)
	at org.apache.openjpa.lib.jdbc.LoggingConnectionDecorator.access$700(LoggingConnectionDecorator.java:59)
	at org.apache.openjpa.lib.jdbc.LoggingConnectionDecorator$LoggingConnection$LoggingStatement.executeUpdate(LoggingConnectionDecorator.java:914)
	at org.apache.openjpa.lib.jdbc.DelegatingStatement.executeUpdate(DelegatingStatement.java:118)
	at org.apache.openjpa.jdbc.schema.SchemaTool.executeSQL(SchemaTool.java:1231)
	at org.apache.openjpa.jdbc.schema.SchemaTool.createTable(SchemaTool.java:976)
	at org.apache.openjpa.jdbc.schema.SchemaTool.add(SchemaTool.java:552)
	at org.apache.openjpa.jdbc.schema.SchemaTool.add(SchemaTool.java:364)
	at org.apache.openjpa.jdbc.schema.SchemaTool.run(SchemaTool.java:341)
	at org.apache.openjpa.jdbc.meta.MappingTool.record(MappingTool.java:505)
	... 58 more

Oct 23, 2015 1:45:30 PM org.apache.catalina.core.ApplicationContext log
Informações: Closing Spring root WebApplicationContext
Oct 23, 2015 1:45:31 PM org.apache.catalina.core.ApplicationContext log
Informações: SessionListener: contextDestroyed()
Oct 23, 2015 1:45:31 PM org.apache.catalina.core.ApplicationContext log
Informações: ContextListener: contextDestroyed()
Oct 23, 2015 2:34:40 PM org.apache.catalina.core.ApplicationContext log
Informações: SessionListener: contextDestroyed()
Oct 23, 2015 2:34:40 PM org.apache.catalina.core.ApplicationContext log
Informações: ContextListener: contextDestroyed()
Oct 23, 2015 2:34:41 PM org.apache.catalina.core.ApplicationContext log
Informações: ContextListener: contextInitialized()
Oct 23, 2015 2:34:41 PM org.apache.catalina.core.ApplicationContext log
Informações: SessionListener: contextInitialized()
Oct 23, 2015 2:34:41 PM org.apache.catalina.core.ApplicationContext log
Informações: ContextListener: attributeAdded('org.apache.jasper.compiler.TldLocationsCache', 'org.apache.jasper.compiler.TldLocationsCache@6cc05ee7')
Oct 23, 2015 2:34:45 PM org.apache.catalina.core.ApplicationContext log
Informações: No Spring WebApplicationInitializer types detected on classpath
Oct 23, 2015 2:34:45 PM org.apache.catalina.core.ApplicationContext log
Informações: Initializing Spring root WebApplicationContext
Oct 23, 2015 2:34:47 PM org.apache.catalina.core.StandardContext listenerStart
Grave: Exception sending context initialized event to listener instance of class org.springframework.web.context.ContextLoaderListener
org.springframework.beans.factory.BeanCreationException: Error creating bean with name 'inquiry': Cannot create inner bean '(inner bean)' of type [org.apache.juddi.api.impl.UDDIInquiryImpl] while setting constructor argument; nested exception is org.springframework.beans.factory.BeanCreationException: Error creating bean with name '(inner bean)': Instantiation of bean failed; nested exception is org.springframework.beans.BeanInstantiationException: Could not instantiate bean class [org.apache.juddi.api.impl.UDDIInquiryImpl]: Constructor threw exception; nested exception is <openjpa-2.3.0-r422266:1540826 nonfatal general error> org.apache.openjpa.persistence.PersistenceException: You have an error in your SQL syntax; check the manual that corresponds to your MySQL server version for the right syntax to use near 'CLOB, key_info_key BIGINT, key_data_value_key BIGINT, PRIMARY KEY (id))' at line 2 {stmnt 1498163616 CREATE TABLE j3_key_data_value -- KeyDataValue
    (id BIGINT NOT NULL, key_data_name VARCHAR(255), key_data_type VARCHAR(255), key_data_value BLOB, key_data_value_string CLOB, key_info_key BIGINT, key_data_value_key BIGINT, PRIMARY KEY (id))} [code=1064, state=42000]
	at org.springframework.beans.factory.support.BeanDefinitionValueResolver.resolveInnerBean(BeanDefinitionValueResolver.java:282)
	at org.springframework.beans.factory.support.BeanDefinitionValueResolver.resolveValueIfNecessary(BeanDefinitionValueResolver.java:126)
	at org.springframework.beans.factory.support.ConstructorResolver.resolveConstructorArguments(ConstructorResolver.java:615)
	at org.springframework.beans.factory.support.ConstructorResolver.autowireConstructor(ConstructorResolver.java:148)
	at org.springframework.beans.factory.support.AbstractAutowireCapableBeanFactory.autowireConstructor(AbstractAutowireCapableBeanFactory.java:1051)
	at org.springframework.beans.factory.support.AbstractAutowireCapableBeanFactory.createBeanInstance(AbstractAutowireCapableBeanFactory.java:955)
	at org.springframework.beans.factory.support.AbstractAutowireCapableBeanFactory.doCreateBean(AbstractAutowireCapableBeanFactory.java:490)
	at org.springframework.beans.factory.support.AbstractAutowireCapableBeanFactory.createBean(AbstractAutowireCapableBeanFactory.java:461)
	at org.springframework.beans.factory.support.AbstractBeanFactory$1.getObject(AbstractBeanFactory.java:295)
	at org.springframework.beans.factory.support.DefaultSingletonBeanRegistry.getSingleton(DefaultSingletonBeanRegistry.java:223)
	at org.springframework.beans.factory.support.AbstractBeanFactory.doGetBean(AbstractBeanFactory.java:292)
	at org.springframework.beans.factory.support.AbstractBeanFactory.getBean(AbstractBeanFactory.java:194)
	at org.springframework.beans.factory.support.DefaultListableBeanFactory.preInstantiateSingletons(DefaultListableBeanFactory.java:626)
	at org.springframework.context.support.AbstractApplicationContext.finishBeanFactoryInitialization(AbstractApplicationContext.java:932)
	at org.springframework.context.support.AbstractApplicationContext.refresh(AbstractApplicationContext.java:479)
	at org.springframework.web.context.ContextLoader.configureAndRefreshWebApplicationContext(ContextLoader.java:389)
	at org.springframework.web.context.ContextLoader.initWebApplicationContext(ContextLoader.java:294)
	at org.springframework.web.context.ContextLoaderListener.contextInitialized(ContextLoaderListener.java:112)
	at org.apache.catalina.core.StandardContext.listenerStart(StandardContext.java:5003)
	at org.apache.catalina.core.StandardContext.startInternal(StandardContext.java:5517)
	at org.apache.catalina.util.LifecycleBase.start(LifecycleBase.java:150)
	at org.apache.catalina.core.ContainerBase.addChildInternal(ContainerBase.java:901)
	at org.apache.catalina.core.ContainerBase.addChild(ContainerBase.java:877)
	at org.apache.catalina.core.StandardHost.addChild(StandardHost.java:652)
	at org.apache.catalina.startup.HostConfig.deployDirectory(HostConfig.java:1263)
	at org.apache.catalina.startup.HostConfig$DeployDirectory.run(HostConfig.java:1948)
	at java.util.concurrent.Executors$RunnableAdapter.call(Executors.java:471)
	at java.util.concurrent.FutureTask.run(FutureTask.java:262)
	at java.util.concurrent.ThreadPoolExecutor.runWorker(ThreadPoolExecutor.java:1145)
	at java.util.concurrent.ThreadPoolExecutor$Worker.run(ThreadPoolExecutor.java:615)
	at java.lang.Thread.run(Thread.java:744)
Caused by: org.springframework.beans.factory.BeanCreationException: Error creating bean with name '(inner bean)': Instantiation of bean failed; nested exception is org.springframework.beans.BeanInstantiationException: Could not instantiate bean class [org.apache.juddi.api.impl.UDDIInquiryImpl]: Constructor threw exception; nested exception is <openjpa-2.3.0-r422266:1540826 nonfatal general error> org.apache.openjpa.persistence.PersistenceException: You have an error in your SQL syntax; check the manual that corresponds to your MySQL server version for the right syntax to use near 'CLOB, key_info_key BIGINT, key_data_value_key BIGINT, PRIMARY KEY (id))' at line 2 {stmnt 1498163616 CREATE TABLE j3_key_data_value -- KeyDataValue
    (id BIGINT NOT NULL, key_data_name VARCHAR(255), key_data_type VARCHAR(255), key_data_value BLOB, key_data_value_string CLOB, key_info_key BIGINT, key_data_value_key BIGINT, PRIMARY KEY (id))} [code=1064, state=42000]
	at org.springframework.beans.factory.support.AbstractAutowireCapableBeanFactory.instantiateBean(AbstractAutowireCapableBeanFactory.java:1013)
	at org.springframework.beans.factory.support.AbstractAutowireCapableBeanFactory.createBeanInstance(AbstractAutowireCapableBeanFactory.java:959)
	at org.springframework.beans.factory.support.AbstractAutowireCapableBeanFactory.doCreateBean(AbstractAutowireCapableBeanFactory.java:490)
	at org.springframework.beans.factory.support.AbstractAutowireCapableBeanFactory.createBean(AbstractAutowireCapableBeanFactory.java:461)
	at org.springframework.beans.factory.support.BeanDefinitionValueResolver.resolveInnerBean(BeanDefinitionValueResolver.java:271)
	... 30 more
Caused by: org.springframework.beans.BeanInstantiationException: Could not instantiate bean class [org.apache.juddi.api.impl.UDDIInquiryImpl]: Constructor threw exception; nested exception is <openjpa-2.3.0-r422266:1540826 nonfatal general error> org.apache.openjpa.persistence.PersistenceException: You have an error in your SQL syntax; check the manual that corresponds to your MySQL server version for the right syntax to use near 'CLOB, key_info_key BIGINT, key_data_value_key BIGINT, PRIMARY KEY (id))' at line 2 {stmnt 1498163616 CREATE TABLE j3_key_data_value -- KeyDataValue
    (id BIGINT NOT NULL, key_data_name VARCHAR(255), key_data_type VARCHAR(255), key_data_value BLOB, key_data_value_string CLOB, key_info_key BIGINT, key_data_value_key BIGINT, PRIMARY KEY (id))} [code=1064, state=42000]
	at org.springframework.beans.BeanUtils.instantiateClass(BeanUtils.java:163)
	at org.springframework.beans.factory.support.SimpleInstantiationStrategy.instantiate(SimpleInstantiationStrategy.java:87)
	at org.springframework.beans.factory.support.AbstractAutowireCapableBeanFactory.instantiateBean(AbstractAutowireCapableBeanFactory.java:1006)
	... 34 more
Caused by: <openjpa-2.3.0-r422266:1540826 nonfatal general error> org.apache.openjpa.persistence.PersistenceException: You have an error in your SQL syntax; check the manual that corresponds to your MySQL server version for the right syntax to use near 'CLOB, key_info_key BIGINT, key_data_value_key BIGINT, PRIMARY KEY (id))' at line 2 {stmnt 1498163616 CREATE TABLE j3_key_data_value -- KeyDataValue
    (id BIGINT NOT NULL, key_data_name VARCHAR(255), key_data_type VARCHAR(255), key_data_value BLOB, key_data_value_string CLOB, key_info_key BIGINT, key_data_value_key BIGINT, PRIMARY KEY (id))} [code=1064, state=42000]
	at org.apache.openjpa.jdbc.meta.MappingTool.record(MappingTool.java:559)
	at org.apache.openjpa.jdbc.meta.MappingTool.record(MappingTool.java:455)
	at org.apache.openjpa.jdbc.kernel.JDBCBrokerFactory.synchronizeMappings(JDBCBrokerFactory.java:160)
	at org.apache.openjpa.jdbc.kernel.JDBCBrokerFactory.synchronizeMappings(JDBCBrokerFactory.java:164)
	at org.apache.openjpa.jdbc.kernel.JDBCBrokerFactory.newBrokerImpl(JDBCBrokerFactory.java:122)
	at org.apache.openjpa.kernel.AbstractBrokerFactory.newBroker(AbstractBrokerFactory.java:209)
	at org.apache.openjpa.kernel.DelegatingBrokerFactory.newBroker(DelegatingBrokerFactory.java:155)
	at org.apache.openjpa.persistence.EntityManagerFactoryImpl.createEntityManager(EntityManagerFactoryImpl.java:226)
	at org.apache.openjpa.persistence.EntityManagerFactoryImpl.createEntityManager(EntityManagerFactoryImpl.java:153)
	at org.apache.openjpa.persistence.EntityManagerFactoryImpl.createEntityManager(EntityManagerFactoryImpl.java:59)
	at org.apache.juddi.config.PersistenceManager.getEntityManager(PersistenceManager.java:48)
	at org.apache.juddi.config.AppConfig.getPersistentConfiguration(AppConfig.java:169)
	at org.apache.juddi.config.AppConfig.loadConfiguration(AppConfig.java:155)
	at org.apache.juddi.config.AppConfig.<init>(AppConfig.java:81)
	at org.apache.juddi.config.AppConfig.getInstance(AppConfig.java:263)
	at org.apache.juddi.config.AppConfig.getConfiguration(AppConfig.java:289)
	at org.apache.juddi.api.impl.AuthenticatedService.<init>(AuthenticatedService.java:62)
	at org.apache.juddi.api.impl.UDDIInquiryImpl.<init>(UDDIInquiryImpl.java:88)
	at sun.reflect.NativeConstructorAccessorImpl.newInstance0(Native Method)
	at sun.reflect.NativeConstructorAccessorImpl.newInstance(NativeConstructorAccessorImpl.java:57)
	at sun.reflect.DelegatingConstructorAccessorImpl.newInstance(DelegatingConstructorAccessorImpl.java:45)
	at java.lang.reflect.Constructor.newInstance(Constructor.java:526)
	at org.springframework.beans.BeanUtils.instantiateClass(BeanUtils.java:148)
	... 36 more
Caused by: org.apache.openjpa.lib.jdbc.ReportingSQLException: You have an error in your SQL syntax; check the manual that corresponds to your MySQL server version for the right syntax to use near 'CLOB, key_info_key BIGINT, key_data_value_key BIGINT, PRIMARY KEY (id))' at line 2 {stmnt 1498163616 CREATE TABLE j3_key_data_value -- KeyDataValue
    (id BIGINT NOT NULL, key_data_name VARCHAR(255), key_data_type VARCHAR(255), key_data_value BLOB, key_data_value_string CLOB, key_info_key BIGINT, key_data_value_key BIGINT, PRIMARY KEY (id))} [code=1064, state=42000]
	at org.apache.openjpa.lib.jdbc.LoggingConnectionDecorator.wrap(LoggingConnectionDecorator.java:219)
	at org.apache.openjpa.lib.jdbc.LoggingConnectionDecorator.wrap(LoggingConnectionDecorator.java:203)
	at org.apache.openjpa.lib.jdbc.LoggingConnectionDecorator.access$700(LoggingConnectionDecorator.java:59)
	at org.apache.openjpa.lib.jdbc.LoggingConnectionDecorator$LoggingConnection$LoggingStatement.executeUpdate(LoggingConnectionDecorator.java:914)
	at org.apache.openjpa.lib.jdbc.DelegatingStatement.executeUpdate(DelegatingStatement.java:118)
	at org.apache.openjpa.jdbc.schema.SchemaTool.executeSQL(SchemaTool.java:1231)
	at org.apache.openjpa.jdbc.schema.SchemaTool.createTable(SchemaTool.java:976)
	at org.apache.openjpa.jdbc.schema.SchemaTool.add(SchemaTool.java:552)
	at org.apache.openjpa.jdbc.schema.SchemaTool.add(SchemaTool.java:364)
	at org.apache.openjpa.jdbc.schema.SchemaTool.run(SchemaTool.java:341)
	at org.apache.openjpa.jdbc.meta.MappingTool.record(MappingTool.java:505)
	... 58 more

Oct 23, 2015 2:34:47 PM org.apache.catalina.core.ApplicationContext log
Informações: Closing Spring root WebApplicationContext
Oct 23, 2015 2:34:57 PM org.apache.catalina.core.ApplicationContext log
Informações: No Spring WebApplicationInitializer types detected on classpath
Oct 23, 2015 2:34:57 PM org.apache.catalina.core.ApplicationContext log
Informações: Initializing Spring root WebApplicationContext
Oct 23, 2015 2:34:59 PM org.apache.catalina.core.StandardContext listenerStart
Grave: Exception sending context initialized event to listener instance of class org.springframework.web.context.ContextLoaderListener
org.springframework.beans.factory.BeanCreationException: Error creating bean with name 'replication': Cannot create inner bean '(inner bean)' of type [org.apache.juddi.api.impl.UDDIReplicationImpl] while setting constructor argument; nested exception is org.springframework.beans.factory.BeanCreationException: Error creating bean with name '(inner bean)': Instantiation of bean failed; nested exception is org.springframework.beans.BeanInstantiationException: Could not instantiate bean class [org.apache.juddi.api.impl.UDDIReplicationImpl]: Constructor threw exception; nested exception is <openjpa-2.3.0-r422266:1540826 nonfatal general error> org.apache.openjpa.persistence.PersistenceException: You have an error in your SQL syntax; check the manual that corresponds to your MySQL server version for the right syntax to use near 'CLOB, key_info_key BIGINT, key_data_value_key BIGINT, PRIMARY KEY (id))' at line 2 {stmnt 1764361695 CREATE TABLE j3_key_data_value -- KeyDataValue
    (id BIGINT NOT NULL, key_data_name VARCHAR(255), key_data_type VARCHAR(255), key_data_value BLOB, key_data_value_string CLOB, key_info_key BIGINT, key_data_value_key BIGINT, PRIMARY KEY (id))} [code=1064, state=42000]
	at org.springframework.beans.factory.support.BeanDefinitionValueResolver.resolveInnerBean(BeanDefinitionValueResolver.java:282)
	at org.springframework.beans.factory.support.BeanDefinitionValueResolver.resolveValueIfNecessary(BeanDefinitionValueResolver.java:126)
	at org.springframework.beans.factory.support.ConstructorResolver.resolveConstructorArguments(ConstructorResolver.java:615)
	at org.springframework.beans.factory.support.ConstructorResolver.autowireConstructor(ConstructorResolver.java:148)
	at org.springframework.beans.factory.support.AbstractAutowireCapableBeanFactory.autowireConstructor(AbstractAutowireCapableBeanFactory.java:1051)
	at org.springframework.beans.factory.support.AbstractAutowireCapableBeanFactory.createBeanInstance(AbstractAutowireCapableBeanFactory.java:955)
	at org.springframework.beans.factory.support.AbstractAutowireCapableBeanFactory.doCreateBean(AbstractAutowireCapableBeanFactory.java:490)
	at org.springframework.beans.factory.support.AbstractAutowireCapableBeanFactory.createBean(AbstractAutowireCapableBeanFactory.java:461)
	at org.springframework.beans.factory.support.AbstractBeanFactory$1.getObject(AbstractBeanFactory.java:295)
	at org.springframework.beans.factory.support.DefaultSingletonBeanRegistry.getSingleton(DefaultSingletonBeanRegistry.java:223)
	at org.springframework.beans.factory.support.AbstractBeanFactory.doGetBean(AbstractBeanFactory.java:292)
	at org.springframework.beans.factory.support.AbstractBeanFactory.getBean(AbstractBeanFactory.java:194)
	at org.springframework.beans.factory.support.DefaultListableBeanFactory.preInstantiateSingletons(DefaultListableBeanFactory.java:626)
	at org.springframework.context.support.AbstractApplicationContext.finishBeanFactoryInitialization(AbstractApplicationContext.java:932)
	at org.springframework.context.support.AbstractApplicationContext.refresh(AbstractApplicationContext.java:479)
	at org.springframework.web.context.ContextLoader.configureAndRefreshWebApplicationContext(ContextLoader.java:389)
	at org.springframework.web.context.ContextLoader.initWebApplicationContext(ContextLoader.java:294)
	at org.springframework.web.context.ContextLoaderListener.contextInitialized(ContextLoaderListener.java:112)
	at org.apache.catalina.core.StandardContext.listenerStart(StandardContext.java:5003)
	at org.apache.catalina.core.StandardContext.startInternal(StandardContext.java:5517)
	at org.apache.catalina.util.LifecycleBase.start(LifecycleBase.java:150)
	at org.apache.catalina.core.ContainerBase.addChildInternal(ContainerBase.java:901)
	at org.apache.catalina.core.ContainerBase.addChild(ContainerBase.java:877)
	at org.apache.catalina.core.StandardHost.addChild(StandardHost.java:652)
	at org.apache.catalina.startup.HostConfig.deployDirectory(HostConfig.java:1263)
	at org.apache.catalina.startup.HostConfig$DeployDirectory.run(HostConfig.java:1948)
	at java.util.concurrent.Executors$RunnableAdapter.call(Executors.java:471)
	at java.util.concurrent.FutureTask.run(FutureTask.java:262)
	at java.util.concurrent.ThreadPoolExecutor.runWorker(ThreadPoolExecutor.java:1145)
	at java.util.concurrent.ThreadPoolExecutor$Worker.run(ThreadPoolExecutor.java:615)
	at java.lang.Thread.run(Thread.java:744)
Caused by: org.springframework.beans.factory.BeanCreationException: Error creating bean with name '(inner bean)': Instantiation of bean failed; nested exception is org.springframework.beans.BeanInstantiationException: Could not instantiate bean class [org.apache.juddi.api.impl.UDDIReplicationImpl]: Constructor threw exception; nested exception is <openjpa-2.3.0-r422266:1540826 nonfatal general error> org.apache.openjpa.persistence.PersistenceException: You have an error in your SQL syntax; check the manual that corresponds to your MySQL server version for the right syntax to use near 'CLOB, key_info_key BIGINT, key_data_value_key BIGINT, PRIMARY KEY (id))' at line 2 {stmnt 1764361695 CREATE TABLE j3_key_data_value -- KeyDataValue
    (id BIGINT NOT NULL, key_data_name VARCHAR(255), key_data_type VARCHAR(255), key_data_value BLOB, key_data_value_string CLOB, key_info_key BIGINT, key_data_value_key BIGINT, PRIMARY KEY (id))} [code=1064, state=42000]
	at org.springframework.beans.factory.support.AbstractAutowireCapableBeanFactory.instantiateBean(AbstractAutowireCapableBeanFactory.java:1013)
	at org.springframework.beans.factory.support.AbstractAutowireCapableBeanFactory.createBeanInstance(AbstractAutowireCapableBeanFactory.java:959)
	at org.springframework.beans.factory.support.AbstractAutowireCapableBeanFactory.doCreateBean(AbstractAutowireCapableBeanFactory.java:490)
	at org.springframework.beans.factory.support.AbstractAutowireCapableBeanFactory.createBean(AbstractAutowireCapableBeanFactory.java:461)
	at org.springframework.beans.factory.support.BeanDefinitionValueResolver.resolveInnerBean(BeanDefinitionValueResolver.java:271)
	... 30 more
Caused by: org.springframework.beans.BeanInstantiationException: Could not instantiate bean class [org.apache.juddi.api.impl.UDDIReplicationImpl]: Constructor threw exception; nested exception is <openjpa-2.3.0-r422266:1540826 nonfatal general error> org.apache.openjpa.persistence.PersistenceException: You have an error in your SQL syntax; check the manual that corresponds to your MySQL server version for the right syntax to use near 'CLOB, key_info_key BIGINT, key_data_value_key BIGINT, PRIMARY KEY (id))' at line 2 {stmnt 1764361695 CREATE TABLE j3_key_data_value -- KeyDataValue
    (id BIGINT NOT NULL, key_data_name VARCHAR(255), key_data_type VARCHAR(255), key_data_value BLOB, key_data_value_string CLOB, key_info_key BIGINT, key_data_value_key BIGINT, PRIMARY KEY (id))} [code=1064, state=42000]
	at org.springframework.beans.BeanUtils.instantiateClass(BeanUtils.java:163)
	at org.springframework.beans.factory.support.SimpleInstantiationStrategy.instantiate(SimpleInstantiationStrategy.java:87)
	at org.springframework.beans.factory.support.AbstractAutowireCapableBeanFactory.instantiateBean(AbstractAutowireCapableBeanFactory.java:1006)
	... 34 more
Caused by: <openjpa-2.3.0-r422266:1540826 nonfatal general error> org.apache.openjpa.persistence.PersistenceException: You have an error in your SQL syntax; check the manual that corresponds to your MySQL server version for the right syntax to use near 'CLOB, key_info_key BIGINT, key_data_value_key BIGINT, PRIMARY KEY (id))' at line 2 {stmnt 1764361695 CREATE TABLE j3_key_data_value -- KeyDataValue
    (id BIGINT NOT NULL, key_data_name VARCHAR(255), key_data_type VARCHAR(255), key_data_value BLOB, key_data_value_string CLOB, key_info_key BIGINT, key_data_value_key BIGINT, PRIMARY KEY (id))} [code=1064, state=42000]
	at org.apache.openjpa.jdbc.meta.MappingTool.record(MappingTool.java:559)
	at org.apache.openjpa.jdbc.meta.MappingTool.record(MappingTool.java:455)
	at org.apache.openjpa.jdbc.kernel.JDBCBrokerFactory.synchronizeMappings(JDBCBrokerFactory.java:160)
	at org.apache.openjpa.jdbc.kernel.JDBCBrokerFactory.synchronizeMappings(JDBCBrokerFactory.java:164)
	at org.apache.openjpa.jdbc.kernel.JDBCBrokerFactory.newBrokerImpl(JDBCBrokerFactory.java:122)
	at org.apache.openjpa.kernel.AbstractBrokerFactory.newBroker(AbstractBrokerFactory.java:209)
	at org.apache.openjpa.kernel.DelegatingBrokerFactory.newBroker(DelegatingBrokerFactory.java:155)
	at org.apache.openjpa.persistence.EntityManagerFactoryImpl.createEntityManager(EntityManagerFactoryImpl.java:226)
	at org.apache.openjpa.persistence.EntityManagerFactoryImpl.createEntityManager(EntityManagerFactoryImpl.java:153)
	at org.apache.openjpa.persistence.EntityManagerFactoryImpl.createEntityManager(EntityManagerFactoryImpl.java:59)
	at org.apache.juddi.config.PersistenceManager.getEntityManager(PersistenceManager.java:48)
	at org.apache.juddi.config.AppConfig.getPersistentConfiguration(AppConfig.java:169)
	at org.apache.juddi.config.AppConfig.loadConfiguration(AppConfig.java:155)
	at org.apache.juddi.config.AppConfig.<init>(AppConfig.java:81)
	at org.apache.juddi.config.AppConfig.getInstance(AppConfig.java:263)
	at org.apache.juddi.config.AppConfig.getConfiguration(AppConfig.java:289)
	at org.apache.juddi.api.impl.AuthenticatedService.<init>(AuthenticatedService.java:62)
	at org.apache.juddi.api.impl.UDDIReplicationImpl.<init>(UDDIReplicationImpl.java:183)
	at sun.reflect.NativeConstructorAccessorImpl.newInstance0(Native Method)
	at sun.reflect.NativeConstructorAccessorImpl.newInstance(NativeConstructorAccessorImpl.java:57)
	at sun.reflect.DelegatingConstructorAccessorImpl.newInstance(DelegatingConstructorAccessorImpl.java:45)
	at java.lang.reflect.Constructor.newInstance(Constructor.java:526)
	at org.springframework.beans.BeanUtils.instantiateClass(BeanUtils.java:148)
	... 36 more
Caused by: org.apache.openjpa.lib.jdbc.ReportingSQLException: You have an error in your SQL syntax; check the manual that corresponds to your MySQL server version for the right syntax to use near 'CLOB, key_info_key BIGINT, key_data_value_key BIGINT, PRIMARY KEY (id))' at line 2 {stmnt 1764361695 CREATE TABLE j3_key_data_value -- KeyDataValue
    (id BIGINT NOT NULL, key_data_name VARCHAR(255), key_data_type VARCHAR(255), key_data_value BLOB, key_data_value_string CLOB, key_info_key BIGINT, key_data_value_key BIGINT, PRIMARY KEY (id))} [code=1064, state=42000]
	at org.apache.openjpa.lib.jdbc.LoggingConnectionDecorator.wrap(LoggingConnectionDecorator.java:219)
	at org.apache.openjpa.lib.jdbc.LoggingConnectionDecorator.wrap(LoggingConnectionDecorator.java:203)
	at org.apache.openjpa.lib.jdbc.LoggingConnectionDecorator.access$700(LoggingConnectionDecorator.java:59)
	at org.apache.openjpa.lib.jdbc.LoggingConnectionDecorator$LoggingConnection$LoggingStatement.executeUpdate(LoggingConnectionDecorator.java:914)
	at org.apache.openjpa.lib.jdbc.DelegatingStatement.executeUpdate(DelegatingStatement.java:118)
	at org.apache.openjpa.jdbc.schema.SchemaTool.executeSQL(SchemaTool.java:1231)
	at org.apache.openjpa.jdbc.schema.SchemaTool.createTable(SchemaTool.java:976)
	at org.apache.openjpa.jdbc.schema.SchemaTool.add(SchemaTool.java:552)
	at org.apache.openjpa.jdbc.schema.SchemaTool.add(SchemaTool.java:364)
	at org.apache.openjpa.jdbc.schema.SchemaTool.run(SchemaTool.java:341)
	at org.apache.openjpa.jdbc.meta.MappingTool.record(MappingTool.java:505)
	... 58 more

Oct 23, 2015 2:34:59 PM org.apache.catalina.core.ApplicationContext log
Informações: Closing Spring root WebApplicationContext
Oct 23, 2015 2:47:50 PM org.apache.catalina.core.ApplicationContext log
Informações: SessionListener: contextDestroyed()
Oct 23, 2015 2:47:50 PM org.apache.catalina.core.ApplicationContext log
Informações: ContextListener: contextDestroyed()
Oct 23, 2015 3:05:26 PM org.apache.catalina.core.ApplicationContext log
Informações: ContextListener: contextInitialized()
Oct 23, 2015 3:05:26 PM org.apache.catalina.core.ApplicationContext log
Informações: SessionListener: contextInitialized()
Oct 23, 2015 3:05:26 PM org.apache.catalina.core.ApplicationContext log
Informações: ContextListener: attributeAdded('org.apache.jasper.compiler.TldLocationsCache', 'org.apache.jasper.compiler.TldLocationsCache@2fc3e06c')
Oct 23, 2015 3:05:28 PM org.apache.catalina.core.ApplicationContext log
Informações: No Spring WebApplicationInitializer types detected on classpath
Oct 23, 2015 3:05:28 PM org.apache.catalina.core.ApplicationContext log
Informações: Initializing Spring root WebApplicationContext
Oct 23, 2015 3:05:36 PM org.apache.catalina.core.ApplicationContext log
Informações: No Spring WebApplicationInitializer types detected on classpath
Oct 23, 2015 3:05:36 PM org.apache.catalina.core.ApplicationContext log
Informações: Initializing Spring root WebApplicationContext
Oct 23, 2015 3:08:16 PM org.apache.catalina.core.ApplicationContext log
Informações: SessionListener: contextDestroyed()
Oct 23, 2015 3:08:16 PM org.apache.catalina.core.ApplicationContext log
Informações: ContextListener: contextDestroyed()
Oct 23, 2015 3:08:16 PM org.apache.catalina.core.ApplicationContext log
Informações: Closing Spring root WebApplicationContext
Oct 23, 2015 3:08:16 PM org.apache.catalina.core.ApplicationContext log
Informações: Closing Spring root WebApplicationContext
Oct 23, 2015 3:08:42 PM org.apache.catalina.core.ApplicationContext log
Informações: ContextListener: contextInitialized()
Oct 23, 2015 3:08:42 PM org.apache.catalina.core.ApplicationContext log
Informações: SessionListener: contextInitialized()
Oct 23, 2015 3:08:42 PM org.apache.catalina.core.ApplicationContext log
Informações: ContextListener: attributeAdded('org.apache.jasper.compiler.TldLocationsCache', 'org.apache.jasper.compiler.TldLocationsCache@adc5cdf')
Oct 23, 2015 3:08:46 PM org.apache.catalina.core.ApplicationContext log
Informações: No Spring WebApplicationInitializer types detected on classpath
Oct 23, 2015 3:08:46 PM org.apache.catalina.core.ApplicationContext log
Informações: Initializing Spring root WebApplicationContext
Oct 23, 2015 3:08:57 PM org.apache.catalina.core.ApplicationContext log
Informações: No Spring WebApplicationInitializer types detected on classpath
Oct 23, 2015 3:08:57 PM org.apache.catalina.core.ApplicationContext log
Informações: Initializing Spring root WebApplicationContext
